<?xml version="1.0" encoding="UTF-8"?>
<testsuites>
  <testsuite name="/Users/vagner/Desenvolvimento/python/clubify-checkout/sdk/php/phpunit.xml" tests="546" assertions="0" errors="546" failures="0" skipped="0" time="0.000000">
    <testsuite name="All Tests" tests="182" assertions="0" errors="182" failures="0" skipped="0" time="0.000000">
      <testsuite name="Clubify\Checkout\Tests\Integration\UserManagementIntegrationTest" file="/Users/vagner/Desenvolvimento/python/clubify-checkout/sdk/php/tests/Integration/UserManagementIntegrationTest.php" tests="11" assertions="0" errors="11" failures="0" skipped="0" time="0.000000">
        <testcase name="testFullUserLifecycleIntegration" file="/Users/vagner/Desenvolvimento/python/clubify-checkout/sdk/php/tests/Integration/UserManagementIntegrationTest.php" line="56" class="Clubify\Checkout\Tests\Integration\UserManagementIntegrationTest" classname="Clubify.Checkout.Tests.Integration.UserManagementIntegrationTest" assertions="0" time="0.000000">
          <error type="InvalidArgumentException">Clubify\Checkout\Tests\Integration\UserManagementIntegrationTest::testFullUserLifecycleIntegration
InvalidArgumentException: getLogger() cannot be mocked as it is a private method

/Users/vagner/Desenvolvimento/python/clubify-checkout/sdk/php/vendor/mockery/mockery/library/Mockery.php:742
/Users/vagner/Desenvolvimento/python/clubify-checkout/sdk/php/vendor/mockery/mockery/library/Mockery.php:754
/Users/vagner/Desenvolvimento/python/clubify-checkout/sdk/php/vendor/mockery/mockery/library/Mockery.php:574
/Users/vagner/Desenvolvimento/python/clubify-checkout/sdk/php/tests/TestCase.php:222
/Users/vagner/Desenvolvimento/python/clubify-checkout/sdk/php/tests/TestCase.php:441
/Users/vagner/Desenvolvimento/python/clubify-checkout/sdk/php/tests/TestCase.php:56
/Users/vagner/Desenvolvimento/python/clubify-checkout/sdk/php/tests/Integration/UserManagementIntegrationTest.php:34</error>
        </testcase>
        <testcase name="testDependencyInjectionIntegration" file="/Users/vagner/Desenvolvimento/python/clubify-checkout/sdk/php/tests/Integration/UserManagementIntegrationTest.php" line="132" class="Clubify\Checkout\Tests\Integration\UserManagementIntegrationTest" classname="Clubify.Checkout.Tests.Integration.UserManagementIntegrationTest" assertions="0" time="0.000000">
          <error type="InvalidArgumentException">Clubify\Checkout\Tests\Integration\UserManagementIntegrationTest::testDependencyInjectionIntegration
InvalidArgumentException: getLogger() cannot be mocked as it is a private method

/Users/vagner/Desenvolvimento/python/clubify-checkout/sdk/php/vendor/mockery/mockery/library/Mockery.php:742
/Users/vagner/Desenvolvimento/python/clubify-checkout/sdk/php/vendor/mockery/mockery/library/Mockery.php:754
/Users/vagner/Desenvolvimento/python/clubify-checkout/sdk/php/vendor/mockery/mockery/library/Mockery.php:574
/Users/vagner/Desenvolvimento/python/clubify-checkout/sdk/php/tests/TestCase.php:222
/Users/vagner/Desenvolvimento/python/clubify-checkout/sdk/php/tests/TestCase.php:441
/Users/vagner/Desenvolvimento/python/clubify-checkout/sdk/php/tests/TestCase.php:56
/Users/vagner/Desenvolvimento/python/clubify-checkout/sdk/php/tests/Integration/UserManagementIntegrationTest.php:34</error>
        </testcase>
        <testcase name="testModuleHealthAndMetrics" file="/Users/vagner/Desenvolvimento/python/clubify-checkout/sdk/php/tests/Integration/UserManagementIntegrationTest.php" line="158" class="Clubify\Checkout\Tests\Integration\UserManagementIntegrationTest" classname="Clubify.Checkout.Tests.Integration.UserManagementIntegrationTest" assertions="0" time="0.000000">
          <error type="InvalidArgumentException">Clubify\Checkout\Tests\Integration\UserManagementIntegrationTest::testModuleHealthAndMetrics
InvalidArgumentException: getLogger() cannot be mocked as it is a private method

/Users/vagner/Desenvolvimento/python/clubify-checkout/sdk/php/vendor/mockery/mockery/library/Mockery.php:742
/Users/vagner/Desenvolvimento/python/clubify-checkout/sdk/php/vendor/mockery/mockery/library/Mockery.php:754
/Users/vagner/Desenvolvimento/python/clubify-checkout/sdk/php/vendor/mockery/mockery/library/Mockery.php:574
/Users/vagner/Desenvolvimento/python/clubify-checkout/sdk/php/tests/TestCase.php:222
/Users/vagner/Desenvolvimento/python/clubify-checkout/sdk/php/tests/TestCase.php:441
/Users/vagner/Desenvolvimento/python/clubify-checkout/sdk/php/tests/TestCase.php:56
/Users/vagner/Desenvolvimento/python/clubify-checkout/sdk/php/tests/Integration/UserManagementIntegrationTest.php:34</error>
        </testcase>
        <testcase name="testErrorHandlingIntegration" file="/Users/vagner/Desenvolvimento/python/clubify-checkout/sdk/php/tests/Integration/UserManagementIntegrationTest.php" line="184" class="Clubify\Checkout\Tests\Integration\UserManagementIntegrationTest" classname="Clubify.Checkout.Tests.Integration.UserManagementIntegrationTest" assertions="0" time="0.000000">
          <error type="InvalidArgumentException">Clubify\Checkout\Tests\Integration\UserManagementIntegrationTest::testErrorHandlingIntegration
InvalidArgumentException: getLogger() cannot be mocked as it is a private method

/Users/vagner/Desenvolvimento/python/clubify-checkout/sdk/php/vendor/mockery/mockery/library/Mockery.php:742
/Users/vagner/Desenvolvimento/python/clubify-checkout/sdk/php/vendor/mockery/mockery/library/Mockery.php:754
/Users/vagner/Desenvolvimento/python/clubify-checkout/sdk/php/vendor/mockery/mockery/library/Mockery.php:574
/Users/vagner/Desenvolvimento/python/clubify-checkout/sdk/php/tests/TestCase.php:222
/Users/vagner/Desenvolvimento/python/clubify-checkout/sdk/php/tests/TestCase.php:441
/Users/vagner/Desenvolvimento/python/clubify-checkout/sdk/php/tests/TestCase.php:56
/Users/vagner/Desenvolvimento/python/clubify-checkout/sdk/php/tests/Integration/UserManagementIntegrationTest.php:34</error>
        </testcase>
        <testcase name="testValidationErrorIntegration" file="/Users/vagner/Desenvolvimento/python/clubify-checkout/sdk/php/tests/Integration/UserManagementIntegrationTest.php" line="193" class="Clubify\Checkout\Tests\Integration\UserManagementIntegrationTest" classname="Clubify.Checkout.Tests.Integration.UserManagementIntegrationTest" assertions="0" time="0.000000">
          <error type="InvalidArgumentException">Clubify\Checkout\Tests\Integration\UserManagementIntegrationTest::testValidationErrorIntegration
InvalidArgumentException: getLogger() cannot be mocked as it is a private method

/Users/vagner/Desenvolvimento/python/clubify-checkout/sdk/php/vendor/mockery/mockery/library/Mockery.php:742
/Users/vagner/Desenvolvimento/python/clubify-checkout/sdk/php/vendor/mockery/mockery/library/Mockery.php:754
/Users/vagner/Desenvolvimento/python/clubify-checkout/sdk/php/vendor/mockery/mockery/library/Mockery.php:574
/Users/vagner/Desenvolvimento/python/clubify-checkout/sdk/php/tests/TestCase.php:222
/Users/vagner/Desenvolvimento/python/clubify-checkout/sdk/php/tests/TestCase.php:441
/Users/vagner/Desenvolvimento/python/clubify-checkout/sdk/php/tests/TestCase.php:56
/Users/vagner/Desenvolvimento/python/clubify-checkout/sdk/php/tests/Integration/UserManagementIntegrationTest.php:34</error>
        </testcase>
        <testcase name="testCacheIntegrationFlow" file="/Users/vagner/Desenvolvimento/python/clubify-checkout/sdk/php/tests/Integration/UserManagementIntegrationTest.php" line="206" class="Clubify\Checkout\Tests\Integration\UserManagementIntegrationTest" classname="Clubify.Checkout.Tests.Integration.UserManagementIntegrationTest" assertions="0" time="0.000000">
          <error type="InvalidArgumentException">Clubify\Checkout\Tests\Integration\UserManagementIntegrationTest::testCacheIntegrationFlow
InvalidArgumentException: getLogger() cannot be mocked as it is a private method

/Users/vagner/Desenvolvimento/python/clubify-checkout/sdk/php/vendor/mockery/mockery/library/Mockery.php:742
/Users/vagner/Desenvolvimento/python/clubify-checkout/sdk/php/vendor/mockery/mockery/library/Mockery.php:754
/Users/vagner/Desenvolvimento/python/clubify-checkout/sdk/php/vendor/mockery/mockery/library/Mockery.php:574
/Users/vagner/Desenvolvimento/python/clubify-checkout/sdk/php/tests/TestCase.php:222
/Users/vagner/Desenvolvimento/python/clubify-checkout/sdk/php/tests/TestCase.php:441
/Users/vagner/Desenvolvimento/python/clubify-checkout/sdk/php/tests/TestCase.php:56
/Users/vagner/Desenvolvimento/python/clubify-checkout/sdk/php/tests/Integration/UserManagementIntegrationTest.php:34</error>
        </testcase>
        <testcase name="testLazyLoadingIntegration" file="/Users/vagner/Desenvolvimento/python/clubify-checkout/sdk/php/tests/Integration/UserManagementIntegrationTest.php" line="225" class="Clubify\Checkout\Tests\Integration\UserManagementIntegrationTest" classname="Clubify.Checkout.Tests.Integration.UserManagementIntegrationTest" assertions="0" time="0.000000">
          <error type="InvalidArgumentException">Clubify\Checkout\Tests\Integration\UserManagementIntegrationTest::testLazyLoadingIntegration
InvalidArgumentException: getLogger() cannot be mocked as it is a private method

/Users/vagner/Desenvolvimento/python/clubify-checkout/sdk/php/vendor/mockery/mockery/library/Mockery.php:742
/Users/vagner/Desenvolvimento/python/clubify-checkout/sdk/php/vendor/mockery/mockery/library/Mockery.php:754
/Users/vagner/Desenvolvimento/python/clubify-checkout/sdk/php/vendor/mockery/mockery/library/Mockery.php:574
/Users/vagner/Desenvolvimento/python/clubify-checkout/sdk/php/tests/TestCase.php:222
/Users/vagner/Desenvolvimento/python/clubify-checkout/sdk/php/tests/TestCase.php:441
/Users/vagner/Desenvolvimento/python/clubify-checkout/sdk/php/tests/TestCase.php:56
/Users/vagner/Desenvolvimento/python/clubify-checkout/sdk/php/tests/Integration/UserManagementIntegrationTest.php:34</error>
        </testcase>
        <testcase name="testFactorySingletonBehavior" file="/Users/vagner/Desenvolvimento/python/clubify-checkout/sdk/php/tests/Integration/UserManagementIntegrationTest.php" line="245" class="Clubify\Checkout\Tests\Integration\UserManagementIntegrationTest" classname="Clubify.Checkout.Tests.Integration.UserManagementIntegrationTest" assertions="0" time="0.000000">
          <error type="InvalidArgumentException">Clubify\Checkout\Tests\Integration\UserManagementIntegrationTest::testFactorySingletonBehavior
InvalidArgumentException: getLogger() cannot be mocked as it is a private method

/Users/vagner/Desenvolvimento/python/clubify-checkout/sdk/php/vendor/mockery/mockery/library/Mockery.php:742
/Users/vagner/Desenvolvimento/python/clubify-checkout/sdk/php/vendor/mockery/mockery/library/Mockery.php:754
/Users/vagner/Desenvolvimento/python/clubify-checkout/sdk/php/vendor/mockery/mockery/library/Mockery.php:574
/Users/vagner/Desenvolvimento/python/clubify-checkout/sdk/php/tests/TestCase.php:222
/Users/vagner/Desenvolvimento/python/clubify-checkout/sdk/php/tests/TestCase.php:441
/Users/vagner/Desenvolvimento/python/clubify-checkout/sdk/php/tests/TestCase.php:56
/Users/vagner/Desenvolvimento/python/clubify-checkout/sdk/php/tests/Integration/UserManagementIntegrationTest.php:34</error>
        </testcase>
        <testcase name="testFactoryStats" file="/Users/vagner/Desenvolvimento/python/clubify-checkout/sdk/php/tests/Integration/UserManagementIntegrationTest.php" line="256" class="Clubify\Checkout\Tests\Integration\UserManagementIntegrationTest" classname="Clubify.Checkout.Tests.Integration.UserManagementIntegrationTest" assertions="0" time="0.000000">
          <error type="InvalidArgumentException">Clubify\Checkout\Tests\Integration\UserManagementIntegrationTest::testFactoryStats
InvalidArgumentException: getLogger() cannot be mocked as it is a private method

/Users/vagner/Desenvolvimento/python/clubify-checkout/sdk/php/vendor/mockery/mockery/library/Mockery.php:742
/Users/vagner/Desenvolvimento/python/clubify-checkout/sdk/php/vendor/mockery/mockery/library/Mockery.php:754
/Users/vagner/Desenvolvimento/python/clubify-checkout/sdk/php/vendor/mockery/mockery/library/Mockery.php:574
/Users/vagner/Desenvolvimento/python/clubify-checkout/sdk/php/tests/TestCase.php:222
/Users/vagner/Desenvolvimento/python/clubify-checkout/sdk/php/tests/TestCase.php:441
/Users/vagner/Desenvolvimento/python/clubify-checkout/sdk/php/tests/TestCase.php:56
/Users/vagner/Desenvolvimento/python/clubify-checkout/sdk/php/tests/Integration/UserManagementIntegrationTest.php:34</error>
        </testcase>
        <testcase name="testModuleCleanupIntegration" file="/Users/vagner/Desenvolvimento/python/clubify-checkout/sdk/php/tests/Integration/UserManagementIntegrationTest.php" line="277" class="Clubify\Checkout\Tests\Integration\UserManagementIntegrationTest" classname="Clubify.Checkout.Tests.Integration.UserManagementIntegrationTest" assertions="0" time="0.000000">
          <error type="InvalidArgumentException">Clubify\Checkout\Tests\Integration\UserManagementIntegrationTest::testModuleCleanupIntegration
InvalidArgumentException: getLogger() cannot be mocked as it is a private method

/Users/vagner/Desenvolvimento/python/clubify-checkout/sdk/php/vendor/mockery/mockery/library/Mockery.php:742
/Users/vagner/Desenvolvimento/python/clubify-checkout/sdk/php/vendor/mockery/mockery/library/Mockery.php:754
/Users/vagner/Desenvolvimento/python/clubify-checkout/sdk/php/vendor/mockery/mockery/library/Mockery.php:574
/Users/vagner/Desenvolvimento/python/clubify-checkout/sdk/php/tests/TestCase.php:222
/Users/vagner/Desenvolvimento/python/clubify-checkout/sdk/php/tests/TestCase.php:441
/Users/vagner/Desenvolvimento/python/clubify-checkout/sdk/php/tests/TestCase.php:56
/Users/vagner/Desenvolvimento/python/clubify-checkout/sdk/php/tests/Integration/UserManagementIntegrationTest.php:34</error>
        </testcase>
        <testcase name="testSDKUserManagementIntegration" file="/Users/vagner/Desenvolvimento/python/clubify-checkout/sdk/php/tests/Integration/UserManagementIntegrationTest.php" line="295" class="Clubify\Checkout\Tests\Integration\UserManagementIntegrationTest" classname="Clubify.Checkout.Tests.Integration.UserManagementIntegrationTest" assertions="0" time="0.000000">
          <error type="InvalidArgumentException">Clubify\Checkout\Tests\Integration\UserManagementIntegrationTest::testSDKUserManagementIntegration
InvalidArgumentException: getLogger() cannot be mocked as it is a private method

/Users/vagner/Desenvolvimento/python/clubify-checkout/sdk/php/vendor/mockery/mockery/library/Mockery.php:742
/Users/vagner/Desenvolvimento/python/clubify-checkout/sdk/php/vendor/mockery/mockery/library/Mockery.php:754
/Users/vagner/Desenvolvimento/python/clubify-checkout/sdk/php/vendor/mockery/mockery/library/Mockery.php:574
/Users/vagner/Desenvolvimento/python/clubify-checkout/sdk/php/tests/TestCase.php:222
/Users/vagner/Desenvolvimento/python/clubify-checkout/sdk/php/tests/TestCase.php:441
/Users/vagner/Desenvolvimento/python/clubify-checkout/sdk/php/tests/TestCase.php:56
/Users/vagner/Desenvolvimento/python/clubify-checkout/sdk/php/tests/Integration/UserManagementIntegrationTest.php:34</error>
        </testcase>
      </testsuite>
      <testsuite name="Clubify\Checkout\Tests\Unit\Orders\OrderDataTest" file="/Users/vagner/Desenvolvimento/python/clubify-checkout/sdk/php/tests/Unit/Orders/OrderDataTest.php" tests="15" assertions="0" errors="15" failures="0" skipped="0" time="0.000000">
        <testcase name="it_can_be_created_with_valid_data" file="/Users/vagner/Desenvolvimento/python/clubify-checkout/sdk/php/tests/Unit/Orders/OrderDataTest.php" line="31" class="Clubify\Checkout\Tests\Unit\Orders\OrderDataTest" classname="Clubify.Checkout.Tests.Unit.Orders.OrderDataTest" assertions="0" time="0.000000">
          <error type="InvalidArgumentException">Clubify\Checkout\Tests\Unit\Orders\OrderDataTest::it_can_be_created_with_valid_data
InvalidArgumentException: getLogger() cannot be mocked as it is a private method

/Users/vagner/Desenvolvimento/python/clubify-checkout/sdk/php/vendor/mockery/mockery/library/Mockery.php:742
/Users/vagner/Desenvolvimento/python/clubify-checkout/sdk/php/vendor/mockery/mockery/library/Mockery.php:754
/Users/vagner/Desenvolvimento/python/clubify-checkout/sdk/php/vendor/mockery/mockery/library/Mockery.php:574
/Users/vagner/Desenvolvimento/python/clubify-checkout/sdk/php/tests/TestCase.php:222
/Users/vagner/Desenvolvimento/python/clubify-checkout/sdk/php/tests/TestCase.php:441
/Users/vagner/Desenvolvimento/python/clubify-checkout/sdk/php/tests/TestCase.php:56</error>
        </testcase>
        <testcase name="it_validates_required_fields" file="/Users/vagner/Desenvolvimento/python/clubify-checkout/sdk/php/tests/Unit/Orders/OrderDataTest.php" line="74" class="Clubify\Checkout\Tests\Unit\Orders\OrderDataTest" classname="Clubify.Checkout.Tests.Unit.Orders.OrderDataTest" assertions="0" time="0.000000">
          <error type="InvalidArgumentException">Clubify\Checkout\Tests\Unit\Orders\OrderDataTest::it_validates_required_fields
InvalidArgumentException: getLogger() cannot be mocked as it is a private method

/Users/vagner/Desenvolvimento/python/clubify-checkout/sdk/php/vendor/mockery/mockery/library/Mockery.php:742
/Users/vagner/Desenvolvimento/python/clubify-checkout/sdk/php/vendor/mockery/mockery/library/Mockery.php:754
/Users/vagner/Desenvolvimento/python/clubify-checkout/sdk/php/vendor/mockery/mockery/library/Mockery.php:574
/Users/vagner/Desenvolvimento/python/clubify-checkout/sdk/php/tests/TestCase.php:222
/Users/vagner/Desenvolvimento/python/clubify-checkout/sdk/php/tests/TestCase.php:441
/Users/vagner/Desenvolvimento/python/clubify-checkout/sdk/php/tests/TestCase.php:56</error>
        </testcase>
        <testcase name="it_validates_status_values" file="/Users/vagner/Desenvolvimento/python/clubify-checkout/sdk/php/tests/Unit/Orders/OrderDataTest.php" line="90" class="Clubify\Checkout\Tests\Unit\Orders\OrderDataTest" classname="Clubify.Checkout.Tests.Unit.Orders.OrderDataTest" assertions="0" time="0.000000">
          <error type="InvalidArgumentException">Clubify\Checkout\Tests\Unit\Orders\OrderDataTest::it_validates_status_values
InvalidArgumentException: getLogger() cannot be mocked as it is a private method

/Users/vagner/Desenvolvimento/python/clubify-checkout/sdk/php/vendor/mockery/mockery/library/Mockery.php:742
/Users/vagner/Desenvolvimento/python/clubify-checkout/sdk/php/vendor/mockery/mockery/library/Mockery.php:754
/Users/vagner/Desenvolvimento/python/clubify-checkout/sdk/php/vendor/mockery/mockery/library/Mockery.php:574
/Users/vagner/Desenvolvimento/python/clubify-checkout/sdk/php/tests/TestCase.php:222
/Users/vagner/Desenvolvimento/python/clubify-checkout/sdk/php/tests/TestCase.php:441
/Users/vagner/Desenvolvimento/python/clubify-checkout/sdk/php/tests/TestCase.php:56</error>
        </testcase>
        <testcase name="it_validates_minimum_items" file="/Users/vagner/Desenvolvimento/python/clubify-checkout/sdk/php/tests/Unit/Orders/OrderDataTest.php" line="106" class="Clubify\Checkout\Tests\Unit\Orders\OrderDataTest" classname="Clubify.Checkout.Tests.Unit.Orders.OrderDataTest" assertions="0" time="0.000000">
          <error type="InvalidArgumentException">Clubify\Checkout\Tests\Unit\Orders\OrderDataTest::it_validates_minimum_items
InvalidArgumentException: getLogger() cannot be mocked as it is a private method

/Users/vagner/Desenvolvimento/python/clubify-checkout/sdk/php/vendor/mockery/mockery/library/Mockery.php:742
/Users/vagner/Desenvolvimento/python/clubify-checkout/sdk/php/vendor/mockery/mockery/library/Mockery.php:754
/Users/vagner/Desenvolvimento/python/clubify-checkout/sdk/php/vendor/mockery/mockery/library/Mockery.php:574
/Users/vagner/Desenvolvimento/python/clubify-checkout/sdk/php/tests/TestCase.php:222
/Users/vagner/Desenvolvimento/python/clubify-checkout/sdk/php/tests/TestCase.php:441
/Users/vagner/Desenvolvimento/python/clubify-checkout/sdk/php/tests/TestCase.php:56</error>
        </testcase>
        <testcase name="it_validates_total_against_items" file="/Users/vagner/Desenvolvimento/python/clubify-checkout/sdk/php/tests/Unit/Orders/OrderDataTest.php" line="122" class="Clubify\Checkout\Tests\Unit\Orders\OrderDataTest" classname="Clubify.Checkout.Tests.Unit.Orders.OrderDataTest" assertions="0" time="0.000000">
          <error type="InvalidArgumentException">Clubify\Checkout\Tests\Unit\Orders\OrderDataTest::it_validates_total_against_items
InvalidArgumentException: getLogger() cannot be mocked as it is a private method

/Users/vagner/Desenvolvimento/python/clubify-checkout/sdk/php/vendor/mockery/mockery/library/Mockery.php:742
/Users/vagner/Desenvolvimento/python/clubify-checkout/sdk/php/vendor/mockery/mockery/library/Mockery.php:754
/Users/vagner/Desenvolvimento/python/clubify-checkout/sdk/php/vendor/mockery/mockery/library/Mockery.php:574
/Users/vagner/Desenvolvimento/python/clubify-checkout/sdk/php/tests/TestCase.php:222
/Users/vagner/Desenvolvimento/python/clubify-checkout/sdk/php/tests/TestCase.php:441
/Users/vagner/Desenvolvimento/python/clubify-checkout/sdk/php/tests/TestCase.php:56</error>
        </testcase>
        <testcase name="it_can_be_created_from_array" file="/Users/vagner/Desenvolvimento/python/clubify-checkout/sdk/php/tests/Unit/Orders/OrderDataTest.php" line="150" class="Clubify\Checkout\Tests\Unit\Orders\OrderDataTest" classname="Clubify.Checkout.Tests.Unit.Orders.OrderDataTest" assertions="0" time="0.000000">
          <error type="InvalidArgumentException">Clubify\Checkout\Tests\Unit\Orders\OrderDataTest::it_can_be_created_from_array
InvalidArgumentException: getLogger() cannot be mocked as it is a private method

/Users/vagner/Desenvolvimento/python/clubify-checkout/sdk/php/vendor/mockery/mockery/library/Mockery.php:742
/Users/vagner/Desenvolvimento/python/clubify-checkout/sdk/php/vendor/mockery/mockery/library/Mockery.php:754
/Users/vagner/Desenvolvimento/python/clubify-checkout/sdk/php/vendor/mockery/mockery/library/Mockery.php:574
/Users/vagner/Desenvolvimento/python/clubify-checkout/sdk/php/tests/TestCase.php:222
/Users/vagner/Desenvolvimento/python/clubify-checkout/sdk/php/tests/TestCase.php:441
/Users/vagner/Desenvolvimento/python/clubify-checkout/sdk/php/tests/TestCase.php:56</error>
        </testcase>
        <testcase name="it_converts_to_array_correctly" file="/Users/vagner/Desenvolvimento/python/clubify-checkout/sdk/php/tests/Unit/Orders/OrderDataTest.php" line="203" class="Clubify\Checkout\Tests\Unit\Orders\OrderDataTest" classname="Clubify.Checkout.Tests.Unit.Orders.OrderDataTest" assertions="0" time="0.000000">
          <error type="InvalidArgumentException">Clubify\Checkout\Tests\Unit\Orders\OrderDataTest::it_converts_to_array_correctly
InvalidArgumentException: getLogger() cannot be mocked as it is a private method

/Users/vagner/Desenvolvimento/python/clubify-checkout/sdk/php/vendor/mockery/mockery/library/Mockery.php:742
/Users/vagner/Desenvolvimento/python/clubify-checkout/sdk/php/vendor/mockery/mockery/library/Mockery.php:754
/Users/vagner/Desenvolvimento/python/clubify-checkout/sdk/php/vendor/mockery/mockery/library/Mockery.php:574
/Users/vagner/Desenvolvimento/python/clubify-checkout/sdk/php/tests/TestCase.php:222
/Users/vagner/Desenvolvimento/python/clubify-checkout/sdk/php/tests/TestCase.php:441
/Users/vagner/Desenvolvimento/python/clubify-checkout/sdk/php/tests/TestCase.php:56</error>
        </testcase>
        <testcase name="it_converts_to_safe_array_without_sensitive_data" file="/Users/vagner/Desenvolvimento/python/clubify-checkout/sdk/php/tests/Unit/Orders/OrderDataTest.php" line="254" class="Clubify\Checkout\Tests\Unit\Orders\OrderDataTest" classname="Clubify.Checkout.Tests.Unit.Orders.OrderDataTest" assertions="0" time="0.000000">
          <error type="InvalidArgumentException">Clubify\Checkout\Tests\Unit\Orders\OrderDataTest::it_converts_to_safe_array_without_sensitive_data
InvalidArgumentException: getLogger() cannot be mocked as it is a private method

/Users/vagner/Desenvolvimento/python/clubify-checkout/sdk/php/vendor/mockery/mockery/library/Mockery.php:742
/Users/vagner/Desenvolvimento/python/clubify-checkout/sdk/php/vendor/mockery/mockery/library/Mockery.php:754
/Users/vagner/Desenvolvimento/python/clubify-checkout/sdk/php/vendor/mockery/mockery/library/Mockery.php:574
/Users/vagner/Desenvolvimento/python/clubify-checkout/sdk/php/tests/TestCase.php:222
/Users/vagner/Desenvolvimento/python/clubify-checkout/sdk/php/tests/TestCase.php:441
/Users/vagner/Desenvolvimento/python/clubify-checkout/sdk/php/tests/TestCase.php:56</error>
        </testcase>
        <testcase name="it_calculates_total_correctly" file="/Users/vagner/Desenvolvimento/python/clubify-checkout/sdk/php/tests/Unit/Orders/OrderDataTest.php" line="292" class="Clubify\Checkout\Tests\Unit\Orders\OrderDataTest" classname="Clubify.Checkout.Tests.Unit.Orders.OrderDataTest" assertions="0" time="0.000000">
          <error type="InvalidArgumentException">Clubify\Checkout\Tests\Unit\Orders\OrderDataTest::it_calculates_total_correctly
InvalidArgumentException: getLogger() cannot be mocked as it is a private method

/Users/vagner/Desenvolvimento/python/clubify-checkout/sdk/php/vendor/mockery/mockery/library/Mockery.php:742
/Users/vagner/Desenvolvimento/python/clubify-checkout/sdk/php/vendor/mockery/mockery/library/Mockery.php:754
/Users/vagner/Desenvolvimento/python/clubify-checkout/sdk/php/vendor/mockery/mockery/library/Mockery.php:574
/Users/vagner/Desenvolvimento/python/clubify-checkout/sdk/php/tests/TestCase.php:222
/Users/vagner/Desenvolvimento/python/clubify-checkout/sdk/php/tests/TestCase.php:441
/Users/vagner/Desenvolvimento/python/clubify-checkout/sdk/php/tests/TestCase.php:56</error>
        </testcase>
        <testcase name="it_checks_status_correctly" file="/Users/vagner/Desenvolvimento/python/clubify-checkout/sdk/php/tests/Unit/Orders/OrderDataTest.php" line="329" class="Clubify\Checkout\Tests\Unit\Orders\OrderDataTest" classname="Clubify.Checkout.Tests.Unit.Orders.OrderDataTest" assertions="0" time="0.000000">
          <error type="InvalidArgumentException">Clubify\Checkout\Tests\Unit\Orders\OrderDataTest::it_checks_status_correctly
InvalidArgumentException: getLogger() cannot be mocked as it is a private method

/Users/vagner/Desenvolvimento/python/clubify-checkout/sdk/php/vendor/mockery/mockery/library/Mockery.php:742
/Users/vagner/Desenvolvimento/python/clubify-checkout/sdk/php/vendor/mockery/mockery/library/Mockery.php:754
/Users/vagner/Desenvolvimento/python/clubify-checkout/sdk/php/vendor/mockery/mockery/library/Mockery.php:574
/Users/vagner/Desenvolvimento/python/clubify-checkout/sdk/php/tests/TestCase.php:222
/Users/vagner/Desenvolvimento/python/clubify-checkout/sdk/php/tests/TestCase.php:441
/Users/vagner/Desenvolvimento/python/clubify-checkout/sdk/php/tests/TestCase.php:56</error>
        </testcase>
        <testcase name="it_validates_business_rules" file="/Users/vagner/Desenvolvimento/python/clubify-checkout/sdk/php/tests/Unit/Orders/OrderDataTest.php" line="389" class="Clubify\Checkout\Tests\Unit\Orders\OrderDataTest" classname="Clubify.Checkout.Tests.Unit.Orders.OrderDataTest" assertions="0" time="0.000000">
          <error type="InvalidArgumentException">Clubify\Checkout\Tests\Unit\Orders\OrderDataTest::it_validates_business_rules
InvalidArgumentException: getLogger() cannot be mocked as it is a private method

/Users/vagner/Desenvolvimento/python/clubify-checkout/sdk/php/vendor/mockery/mockery/library/Mockery.php:742
/Users/vagner/Desenvolvimento/python/clubify-checkout/sdk/php/vendor/mockery/mockery/library/Mockery.php:754
/Users/vagner/Desenvolvimento/python/clubify-checkout/sdk/php/vendor/mockery/mockery/library/Mockery.php:574
/Users/vagner/Desenvolvimento/python/clubify-checkout/sdk/php/tests/TestCase.php:222
/Users/vagner/Desenvolvimento/python/clubify-checkout/sdk/php/tests/TestCase.php:441
/Users/vagner/Desenvolvimento/python/clubify-checkout/sdk/php/tests/TestCase.php:56</error>
        </testcase>
        <testcase name="it_handles_different_currencies" file="/Users/vagner/Desenvolvimento/python/clubify-checkout/sdk/php/tests/Unit/Orders/OrderDataTest.php" line="419" class="Clubify\Checkout\Tests\Unit\Orders\OrderDataTest" classname="Clubify.Checkout.Tests.Unit.Orders.OrderDataTest" assertions="0" time="0.000000">
          <error type="InvalidArgumentException">Clubify\Checkout\Tests\Unit\Orders\OrderDataTest::it_handles_different_currencies
InvalidArgumentException: getLogger() cannot be mocked as it is a private method

/Users/vagner/Desenvolvimento/python/clubify-checkout/sdk/php/vendor/mockery/mockery/library/Mockery.php:742
/Users/vagner/Desenvolvimento/python/clubify-checkout/sdk/php/vendor/mockery/mockery/library/Mockery.php:754
/Users/vagner/Desenvolvimento/python/clubify-checkout/sdk/php/vendor/mockery/mockery/library/Mockery.php:574
/Users/vagner/Desenvolvimento/python/clubify-checkout/sdk/php/tests/TestCase.php:222
/Users/vagner/Desenvolvimento/python/clubify-checkout/sdk/php/tests/TestCase.php:441
/Users/vagner/Desenvolvimento/python/clubify-checkout/sdk/php/tests/TestCase.php:56</error>
        </testcase>
        <testcase name="it_handles_discount_calculations" file="/Users/vagner/Desenvolvimento/python/clubify-checkout/sdk/php/tests/Unit/Orders/OrderDataTest.php" line="448" class="Clubify\Checkout\Tests\Unit\Orders\OrderDataTest" classname="Clubify.Checkout.Tests.Unit.Orders.OrderDataTest" assertions="0" time="0.000000">
          <error type="InvalidArgumentException">Clubify\Checkout\Tests\Unit\Orders\OrderDataTest::it_handles_discount_calculations
InvalidArgumentException: getLogger() cannot be mocked as it is a private method

/Users/vagner/Desenvolvimento/python/clubify-checkout/sdk/php/vendor/mockery/mockery/library/Mockery.php:742
/Users/vagner/Desenvolvimento/python/clubify-checkout/sdk/php/vendor/mockery/mockery/library/Mockery.php:754
/Users/vagner/Desenvolvimento/python/clubify-checkout/sdk/php/vendor/mockery/mockery/library/Mockery.php:574
/Users/vagner/Desenvolvimento/python/clubify-checkout/sdk/php/tests/TestCase.php:222
/Users/vagner/Desenvolvimento/python/clubify-checkout/sdk/php/tests/TestCase.php:441
/Users/vagner/Desenvolvimento/python/clubify-checkout/sdk/php/tests/TestCase.php:56</error>
        </testcase>
        <testcase name="it_formats_currency_display" file="/Users/vagner/Desenvolvimento/python/clubify-checkout/sdk/php/tests/Unit/Orders/OrderDataTest.php" line="483" class="Clubify\Checkout\Tests\Unit\Orders\OrderDataTest" classname="Clubify.Checkout.Tests.Unit.Orders.OrderDataTest" assertions="0" time="0.000000">
          <error type="InvalidArgumentException">Clubify\Checkout\Tests\Unit\Orders\OrderDataTest::it_formats_currency_display
InvalidArgumentException: getLogger() cannot be mocked as it is a private method

/Users/vagner/Desenvolvimento/python/clubify-checkout/sdk/php/vendor/mockery/mockery/library/Mockery.php:742
/Users/vagner/Desenvolvimento/python/clubify-checkout/sdk/php/vendor/mockery/mockery/library/Mockery.php:754
/Users/vagner/Desenvolvimento/python/clubify-checkout/sdk/php/vendor/mockery/mockery/library/Mockery.php:574
/Users/vagner/Desenvolvimento/python/clubify-checkout/sdk/php/tests/TestCase.php:222
/Users/vagner/Desenvolvimento/python/clubify-checkout/sdk/php/tests/TestCase.php:441
/Users/vagner/Desenvolvimento/python/clubify-checkout/sdk/php/tests/TestCase.php:56</error>
        </testcase>
        <testcase name="it_handles_shipping_calculations" file="/Users/vagner/Desenvolvimento/python/clubify-checkout/sdk/php/tests/Unit/Orders/OrderDataTest.php" line="513" class="Clubify\Checkout\Tests\Unit\Orders\OrderDataTest" classname="Clubify.Checkout.Tests.Unit.Orders.OrderDataTest" assertions="0" time="0.000000">
          <error type="InvalidArgumentException">Clubify\Checkout\Tests\Unit\Orders\OrderDataTest::it_handles_shipping_calculations
InvalidArgumentException: getLogger() cannot be mocked as it is a private method

/Users/vagner/Desenvolvimento/python/clubify-checkout/sdk/php/vendor/mockery/mockery/library/Mockery.php:742
/Users/vagner/Desenvolvimento/python/clubify-checkout/sdk/php/vendor/mockery/mockery/library/Mockery.php:754
/Users/vagner/Desenvolvimento/python/clubify-checkout/sdk/php/vendor/mockery/mockery/library/Mockery.php:574
/Users/vagner/Desenvolvimento/python/clubify-checkout/sdk/php/tests/TestCase.php:222
/Users/vagner/Desenvolvimento/python/clubify-checkout/sdk/php/tests/TestCase.php:441
/Users/vagner/Desenvolvimento/python/clubify-checkout/sdk/php/tests/TestCase.php:56</error>
        </testcase>
      </testsuite>
      <testsuite name="Clubify\Checkout\Tests\Unit\Orders\OrderServiceTest" file="/Users/vagner/Desenvolvimento/python/clubify-checkout/sdk/php/tests/Unit/Orders/OrderServiceTest.php" tests="16" assertions="0" errors="16" failures="0" skipped="0" time="0.000000">
        <testcase name="it_can_be_instantiated" file="/Users/vagner/Desenvolvimento/python/clubify-checkout/sdk/php/tests/Unit/Orders/OrderServiceTest.php" line="59" class="Clubify\Checkout\Tests\Unit\Orders\OrderServiceTest" classname="Clubify.Checkout.Tests.Unit.Orders.OrderServiceTest" assertions="0" time="0.000000">
          <error type="InvalidArgumentException">Clubify\Checkout\Tests\Unit\Orders\OrderServiceTest::it_can_be_instantiated
InvalidArgumentException: getLogger() cannot be mocked as it is a private method

/Users/vagner/Desenvolvimento/python/clubify-checkout/sdk/php/vendor/mockery/mockery/library/Mockery.php:742
/Users/vagner/Desenvolvimento/python/clubify-checkout/sdk/php/vendor/mockery/mockery/library/Mockery.php:754
/Users/vagner/Desenvolvimento/python/clubify-checkout/sdk/php/vendor/mockery/mockery/library/Mockery.php:574
/Users/vagner/Desenvolvimento/python/clubify-checkout/sdk/php/tests/TestCase.php:222
/Users/vagner/Desenvolvimento/python/clubify-checkout/sdk/php/tests/TestCase.php:441
/Users/vagner/Desenvolvimento/python/clubify-checkout/sdk/php/tests/TestCase.php:56
/Users/vagner/Desenvolvimento/python/clubify-checkout/sdk/php/tests/Unit/Orders/OrderServiceTest.php:40</error>
        </testcase>
        <testcase name="it_can_create_order_successfully" file="/Users/vagner/Desenvolvimento/python/clubify-checkout/sdk/php/tests/Unit/Orders/OrderServiceTest.php" line="65" class="Clubify\Checkout\Tests\Unit\Orders\OrderServiceTest" classname="Clubify.Checkout.Tests.Unit.Orders.OrderServiceTest" assertions="0" time="0.000000">
          <error type="InvalidArgumentException">Clubify\Checkout\Tests\Unit\Orders\OrderServiceTest::it_can_create_order_successfully
InvalidArgumentException: getLogger() cannot be mocked as it is a private method

/Users/vagner/Desenvolvimento/python/clubify-checkout/sdk/php/vendor/mockery/mockery/library/Mockery.php:742
/Users/vagner/Desenvolvimento/python/clubify-checkout/sdk/php/vendor/mockery/mockery/library/Mockery.php:754
/Users/vagner/Desenvolvimento/python/clubify-checkout/sdk/php/vendor/mockery/mockery/library/Mockery.php:574
/Users/vagner/Desenvolvimento/python/clubify-checkout/sdk/php/tests/TestCase.php:222
/Users/vagner/Desenvolvimento/python/clubify-checkout/sdk/php/tests/TestCase.php:441
/Users/vagner/Desenvolvimento/python/clubify-checkout/sdk/php/tests/TestCase.php:56
/Users/vagner/Desenvolvimento/python/clubify-checkout/sdk/php/tests/Unit/Orders/OrderServiceTest.php:40</error>
        </testcase>
        <testcase name="it_validates_order_data_before_creation" file="/Users/vagner/Desenvolvimento/python/clubify-checkout/sdk/php/tests/Unit/Orders/OrderServiceTest.php" line="104" class="Clubify\Checkout\Tests\Unit\Orders\OrderServiceTest" classname="Clubify.Checkout.Tests.Unit.Orders.OrderServiceTest" assertions="0" time="0.000000">
          <error type="InvalidArgumentException">Clubify\Checkout\Tests\Unit\Orders\OrderServiceTest::it_validates_order_data_before_creation
InvalidArgumentException: getLogger() cannot be mocked as it is a private method

/Users/vagner/Desenvolvimento/python/clubify-checkout/sdk/php/vendor/mockery/mockery/library/Mockery.php:742
/Users/vagner/Desenvolvimento/python/clubify-checkout/sdk/php/vendor/mockery/mockery/library/Mockery.php:754
/Users/vagner/Desenvolvimento/python/clubify-checkout/sdk/php/vendor/mockery/mockery/library/Mockery.php:574
/Users/vagner/Desenvolvimento/python/clubify-checkout/sdk/php/tests/TestCase.php:222
/Users/vagner/Desenvolvimento/python/clubify-checkout/sdk/php/tests/TestCase.php:441
/Users/vagner/Desenvolvimento/python/clubify-checkout/sdk/php/tests/TestCase.php:56
/Users/vagner/Desenvolvimento/python/clubify-checkout/sdk/php/tests/Unit/Orders/OrderServiceTest.php:40</error>
        </testcase>
        <testcase name="it_can_get_order_from_cache" file="/Users/vagner/Desenvolvimento/python/clubify-checkout/sdk/php/tests/Unit/Orders/OrderServiceTest.php" line="117" class="Clubify\Checkout\Tests\Unit\Orders\OrderServiceTest" classname="Clubify.Checkout.Tests.Unit.Orders.OrderServiceTest" assertions="0" time="0.000000">
          <error type="InvalidArgumentException">Clubify\Checkout\Tests\Unit\Orders\OrderServiceTest::it_can_get_order_from_cache
InvalidArgumentException: getLogger() cannot be mocked as it is a private method

/Users/vagner/Desenvolvimento/python/clubify-checkout/sdk/php/vendor/mockery/mockery/library/Mockery.php:742
/Users/vagner/Desenvolvimento/python/clubify-checkout/sdk/php/vendor/mockery/mockery/library/Mockery.php:754
/Users/vagner/Desenvolvimento/python/clubify-checkout/sdk/php/vendor/mockery/mockery/library/Mockery.php:574
/Users/vagner/Desenvolvimento/python/clubify-checkout/sdk/php/tests/TestCase.php:222
/Users/vagner/Desenvolvimento/python/clubify-checkout/sdk/php/tests/TestCase.php:441
/Users/vagner/Desenvolvimento/python/clubify-checkout/sdk/php/tests/TestCase.php:56
/Users/vagner/Desenvolvimento/python/clubify-checkout/sdk/php/tests/Unit/Orders/OrderServiceTest.php:40</error>
        </testcase>
        <testcase name="it_can_get_order_from_api_when_not_cached" file="/Users/vagner/Desenvolvimento/python/clubify-checkout/sdk/php/tests/Unit/Orders/OrderServiceTest.php" line="140" class="Clubify\Checkout\Tests\Unit\Orders\OrderServiceTest" classname="Clubify.Checkout.Tests.Unit.Orders.OrderServiceTest" assertions="0" time="0.000000">
          <error type="InvalidArgumentException">Clubify\Checkout\Tests\Unit\Orders\OrderServiceTest::it_can_get_order_from_api_when_not_cached
InvalidArgumentException: getLogger() cannot be mocked as it is a private method

/Users/vagner/Desenvolvimento/python/clubify-checkout/sdk/php/vendor/mockery/mockery/library/Mockery.php:742
/Users/vagner/Desenvolvimento/python/clubify-checkout/sdk/php/vendor/mockery/mockery/library/Mockery.php:754
/Users/vagner/Desenvolvimento/python/clubify-checkout/sdk/php/vendor/mockery/mockery/library/Mockery.php:574
/Users/vagner/Desenvolvimento/python/clubify-checkout/sdk/php/tests/TestCase.php:222
/Users/vagner/Desenvolvimento/python/clubify-checkout/sdk/php/tests/TestCase.php:441
/Users/vagner/Desenvolvimento/python/clubify-checkout/sdk/php/tests/TestCase.php:56
/Users/vagner/Desenvolvimento/python/clubify-checkout/sdk/php/tests/Unit/Orders/OrderServiceTest.php:40</error>
        </testcase>
        <testcase name="it_returns_null_when_order_not_found" file="/Users/vagner/Desenvolvimento/python/clubify-checkout/sdk/php/tests/Unit/Orders/OrderServiceTest.php" line="172" class="Clubify\Checkout\Tests\Unit\Orders\OrderServiceTest" classname="Clubify.Checkout.Tests.Unit.Orders.OrderServiceTest" assertions="0" time="0.000000">
          <error type="InvalidArgumentException">Clubify\Checkout\Tests\Unit\Orders\OrderServiceTest::it_returns_null_when_order_not_found
InvalidArgumentException: getLogger() cannot be mocked as it is a private method

/Users/vagner/Desenvolvimento/python/clubify-checkout/sdk/php/vendor/mockery/mockery/library/Mockery.php:742
/Users/vagner/Desenvolvimento/python/clubify-checkout/sdk/php/vendor/mockery/mockery/library/Mockery.php:754
/Users/vagner/Desenvolvimento/python/clubify-checkout/sdk/php/vendor/mockery/mockery/library/Mockery.php:574
/Users/vagner/Desenvolvimento/python/clubify-checkout/sdk/php/tests/TestCase.php:222
/Users/vagner/Desenvolvimento/python/clubify-checkout/sdk/php/tests/TestCase.php:441
/Users/vagner/Desenvolvimento/python/clubify-checkout/sdk/php/tests/TestCase.php:56
/Users/vagner/Desenvolvimento/python/clubify-checkout/sdk/php/tests/Unit/Orders/OrderServiceTest.php:40</error>
        </testcase>
        <testcase name="it_can_update_order" file="/Users/vagner/Desenvolvimento/python/clubify-checkout/sdk/php/tests/Unit/Orders/OrderServiceTest.php" line="195" class="Clubify\Checkout\Tests\Unit\Orders\OrderServiceTest" classname="Clubify.Checkout.Tests.Unit.Orders.OrderServiceTest" assertions="0" time="0.000000">
          <error type="InvalidArgumentException">Clubify\Checkout\Tests\Unit\Orders\OrderServiceTest::it_can_update_order
InvalidArgumentException: getLogger() cannot be mocked as it is a private method

/Users/vagner/Desenvolvimento/python/clubify-checkout/sdk/php/vendor/mockery/mockery/library/Mockery.php:742
/Users/vagner/Desenvolvimento/python/clubify-checkout/sdk/php/vendor/mockery/mockery/library/Mockery.php:754
/Users/vagner/Desenvolvimento/python/clubify-checkout/sdk/php/vendor/mockery/mockery/library/Mockery.php:574
/Users/vagner/Desenvolvimento/python/clubify-checkout/sdk/php/tests/TestCase.php:222
/Users/vagner/Desenvolvimento/python/clubify-checkout/sdk/php/tests/TestCase.php:441
/Users/vagner/Desenvolvimento/python/clubify-checkout/sdk/php/tests/TestCase.php:56
/Users/vagner/Desenvolvimento/python/clubify-checkout/sdk/php/tests/Unit/Orders/OrderServiceTest.php:40</error>
        </testcase>
        <testcase name="it_can_delete_order" file="/Users/vagner/Desenvolvimento/python/clubify-checkout/sdk/php/tests/Unit/Orders/OrderServiceTest.php" line="227" class="Clubify\Checkout\Tests\Unit\Orders\OrderServiceTest" classname="Clubify.Checkout.Tests.Unit.Orders.OrderServiceTest" assertions="0" time="0.000000">
          <error type="InvalidArgumentException">Clubify\Checkout\Tests\Unit\Orders\OrderServiceTest::it_can_delete_order
InvalidArgumentException: getLogger() cannot be mocked as it is a private method

/Users/vagner/Desenvolvimento/python/clubify-checkout/sdk/php/vendor/mockery/mockery/library/Mockery.php:742
/Users/vagner/Desenvolvimento/python/clubify-checkout/sdk/php/vendor/mockery/mockery/library/Mockery.php:754
/Users/vagner/Desenvolvimento/python/clubify-checkout/sdk/php/vendor/mockery/mockery/library/Mockery.php:574
/Users/vagner/Desenvolvimento/python/clubify-checkout/sdk/php/tests/TestCase.php:222
/Users/vagner/Desenvolvimento/python/clubify-checkout/sdk/php/tests/TestCase.php:441
/Users/vagner/Desenvolvimento/python/clubify-checkout/sdk/php/tests/TestCase.php:56
/Users/vagner/Desenvolvimento/python/clubify-checkout/sdk/php/tests/Unit/Orders/OrderServiceTest.php:40</error>
        </testcase>
        <testcase name="it_can_list_orders_with_filters" file="/Users/vagner/Desenvolvimento/python/clubify-checkout/sdk/php/tests/Unit/Orders/OrderServiceTest.php" line="257" class="Clubify\Checkout\Tests\Unit\Orders\OrderServiceTest" classname="Clubify.Checkout.Tests.Unit.Orders.OrderServiceTest" assertions="0" time="0.000000">
          <error type="InvalidArgumentException">Clubify\Checkout\Tests\Unit\Orders\OrderServiceTest::it_can_list_orders_with_filters
InvalidArgumentException: getLogger() cannot be mocked as it is a private method

/Users/vagner/Desenvolvimento/python/clubify-checkout/sdk/php/vendor/mockery/mockery/library/Mockery.php:742
/Users/vagner/Desenvolvimento/python/clubify-checkout/sdk/php/vendor/mockery/mockery/library/Mockery.php:754
/Users/vagner/Desenvolvimento/python/clubify-checkout/sdk/php/vendor/mockery/mockery/library/Mockery.php:574
/Users/vagner/Desenvolvimento/python/clubify-checkout/sdk/php/tests/TestCase.php:222
/Users/vagner/Desenvolvimento/python/clubify-checkout/sdk/php/tests/TestCase.php:441
/Users/vagner/Desenvolvimento/python/clubify-checkout/sdk/php/tests/TestCase.php:56
/Users/vagner/Desenvolvimento/python/clubify-checkout/sdk/php/tests/Unit/Orders/OrderServiceTest.php:40</error>
        </testcase>
        <testcase name="it_can_bulk_update_orders" file="/Users/vagner/Desenvolvimento/python/clubify-checkout/sdk/php/tests/Unit/Orders/OrderServiceTest.php" line="297" class="Clubify\Checkout\Tests\Unit\Orders\OrderServiceTest" classname="Clubify.Checkout.Tests.Unit.Orders.OrderServiceTest" assertions="0" time="0.000000">
          <error type="InvalidArgumentException">Clubify\Checkout\Tests\Unit\Orders\OrderServiceTest::it_can_bulk_update_orders
InvalidArgumentException: getLogger() cannot be mocked as it is a private method

/Users/vagner/Desenvolvimento/python/clubify-checkout/sdk/php/vendor/mockery/mockery/library/Mockery.php:742
/Users/vagner/Desenvolvimento/python/clubify-checkout/sdk/php/vendor/mockery/mockery/library/Mockery.php:754
/Users/vagner/Desenvolvimento/python/clubify-checkout/sdk/php/vendor/mockery/mockery/library/Mockery.php:574
/Users/vagner/Desenvolvimento/python/clubify-checkout/sdk/php/tests/TestCase.php:222
/Users/vagner/Desenvolvimento/python/clubify-checkout/sdk/php/tests/TestCase.php:441
/Users/vagner/Desenvolvimento/python/clubify-checkout/sdk/php/tests/TestCase.php:56
/Users/vagner/Desenvolvimento/python/clubify-checkout/sdk/php/tests/Unit/Orders/OrderServiceTest.php:40</error>
        </testcase>
        <testcase name="it_validates_order_data" file="/Users/vagner/Desenvolvimento/python/clubify-checkout/sdk/php/tests/Unit/Orders/OrderServiceTest.php" line="351" class="Clubify\Checkout\Tests\Unit\Orders\OrderServiceTest" classname="Clubify.Checkout.Tests.Unit.Orders.OrderServiceTest" assertions="0" time="0.000000">
          <error type="InvalidArgumentException">Clubify\Checkout\Tests\Unit\Orders\OrderServiceTest::it_validates_order_data
InvalidArgumentException: getLogger() cannot be mocked as it is a private method

/Users/vagner/Desenvolvimento/python/clubify-checkout/sdk/php/vendor/mockery/mockery/library/Mockery.php:742
/Users/vagner/Desenvolvimento/python/clubify-checkout/sdk/php/vendor/mockery/mockery/library/Mockery.php:754
/Users/vagner/Desenvolvimento/python/clubify-checkout/sdk/php/vendor/mockery/mockery/library/Mockery.php:574
/Users/vagner/Desenvolvimento/python/clubify-checkout/sdk/php/tests/TestCase.php:222
/Users/vagner/Desenvolvimento/python/clubify-checkout/sdk/php/tests/TestCase.php:441
/Users/vagner/Desenvolvimento/python/clubify-checkout/sdk/php/tests/TestCase.php:56
/Users/vagner/Desenvolvimento/python/clubify-checkout/sdk/php/tests/Unit/Orders/OrderServiceTest.php:40</error>
        </testcase>
        <testcase name="it_performs_health_check" file="/Users/vagner/Desenvolvimento/python/clubify-checkout/sdk/php/tests/Unit/Orders/OrderServiceTest.php" line="371" class="Clubify\Checkout\Tests\Unit\Orders\OrderServiceTest" classname="Clubify.Checkout.Tests.Unit.Orders.OrderServiceTest" assertions="0" time="0.000000">
          <error type="InvalidArgumentException">Clubify\Checkout\Tests\Unit\Orders\OrderServiceTest::it_performs_health_check
InvalidArgumentException: getLogger() cannot be mocked as it is a private method

/Users/vagner/Desenvolvimento/python/clubify-checkout/sdk/php/vendor/mockery/mockery/library/Mockery.php:742
/Users/vagner/Desenvolvimento/python/clubify-checkout/sdk/php/vendor/mockery/mockery/library/Mockery.php:754
/Users/vagner/Desenvolvimento/python/clubify-checkout/sdk/php/vendor/mockery/mockery/library/Mockery.php:574
/Users/vagner/Desenvolvimento/python/clubify-checkout/sdk/php/tests/TestCase.php:222
/Users/vagner/Desenvolvimento/python/clubify-checkout/sdk/php/tests/TestCase.php:441
/Users/vagner/Desenvolvimento/python/clubify-checkout/sdk/php/tests/TestCase.php:56
/Users/vagner/Desenvolvimento/python/clubify-checkout/sdk/php/tests/Unit/Orders/OrderServiceTest.php:40</error>
        </testcase>
        <testcase name="it_handles_api_errors_gracefully" file="/Users/vagner/Desenvolvimento/python/clubify-checkout/sdk/php/tests/Unit/Orders/OrderServiceTest.php" line="398" class="Clubify\Checkout\Tests\Unit\Orders\OrderServiceTest" classname="Clubify.Checkout.Tests.Unit.Orders.OrderServiceTest" assertions="0" time="0.000000">
          <error type="InvalidArgumentException">Clubify\Checkout\Tests\Unit\Orders\OrderServiceTest::it_handles_api_errors_gracefully
InvalidArgumentException: getLogger() cannot be mocked as it is a private method

/Users/vagner/Desenvolvimento/python/clubify-checkout/sdk/php/vendor/mockery/mockery/library/Mockery.php:742
/Users/vagner/Desenvolvimento/python/clubify-checkout/sdk/php/vendor/mockery/mockery/library/Mockery.php:754
/Users/vagner/Desenvolvimento/python/clubify-checkout/sdk/php/vendor/mockery/mockery/library/Mockery.php:574
/Users/vagner/Desenvolvimento/python/clubify-checkout/sdk/php/tests/TestCase.php:222
/Users/vagner/Desenvolvimento/python/clubify-checkout/sdk/php/tests/TestCase.php:441
/Users/vagner/Desenvolvimento/python/clubify-checkout/sdk/php/tests/TestCase.php:56
/Users/vagner/Desenvolvimento/python/clubify-checkout/sdk/php/tests/Unit/Orders/OrderServiceTest.php:40</error>
        </testcase>
        <testcase name="it_calculates_metrics_correctly" file="/Users/vagner/Desenvolvimento/python/clubify-checkout/sdk/php/tests/Unit/Orders/OrderServiceTest.php" line="421" class="Clubify\Checkout\Tests\Unit\Orders\OrderServiceTest" classname="Clubify.Checkout.Tests.Unit.Orders.OrderServiceTest" assertions="0" time="0.000000">
          <error type="InvalidArgumentException">Clubify\Checkout\Tests\Unit\Orders\OrderServiceTest::it_calculates_metrics_correctly
InvalidArgumentException: getLogger() cannot be mocked as it is a private method

/Users/vagner/Desenvolvimento/python/clubify-checkout/sdk/php/vendor/mockery/mockery/library/Mockery.php:742
/Users/vagner/Desenvolvimento/python/clubify-checkout/sdk/php/vendor/mockery/mockery/library/Mockery.php:754
/Users/vagner/Desenvolvimento/python/clubify-checkout/sdk/php/vendor/mockery/mockery/library/Mockery.php:574
/Users/vagner/Desenvolvimento/python/clubify-checkout/sdk/php/tests/TestCase.php:222
/Users/vagner/Desenvolvimento/python/clubify-checkout/sdk/php/tests/TestCase.php:441
/Users/vagner/Desenvolvimento/python/clubify-checkout/sdk/php/tests/TestCase.php:56
/Users/vagner/Desenvolvimento/python/clubify-checkout/sdk/php/tests/Unit/Orders/OrderServiceTest.php:40</error>
        </testcase>
        <testcase name="it_handles_cache_failures_gracefully" file="/Users/vagner/Desenvolvimento/python/clubify-checkout/sdk/php/tests/Unit/Orders/OrderServiceTest.php" line="440" class="Clubify\Checkout\Tests\Unit\Orders\OrderServiceTest" classname="Clubify.Checkout.Tests.Unit.Orders.OrderServiceTest" assertions="0" time="0.000000">
          <error type="InvalidArgumentException">Clubify\Checkout\Tests\Unit\Orders\OrderServiceTest::it_handles_cache_failures_gracefully
InvalidArgumentException: getLogger() cannot be mocked as it is a private method

/Users/vagner/Desenvolvimento/python/clubify-checkout/sdk/php/vendor/mockery/mockery/library/Mockery.php:742
/Users/vagner/Desenvolvimento/python/clubify-checkout/sdk/php/vendor/mockery/mockery/library/Mockery.php:754
/Users/vagner/Desenvolvimento/python/clubify-checkout/sdk/php/vendor/mockery/mockery/library/Mockery.php:574
/Users/vagner/Desenvolvimento/python/clubify-checkout/sdk/php/tests/TestCase.php:222
/Users/vagner/Desenvolvimento/python/clubify-checkout/sdk/php/tests/TestCase.php:441
/Users/vagner/Desenvolvimento/python/clubify-checkout/sdk/php/tests/TestCase.php:56
/Users/vagner/Desenvolvimento/python/clubify-checkout/sdk/php/tests/Unit/Orders/OrderServiceTest.php:40</error>
        </testcase>
        <testcase name="it_handles_concurrent_access_properly" file="/Users/vagner/Desenvolvimento/python/clubify-checkout/sdk/php/tests/Unit/Orders/OrderServiceTest.php" line="468" class="Clubify\Checkout\Tests\Unit\Orders\OrderServiceTest" classname="Clubify.Checkout.Tests.Unit.Orders.OrderServiceTest" assertions="0" time="0.000000">
          <error type="InvalidArgumentException">Clubify\Checkout\Tests\Unit\Orders\OrderServiceTest::it_handles_concurrent_access_properly
InvalidArgumentException: getLogger() cannot be mocked as it is a private method

/Users/vagner/Desenvolvimento/python/clubify-checkout/sdk/php/vendor/mockery/mockery/library/Mockery.php:742
/Users/vagner/Desenvolvimento/python/clubify-checkout/sdk/php/vendor/mockery/mockery/library/Mockery.php:754
/Users/vagner/Desenvolvimento/python/clubify-checkout/sdk/php/vendor/mockery/mockery/library/Mockery.php:574
/Users/vagner/Desenvolvimento/python/clubify-checkout/sdk/php/tests/TestCase.php:222
/Users/vagner/Desenvolvimento/python/clubify-checkout/sdk/php/tests/TestCase.php:441
/Users/vagner/Desenvolvimento/python/clubify-checkout/sdk/php/tests/TestCase.php:56
/Users/vagner/Desenvolvimento/python/clubify-checkout/sdk/php/tests/Unit/Orders/OrderServiceTest.php:40</error>
        </testcase>
      </testsuite>
      <testsuite name="Clubify\Checkout\Tests\Unit\Orders\OrdersModuleTest" file="/Users/vagner/Desenvolvimento/python/clubify-checkout/sdk/php/tests/Unit/Orders/OrdersModuleTest.php" tests="21" assertions="0" errors="21" failures="0" skipped="0" time="0.000000">
        <testcase name="it_can_be_instantiated" file="/Users/vagner/Desenvolvimento/python/clubify-checkout/sdk/php/tests/Unit/Orders/OrdersModuleTest.php" line="57" class="Clubify\Checkout\Tests\Unit\Orders\OrdersModuleTest" classname="Clubify.Checkout.Tests.Unit.Orders.OrdersModuleTest" assertions="0" time="0.000000">
          <error type="InvalidArgumentException">Clubify\Checkout\Tests\Unit\Orders\OrdersModuleTest::it_can_be_instantiated
InvalidArgumentException: getLogger() cannot be mocked as it is a private method

/Users/vagner/Desenvolvimento/python/clubify-checkout/sdk/php/vendor/mockery/mockery/library/Mockery.php:742
/Users/vagner/Desenvolvimento/python/clubify-checkout/sdk/php/vendor/mockery/mockery/library/Mockery.php:754
/Users/vagner/Desenvolvimento/python/clubify-checkout/sdk/php/vendor/mockery/mockery/library/Mockery.php:574
/Users/vagner/Desenvolvimento/python/clubify-checkout/sdk/php/tests/TestCase.php:222
/Users/vagner/Desenvolvimento/python/clubify-checkout/sdk/php/tests/TestCase.php:441
/Users/vagner/Desenvolvimento/python/clubify-checkout/sdk/php/tests/TestCase.php:56
/Users/vagner/Desenvolvimento/python/clubify-checkout/sdk/php/tests/Unit/Orders/OrdersModuleTest.php:44</error>
        </testcase>
        <testcase name="it_can_be_initialized" file="/Users/vagner/Desenvolvimento/python/clubify-checkout/sdk/php/tests/Unit/Orders/OrdersModuleTest.php" line="66" class="Clubify\Checkout\Tests\Unit\Orders\OrdersModuleTest" classname="Clubify.Checkout.Tests.Unit.Orders.OrdersModuleTest" assertions="0" time="0.000000">
          <error type="InvalidArgumentException">Clubify\Checkout\Tests\Unit\Orders\OrdersModuleTest::it_can_be_initialized
InvalidArgumentException: getLogger() cannot be mocked as it is a private method

/Users/vagner/Desenvolvimento/python/clubify-checkout/sdk/php/vendor/mockery/mockery/library/Mockery.php:742
/Users/vagner/Desenvolvimento/python/clubify-checkout/sdk/php/vendor/mockery/mockery/library/Mockery.php:754
/Users/vagner/Desenvolvimento/python/clubify-checkout/sdk/php/vendor/mockery/mockery/library/Mockery.php:574
/Users/vagner/Desenvolvimento/python/clubify-checkout/sdk/php/tests/TestCase.php:222
/Users/vagner/Desenvolvimento/python/clubify-checkout/sdk/php/tests/TestCase.php:441
/Users/vagner/Desenvolvimento/python/clubify-checkout/sdk/php/tests/TestCase.php:56
/Users/vagner/Desenvolvimento/python/clubify-checkout/sdk/php/tests/Unit/Orders/OrdersModuleTest.php:44</error>
        </testcase>
        <testcase name="it_returns_correct_dependencies" file="/Users/vagner/Desenvolvimento/python/clubify-checkout/sdk/php/tests/Unit/Orders/OrdersModuleTest.php" line="78" class="Clubify\Checkout\Tests\Unit\Orders\OrdersModuleTest" classname="Clubify.Checkout.Tests.Unit.Orders.OrdersModuleTest" assertions="0" time="0.000000">
          <error type="InvalidArgumentException">Clubify\Checkout\Tests\Unit\Orders\OrdersModuleTest::it_returns_correct_dependencies
InvalidArgumentException: getLogger() cannot be mocked as it is a private method

/Users/vagner/Desenvolvimento/python/clubify-checkout/sdk/php/vendor/mockery/mockery/library/Mockery.php:742
/Users/vagner/Desenvolvimento/python/clubify-checkout/sdk/php/vendor/mockery/mockery/library/Mockery.php:754
/Users/vagner/Desenvolvimento/python/clubify-checkout/sdk/php/vendor/mockery/mockery/library/Mockery.php:574
/Users/vagner/Desenvolvimento/python/clubify-checkout/sdk/php/tests/TestCase.php:222
/Users/vagner/Desenvolvimento/python/clubify-checkout/sdk/php/tests/TestCase.php:441
/Users/vagner/Desenvolvimento/python/clubify-checkout/sdk/php/tests/TestCase.php:56
/Users/vagner/Desenvolvimento/python/clubify-checkout/sdk/php/tests/Unit/Orders/OrdersModuleTest.php:44</error>
        </testcase>
        <testcase name="it_returns_module_status" file="/Users/vagner/Desenvolvimento/python/clubify-checkout/sdk/php/tests/Unit/Orders/OrdersModuleTest.php" line="88" class="Clubify\Checkout\Tests\Unit\Orders\OrdersModuleTest" classname="Clubify.Checkout.Tests.Unit.Orders.OrdersModuleTest" assertions="0" time="0.000000">
          <error type="InvalidArgumentException">Clubify\Checkout\Tests\Unit\Orders\OrdersModuleTest::it_returns_module_status
InvalidArgumentException: getLogger() cannot be mocked as it is a private method

/Users/vagner/Desenvolvimento/python/clubify-checkout/sdk/php/vendor/mockery/mockery/library/Mockery.php:742
/Users/vagner/Desenvolvimento/python/clubify-checkout/sdk/php/vendor/mockery/mockery/library/Mockery.php:754
/Users/vagner/Desenvolvimento/python/clubify-checkout/sdk/php/vendor/mockery/mockery/library/Mockery.php:574
/Users/vagner/Desenvolvimento/python/clubify-checkout/sdk/php/tests/TestCase.php:222
/Users/vagner/Desenvolvimento/python/clubify-checkout/sdk/php/tests/TestCase.php:441
/Users/vagner/Desenvolvimento/python/clubify-checkout/sdk/php/tests/TestCase.php:56
/Users/vagner/Desenvolvimento/python/clubify-checkout/sdk/php/tests/Unit/Orders/OrdersModuleTest.php:44</error>
        </testcase>
        <testcase name="it_throws_exception_when_not_initialized" file="/Users/vagner/Desenvolvimento/python/clubify-checkout/sdk/php/tests/Unit/Orders/OrdersModuleTest.php" line="107" class="Clubify\Checkout\Tests\Unit\Orders\OrdersModuleTest" classname="Clubify.Checkout.Tests.Unit.Orders.OrdersModuleTest" assertions="0" time="0.000000">
          <error type="InvalidArgumentException">Clubify\Checkout\Tests\Unit\Orders\OrdersModuleTest::it_throws_exception_when_not_initialized
InvalidArgumentException: getLogger() cannot be mocked as it is a private method

/Users/vagner/Desenvolvimento/python/clubify-checkout/sdk/php/vendor/mockery/mockery/library/Mockery.php:742
/Users/vagner/Desenvolvimento/python/clubify-checkout/sdk/php/vendor/mockery/mockery/library/Mockery.php:754
/Users/vagner/Desenvolvimento/python/clubify-checkout/sdk/php/vendor/mockery/mockery/library/Mockery.php:574
/Users/vagner/Desenvolvimento/python/clubify-checkout/sdk/php/tests/TestCase.php:222
/Users/vagner/Desenvolvimento/python/clubify-checkout/sdk/php/tests/TestCase.php:441
/Users/vagner/Desenvolvimento/python/clubify-checkout/sdk/php/tests/TestCase.php:56
/Users/vagner/Desenvolvimento/python/clubify-checkout/sdk/php/tests/Unit/Orders/OrdersModuleTest.php:44</error>
        </testcase>
        <testcase name="it_can_create_order" file="/Users/vagner/Desenvolvimento/python/clubify-checkout/sdk/php/tests/Unit/Orders/OrdersModuleTest.php" line="116" class="Clubify\Checkout\Tests\Unit\Orders\OrdersModuleTest" classname="Clubify.Checkout.Tests.Unit.Orders.OrdersModuleTest" assertions="0" time="0.000000">
          <error type="InvalidArgumentException">Clubify\Checkout\Tests\Unit\Orders\OrdersModuleTest::it_can_create_order
InvalidArgumentException: getLogger() cannot be mocked as it is a private method

/Users/vagner/Desenvolvimento/python/clubify-checkout/sdk/php/vendor/mockery/mockery/library/Mockery.php:742
/Users/vagner/Desenvolvimento/python/clubify-checkout/sdk/php/vendor/mockery/mockery/library/Mockery.php:754
/Users/vagner/Desenvolvimento/python/clubify-checkout/sdk/php/vendor/mockery/mockery/library/Mockery.php:574
/Users/vagner/Desenvolvimento/python/clubify-checkout/sdk/php/tests/TestCase.php:222
/Users/vagner/Desenvolvimento/python/clubify-checkout/sdk/php/tests/TestCase.php:441
/Users/vagner/Desenvolvimento/python/clubify-checkout/sdk/php/tests/TestCase.php:56
/Users/vagner/Desenvolvimento/python/clubify-checkout/sdk/php/tests/Unit/Orders/OrdersModuleTest.php:44</error>
        </testcase>
        <testcase name="it_can_get_order" file="/Users/vagner/Desenvolvimento/python/clubify-checkout/sdk/php/tests/Unit/Orders/OrdersModuleTest.php" line="143" class="Clubify\Checkout\Tests\Unit\Orders\OrdersModuleTest" classname="Clubify.Checkout.Tests.Unit.Orders.OrdersModuleTest" assertions="0" time="0.000000">
          <error type="InvalidArgumentException">Clubify\Checkout\Tests\Unit\Orders\OrdersModuleTest::it_can_get_order
InvalidArgumentException: getLogger() cannot be mocked as it is a private method

/Users/vagner/Desenvolvimento/python/clubify-checkout/sdk/php/vendor/mockery/mockery/library/Mockery.php:742
/Users/vagner/Desenvolvimento/python/clubify-checkout/sdk/php/vendor/mockery/mockery/library/Mockery.php:754
/Users/vagner/Desenvolvimento/python/clubify-checkout/sdk/php/vendor/mockery/mockery/library/Mockery.php:574
/Users/vagner/Desenvolvimento/python/clubify-checkout/sdk/php/tests/TestCase.php:222
/Users/vagner/Desenvolvimento/python/clubify-checkout/sdk/php/tests/TestCase.php:441
/Users/vagner/Desenvolvimento/python/clubify-checkout/sdk/php/tests/TestCase.php:56
/Users/vagner/Desenvolvimento/python/clubify-checkout/sdk/php/tests/Unit/Orders/OrdersModuleTest.php:44</error>
        </testcase>
        <testcase name="it_can_update_order" file="/Users/vagner/Desenvolvimento/python/clubify-checkout/sdk/php/tests/Unit/Orders/OrdersModuleTest.php" line="169" class="Clubify\Checkout\Tests\Unit\Orders\OrdersModuleTest" classname="Clubify.Checkout.Tests.Unit.Orders.OrdersModuleTest" assertions="0" time="0.000000">
          <error type="InvalidArgumentException">Clubify\Checkout\Tests\Unit\Orders\OrdersModuleTest::it_can_update_order
InvalidArgumentException: getLogger() cannot be mocked as it is a private method

/Users/vagner/Desenvolvimento/python/clubify-checkout/sdk/php/vendor/mockery/mockery/library/Mockery.php:742
/Users/vagner/Desenvolvimento/python/clubify-checkout/sdk/php/vendor/mockery/mockery/library/Mockery.php:754
/Users/vagner/Desenvolvimento/python/clubify-checkout/sdk/php/vendor/mockery/mockery/library/Mockery.php:574
/Users/vagner/Desenvolvimento/python/clubify-checkout/sdk/php/tests/TestCase.php:222
/Users/vagner/Desenvolvimento/python/clubify-checkout/sdk/php/tests/TestCase.php:441
/Users/vagner/Desenvolvimento/python/clubify-checkout/sdk/php/tests/TestCase.php:56
/Users/vagner/Desenvolvimento/python/clubify-checkout/sdk/php/tests/Unit/Orders/OrdersModuleTest.php:44</error>
        </testcase>
        <testcase name="it_can_list_orders" file="/Users/vagner/Desenvolvimento/python/clubify-checkout/sdk/php/tests/Unit/Orders/OrdersModuleTest.php" line="196" class="Clubify\Checkout\Tests\Unit\Orders\OrdersModuleTest" classname="Clubify.Checkout.Tests.Unit.Orders.OrdersModuleTest" assertions="0" time="0.000000">
          <error type="InvalidArgumentException">Clubify\Checkout\Tests\Unit\Orders\OrdersModuleTest::it_can_list_orders
InvalidArgumentException: getLogger() cannot be mocked as it is a private method

/Users/vagner/Desenvolvimento/python/clubify-checkout/sdk/php/vendor/mockery/mockery/library/Mockery.php:742
/Users/vagner/Desenvolvimento/python/clubify-checkout/sdk/php/vendor/mockery/mockery/library/Mockery.php:754
/Users/vagner/Desenvolvimento/python/clubify-checkout/sdk/php/vendor/mockery/mockery/library/Mockery.php:574
/Users/vagner/Desenvolvimento/python/clubify-checkout/sdk/php/tests/TestCase.php:222
/Users/vagner/Desenvolvimento/python/clubify-checkout/sdk/php/tests/TestCase.php:441
/Users/vagner/Desenvolvimento/python/clubify-checkout/sdk/php/tests/TestCase.php:56
/Users/vagner/Desenvolvimento/python/clubify-checkout/sdk/php/tests/Unit/Orders/OrdersModuleTest.php:44</error>
        </testcase>
        <testcase name="it_can_update_order_status" file="/Users/vagner/Desenvolvimento/python/clubify-checkout/sdk/php/tests/Unit/Orders/OrdersModuleTest.php" line="229" class="Clubify\Checkout\Tests\Unit\Orders\OrdersModuleTest" classname="Clubify.Checkout.Tests.Unit.Orders.OrdersModuleTest" assertions="0" time="0.000000">
          <error type="InvalidArgumentException">Clubify\Checkout\Tests\Unit\Orders\OrdersModuleTest::it_can_update_order_status
InvalidArgumentException: getLogger() cannot be mocked as it is a private method

/Users/vagner/Desenvolvimento/python/clubify-checkout/sdk/php/vendor/mockery/mockery/library/Mockery.php:742
/Users/vagner/Desenvolvimento/python/clubify-checkout/sdk/php/vendor/mockery/mockery/library/Mockery.php:754
/Users/vagner/Desenvolvimento/python/clubify-checkout/sdk/php/vendor/mockery/mockery/library/Mockery.php:574
/Users/vagner/Desenvolvimento/python/clubify-checkout/sdk/php/tests/TestCase.php:222
/Users/vagner/Desenvolvimento/python/clubify-checkout/sdk/php/tests/TestCase.php:441
/Users/vagner/Desenvolvimento/python/clubify-checkout/sdk/php/tests/TestCase.php:56
/Users/vagner/Desenvolvimento/python/clubify-checkout/sdk/php/tests/Unit/Orders/OrdersModuleTest.php:44</error>
        </testcase>
        <testcase name="it_can_cancel_order" file="/Users/vagner/Desenvolvimento/python/clubify-checkout/sdk/php/tests/Unit/Orders/OrdersModuleTest.php" line="256" class="Clubify\Checkout\Tests\Unit\Orders\OrdersModuleTest" classname="Clubify.Checkout.Tests.Unit.Orders.OrdersModuleTest" assertions="0" time="0.000000">
          <error type="InvalidArgumentException">Clubify\Checkout\Tests\Unit\Orders\OrdersModuleTest::it_can_cancel_order
InvalidArgumentException: getLogger() cannot be mocked as it is a private method

/Users/vagner/Desenvolvimento/python/clubify-checkout/sdk/php/vendor/mockery/mockery/library/Mockery.php:742
/Users/vagner/Desenvolvimento/python/clubify-checkout/sdk/php/vendor/mockery/mockery/library/Mockery.php:754
/Users/vagner/Desenvolvimento/python/clubify-checkout/sdk/php/vendor/mockery/mockery/library/Mockery.php:574
/Users/vagner/Desenvolvimento/python/clubify-checkout/sdk/php/tests/TestCase.php:222
/Users/vagner/Desenvolvimento/python/clubify-checkout/sdk/php/tests/TestCase.php:441
/Users/vagner/Desenvolvimento/python/clubify-checkout/sdk/php/tests/TestCase.php:56
/Users/vagner/Desenvolvimento/python/clubify-checkout/sdk/php/tests/Unit/Orders/OrdersModuleTest.php:44</error>
        </testcase>
        <testcase name="it_can_get_order_history" file="/Users/vagner/Desenvolvimento/python/clubify-checkout/sdk/php/tests/Unit/Orders/OrdersModuleTest.php" line="282" class="Clubify\Checkout\Tests\Unit\Orders\OrdersModuleTest" classname="Clubify.Checkout.Tests.Unit.Orders.OrdersModuleTest" assertions="0" time="0.000000">
          <error type="InvalidArgumentException">Clubify\Checkout\Tests\Unit\Orders\OrdersModuleTest::it_can_get_order_history
InvalidArgumentException: getLogger() cannot be mocked as it is a private method

/Users/vagner/Desenvolvimento/python/clubify-checkout/sdk/php/vendor/mockery/mockery/library/Mockery.php:742
/Users/vagner/Desenvolvimento/python/clubify-checkout/sdk/php/vendor/mockery/mockery/library/Mockery.php:754
/Users/vagner/Desenvolvimento/python/clubify-checkout/sdk/php/vendor/mockery/mockery/library/Mockery.php:574
/Users/vagner/Desenvolvimento/python/clubify-checkout/sdk/php/tests/TestCase.php:222
/Users/vagner/Desenvolvimento/python/clubify-checkout/sdk/php/tests/TestCase.php:441
/Users/vagner/Desenvolvimento/python/clubify-checkout/sdk/php/tests/TestCase.php:56
/Users/vagner/Desenvolvimento/python/clubify-checkout/sdk/php/tests/Unit/Orders/OrdersModuleTest.php:44</error>
        </testcase>
        <testcase name="it_can_process_upsell" file="/Users/vagner/Desenvolvimento/python/clubify-checkout/sdk/php/tests/Unit/Orders/OrdersModuleTest.php" line="312" class="Clubify\Checkout\Tests\Unit\Orders\OrdersModuleTest" classname="Clubify.Checkout.Tests.Unit.Orders.OrdersModuleTest" assertions="0" time="0.000000">
          <error type="InvalidArgumentException">Clubify\Checkout\Tests\Unit\Orders\OrdersModuleTest::it_can_process_upsell
InvalidArgumentException: getLogger() cannot be mocked as it is a private method

/Users/vagner/Desenvolvimento/python/clubify-checkout/sdk/php/vendor/mockery/mockery/library/Mockery.php:742
/Users/vagner/Desenvolvimento/python/clubify-checkout/sdk/php/vendor/mockery/mockery/library/Mockery.php:754
/Users/vagner/Desenvolvimento/python/clubify-checkout/sdk/php/vendor/mockery/mockery/library/Mockery.php:574
/Users/vagner/Desenvolvimento/python/clubify-checkout/sdk/php/tests/TestCase.php:222
/Users/vagner/Desenvolvimento/python/clubify-checkout/sdk/php/tests/TestCase.php:441
/Users/vagner/Desenvolvimento/python/clubify-checkout/sdk/php/tests/TestCase.php:56
/Users/vagner/Desenvolvimento/python/clubify-checkout/sdk/php/tests/Unit/Orders/OrdersModuleTest.php:44</error>
        </testcase>
        <testcase name="it_can_get_analytics" file="/Users/vagner/Desenvolvimento/python/clubify-checkout/sdk/php/tests/Unit/Orders/OrdersModuleTest.php" line="339" class="Clubify\Checkout\Tests\Unit\Orders\OrdersModuleTest" classname="Clubify.Checkout.Tests.Unit.Orders.OrdersModuleTest" assertions="0" time="0.000000">
          <error type="InvalidArgumentException">Clubify\Checkout\Tests\Unit\Orders\OrdersModuleTest::it_can_get_analytics
InvalidArgumentException: getLogger() cannot be mocked as it is a private method

/Users/vagner/Desenvolvimento/python/clubify-checkout/sdk/php/vendor/mockery/mockery/library/Mockery.php:742
/Users/vagner/Desenvolvimento/python/clubify-checkout/sdk/php/vendor/mockery/mockery/library/Mockery.php:754
/Users/vagner/Desenvolvimento/python/clubify-checkout/sdk/php/vendor/mockery/mockery/library/Mockery.php:574
/Users/vagner/Desenvolvimento/python/clubify-checkout/sdk/php/tests/TestCase.php:222
/Users/vagner/Desenvolvimento/python/clubify-checkout/sdk/php/tests/TestCase.php:441
/Users/vagner/Desenvolvimento/python/clubify-checkout/sdk/php/tests/TestCase.php:56
/Users/vagner/Desenvolvimento/python/clubify-checkout/sdk/php/tests/Unit/Orders/OrdersModuleTest.php:44</error>
        </testcase>
        <testcase name="it_can_get_revenue_statistics" file="/Users/vagner/Desenvolvimento/python/clubify-checkout/sdk/php/tests/Unit/Orders/OrdersModuleTest.php" line="370" class="Clubify\Checkout\Tests\Unit\Orders\OrdersModuleTest" classname="Clubify.Checkout.Tests.Unit.Orders.OrdersModuleTest" assertions="0" time="0.000000">
          <error type="InvalidArgumentException">Clubify\Checkout\Tests\Unit\Orders\OrdersModuleTest::it_can_get_revenue_statistics
InvalidArgumentException: getLogger() cannot be mocked as it is a private method

/Users/vagner/Desenvolvimento/python/clubify-checkout/sdk/php/vendor/mockery/mockery/library/Mockery.php:742
/Users/vagner/Desenvolvimento/python/clubify-checkout/sdk/php/vendor/mockery/mockery/library/Mockery.php:754
/Users/vagner/Desenvolvimento/python/clubify-checkout/sdk/php/vendor/mockery/mockery/library/Mockery.php:574
/Users/vagner/Desenvolvimento/python/clubify-checkout/sdk/php/tests/TestCase.php:222
/Users/vagner/Desenvolvimento/python/clubify-checkout/sdk/php/tests/TestCase.php:441
/Users/vagner/Desenvolvimento/python/clubify-checkout/sdk/php/tests/TestCase.php:56
/Users/vagner/Desenvolvimento/python/clubify-checkout/sdk/php/tests/Unit/Orders/OrdersModuleTest.php:44</error>
        </testcase>
        <testcase name="it_performs_health_check" file="/Users/vagner/Desenvolvimento/python/clubify-checkout/sdk/php/tests/Unit/Orders/OrdersModuleTest.php" line="401" class="Clubify\Checkout\Tests\Unit\Orders\OrdersModuleTest" classname="Clubify.Checkout.Tests.Unit.Orders.OrdersModuleTest" assertions="0" time="0.000000">
          <error type="InvalidArgumentException">Clubify\Checkout\Tests\Unit\Orders\OrdersModuleTest::it_performs_health_check
InvalidArgumentException: getLogger() cannot be mocked as it is a private method

/Users/vagner/Desenvolvimento/python/clubify-checkout/sdk/php/vendor/mockery/mockery/library/Mockery.php:742
/Users/vagner/Desenvolvimento/python/clubify-checkout/sdk/php/vendor/mockery/mockery/library/Mockery.php:754
/Users/vagner/Desenvolvimento/python/clubify-checkout/sdk/php/vendor/mockery/mockery/library/Mockery.php:574
/Users/vagner/Desenvolvimento/python/clubify-checkout/sdk/php/tests/TestCase.php:222
/Users/vagner/Desenvolvimento/python/clubify-checkout/sdk/php/tests/TestCase.php:441
/Users/vagner/Desenvolvimento/python/clubify-checkout/sdk/php/tests/TestCase.php:56
/Users/vagner/Desenvolvimento/python/clubify-checkout/sdk/php/tests/Unit/Orders/OrdersModuleTest.php:44</error>
        </testcase>
        <testcase name="it_can_bulk_update_orders" file="/Users/vagner/Desenvolvimento/python/clubify-checkout/sdk/php/tests/Unit/Orders/OrdersModuleTest.php" line="430" class="Clubify\Checkout\Tests\Unit\Orders\OrdersModuleTest" classname="Clubify.Checkout.Tests.Unit.Orders.OrdersModuleTest" assertions="0" time="0.000000">
          <error type="InvalidArgumentException">Clubify\Checkout\Tests\Unit\Orders\OrdersModuleTest::it_can_bulk_update_orders
InvalidArgumentException: getLogger() cannot be mocked as it is a private method

/Users/vagner/Desenvolvimento/python/clubify-checkout/sdk/php/vendor/mockery/mockery/library/Mockery.php:742
/Users/vagner/Desenvolvimento/python/clubify-checkout/sdk/php/vendor/mockery/mockery/library/Mockery.php:754
/Users/vagner/Desenvolvimento/python/clubify-checkout/sdk/php/vendor/mockery/mockery/library/Mockery.php:574
/Users/vagner/Desenvolvimento/python/clubify-checkout/sdk/php/tests/TestCase.php:222
/Users/vagner/Desenvolvimento/python/clubify-checkout/sdk/php/tests/TestCase.php:441
/Users/vagner/Desenvolvimento/python/clubify-checkout/sdk/php/tests/TestCase.php:56
/Users/vagner/Desenvolvimento/python/clubify-checkout/sdk/php/tests/Unit/Orders/OrdersModuleTest.php:44</error>
        </testcase>
        <testcase name="it_can_cleanup_properly" file="/Users/vagner/Desenvolvimento/python/clubify-checkout/sdk/php/tests/Unit/Orders/OrdersModuleTest.php" line="464" class="Clubify\Checkout\Tests\Unit\Orders\OrdersModuleTest" classname="Clubify.Checkout.Tests.Unit.Orders.OrdersModuleTest" assertions="0" time="0.000000">
          <error type="InvalidArgumentException">Clubify\Checkout\Tests\Unit\Orders\OrdersModuleTest::it_can_cleanup_properly
InvalidArgumentException: getLogger() cannot be mocked as it is a private method

/Users/vagner/Desenvolvimento/python/clubify-checkout/sdk/php/vendor/mockery/mockery/library/Mockery.php:742
/Users/vagner/Desenvolvimento/python/clubify-checkout/sdk/php/vendor/mockery/mockery/library/Mockery.php:754
/Users/vagner/Desenvolvimento/python/clubify-checkout/sdk/php/vendor/mockery/mockery/library/Mockery.php:574
/Users/vagner/Desenvolvimento/python/clubify-checkout/sdk/php/tests/TestCase.php:222
/Users/vagner/Desenvolvimento/python/clubify-checkout/sdk/php/tests/TestCase.php:441
/Users/vagner/Desenvolvimento/python/clubify-checkout/sdk/php/tests/TestCase.php:56
/Users/vagner/Desenvolvimento/python/clubify-checkout/sdk/php/tests/Unit/Orders/OrdersModuleTest.php:44</error>
        </testcase>
        <testcase name="it_returns_stats" file="/Users/vagner/Desenvolvimento/python/clubify-checkout/sdk/php/tests/Unit/Orders/OrdersModuleTest.php" line="478" class="Clubify\Checkout\Tests\Unit\Orders\OrdersModuleTest" classname="Clubify.Checkout.Tests.Unit.Orders.OrdersModuleTest" assertions="0" time="0.000000">
          <error type="InvalidArgumentException">Clubify\Checkout\Tests\Unit\Orders\OrdersModuleTest::it_returns_stats
InvalidArgumentException: getLogger() cannot be mocked as it is a private method

/Users/vagner/Desenvolvimento/python/clubify-checkout/sdk/php/vendor/mockery/mockery/library/Mockery.php:742
/Users/vagner/Desenvolvimento/python/clubify-checkout/sdk/php/vendor/mockery/mockery/library/Mockery.php:754
/Users/vagner/Desenvolvimento/python/clubify-checkout/sdk/php/vendor/mockery/mockery/library/Mockery.php:574
/Users/vagner/Desenvolvimento/python/clubify-checkout/sdk/php/tests/TestCase.php:222
/Users/vagner/Desenvolvimento/python/clubify-checkout/sdk/php/tests/TestCase.php:441
/Users/vagner/Desenvolvimento/python/clubify-checkout/sdk/php/tests/TestCase.php:56
/Users/vagner/Desenvolvimento/python/clubify-checkout/sdk/php/tests/Unit/Orders/OrdersModuleTest.php:44</error>
        </testcase>
        <testcase name="it_handles_invalid_operations_gracefully" file="/Users/vagner/Desenvolvimento/python/clubify-checkout/sdk/php/tests/Unit/Orders/OrdersModuleTest.php" line="500" class="Clubify\Checkout\Tests\Unit\Orders\OrdersModuleTest" classname="Clubify.Checkout.Tests.Unit.Orders.OrdersModuleTest" assertions="0" time="0.000000">
          <error type="InvalidArgumentException">Clubify\Checkout\Tests\Unit\Orders\OrdersModuleTest::it_handles_invalid_operations_gracefully
InvalidArgumentException: getLogger() cannot be mocked as it is a private method

/Users/vagner/Desenvolvimento/python/clubify-checkout/sdk/php/vendor/mockery/mockery/library/Mockery.php:742
/Users/vagner/Desenvolvimento/python/clubify-checkout/sdk/php/vendor/mockery/mockery/library/Mockery.php:754
/Users/vagner/Desenvolvimento/python/clubify-checkout/sdk/php/vendor/mockery/mockery/library/Mockery.php:574
/Users/vagner/Desenvolvimento/python/clubify-checkout/sdk/php/tests/TestCase.php:222
/Users/vagner/Desenvolvimento/python/clubify-checkout/sdk/php/tests/TestCase.php:441
/Users/vagner/Desenvolvimento/python/clubify-checkout/sdk/php/tests/TestCase.php:56
/Users/vagner/Desenvolvimento/python/clubify-checkout/sdk/php/tests/Unit/Orders/OrdersModuleTest.php:44</error>
        </testcase>
        <testcase name="it_validates_order_data" file="/Users/vagner/Desenvolvimento/python/clubify-checkout/sdk/php/tests/Unit/Orders/OrdersModuleTest.php" line="524" class="Clubify\Checkout\Tests\Unit\Orders\OrdersModuleTest" classname="Clubify.Checkout.Tests.Unit.Orders.OrdersModuleTest" assertions="0" time="0.000000">
          <error type="InvalidArgumentException">Clubify\Checkout\Tests\Unit\Orders\OrdersModuleTest::it_validates_order_data
InvalidArgumentException: getLogger() cannot be mocked as it is a private method

/Users/vagner/Desenvolvimento/python/clubify-checkout/sdk/php/vendor/mockery/mockery/library/Mockery.php:742
/Users/vagner/Desenvolvimento/python/clubify-checkout/sdk/php/vendor/mockery/mockery/library/Mockery.php:754
/Users/vagner/Desenvolvimento/python/clubify-checkout/sdk/php/vendor/mockery/mockery/library/Mockery.php:574
/Users/vagner/Desenvolvimento/python/clubify-checkout/sdk/php/tests/TestCase.php:222
/Users/vagner/Desenvolvimento/python/clubify-checkout/sdk/php/tests/TestCase.php:441
/Users/vagner/Desenvolvimento/python/clubify-checkout/sdk/php/tests/TestCase.php:56
/Users/vagner/Desenvolvimento/python/clubify-checkout/sdk/php/tests/Unit/Orders/OrdersModuleTest.php:44</error>
        </testcase>
      </testsuite>
      <testsuite name="Clubify\Checkout\Tests\Unit\Subscriptions\SubscriptionsModuleTest" file="/Users/vagner/Desenvolvimento/python/clubify-checkout/sdk/php/tests/Unit/Subscriptions/SubscriptionsModuleTest.php" tests="24" assertions="0" errors="24" failures="0" skipped="0" time="0.000000">
        <testcase name="it_can_be_instantiated" file="/Users/vagner/Desenvolvimento/python/clubify-checkout/sdk/php/tests/Unit/Subscriptions/SubscriptionsModuleTest.php" line="58" class="Clubify\Checkout\Tests\Unit\Subscriptions\SubscriptionsModuleTest" classname="Clubify.Checkout.Tests.Unit.Subscriptions.SubscriptionsModuleTest" assertions="0" time="0.000000">
          <error type="InvalidArgumentException">Clubify\Checkout\Tests\Unit\Subscriptions\SubscriptionsModuleTest::it_can_be_instantiated
InvalidArgumentException: getLogger() cannot be mocked as it is a private method

/Users/vagner/Desenvolvimento/python/clubify-checkout/sdk/php/vendor/mockery/mockery/library/Mockery.php:742
/Users/vagner/Desenvolvimento/python/clubify-checkout/sdk/php/vendor/mockery/mockery/library/Mockery.php:754
/Users/vagner/Desenvolvimento/python/clubify-checkout/sdk/php/vendor/mockery/mockery/library/Mockery.php:574
/Users/vagner/Desenvolvimento/python/clubify-checkout/sdk/php/tests/TestCase.php:222
/Users/vagner/Desenvolvimento/python/clubify-checkout/sdk/php/tests/TestCase.php:441
/Users/vagner/Desenvolvimento/python/clubify-checkout/sdk/php/tests/TestCase.php:56
/Users/vagner/Desenvolvimento/python/clubify-checkout/sdk/php/tests/Unit/Subscriptions/SubscriptionsModuleTest.php:44</error>
        </testcase>
        <testcase name="it_can_be_initialized" file="/Users/vagner/Desenvolvimento/python/clubify-checkout/sdk/php/tests/Unit/Subscriptions/SubscriptionsModuleTest.php" line="67" class="Clubify\Checkout\Tests\Unit\Subscriptions\SubscriptionsModuleTest" classname="Clubify.Checkout.Tests.Unit.Subscriptions.SubscriptionsModuleTest" assertions="0" time="0.000000">
          <error type="InvalidArgumentException">Clubify\Checkout\Tests\Unit\Subscriptions\SubscriptionsModuleTest::it_can_be_initialized
InvalidArgumentException: getLogger() cannot be mocked as it is a private method

/Users/vagner/Desenvolvimento/python/clubify-checkout/sdk/php/vendor/mockery/mockery/library/Mockery.php:742
/Users/vagner/Desenvolvimento/python/clubify-checkout/sdk/php/vendor/mockery/mockery/library/Mockery.php:754
/Users/vagner/Desenvolvimento/python/clubify-checkout/sdk/php/vendor/mockery/mockery/library/Mockery.php:574
/Users/vagner/Desenvolvimento/python/clubify-checkout/sdk/php/tests/TestCase.php:222
/Users/vagner/Desenvolvimento/python/clubify-checkout/sdk/php/tests/TestCase.php:441
/Users/vagner/Desenvolvimento/python/clubify-checkout/sdk/php/tests/TestCase.php:56
/Users/vagner/Desenvolvimento/python/clubify-checkout/sdk/php/tests/Unit/Subscriptions/SubscriptionsModuleTest.php:44</error>
        </testcase>
        <testcase name="it_returns_correct_dependencies" file="/Users/vagner/Desenvolvimento/python/clubify-checkout/sdk/php/tests/Unit/Subscriptions/SubscriptionsModuleTest.php" line="79" class="Clubify\Checkout\Tests\Unit\Subscriptions\SubscriptionsModuleTest" classname="Clubify.Checkout.Tests.Unit.Subscriptions.SubscriptionsModuleTest" assertions="0" time="0.000000">
          <error type="InvalidArgumentException">Clubify\Checkout\Tests\Unit\Subscriptions\SubscriptionsModuleTest::it_returns_correct_dependencies
InvalidArgumentException: getLogger() cannot be mocked as it is a private method

/Users/vagner/Desenvolvimento/python/clubify-checkout/sdk/php/vendor/mockery/mockery/library/Mockery.php:742
/Users/vagner/Desenvolvimento/python/clubify-checkout/sdk/php/vendor/mockery/mockery/library/Mockery.php:754
/Users/vagner/Desenvolvimento/python/clubify-checkout/sdk/php/vendor/mockery/mockery/library/Mockery.php:574
/Users/vagner/Desenvolvimento/python/clubify-checkout/sdk/php/tests/TestCase.php:222
/Users/vagner/Desenvolvimento/python/clubify-checkout/sdk/php/tests/TestCase.php:441
/Users/vagner/Desenvolvimento/python/clubify-checkout/sdk/php/tests/TestCase.php:56
/Users/vagner/Desenvolvimento/python/clubify-checkout/sdk/php/tests/Unit/Subscriptions/SubscriptionsModuleTest.php:44</error>
        </testcase>
        <testcase name="it_throws_exception_when_not_initialized" file="/Users/vagner/Desenvolvimento/python/clubify-checkout/sdk/php/tests/Unit/Subscriptions/SubscriptionsModuleTest.php" line="90" class="Clubify\Checkout\Tests\Unit\Subscriptions\SubscriptionsModuleTest" classname="Clubify.Checkout.Tests.Unit.Subscriptions.SubscriptionsModuleTest" assertions="0" time="0.000000">
          <error type="InvalidArgumentException">Clubify\Checkout\Tests\Unit\Subscriptions\SubscriptionsModuleTest::it_throws_exception_when_not_initialized
InvalidArgumentException: getLogger() cannot be mocked as it is a private method

/Users/vagner/Desenvolvimento/python/clubify-checkout/sdk/php/vendor/mockery/mockery/library/Mockery.php:742
/Users/vagner/Desenvolvimento/python/clubify-checkout/sdk/php/vendor/mockery/mockery/library/Mockery.php:754
/Users/vagner/Desenvolvimento/python/clubify-checkout/sdk/php/vendor/mockery/mockery/library/Mockery.php:574
/Users/vagner/Desenvolvimento/python/clubify-checkout/sdk/php/tests/TestCase.php:222
/Users/vagner/Desenvolvimento/python/clubify-checkout/sdk/php/tests/TestCase.php:441
/Users/vagner/Desenvolvimento/python/clubify-checkout/sdk/php/tests/TestCase.php:56
/Users/vagner/Desenvolvimento/python/clubify-checkout/sdk/php/tests/Unit/Subscriptions/SubscriptionsModuleTest.php:44</error>
        </testcase>
        <testcase name="it_can_create_subscription" file="/Users/vagner/Desenvolvimento/python/clubify-checkout/sdk/php/tests/Unit/Subscriptions/SubscriptionsModuleTest.php" line="99" class="Clubify\Checkout\Tests\Unit\Subscriptions\SubscriptionsModuleTest" classname="Clubify.Checkout.Tests.Unit.Subscriptions.SubscriptionsModuleTest" assertions="0" time="0.000000">
          <error type="InvalidArgumentException">Clubify\Checkout\Tests\Unit\Subscriptions\SubscriptionsModuleTest::it_can_create_subscription
InvalidArgumentException: getLogger() cannot be mocked as it is a private method

/Users/vagner/Desenvolvimento/python/clubify-checkout/sdk/php/vendor/mockery/mockery/library/Mockery.php:742
/Users/vagner/Desenvolvimento/python/clubify-checkout/sdk/php/vendor/mockery/mockery/library/Mockery.php:754
/Users/vagner/Desenvolvimento/python/clubify-checkout/sdk/php/vendor/mockery/mockery/library/Mockery.php:574
/Users/vagner/Desenvolvimento/python/clubify-checkout/sdk/php/tests/TestCase.php:222
/Users/vagner/Desenvolvimento/python/clubify-checkout/sdk/php/tests/TestCase.php:441
/Users/vagner/Desenvolvimento/python/clubify-checkout/sdk/php/tests/TestCase.php:56
/Users/vagner/Desenvolvimento/python/clubify-checkout/sdk/php/tests/Unit/Subscriptions/SubscriptionsModuleTest.php:44</error>
        </testcase>
        <testcase name="it_can_get_subscription" file="/Users/vagner/Desenvolvimento/python/clubify-checkout/sdk/php/tests/Unit/Subscriptions/SubscriptionsModuleTest.php" line="125" class="Clubify\Checkout\Tests\Unit\Subscriptions\SubscriptionsModuleTest" classname="Clubify.Checkout.Tests.Unit.Subscriptions.SubscriptionsModuleTest" assertions="0" time="0.000000">
          <error type="InvalidArgumentException">Clubify\Checkout\Tests\Unit\Subscriptions\SubscriptionsModuleTest::it_can_get_subscription
InvalidArgumentException: getLogger() cannot be mocked as it is a private method

/Users/vagner/Desenvolvimento/python/clubify-checkout/sdk/php/vendor/mockery/mockery/library/Mockery.php:742
/Users/vagner/Desenvolvimento/python/clubify-checkout/sdk/php/vendor/mockery/mockery/library/Mockery.php:754
/Users/vagner/Desenvolvimento/python/clubify-checkout/sdk/php/vendor/mockery/mockery/library/Mockery.php:574
/Users/vagner/Desenvolvimento/python/clubify-checkout/sdk/php/tests/TestCase.php:222
/Users/vagner/Desenvolvimento/python/clubify-checkout/sdk/php/tests/TestCase.php:441
/Users/vagner/Desenvolvimento/python/clubify-checkout/sdk/php/tests/TestCase.php:56
/Users/vagner/Desenvolvimento/python/clubify-checkout/sdk/php/tests/Unit/Subscriptions/SubscriptionsModuleTest.php:44</error>
        </testcase>
        <testcase name="it_can_list_subscriptions" file="/Users/vagner/Desenvolvimento/python/clubify-checkout/sdk/php/tests/Unit/Subscriptions/SubscriptionsModuleTest.php" line="151" class="Clubify\Checkout\Tests\Unit\Subscriptions\SubscriptionsModuleTest" classname="Clubify.Checkout.Tests.Unit.Subscriptions.SubscriptionsModuleTest" assertions="0" time="0.000000">
          <error type="InvalidArgumentException">Clubify\Checkout\Tests\Unit\Subscriptions\SubscriptionsModuleTest::it_can_list_subscriptions
InvalidArgumentException: getLogger() cannot be mocked as it is a private method

/Users/vagner/Desenvolvimento/python/clubify-checkout/sdk/php/vendor/mockery/mockery/library/Mockery.php:742
/Users/vagner/Desenvolvimento/python/clubify-checkout/sdk/php/vendor/mockery/mockery/library/Mockery.php:754
/Users/vagner/Desenvolvimento/python/clubify-checkout/sdk/php/vendor/mockery/mockery/library/Mockery.php:574
/Users/vagner/Desenvolvimento/python/clubify-checkout/sdk/php/tests/TestCase.php:222
/Users/vagner/Desenvolvimento/python/clubify-checkout/sdk/php/tests/TestCase.php:441
/Users/vagner/Desenvolvimento/python/clubify-checkout/sdk/php/tests/TestCase.php:56
/Users/vagner/Desenvolvimento/python/clubify-checkout/sdk/php/tests/Unit/Subscriptions/SubscriptionsModuleTest.php:44</error>
        </testcase>
        <testcase name="it_can_pause_subscription" file="/Users/vagner/Desenvolvimento/python/clubify-checkout/sdk/php/tests/Unit/Subscriptions/SubscriptionsModuleTest.php" line="184" class="Clubify\Checkout\Tests\Unit\Subscriptions\SubscriptionsModuleTest" classname="Clubify.Checkout.Tests.Unit.Subscriptions.SubscriptionsModuleTest" assertions="0" time="0.000000">
          <error type="InvalidArgumentException">Clubify\Checkout\Tests\Unit\Subscriptions\SubscriptionsModuleTest::it_can_pause_subscription
InvalidArgumentException: getLogger() cannot be mocked as it is a private method

/Users/vagner/Desenvolvimento/python/clubify-checkout/sdk/php/vendor/mockery/mockery/library/Mockery.php:742
/Users/vagner/Desenvolvimento/python/clubify-checkout/sdk/php/vendor/mockery/mockery/library/Mockery.php:754
/Users/vagner/Desenvolvimento/python/clubify-checkout/sdk/php/vendor/mockery/mockery/library/Mockery.php:574
/Users/vagner/Desenvolvimento/python/clubify-checkout/sdk/php/tests/TestCase.php:222
/Users/vagner/Desenvolvimento/python/clubify-checkout/sdk/php/tests/TestCase.php:441
/Users/vagner/Desenvolvimento/python/clubify-checkout/sdk/php/tests/TestCase.php:56
/Users/vagner/Desenvolvimento/python/clubify-checkout/sdk/php/tests/Unit/Subscriptions/SubscriptionsModuleTest.php:44</error>
        </testcase>
        <testcase name="it_can_resume_subscription" file="/Users/vagner/Desenvolvimento/python/clubify-checkout/sdk/php/tests/Unit/Subscriptions/SubscriptionsModuleTest.php" line="209" class="Clubify\Checkout\Tests\Unit\Subscriptions\SubscriptionsModuleTest" classname="Clubify.Checkout.Tests.Unit.Subscriptions.SubscriptionsModuleTest" assertions="0" time="0.000000">
          <error type="InvalidArgumentException">Clubify\Checkout\Tests\Unit\Subscriptions\SubscriptionsModuleTest::it_can_resume_subscription
InvalidArgumentException: getLogger() cannot be mocked as it is a private method

/Users/vagner/Desenvolvimento/python/clubify-checkout/sdk/php/vendor/mockery/mockery/library/Mockery.php:742
/Users/vagner/Desenvolvimento/python/clubify-checkout/sdk/php/vendor/mockery/mockery/library/Mockery.php:754
/Users/vagner/Desenvolvimento/python/clubify-checkout/sdk/php/vendor/mockery/mockery/library/Mockery.php:574
/Users/vagner/Desenvolvimento/python/clubify-checkout/sdk/php/tests/TestCase.php:222
/Users/vagner/Desenvolvimento/python/clubify-checkout/sdk/php/tests/TestCase.php:441
/Users/vagner/Desenvolvimento/python/clubify-checkout/sdk/php/tests/TestCase.php:56
/Users/vagner/Desenvolvimento/python/clubify-checkout/sdk/php/tests/Unit/Subscriptions/SubscriptionsModuleTest.php:44</error>
        </testcase>
        <testcase name="it_can_cancel_subscription" file="/Users/vagner/Desenvolvimento/python/clubify-checkout/sdk/php/tests/Unit/Subscriptions/SubscriptionsModuleTest.php" line="234" class="Clubify\Checkout\Tests\Unit\Subscriptions\SubscriptionsModuleTest" classname="Clubify.Checkout.Tests.Unit.Subscriptions.SubscriptionsModuleTest" assertions="0" time="0.000000">
          <error type="InvalidArgumentException">Clubify\Checkout\Tests\Unit\Subscriptions\SubscriptionsModuleTest::it_can_cancel_subscription
InvalidArgumentException: getLogger() cannot be mocked as it is a private method

/Users/vagner/Desenvolvimento/python/clubify-checkout/sdk/php/vendor/mockery/mockery/library/Mockery.php:742
/Users/vagner/Desenvolvimento/python/clubify-checkout/sdk/php/vendor/mockery/mockery/library/Mockery.php:754
/Users/vagner/Desenvolvimento/python/clubify-checkout/sdk/php/vendor/mockery/mockery/library/Mockery.php:574
/Users/vagner/Desenvolvimento/python/clubify-checkout/sdk/php/tests/TestCase.php:222
/Users/vagner/Desenvolvimento/python/clubify-checkout/sdk/php/tests/TestCase.php:441
/Users/vagner/Desenvolvimento/python/clubify-checkout/sdk/php/tests/TestCase.php:56
/Users/vagner/Desenvolvimento/python/clubify-checkout/sdk/php/tests/Unit/Subscriptions/SubscriptionsModuleTest.php:44</error>
        </testcase>
        <testcase name="it_can_upgrade_subscription" file="/Users/vagner/Desenvolvimento/python/clubify-checkout/sdk/php/tests/Unit/Subscriptions/SubscriptionsModuleTest.php" line="261" class="Clubify\Checkout\Tests\Unit\Subscriptions\SubscriptionsModuleTest" classname="Clubify.Checkout.Tests.Unit.Subscriptions.SubscriptionsModuleTest" assertions="0" time="0.000000">
          <error type="InvalidArgumentException">Clubify\Checkout\Tests\Unit\Subscriptions\SubscriptionsModuleTest::it_can_upgrade_subscription
InvalidArgumentException: getLogger() cannot be mocked as it is a private method

/Users/vagner/Desenvolvimento/python/clubify-checkout/sdk/php/vendor/mockery/mockery/library/Mockery.php:742
/Users/vagner/Desenvolvimento/python/clubify-checkout/sdk/php/vendor/mockery/mockery/library/Mockery.php:754
/Users/vagner/Desenvolvimento/python/clubify-checkout/sdk/php/vendor/mockery/mockery/library/Mockery.php:574
/Users/vagner/Desenvolvimento/python/clubify-checkout/sdk/php/tests/TestCase.php:222
/Users/vagner/Desenvolvimento/python/clubify-checkout/sdk/php/tests/TestCase.php:441
/Users/vagner/Desenvolvimento/python/clubify-checkout/sdk/php/tests/TestCase.php:56
/Users/vagner/Desenvolvimento/python/clubify-checkout/sdk/php/tests/Unit/Subscriptions/SubscriptionsModuleTest.php:44</error>
        </testcase>
        <testcase name="it_can_downgrade_subscription" file="/Users/vagner/Desenvolvimento/python/clubify-checkout/sdk/php/tests/Unit/Subscriptions/SubscriptionsModuleTest.php" line="293" class="Clubify\Checkout\Tests\Unit\Subscriptions\SubscriptionsModuleTest" classname="Clubify.Checkout.Tests.Unit.Subscriptions.SubscriptionsModuleTest" assertions="0" time="0.000000">
          <error type="InvalidArgumentException">Clubify\Checkout\Tests\Unit\Subscriptions\SubscriptionsModuleTest::it_can_downgrade_subscription
InvalidArgumentException: getLogger() cannot be mocked as it is a private method

/Users/vagner/Desenvolvimento/python/clubify-checkout/sdk/php/vendor/mockery/mockery/library/Mockery.php:742
/Users/vagner/Desenvolvimento/python/clubify-checkout/sdk/php/vendor/mockery/mockery/library/Mockery.php:754
/Users/vagner/Desenvolvimento/python/clubify-checkout/sdk/php/vendor/mockery/mockery/library/Mockery.php:574
/Users/vagner/Desenvolvimento/python/clubify-checkout/sdk/php/tests/TestCase.php:222
/Users/vagner/Desenvolvimento/python/clubify-checkout/sdk/php/tests/TestCase.php:441
/Users/vagner/Desenvolvimento/python/clubify-checkout/sdk/php/tests/TestCase.php:56
/Users/vagner/Desenvolvimento/python/clubify-checkout/sdk/php/tests/Unit/Subscriptions/SubscriptionsModuleTest.php:44</error>
        </testcase>
        <testcase name="it_can_create_subscription_plan" file="/Users/vagner/Desenvolvimento/python/clubify-checkout/sdk/php/tests/Unit/Subscriptions/SubscriptionsModuleTest.php" line="325" class="Clubify\Checkout\Tests\Unit\Subscriptions\SubscriptionsModuleTest" classname="Clubify.Checkout.Tests.Unit.Subscriptions.SubscriptionsModuleTest" assertions="0" time="0.000000">
          <error type="InvalidArgumentException">Clubify\Checkout\Tests\Unit\Subscriptions\SubscriptionsModuleTest::it_can_create_subscription_plan
InvalidArgumentException: getLogger() cannot be mocked as it is a private method

/Users/vagner/Desenvolvimento/python/clubify-checkout/sdk/php/vendor/mockery/mockery/library/Mockery.php:742
/Users/vagner/Desenvolvimento/python/clubify-checkout/sdk/php/vendor/mockery/mockery/library/Mockery.php:754
/Users/vagner/Desenvolvimento/python/clubify-checkout/sdk/php/vendor/mockery/mockery/library/Mockery.php:574
/Users/vagner/Desenvolvimento/python/clubify-checkout/sdk/php/tests/TestCase.php:222
/Users/vagner/Desenvolvimento/python/clubify-checkout/sdk/php/tests/TestCase.php:441
/Users/vagner/Desenvolvimento/python/clubify-checkout/sdk/php/tests/TestCase.php:56
/Users/vagner/Desenvolvimento/python/clubify-checkout/sdk/php/tests/Unit/Subscriptions/SubscriptionsModuleTest.php:44</error>
        </testcase>
        <testcase name="it_can_get_subscription_plan" file="/Users/vagner/Desenvolvimento/python/clubify-checkout/sdk/php/tests/Unit/Subscriptions/SubscriptionsModuleTest.php" line="358" class="Clubify\Checkout\Tests\Unit\Subscriptions\SubscriptionsModuleTest" classname="Clubify.Checkout.Tests.Unit.Subscriptions.SubscriptionsModuleTest" assertions="0" time="0.000000">
          <error type="InvalidArgumentException">Clubify\Checkout\Tests\Unit\Subscriptions\SubscriptionsModuleTest::it_can_get_subscription_plan
InvalidArgumentException: getLogger() cannot be mocked as it is a private method

/Users/vagner/Desenvolvimento/python/clubify-checkout/sdk/php/vendor/mockery/mockery/library/Mockery.php:742
/Users/vagner/Desenvolvimento/python/clubify-checkout/sdk/php/vendor/mockery/mockery/library/Mockery.php:754
/Users/vagner/Desenvolvimento/python/clubify-checkout/sdk/php/vendor/mockery/mockery/library/Mockery.php:574
/Users/vagner/Desenvolvimento/python/clubify-checkout/sdk/php/tests/TestCase.php:222
/Users/vagner/Desenvolvimento/python/clubify-checkout/sdk/php/tests/TestCase.php:441
/Users/vagner/Desenvolvimento/python/clubify-checkout/sdk/php/tests/TestCase.php:56
/Users/vagner/Desenvolvimento/python/clubify-checkout/sdk/php/tests/Unit/Subscriptions/SubscriptionsModuleTest.php:44</error>
        </testcase>
        <testcase name="it_can_list_subscription_plans" file="/Users/vagner/Desenvolvimento/python/clubify-checkout/sdk/php/tests/Unit/Subscriptions/SubscriptionsModuleTest.php" line="389" class="Clubify\Checkout\Tests\Unit\Subscriptions\SubscriptionsModuleTest" classname="Clubify.Checkout.Tests.Unit.Subscriptions.SubscriptionsModuleTest" assertions="0" time="0.000000">
          <error type="InvalidArgumentException">Clubify\Checkout\Tests\Unit\Subscriptions\SubscriptionsModuleTest::it_can_list_subscription_plans
InvalidArgumentException: getLogger() cannot be mocked as it is a private method

/Users/vagner/Desenvolvimento/python/clubify-checkout/sdk/php/vendor/mockery/mockery/library/Mockery.php:742
/Users/vagner/Desenvolvimento/python/clubify-checkout/sdk/php/vendor/mockery/mockery/library/Mockery.php:754
/Users/vagner/Desenvolvimento/python/clubify-checkout/sdk/php/vendor/mockery/mockery/library/Mockery.php:574
/Users/vagner/Desenvolvimento/python/clubify-checkout/sdk/php/tests/TestCase.php:222
/Users/vagner/Desenvolvimento/python/clubify-checkout/sdk/php/tests/TestCase.php:441
/Users/vagner/Desenvolvimento/python/clubify-checkout/sdk/php/tests/TestCase.php:56
/Users/vagner/Desenvolvimento/python/clubify-checkout/sdk/php/tests/Unit/Subscriptions/SubscriptionsModuleTest.php:44</error>
        </testcase>
        <testcase name="it_can_process_billing" file="/Users/vagner/Desenvolvimento/python/clubify-checkout/sdk/php/tests/Unit/Subscriptions/SubscriptionsModuleTest.php" line="421" class="Clubify\Checkout\Tests\Unit\Subscriptions\SubscriptionsModuleTest" classname="Clubify.Checkout.Tests.Unit.Subscriptions.SubscriptionsModuleTest" assertions="0" time="0.000000">
          <error type="InvalidArgumentException">Clubify\Checkout\Tests\Unit\Subscriptions\SubscriptionsModuleTest::it_can_process_billing
InvalidArgumentException: getLogger() cannot be mocked as it is a private method

/Users/vagner/Desenvolvimento/python/clubify-checkout/sdk/php/vendor/mockery/mockery/library/Mockery.php:742
/Users/vagner/Desenvolvimento/python/clubify-checkout/sdk/php/vendor/mockery/mockery/library/Mockery.php:754
/Users/vagner/Desenvolvimento/python/clubify-checkout/sdk/php/vendor/mockery/mockery/library/Mockery.php:574
/Users/vagner/Desenvolvimento/python/clubify-checkout/sdk/php/tests/TestCase.php:222
/Users/vagner/Desenvolvimento/python/clubify-checkout/sdk/php/tests/TestCase.php:441
/Users/vagner/Desenvolvimento/python/clubify-checkout/sdk/php/tests/TestCase.php:56
/Users/vagner/Desenvolvimento/python/clubify-checkout/sdk/php/tests/Unit/Subscriptions/SubscriptionsModuleTest.php:44</error>
        </testcase>
        <testcase name="it_can_retry_failed_billing" file="/Users/vagner/Desenvolvimento/python/clubify-checkout/sdk/php/tests/Unit/Subscriptions/SubscriptionsModuleTest.php" line="452" class="Clubify\Checkout\Tests\Unit\Subscriptions\SubscriptionsModuleTest" classname="Clubify.Checkout.Tests.Unit.Subscriptions.SubscriptionsModuleTest" assertions="0" time="0.000000">
          <error type="InvalidArgumentException">Clubify\Checkout\Tests\Unit\Subscriptions\SubscriptionsModuleTest::it_can_retry_failed_billing
InvalidArgumentException: getLogger() cannot be mocked as it is a private method

/Users/vagner/Desenvolvimento/python/clubify-checkout/sdk/php/vendor/mockery/mockery/library/Mockery.php:742
/Users/vagner/Desenvolvimento/python/clubify-checkout/sdk/php/vendor/mockery/mockery/library/Mockery.php:754
/Users/vagner/Desenvolvimento/python/clubify-checkout/sdk/php/vendor/mockery/mockery/library/Mockery.php:574
/Users/vagner/Desenvolvimento/python/clubify-checkout/sdk/php/tests/TestCase.php:222
/Users/vagner/Desenvolvimento/python/clubify-checkout/sdk/php/tests/TestCase.php:441
/Users/vagner/Desenvolvimento/python/clubify-checkout/sdk/php/tests/TestCase.php:56
/Users/vagner/Desenvolvimento/python/clubify-checkout/sdk/php/tests/Unit/Subscriptions/SubscriptionsModuleTest.php:44</error>
        </testcase>
        <testcase name="it_can_get_subscription_metrics" file="/Users/vagner/Desenvolvimento/python/clubify-checkout/sdk/php/tests/Unit/Subscriptions/SubscriptionsModuleTest.php" line="477" class="Clubify\Checkout\Tests\Unit\Subscriptions\SubscriptionsModuleTest" classname="Clubify.Checkout.Tests.Unit.Subscriptions.SubscriptionsModuleTest" assertions="0" time="0.000000">
          <error type="InvalidArgumentException">Clubify\Checkout\Tests\Unit\Subscriptions\SubscriptionsModuleTest::it_can_get_subscription_metrics
InvalidArgumentException: getLogger() cannot be mocked as it is a private method

/Users/vagner/Desenvolvimento/python/clubify-checkout/sdk/php/vendor/mockery/mockery/library/Mockery.php:742
/Users/vagner/Desenvolvimento/python/clubify-checkout/sdk/php/vendor/mockery/mockery/library/Mockery.php:754
/Users/vagner/Desenvolvimento/python/clubify-checkout/sdk/php/vendor/mockery/mockery/library/Mockery.php:574
/Users/vagner/Desenvolvimento/python/clubify-checkout/sdk/php/tests/TestCase.php:222
/Users/vagner/Desenvolvimento/python/clubify-checkout/sdk/php/tests/TestCase.php:441
/Users/vagner/Desenvolvimento/python/clubify-checkout/sdk/php/tests/TestCase.php:56
/Users/vagner/Desenvolvimento/python/clubify-checkout/sdk/php/tests/Unit/Subscriptions/SubscriptionsModuleTest.php:44</error>
        </testcase>
        <testcase name="it_can_get_churn_analysis" file="/Users/vagner/Desenvolvimento/python/clubify-checkout/sdk/php/tests/Unit/Subscriptions/SubscriptionsModuleTest.php" line="511" class="Clubify\Checkout\Tests\Unit\Subscriptions\SubscriptionsModuleTest" classname="Clubify.Checkout.Tests.Unit.Subscriptions.SubscriptionsModuleTest" assertions="0" time="0.000000">
          <error type="InvalidArgumentException">Clubify\Checkout\Tests\Unit\Subscriptions\SubscriptionsModuleTest::it_can_get_churn_analysis
InvalidArgumentException: getLogger() cannot be mocked as it is a private method

/Users/vagner/Desenvolvimento/python/clubify-checkout/sdk/php/vendor/mockery/mockery/library/Mockery.php:742
/Users/vagner/Desenvolvimento/python/clubify-checkout/sdk/php/vendor/mockery/mockery/library/Mockery.php:754
/Users/vagner/Desenvolvimento/python/clubify-checkout/sdk/php/vendor/mockery/mockery/library/Mockery.php:574
/Users/vagner/Desenvolvimento/python/clubify-checkout/sdk/php/tests/TestCase.php:222
/Users/vagner/Desenvolvimento/python/clubify-checkout/sdk/php/tests/TestCase.php:441
/Users/vagner/Desenvolvimento/python/clubify-checkout/sdk/php/tests/TestCase.php:56
/Users/vagner/Desenvolvimento/python/clubify-checkout/sdk/php/tests/Unit/Subscriptions/SubscriptionsModuleTest.php:44</error>
        </testcase>
        <testcase name="it_can_get_revenue_forecast" file="/Users/vagner/Desenvolvimento/python/clubify-checkout/sdk/php/tests/Unit/Subscriptions/SubscriptionsModuleTest.php" line="550" class="Clubify\Checkout\Tests\Unit\Subscriptions\SubscriptionsModuleTest" classname="Clubify.Checkout.Tests.Unit.Subscriptions.SubscriptionsModuleTest" assertions="0" time="0.000000">
          <error type="InvalidArgumentException">Clubify\Checkout\Tests\Unit\Subscriptions\SubscriptionsModuleTest::it_can_get_revenue_forecast
InvalidArgumentException: getLogger() cannot be mocked as it is a private method

/Users/vagner/Desenvolvimento/python/clubify-checkout/sdk/php/vendor/mockery/mockery/library/Mockery.php:742
/Users/vagner/Desenvolvimento/python/clubify-checkout/sdk/php/vendor/mockery/mockery/library/Mockery.php:754
/Users/vagner/Desenvolvimento/python/clubify-checkout/sdk/php/vendor/mockery/mockery/library/Mockery.php:574
/Users/vagner/Desenvolvimento/python/clubify-checkout/sdk/php/tests/TestCase.php:222
/Users/vagner/Desenvolvimento/python/clubify-checkout/sdk/php/tests/TestCase.php:441
/Users/vagner/Desenvolvimento/python/clubify-checkout/sdk/php/tests/TestCase.php:56
/Users/vagner/Desenvolvimento/python/clubify-checkout/sdk/php/tests/Unit/Subscriptions/SubscriptionsModuleTest.php:44</error>
        </testcase>
        <testcase name="it_performs_health_check" file="/Users/vagner/Desenvolvimento/python/clubify-checkout/sdk/php/tests/Unit/Subscriptions/SubscriptionsModuleTest.php" line="591" class="Clubify\Checkout\Tests\Unit\Subscriptions\SubscriptionsModuleTest" classname="Clubify.Checkout.Tests.Unit.Subscriptions.SubscriptionsModuleTest" assertions="0" time="0.000000">
          <error type="InvalidArgumentException">Clubify\Checkout\Tests\Unit\Subscriptions\SubscriptionsModuleTest::it_performs_health_check
InvalidArgumentException: getLogger() cannot be mocked as it is a private method

/Users/vagner/Desenvolvimento/python/clubify-checkout/sdk/php/vendor/mockery/mockery/library/Mockery.php:742
/Users/vagner/Desenvolvimento/python/clubify-checkout/sdk/php/vendor/mockery/mockery/library/Mockery.php:754
/Users/vagner/Desenvolvimento/python/clubify-checkout/sdk/php/vendor/mockery/mockery/library/Mockery.php:574
/Users/vagner/Desenvolvimento/python/clubify-checkout/sdk/php/tests/TestCase.php:222
/Users/vagner/Desenvolvimento/python/clubify-checkout/sdk/php/tests/TestCase.php:441
/Users/vagner/Desenvolvimento/python/clubify-checkout/sdk/php/tests/TestCase.php:56
/Users/vagner/Desenvolvimento/python/clubify-checkout/sdk/php/tests/Unit/Subscriptions/SubscriptionsModuleTest.php:44</error>
        </testcase>
        <testcase name="it_returns_module_status" file="/Users/vagner/Desenvolvimento/python/clubify-checkout/sdk/php/tests/Unit/Subscriptions/SubscriptionsModuleTest.php" line="624" class="Clubify\Checkout\Tests\Unit\Subscriptions\SubscriptionsModuleTest" classname="Clubify.Checkout.Tests.Unit.Subscriptions.SubscriptionsModuleTest" assertions="0" time="0.000000">
          <error type="InvalidArgumentException">Clubify\Checkout\Tests\Unit\Subscriptions\SubscriptionsModuleTest::it_returns_module_status
InvalidArgumentException: getLogger() cannot be mocked as it is a private method

/Users/vagner/Desenvolvimento/python/clubify-checkout/sdk/php/vendor/mockery/mockery/library/Mockery.php:742
/Users/vagner/Desenvolvimento/python/clubify-checkout/sdk/php/vendor/mockery/mockery/library/Mockery.php:754
/Users/vagner/Desenvolvimento/python/clubify-checkout/sdk/php/vendor/mockery/mockery/library/Mockery.php:574
/Users/vagner/Desenvolvimento/python/clubify-checkout/sdk/php/tests/TestCase.php:222
/Users/vagner/Desenvolvimento/python/clubify-checkout/sdk/php/tests/TestCase.php:441
/Users/vagner/Desenvolvimento/python/clubify-checkout/sdk/php/tests/TestCase.php:56
/Users/vagner/Desenvolvimento/python/clubify-checkout/sdk/php/tests/Unit/Subscriptions/SubscriptionsModuleTest.php:44</error>
        </testcase>
        <testcase name="it_can_cleanup_properly" file="/Users/vagner/Desenvolvimento/python/clubify-checkout/sdk/php/tests/Unit/Subscriptions/SubscriptionsModuleTest.php" line="646" class="Clubify\Checkout\Tests\Unit\Subscriptions\SubscriptionsModuleTest" classname="Clubify.Checkout.Tests.Unit.Subscriptions.SubscriptionsModuleTest" assertions="0" time="0.000000">
          <error type="InvalidArgumentException">Clubify\Checkout\Tests\Unit\Subscriptions\SubscriptionsModuleTest::it_can_cleanup_properly
InvalidArgumentException: getLogger() cannot be mocked as it is a private method

/Users/vagner/Desenvolvimento/python/clubify-checkout/sdk/php/vendor/mockery/mockery/library/Mockery.php:742
/Users/vagner/Desenvolvimento/python/clubify-checkout/sdk/php/vendor/mockery/mockery/library/Mockery.php:754
/Users/vagner/Desenvolvimento/python/clubify-checkout/sdk/php/vendor/mockery/mockery/library/Mockery.php:574
/Users/vagner/Desenvolvimento/python/clubify-checkout/sdk/php/tests/TestCase.php:222
/Users/vagner/Desenvolvimento/python/clubify-checkout/sdk/php/tests/TestCase.php:441
/Users/vagner/Desenvolvimento/python/clubify-checkout/sdk/php/tests/TestCase.php:56
/Users/vagner/Desenvolvimento/python/clubify-checkout/sdk/php/tests/Unit/Subscriptions/SubscriptionsModuleTest.php:44</error>
        </testcase>
        <testcase name="it_handles_bulk_operations" file="/Users/vagner/Desenvolvimento/python/clubify-checkout/sdk/php/tests/Unit/Subscriptions/SubscriptionsModuleTest.php" line="660" class="Clubify\Checkout\Tests\Unit\Subscriptions\SubscriptionsModuleTest" classname="Clubify.Checkout.Tests.Unit.Subscriptions.SubscriptionsModuleTest" assertions="0" time="0.000000">
          <error type="InvalidArgumentException">Clubify\Checkout\Tests\Unit\Subscriptions\SubscriptionsModuleTest::it_handles_bulk_operations
InvalidArgumentException: getLogger() cannot be mocked as it is a private method

/Users/vagner/Desenvolvimento/python/clubify-checkout/sdk/php/vendor/mockery/mockery/library/Mockery.php:742
/Users/vagner/Desenvolvimento/python/clubify-checkout/sdk/php/vendor/mockery/mockery/library/Mockery.php:754
/Users/vagner/Desenvolvimento/python/clubify-checkout/sdk/php/vendor/mockery/mockery/library/Mockery.php:574
/Users/vagner/Desenvolvimento/python/clubify-checkout/sdk/php/tests/TestCase.php:222
/Users/vagner/Desenvolvimento/python/clubify-checkout/sdk/php/tests/TestCase.php:441
/Users/vagner/Desenvolvimento/python/clubify-checkout/sdk/php/tests/TestCase.php:56
/Users/vagner/Desenvolvimento/python/clubify-checkout/sdk/php/tests/Unit/Subscriptions/SubscriptionsModuleTest.php:44</error>
        </testcase>
      </testsuite>
      <testsuite name="Clubify\Checkout\Tests\Unit\UserManagement\Factories\UserServiceFactoryTest" file="/Users/vagner/Desenvolvimento/python/clubify-checkout/sdk/php/tests/Unit/UserManagement/Factories/UserServiceFactoryTest.php" tests="17" assertions="0" errors="17" failures="0" skipped="0" time="0.000000">
        <testcase name="testImplementsFactoryInterface" file="/Users/vagner/Desenvolvimento/python/clubify-checkout/sdk/php/tests/Unit/UserManagement/Factories/UserServiceFactoryTest.php" line="61" class="Clubify\Checkout\Tests\Unit\UserManagement\Factories\UserServiceFactoryTest" classname="Clubify.Checkout.Tests.Unit.UserManagement.Factories.UserServiceFactoryTest" assertions="0" time="0.000000">
          <error type="InvalidArgumentException">Clubify\Checkout\Tests\Unit\UserManagement\Factories\UserServiceFactoryTest::testImplementsFactoryInterface
InvalidArgumentException: getLogger() cannot be mocked as it is a private method

/Users/vagner/Desenvolvimento/python/clubify-checkout/sdk/php/vendor/mockery/mockery/library/Mockery.php:742
/Users/vagner/Desenvolvimento/python/clubify-checkout/sdk/php/vendor/mockery/mockery/library/Mockery.php:754
/Users/vagner/Desenvolvimento/python/clubify-checkout/sdk/php/vendor/mockery/mockery/library/Mockery.php:574
/Users/vagner/Desenvolvimento/python/clubify-checkout/sdk/php/tests/TestCase.php:222
/Users/vagner/Desenvolvimento/python/clubify-checkout/sdk/php/tests/TestCase.php:441
/Users/vagner/Desenvolvimento/python/clubify-checkout/sdk/php/tests/TestCase.php:56
/Users/vagner/Desenvolvimento/python/clubify-checkout/sdk/php/tests/Unit/UserManagement/Factories/UserServiceFactoryTest.php:39</error>
        </testcase>
        <testcase name="testGetSupportedTypes" file="/Users/vagner/Desenvolvimento/python/clubify-checkout/sdk/php/tests/Unit/UserManagement/Factories/UserServiceFactoryTest.php" line="66" class="Clubify\Checkout\Tests\Unit\UserManagement\Factories\UserServiceFactoryTest" classname="Clubify.Checkout.Tests.Unit.UserManagement.Factories.UserServiceFactoryTest" assertions="0" time="0.000000">
          <error type="InvalidArgumentException">Clubify\Checkout\Tests\Unit\UserManagement\Factories\UserServiceFactoryTest::testGetSupportedTypes
InvalidArgumentException: getLogger() cannot be mocked as it is a private method

/Users/vagner/Desenvolvimento/python/clubify-checkout/sdk/php/vendor/mockery/mockery/library/Mockery.php:742
/Users/vagner/Desenvolvimento/python/clubify-checkout/sdk/php/vendor/mockery/mockery/library/Mockery.php:754
/Users/vagner/Desenvolvimento/python/clubify-checkout/sdk/php/vendor/mockery/mockery/library/Mockery.php:574
/Users/vagner/Desenvolvimento/python/clubify-checkout/sdk/php/tests/TestCase.php:222
/Users/vagner/Desenvolvimento/python/clubify-checkout/sdk/php/tests/TestCase.php:441
/Users/vagner/Desenvolvimento/python/clubify-checkout/sdk/php/tests/TestCase.php:56
/Users/vagner/Desenvolvimento/python/clubify-checkout/sdk/php/tests/Unit/UserManagement/Factories/UserServiceFactoryTest.php:39</error>
        </testcase>
        <testcase name="testCreateUserServiceSuccess" file="/Users/vagner/Desenvolvimento/python/clubify-checkout/sdk/php/tests/Unit/UserManagement/Factories/UserServiceFactoryTest.php" line="81" class="Clubify\Checkout\Tests\Unit\UserManagement\Factories\UserServiceFactoryTest" classname="Clubify.Checkout.Tests.Unit.UserManagement.Factories.UserServiceFactoryTest" assertions="0" time="0.000000">
          <error type="InvalidArgumentException">Clubify\Checkout\Tests\Unit\UserManagement\Factories\UserServiceFactoryTest::testCreateUserServiceSuccess
InvalidArgumentException: getLogger() cannot be mocked as it is a private method

/Users/vagner/Desenvolvimento/python/clubify-checkout/sdk/php/vendor/mockery/mockery/library/Mockery.php:742
/Users/vagner/Desenvolvimento/python/clubify-checkout/sdk/php/vendor/mockery/mockery/library/Mockery.php:754
/Users/vagner/Desenvolvimento/python/clubify-checkout/sdk/php/vendor/mockery/mockery/library/Mockery.php:574
/Users/vagner/Desenvolvimento/python/clubify-checkout/sdk/php/tests/TestCase.php:222
/Users/vagner/Desenvolvimento/python/clubify-checkout/sdk/php/tests/TestCase.php:441
/Users/vagner/Desenvolvimento/python/clubify-checkout/sdk/php/tests/TestCase.php:56
/Users/vagner/Desenvolvimento/python/clubify-checkout/sdk/php/tests/Unit/UserManagement/Factories/UserServiceFactoryTest.php:39</error>
        </testcase>
        <testcase name="testCreateUserServiceSingleton" file="/Users/vagner/Desenvolvimento/python/clubify-checkout/sdk/php/tests/Unit/UserManagement/Factories/UserServiceFactoryTest.php" line="106" class="Clubify\Checkout\Tests\Unit\UserManagement\Factories\UserServiceFactoryTest" classname="Clubify.Checkout.Tests.Unit.UserManagement.Factories.UserServiceFactoryTest" assertions="0" time="0.000000">
          <error type="InvalidArgumentException">Clubify\Checkout\Tests\Unit\UserManagement\Factories\UserServiceFactoryTest::testCreateUserServiceSingleton
InvalidArgumentException: getLogger() cannot be mocked as it is a private method

/Users/vagner/Desenvolvimento/python/clubify-checkout/sdk/php/vendor/mockery/mockery/library/Mockery.php:742
/Users/vagner/Desenvolvimento/python/clubify-checkout/sdk/php/vendor/mockery/mockery/library/Mockery.php:754
/Users/vagner/Desenvolvimento/python/clubify-checkout/sdk/php/vendor/mockery/mockery/library/Mockery.php:574
/Users/vagner/Desenvolvimento/python/clubify-checkout/sdk/php/tests/TestCase.php:222
/Users/vagner/Desenvolvimento/python/clubify-checkout/sdk/php/tests/TestCase.php:441
/Users/vagner/Desenvolvimento/python/clubify-checkout/sdk/php/tests/TestCase.php:56
/Users/vagner/Desenvolvimento/python/clubify-checkout/sdk/php/tests/Unit/UserManagement/Factories/UserServiceFactoryTest.php:39</error>
        </testcase>
        <testcase name="testCreateUserServiceWithConfig" file="/Users/vagner/Desenvolvimento/python/clubify-checkout/sdk/php/tests/Unit/UserManagement/Factories/UserServiceFactoryTest.php" line="120" class="Clubify\Checkout\Tests\Unit\UserManagement\Factories\UserServiceFactoryTest" classname="Clubify.Checkout.Tests.Unit.UserManagement.Factories.UserServiceFactoryTest" assertions="0" time="0.000000">
          <error type="InvalidArgumentException">Clubify\Checkout\Tests\Unit\UserManagement\Factories\UserServiceFactoryTest::testCreateUserServiceWithConfig
InvalidArgumentException: getLogger() cannot be mocked as it is a private method

/Users/vagner/Desenvolvimento/python/clubify-checkout/sdk/php/vendor/mockery/mockery/library/Mockery.php:742
/Users/vagner/Desenvolvimento/python/clubify-checkout/sdk/php/vendor/mockery/mockery/library/Mockery.php:754
/Users/vagner/Desenvolvimento/python/clubify-checkout/sdk/php/vendor/mockery/mockery/library/Mockery.php:574
/Users/vagner/Desenvolvimento/python/clubify-checkout/sdk/php/tests/TestCase.php:222
/Users/vagner/Desenvolvimento/python/clubify-checkout/sdk/php/tests/TestCase.php:441
/Users/vagner/Desenvolvimento/python/clubify-checkout/sdk/php/tests/TestCase.php:56
/Users/vagner/Desenvolvimento/python/clubify-checkout/sdk/php/tests/Unit/UserManagement/Factories/UserServiceFactoryTest.php:39</error>
        </testcase>
        <testcase name="testCreateUnsupportedServiceType" file="/Users/vagner/Desenvolvimento/python/clubify-checkout/sdk/php/tests/Unit/UserManagement/Factories/UserServiceFactoryTest.php" line="147" class="Clubify\Checkout\Tests\Unit\UserManagement\Factories\UserServiceFactoryTest" classname="Clubify.Checkout.Tests.Unit.UserManagement.Factories.UserServiceFactoryTest" assertions="0" time="0.000000">
          <error type="InvalidArgumentException">Clubify\Checkout\Tests\Unit\UserManagement\Factories\UserServiceFactoryTest::testCreateUnsupportedServiceType
InvalidArgumentException: getLogger() cannot be mocked as it is a private method

/Users/vagner/Desenvolvimento/python/clubify-checkout/sdk/php/vendor/mockery/mockery/library/Mockery.php:742
/Users/vagner/Desenvolvimento/python/clubify-checkout/sdk/php/vendor/mockery/mockery/library/Mockery.php:754
/Users/vagner/Desenvolvimento/python/clubify-checkout/sdk/php/vendor/mockery/mockery/library/Mockery.php:574
/Users/vagner/Desenvolvimento/python/clubify-checkout/sdk/php/tests/TestCase.php:222
/Users/vagner/Desenvolvimento/python/clubify-checkout/sdk/php/tests/TestCase.php:441
/Users/vagner/Desenvolvimento/python/clubify-checkout/sdk/php/tests/TestCase.php:56
/Users/vagner/Desenvolvimento/python/clubify-checkout/sdk/php/tests/Unit/UserManagement/Factories/UserServiceFactoryTest.php:39</error>
        </testcase>
        <testcase name="testCreateInvalidServiceType" file="/Users/vagner/Desenvolvimento/python/clubify-checkout/sdk/php/tests/Unit/UserManagement/Factories/UserServiceFactoryTest.php" line="156" class="Clubify\Checkout\Tests\Unit\UserManagement\Factories\UserServiceFactoryTest" classname="Clubify.Checkout.Tests.Unit.UserManagement.Factories.UserServiceFactoryTest" assertions="0" time="0.000000">
          <error type="InvalidArgumentException">Clubify\Checkout\Tests\Unit\UserManagement\Factories\UserServiceFactoryTest::testCreateInvalidServiceType
InvalidArgumentException: getLogger() cannot be mocked as it is a private method

/Users/vagner/Desenvolvimento/python/clubify-checkout/sdk/php/vendor/mockery/mockery/library/Mockery.php:742
/Users/vagner/Desenvolvimento/python/clubify-checkout/sdk/php/vendor/mockery/mockery/library/Mockery.php:754
/Users/vagner/Desenvolvimento/python/clubify-checkout/sdk/php/vendor/mockery/mockery/library/Mockery.php:574
/Users/vagner/Desenvolvimento/python/clubify-checkout/sdk/php/tests/TestCase.php:222
/Users/vagner/Desenvolvimento/python/clubify-checkout/sdk/php/tests/TestCase.php:441
/Users/vagner/Desenvolvimento/python/clubify-checkout/sdk/php/tests/TestCase.php:56
/Users/vagner/Desenvolvimento/python/clubify-checkout/sdk/php/tests/Unit/UserManagement/Factories/UserServiceFactoryTest.php:39</error>
        </testcase>
        <testcase name="testIsTypeSupported" file="/Users/vagner/Desenvolvimento/python/clubify-checkout/sdk/php/tests/Unit/UserManagement/Factories/UserServiceFactoryTest.php" line="165" class="Clubify\Checkout\Tests\Unit\UserManagement\Factories\UserServiceFactoryTest" classname="Clubify.Checkout.Tests.Unit.UserManagement.Factories.UserServiceFactoryTest" assertions="0" time="0.000000">
          <error type="InvalidArgumentException">Clubify\Checkout\Tests\Unit\UserManagement\Factories\UserServiceFactoryTest::testIsTypeSupported
InvalidArgumentException: getLogger() cannot be mocked as it is a private method

/Users/vagner/Desenvolvimento/python/clubify-checkout/sdk/php/vendor/mockery/mockery/library/Mockery.php:742
/Users/vagner/Desenvolvimento/python/clubify-checkout/sdk/php/vendor/mockery/mockery/library/Mockery.php:754
/Users/vagner/Desenvolvimento/python/clubify-checkout/sdk/php/vendor/mockery/mockery/library/Mockery.php:574
/Users/vagner/Desenvolvimento/python/clubify-checkout/sdk/php/tests/TestCase.php:222
/Users/vagner/Desenvolvimento/python/clubify-checkout/sdk/php/tests/TestCase.php:441
/Users/vagner/Desenvolvimento/python/clubify-checkout/sdk/php/tests/TestCase.php:56
/Users/vagner/Desenvolvimento/python/clubify-checkout/sdk/php/tests/Unit/UserManagement/Factories/UserServiceFactoryTest.php:39</error>
        </testcase>
        <testcase name="testClearCache" file="/Users/vagner/Desenvolvimento/python/clubify-checkout/sdk/php/tests/Unit/UserManagement/Factories/UserServiceFactoryTest.php" line="174" class="Clubify\Checkout\Tests\Unit\UserManagement\Factories\UserServiceFactoryTest" classname="Clubify.Checkout.Tests.Unit.UserManagement.Factories.UserServiceFactoryTest" assertions="0" time="0.000000">
          <error type="InvalidArgumentException">Clubify\Checkout\Tests\Unit\UserManagement\Factories\UserServiceFactoryTest::testClearCache
InvalidArgumentException: getLogger() cannot be mocked as it is a private method

/Users/vagner/Desenvolvimento/python/clubify-checkout/sdk/php/vendor/mockery/mockery/library/Mockery.php:742
/Users/vagner/Desenvolvimento/python/clubify-checkout/sdk/php/vendor/mockery/mockery/library/Mockery.php:754
/Users/vagner/Desenvolvimento/python/clubify-checkout/sdk/php/vendor/mockery/mockery/library/Mockery.php:574
/Users/vagner/Desenvolvimento/python/clubify-checkout/sdk/php/tests/TestCase.php:222
/Users/vagner/Desenvolvimento/python/clubify-checkout/sdk/php/tests/TestCase.php:441
/Users/vagner/Desenvolvimento/python/clubify-checkout/sdk/php/tests/TestCase.php:56
/Users/vagner/Desenvolvimento/python/clubify-checkout/sdk/php/tests/Unit/UserManagement/Factories/UserServiceFactoryTest.php:39</error>
        </testcase>
        <testcase name="testGetStats" file="/Users/vagner/Desenvolvimento/python/clubify-checkout/sdk/php/tests/Unit/UserManagement/Factories/UserServiceFactoryTest.php" line="197" class="Clubify\Checkout\Tests\Unit\UserManagement\Factories\UserServiceFactoryTest" classname="Clubify.Checkout.Tests.Unit.UserManagement.Factories.UserServiceFactoryTest" assertions="0" time="0.000000">
          <error type="InvalidArgumentException">Clubify\Checkout\Tests\Unit\UserManagement\Factories\UserServiceFactoryTest::testGetStats
InvalidArgumentException: getLogger() cannot be mocked as it is a private method

/Users/vagner/Desenvolvimento/python/clubify-checkout/sdk/php/vendor/mockery/mockery/library/Mockery.php:742
/Users/vagner/Desenvolvimento/python/clubify-checkout/sdk/php/vendor/mockery/mockery/library/Mockery.php:754
/Users/vagner/Desenvolvimento/python/clubify-checkout/sdk/php/vendor/mockery/mockery/library/Mockery.php:574
/Users/vagner/Desenvolvimento/python/clubify-checkout/sdk/php/tests/TestCase.php:222
/Users/vagner/Desenvolvimento/python/clubify-checkout/sdk/php/tests/TestCase.php:441
/Users/vagner/Desenvolvimento/python/clubify-checkout/sdk/php/tests/TestCase.php:56
/Users/vagner/Desenvolvimento/python/clubify-checkout/sdk/php/tests/Unit/UserManagement/Factories/UserServiceFactoryTest.php:39</error>
        </testcase>
        <testcase name="testGetStatsEmptyCache" file="/Users/vagner/Desenvolvimento/python/clubify-checkout/sdk/php/tests/Unit/UserManagement/Factories/UserServiceFactoryTest.php" line="226" class="Clubify\Checkout\Tests\Unit\UserManagement\Factories\UserServiceFactoryTest" classname="Clubify.Checkout.Tests.Unit.UserManagement.Factories.UserServiceFactoryTest" assertions="0" time="0.000000">
          <error type="InvalidArgumentException">Clubify\Checkout\Tests\Unit\UserManagement\Factories\UserServiceFactoryTest::testGetStatsEmptyCache
InvalidArgumentException: getLogger() cannot be mocked as it is a private method

/Users/vagner/Desenvolvimento/python/clubify-checkout/sdk/php/vendor/mockery/mockery/library/Mockery.php:742
/Users/vagner/Desenvolvimento/python/clubify-checkout/sdk/php/vendor/mockery/mockery/library/Mockery.php:754
/Users/vagner/Desenvolvimento/python/clubify-checkout/sdk/php/vendor/mockery/mockery/library/Mockery.php:574
/Users/vagner/Desenvolvimento/python/clubify-checkout/sdk/php/tests/TestCase.php:222
/Users/vagner/Desenvolvimento/python/clubify-checkout/sdk/php/tests/TestCase.php:441
/Users/vagner/Desenvolvimento/python/clubify-checkout/sdk/php/tests/TestCase.php:56
/Users/vagner/Desenvolvimento/python/clubify-checkout/sdk/php/tests/Unit/UserManagement/Factories/UserServiceFactoryTest.php:39</error>
        </testcase>
        <testcase name="testRepositorySingleton" file="/Users/vagner/Desenvolvimento/python/clubify-checkout/sdk/php/tests/Unit/UserManagement/Factories/UserServiceFactoryTest.php" line="239" class="Clubify\Checkout\Tests\Unit\UserManagement\Factories\UserServiceFactoryTest" classname="Clubify.Checkout.Tests.Unit.UserManagement.Factories.UserServiceFactoryTest" assertions="0" time="0.000000">
          <error type="InvalidArgumentException">Clubify\Checkout\Tests\Unit\UserManagement\Factories\UserServiceFactoryTest::testRepositorySingleton
InvalidArgumentException: getLogger() cannot be mocked as it is a private method

/Users/vagner/Desenvolvimento/python/clubify-checkout/sdk/php/vendor/mockery/mockery/library/Mockery.php:742
/Users/vagner/Desenvolvimento/python/clubify-checkout/sdk/php/vendor/mockery/mockery/library/Mockery.php:754
/Users/vagner/Desenvolvimento/python/clubify-checkout/sdk/php/vendor/mockery/mockery/library/Mockery.php:574
/Users/vagner/Desenvolvimento/python/clubify-checkout/sdk/php/tests/TestCase.php:222
/Users/vagner/Desenvolvimento/python/clubify-checkout/sdk/php/tests/TestCase.php:441
/Users/vagner/Desenvolvimento/python/clubify-checkout/sdk/php/tests/TestCase.php:56
/Users/vagner/Desenvolvimento/python/clubify-checkout/sdk/php/tests/Unit/UserManagement/Factories/UserServiceFactoryTest.php:39</error>
        </testcase>
        <testcase name="testCreateWithDependencyInjection" file="/Users/vagner/Desenvolvimento/python/clubify-checkout/sdk/php/tests/Unit/UserManagement/Factories/UserServiceFactoryTest.php" line="262" class="Clubify\Checkout\Tests\Unit\UserManagement\Factories\UserServiceFactoryTest" classname="Clubify.Checkout.Tests.Unit.UserManagement.Factories.UserServiceFactoryTest" assertions="0" time="0.000000">
          <error type="InvalidArgumentException">Clubify\Checkout\Tests\Unit\UserManagement\Factories\UserServiceFactoryTest::testCreateWithDependencyInjection
InvalidArgumentException: getLogger() cannot be mocked as it is a private method

/Users/vagner/Desenvolvimento/python/clubify-checkout/sdk/php/vendor/mockery/mockery/library/Mockery.php:742
/Users/vagner/Desenvolvimento/python/clubify-checkout/sdk/php/vendor/mockery/mockery/library/Mockery.php:754
/Users/vagner/Desenvolvimento/python/clubify-checkout/sdk/php/vendor/mockery/mockery/library/Mockery.php:574
/Users/vagner/Desenvolvimento/python/clubify-checkout/sdk/php/tests/TestCase.php:222
/Users/vagner/Desenvolvimento/python/clubify-checkout/sdk/php/tests/TestCase.php:441
/Users/vagner/Desenvolvimento/python/clubify-checkout/sdk/php/tests/TestCase.php:56
/Users/vagner/Desenvolvimento/python/clubify-checkout/sdk/php/tests/Unit/UserManagement/Factories/UserServiceFactoryTest.php:39</error>
        </testcase>
        <testcase name="testResolveRepositoryClassForUser" file="/Users/vagner/Desenvolvimento/python/clubify-checkout/sdk/php/tests/Unit/UserManagement/Factories/UserServiceFactoryTest.php" line="286" class="Clubify\Checkout\Tests\Unit\UserManagement\Factories\UserServiceFactoryTest" classname="Clubify.Checkout.Tests.Unit.UserManagement.Factories.UserServiceFactoryTest" assertions="0" time="0.000000">
          <error type="InvalidArgumentException">Clubify\Checkout\Tests\Unit\UserManagement\Factories\UserServiceFactoryTest::testResolveRepositoryClassForUser
InvalidArgumentException: getLogger() cannot be mocked as it is a private method

/Users/vagner/Desenvolvimento/python/clubify-checkout/sdk/php/vendor/mockery/mockery/library/Mockery.php:742
/Users/vagner/Desenvolvimento/python/clubify-checkout/sdk/php/vendor/mockery/mockery/library/Mockery.php:754
/Users/vagner/Desenvolvimento/python/clubify-checkout/sdk/php/vendor/mockery/mockery/library/Mockery.php:574
/Users/vagner/Desenvolvimento/python/clubify-checkout/sdk/php/tests/TestCase.php:222
/Users/vagner/Desenvolvimento/python/clubify-checkout/sdk/php/tests/TestCase.php:441
/Users/vagner/Desenvolvimento/python/clubify-checkout/sdk/php/tests/TestCase.php:56
/Users/vagner/Desenvolvimento/python/clubify-checkout/sdk/php/tests/Unit/UserManagement/Factories/UserServiceFactoryTest.php:39</error>
        </testcase>
        <testcase name="testResolveRepositoryClassForUnsupportedType" file="/Users/vagner/Desenvolvimento/python/clubify-checkout/sdk/php/tests/Unit/UserManagement/Factories/UserServiceFactoryTest.php" line="300" class="Clubify\Checkout\Tests\Unit\UserManagement\Factories\UserServiceFactoryTest" classname="Clubify.Checkout.Tests.Unit.UserManagement.Factories.UserServiceFactoryTest" assertions="0" time="0.000000">
          <error type="InvalidArgumentException">Clubify\Checkout\Tests\Unit\UserManagement\Factories\UserServiceFactoryTest::testResolveRepositoryClassForUnsupportedType
InvalidArgumentException: getLogger() cannot be mocked as it is a private method

/Users/vagner/Desenvolvimento/python/clubify-checkout/sdk/php/vendor/mockery/mockery/library/Mockery.php:742
/Users/vagner/Desenvolvimento/python/clubify-checkout/sdk/php/vendor/mockery/mockery/library/Mockery.php:754
/Users/vagner/Desenvolvimento/python/clubify-checkout/sdk/php/vendor/mockery/mockery/library/Mockery.php:574
/Users/vagner/Desenvolvimento/python/clubify-checkout/sdk/php/tests/TestCase.php:222
/Users/vagner/Desenvolvimento/python/clubify-checkout/sdk/php/tests/TestCase.php:441
/Users/vagner/Desenvolvimento/python/clubify-checkout/sdk/php/tests/TestCase.php:56
/Users/vagner/Desenvolvimento/python/clubify-checkout/sdk/php/tests/Unit/UserManagement/Factories/UserServiceFactoryTest.php:39</error>
        </testcase>
        <testcase name="testResolveRepositoryClassForInvalidType" file="/Users/vagner/Desenvolvimento/python/clubify-checkout/sdk/php/tests/Unit/UserManagement/Factories/UserServiceFactoryTest.php" line="314" class="Clubify\Checkout\Tests\Unit\UserManagement\Factories\UserServiceFactoryTest" classname="Clubify.Checkout.Tests.Unit.UserManagement.Factories.UserServiceFactoryTest" assertions="0" time="0.000000">
          <error type="InvalidArgumentException">Clubify\Checkout\Tests\Unit\UserManagement\Factories\UserServiceFactoryTest::testResolveRepositoryClassForInvalidType
InvalidArgumentException: getLogger() cannot be mocked as it is a private method

/Users/vagner/Desenvolvimento/python/clubify-checkout/sdk/php/vendor/mockery/mockery/library/Mockery.php:742
/Users/vagner/Desenvolvimento/python/clubify-checkout/sdk/php/vendor/mockery/mockery/library/Mockery.php:754
/Users/vagner/Desenvolvimento/python/clubify-checkout/sdk/php/vendor/mockery/mockery/library/Mockery.php:574
/Users/vagner/Desenvolvimento/python/clubify-checkout/sdk/php/tests/TestCase.php:222
/Users/vagner/Desenvolvimento/python/clubify-checkout/sdk/php/tests/TestCase.php:441
/Users/vagner/Desenvolvimento/python/clubify-checkout/sdk/php/tests/TestCase.php:56
/Users/vagner/Desenvolvimento/python/clubify-checkout/sdk/php/tests/Unit/UserManagement/Factories/UserServiceFactoryTest.php:39</error>
        </testcase>
        <testcase name="testCreateRepositoryWithAllDependencies" file="/Users/vagner/Desenvolvimento/python/clubify-checkout/sdk/php/tests/Unit/UserManagement/Factories/UserServiceFactoryTest.php" line="328" class="Clubify\Checkout\Tests\Unit\UserManagement\Factories\UserServiceFactoryTest" classname="Clubify.Checkout.Tests.Unit.UserManagement.Factories.UserServiceFactoryTest" assertions="0" time="0.000000">
          <error type="InvalidArgumentException">Clubify\Checkout\Tests\Unit\UserManagement\Factories\UserServiceFactoryTest::testCreateRepositoryWithAllDependencies
InvalidArgumentException: getLogger() cannot be mocked as it is a private method

/Users/vagner/Desenvolvimento/python/clubify-checkout/sdk/php/vendor/mockery/mockery/library/Mockery.php:742
/Users/vagner/Desenvolvimento/python/clubify-checkout/sdk/php/vendor/mockery/mockery/library/Mockery.php:754
/Users/vagner/Desenvolvimento/python/clubify-checkout/sdk/php/vendor/mockery/mockery/library/Mockery.php:574
/Users/vagner/Desenvolvimento/python/clubify-checkout/sdk/php/tests/TestCase.php:222
/Users/vagner/Desenvolvimento/python/clubify-checkout/sdk/php/tests/TestCase.php:441
/Users/vagner/Desenvolvimento/python/clubify-checkout/sdk/php/tests/TestCase.php:56
/Users/vagner/Desenvolvimento/python/clubify-checkout/sdk/php/tests/Unit/UserManagement/Factories/UserServiceFactoryTest.php:39</error>
        </testcase>
      </testsuite>
      <testsuite name="Clubify\Checkout\Tests\Unit\UserManagement\Repositories\ApiUserRepositoryTest" file="/Users/vagner/Desenvolvimento/python/clubify-checkout/sdk/php/tests/Unit/UserManagement/Repositories/ApiUserRepositoryTest.php" tests="22" assertions="0" errors="22" failures="0" skipped="0" time="0.000000">
        <testcase name="testImplementsUserRepositoryInterface" file="/Users/vagner/Desenvolvimento/python/clubify-checkout/sdk/php/tests/Unit/UserManagement/Repositories/ApiUserRepositoryTest.php" line="60" class="Clubify\Checkout\Tests\Unit\UserManagement\Repositories\ApiUserRepositoryTest" classname="Clubify.Checkout.Tests.Unit.UserManagement.Repositories.ApiUserRepositoryTest" assertions="0" time="0.000000">
          <error type="InvalidArgumentException">Clubify\Checkout\Tests\Unit\UserManagement\Repositories\ApiUserRepositoryTest::testImplementsUserRepositoryInterface
InvalidArgumentException: getLogger() cannot be mocked as it is a private method

/Users/vagner/Desenvolvimento/python/clubify-checkout/sdk/php/vendor/mockery/mockery/library/Mockery.php:742
/Users/vagner/Desenvolvimento/python/clubify-checkout/sdk/php/vendor/mockery/mockery/library/Mockery.php:754
/Users/vagner/Desenvolvimento/python/clubify-checkout/sdk/php/vendor/mockery/mockery/library/Mockery.php:574
/Users/vagner/Desenvolvimento/python/clubify-checkout/sdk/php/tests/TestCase.php:222
/Users/vagner/Desenvolvimento/python/clubify-checkout/sdk/php/tests/TestCase.php:441
/Users/vagner/Desenvolvimento/python/clubify-checkout/sdk/php/tests/TestCase.php:56
/Users/vagner/Desenvolvimento/python/clubify-checkout/sdk/php/tests/Unit/UserManagement/Repositories/ApiUserRepositoryTest.php:38</error>
        </testcase>
        <testcase name="testGetEndpoint" file="/Users/vagner/Desenvolvimento/python/clubify-checkout/sdk/php/tests/Unit/UserManagement/Repositories/ApiUserRepositoryTest.php" line="65" class="Clubify\Checkout\Tests\Unit\UserManagement\Repositories\ApiUserRepositoryTest" classname="Clubify.Checkout.Tests.Unit.UserManagement.Repositories.ApiUserRepositoryTest" assertions="0" time="0.000000">
          <error type="InvalidArgumentException">Clubify\Checkout\Tests\Unit\UserManagement\Repositories\ApiUserRepositoryTest::testGetEndpoint
InvalidArgumentException: getLogger() cannot be mocked as it is a private method

/Users/vagner/Desenvolvimento/python/clubify-checkout/sdk/php/vendor/mockery/mockery/library/Mockery.php:742
/Users/vagner/Desenvolvimento/python/clubify-checkout/sdk/php/vendor/mockery/mockery/library/Mockery.php:754
/Users/vagner/Desenvolvimento/python/clubify-checkout/sdk/php/vendor/mockery/mockery/library/Mockery.php:574
/Users/vagner/Desenvolvimento/python/clubify-checkout/sdk/php/tests/TestCase.php:222
/Users/vagner/Desenvolvimento/python/clubify-checkout/sdk/php/tests/TestCase.php:441
/Users/vagner/Desenvolvimento/python/clubify-checkout/sdk/php/tests/TestCase.php:56
/Users/vagner/Desenvolvimento/python/clubify-checkout/sdk/php/tests/Unit/UserManagement/Repositories/ApiUserRepositoryTest.php:38</error>
        </testcase>
        <testcase name="testGetResourceName" file="/Users/vagner/Desenvolvimento/python/clubify-checkout/sdk/php/tests/Unit/UserManagement/Repositories/ApiUserRepositoryTest.php" line="76" class="Clubify\Checkout\Tests\Unit\UserManagement\Repositories\ApiUserRepositoryTest" classname="Clubify.Checkout.Tests.Unit.UserManagement.Repositories.ApiUserRepositoryTest" assertions="0" time="0.000000">
          <error type="InvalidArgumentException">Clubify\Checkout\Tests\Unit\UserManagement\Repositories\ApiUserRepositoryTest::testGetResourceName
InvalidArgumentException: getLogger() cannot be mocked as it is a private method

/Users/vagner/Desenvolvimento/python/clubify-checkout/sdk/php/vendor/mockery/mockery/library/Mockery.php:742
/Users/vagner/Desenvolvimento/python/clubify-checkout/sdk/php/vendor/mockery/mockery/library/Mockery.php:754
/Users/vagner/Desenvolvimento/python/clubify-checkout/sdk/php/vendor/mockery/mockery/library/Mockery.php:574
/Users/vagner/Desenvolvimento/python/clubify-checkout/sdk/php/tests/TestCase.php:222
/Users/vagner/Desenvolvimento/python/clubify-checkout/sdk/php/tests/TestCase.php:441
/Users/vagner/Desenvolvimento/python/clubify-checkout/sdk/php/tests/TestCase.php:56
/Users/vagner/Desenvolvimento/python/clubify-checkout/sdk/php/tests/Unit/UserManagement/Repositories/ApiUserRepositoryTest.php:38</error>
        </testcase>
        <testcase name="testFindByEmailSuccess" file="/Users/vagner/Desenvolvimento/python/clubify-checkout/sdk/php/tests/Unit/UserManagement/Repositories/ApiUserRepositoryTest.php" line="87" class="Clubify\Checkout\Tests\Unit\UserManagement\Repositories\ApiUserRepositoryTest" classname="Clubify.Checkout.Tests.Unit.UserManagement.Repositories.ApiUserRepositoryTest" assertions="0" time="0.000000">
          <error type="InvalidArgumentException">Clubify\Checkout\Tests\Unit\UserManagement\Repositories\ApiUserRepositoryTest::testFindByEmailSuccess
InvalidArgumentException: getLogger() cannot be mocked as it is a private method

/Users/vagner/Desenvolvimento/python/clubify-checkout/sdk/php/vendor/mockery/mockery/library/Mockery.php:742
/Users/vagner/Desenvolvimento/python/clubify-checkout/sdk/php/vendor/mockery/mockery/library/Mockery.php:754
/Users/vagner/Desenvolvimento/python/clubify-checkout/sdk/php/vendor/mockery/mockery/library/Mockery.php:574
/Users/vagner/Desenvolvimento/python/clubify-checkout/sdk/php/tests/TestCase.php:222
/Users/vagner/Desenvolvimento/python/clubify-checkout/sdk/php/tests/TestCase.php:441
/Users/vagner/Desenvolvimento/python/clubify-checkout/sdk/php/tests/TestCase.php:56
/Users/vagner/Desenvolvimento/python/clubify-checkout/sdk/php/tests/Unit/UserManagement/Repositories/ApiUserRepositoryTest.php:38</error>
        </testcase>
        <testcase name="testFindByEmailNotFound" file="/Users/vagner/Desenvolvimento/python/clubify-checkout/sdk/php/tests/Unit/UserManagement/Repositories/ApiUserRepositoryTest.php" line="111" class="Clubify\Checkout\Tests\Unit\UserManagement\Repositories\ApiUserRepositoryTest" classname="Clubify.Checkout.Tests.Unit.UserManagement.Repositories.ApiUserRepositoryTest" assertions="0" time="0.000000">
          <error type="InvalidArgumentException">Clubify\Checkout\Tests\Unit\UserManagement\Repositories\ApiUserRepositoryTest::testFindByEmailNotFound
InvalidArgumentException: getLogger() cannot be mocked as it is a private method

/Users/vagner/Desenvolvimento/python/clubify-checkout/sdk/php/vendor/mockery/mockery/library/Mockery.php:742
/Users/vagner/Desenvolvimento/python/clubify-checkout/sdk/php/vendor/mockery/mockery/library/Mockery.php:754
/Users/vagner/Desenvolvimento/python/clubify-checkout/sdk/php/vendor/mockery/mockery/library/Mockery.php:574
/Users/vagner/Desenvolvimento/python/clubify-checkout/sdk/php/tests/TestCase.php:222
/Users/vagner/Desenvolvimento/python/clubify-checkout/sdk/php/tests/TestCase.php:441
/Users/vagner/Desenvolvimento/python/clubify-checkout/sdk/php/tests/TestCase.php:56
/Users/vagner/Desenvolvimento/python/clubify-checkout/sdk/php/tests/Unit/UserManagement/Repositories/ApiUserRepositoryTest.php:38</error>
        </testcase>
        <testcase name="testFindByEmailUsesCache" file="/Users/vagner/Desenvolvimento/python/clubify-checkout/sdk/php/tests/Unit/UserManagement/Repositories/ApiUserRepositoryTest.php" line="134" class="Clubify\Checkout\Tests\Unit\UserManagement\Repositories\ApiUserRepositoryTest" classname="Clubify.Checkout.Tests.Unit.UserManagement.Repositories.ApiUserRepositoryTest" assertions="0" time="0.000000">
          <error type="InvalidArgumentException">Clubify\Checkout\Tests\Unit\UserManagement\Repositories\ApiUserRepositoryTest::testFindByEmailUsesCache
InvalidArgumentException: getLogger() cannot be mocked as it is a private method

/Users/vagner/Desenvolvimento/python/clubify-checkout/sdk/php/vendor/mockery/mockery/library/Mockery.php:742
/Users/vagner/Desenvolvimento/python/clubify-checkout/sdk/php/vendor/mockery/mockery/library/Mockery.php:754
/Users/vagner/Desenvolvimento/python/clubify-checkout/sdk/php/vendor/mockery/mockery/library/Mockery.php:574
/Users/vagner/Desenvolvimento/python/clubify-checkout/sdk/php/tests/TestCase.php:222
/Users/vagner/Desenvolvimento/python/clubify-checkout/sdk/php/tests/TestCase.php:441
/Users/vagner/Desenvolvimento/python/clubify-checkout/sdk/php/tests/TestCase.php:56
/Users/vagner/Desenvolvimento/python/clubify-checkout/sdk/php/tests/Unit/UserManagement/Repositories/ApiUserRepositoryTest.php:38</error>
        </testcase>
        <testcase name="testFindByTenant" file="/Users/vagner/Desenvolvimento/python/clubify-checkout/sdk/php/tests/Unit/UserManagement/Repositories/ApiUserRepositoryTest.php" line="153" class="Clubify\Checkout\Tests\Unit\UserManagement\Repositories\ApiUserRepositoryTest" classname="Clubify.Checkout.Tests.Unit.UserManagement.Repositories.ApiUserRepositoryTest" assertions="0" time="0.000000">
          <error type="InvalidArgumentException">Clubify\Checkout\Tests\Unit\UserManagement\Repositories\ApiUserRepositoryTest::testFindByTenant
InvalidArgumentException: getLogger() cannot be mocked as it is a private method

/Users/vagner/Desenvolvimento/python/clubify-checkout/sdk/php/vendor/mockery/mockery/library/Mockery.php:742
/Users/vagner/Desenvolvimento/python/clubify-checkout/sdk/php/vendor/mockery/mockery/library/Mockery.php:754
/Users/vagner/Desenvolvimento/python/clubify-checkout/sdk/php/vendor/mockery/mockery/library/Mockery.php:574
/Users/vagner/Desenvolvimento/python/clubify-checkout/sdk/php/tests/TestCase.php:222
/Users/vagner/Desenvolvimento/python/clubify-checkout/sdk/php/tests/TestCase.php:441
/Users/vagner/Desenvolvimento/python/clubify-checkout/sdk/php/tests/TestCase.php:56
/Users/vagner/Desenvolvimento/python/clubify-checkout/sdk/php/tests/Unit/UserManagement/Repositories/ApiUserRepositoryTest.php:38</error>
        </testcase>
        <testcase name="testUpdateProfileSuccess" file="/Users/vagner/Desenvolvimento/python/clubify-checkout/sdk/php/tests/Unit/UserManagement/Repositories/ApiUserRepositoryTest.php" line="184" class="Clubify\Checkout\Tests\Unit\UserManagement\Repositories\ApiUserRepositoryTest" classname="Clubify.Checkout.Tests.Unit.UserManagement.Repositories.ApiUserRepositoryTest" assertions="0" time="0.000000">
          <error type="InvalidArgumentException">Clubify\Checkout\Tests\Unit\UserManagement\Repositories\ApiUserRepositoryTest::testUpdateProfileSuccess
InvalidArgumentException: getLogger() cannot be mocked as it is a private method

/Users/vagner/Desenvolvimento/python/clubify-checkout/sdk/php/vendor/mockery/mockery/library/Mockery.php:742
/Users/vagner/Desenvolvimento/python/clubify-checkout/sdk/php/vendor/mockery/mockery/library/Mockery.php:754
/Users/vagner/Desenvolvimento/python/clubify-checkout/sdk/php/vendor/mockery/mockery/library/Mockery.php:574
/Users/vagner/Desenvolvimento/python/clubify-checkout/sdk/php/tests/TestCase.php:222
/Users/vagner/Desenvolvimento/python/clubify-checkout/sdk/php/tests/TestCase.php:441
/Users/vagner/Desenvolvimento/python/clubify-checkout/sdk/php/tests/TestCase.php:56
/Users/vagner/Desenvolvimento/python/clubify-checkout/sdk/php/tests/Unit/UserManagement/Repositories/ApiUserRepositoryTest.php:38</error>
        </testcase>
        <testcase name="testUpdateProfileHttpError" file="/Users/vagner/Desenvolvimento/python/clubify-checkout/sdk/php/tests/Unit/UserManagement/Repositories/ApiUserRepositoryTest.php" line="209" class="Clubify\Checkout\Tests\Unit\UserManagement\Repositories\ApiUserRepositoryTest" classname="Clubify.Checkout.Tests.Unit.UserManagement.Repositories.ApiUserRepositoryTest" assertions="0" time="0.000000">
          <error type="InvalidArgumentException">Clubify\Checkout\Tests\Unit\UserManagement\Repositories\ApiUserRepositoryTest::testUpdateProfileHttpError
InvalidArgumentException: getLogger() cannot be mocked as it is a private method

/Users/vagner/Desenvolvimento/python/clubify-checkout/sdk/php/vendor/mockery/mockery/library/Mockery.php:742
/Users/vagner/Desenvolvimento/python/clubify-checkout/sdk/php/vendor/mockery/mockery/library/Mockery.php:754
/Users/vagner/Desenvolvimento/python/clubify-checkout/sdk/php/vendor/mockery/mockery/library/Mockery.php:574
/Users/vagner/Desenvolvimento/python/clubify-checkout/sdk/php/tests/TestCase.php:222
/Users/vagner/Desenvolvimento/python/clubify-checkout/sdk/php/tests/TestCase.php:441
/Users/vagner/Desenvolvimento/python/clubify-checkout/sdk/php/tests/TestCase.php:56
/Users/vagner/Desenvolvimento/python/clubify-checkout/sdk/php/tests/Unit/UserManagement/Repositories/ApiUserRepositoryTest.php:38</error>
        </testcase>
        <testcase name="testChangePasswordSuccess" file="/Users/vagner/Desenvolvimento/python/clubify-checkout/sdk/php/tests/Unit/UserManagement/Repositories/ApiUserRepositoryTest.php" line="229" class="Clubify\Checkout\Tests\Unit\UserManagement\Repositories\ApiUserRepositoryTest" classname="Clubify.Checkout.Tests.Unit.UserManagement.Repositories.ApiUserRepositoryTest" assertions="0" time="0.000000">
          <error type="InvalidArgumentException">Clubify\Checkout\Tests\Unit\UserManagement\Repositories\ApiUserRepositoryTest::testChangePasswordSuccess
InvalidArgumentException: getLogger() cannot be mocked as it is a private method

/Users/vagner/Desenvolvimento/python/clubify-checkout/sdk/php/vendor/mockery/mockery/library/Mockery.php:742
/Users/vagner/Desenvolvimento/python/clubify-checkout/sdk/php/vendor/mockery/mockery/library/Mockery.php:754
/Users/vagner/Desenvolvimento/python/clubify-checkout/sdk/php/vendor/mockery/mockery/library/Mockery.php:574
/Users/vagner/Desenvolvimento/python/clubify-checkout/sdk/php/tests/TestCase.php:222
/Users/vagner/Desenvolvimento/python/clubify-checkout/sdk/php/tests/TestCase.php:441
/Users/vagner/Desenvolvimento/python/clubify-checkout/sdk/php/tests/TestCase.php:56
/Users/vagner/Desenvolvimento/python/clubify-checkout/sdk/php/tests/Unit/UserManagement/Repositories/ApiUserRepositoryTest.php:38</error>
        </testcase>
        <testcase name="testChangePasswordFailure" file="/Users/vagner/Desenvolvimento/python/clubify-checkout/sdk/php/tests/Unit/UserManagement/Repositories/ApiUserRepositoryTest.php" line="252" class="Clubify\Checkout\Tests\Unit\UserManagement\Repositories\ApiUserRepositoryTest" classname="Clubify.Checkout.Tests.Unit.UserManagement.Repositories.ApiUserRepositoryTest" assertions="0" time="0.000000">
          <error type="InvalidArgumentException">Clubify\Checkout\Tests\Unit\UserManagement\Repositories\ApiUserRepositoryTest::testChangePasswordFailure
InvalidArgumentException: getLogger() cannot be mocked as it is a private method

/Users/vagner/Desenvolvimento/python/clubify-checkout/sdk/php/vendor/mockery/mockery/library/Mockery.php:742
/Users/vagner/Desenvolvimento/python/clubify-checkout/sdk/php/vendor/mockery/mockery/library/Mockery.php:754
/Users/vagner/Desenvolvimento/python/clubify-checkout/sdk/php/vendor/mockery/mockery/library/Mockery.php:574
/Users/vagner/Desenvolvimento/python/clubify-checkout/sdk/php/tests/TestCase.php:222
/Users/vagner/Desenvolvimento/python/clubify-checkout/sdk/php/tests/TestCase.php:441
/Users/vagner/Desenvolvimento/python/clubify-checkout/sdk/php/tests/TestCase.php:56
/Users/vagner/Desenvolvimento/python/clubify-checkout/sdk/php/tests/Unit/UserManagement/Repositories/ApiUserRepositoryTest.php:38</error>
        </testcase>
        <testcase name="testActivateUser" file="/Users/vagner/Desenvolvimento/python/clubify-checkout/sdk/php/tests/Unit/UserManagement/Repositories/ApiUserRepositoryTest.php" line="271" class="Clubify\Checkout\Tests\Unit\UserManagement\Repositories\ApiUserRepositoryTest" classname="Clubify.Checkout.Tests.Unit.UserManagement.Repositories.ApiUserRepositoryTest" assertions="0" time="0.000000">
          <error type="InvalidArgumentException">Clubify\Checkout\Tests\Unit\UserManagement\Repositories\ApiUserRepositoryTest::testActivateUser
InvalidArgumentException: getLogger() cannot be mocked as it is a private method

/Users/vagner/Desenvolvimento/python/clubify-checkout/sdk/php/vendor/mockery/mockery/library/Mockery.php:742
/Users/vagner/Desenvolvimento/python/clubify-checkout/sdk/php/vendor/mockery/mockery/library/Mockery.php:754
/Users/vagner/Desenvolvimento/python/clubify-checkout/sdk/php/vendor/mockery/mockery/library/Mockery.php:574
/Users/vagner/Desenvolvimento/python/clubify-checkout/sdk/php/tests/TestCase.php:222
/Users/vagner/Desenvolvimento/python/clubify-checkout/sdk/php/tests/TestCase.php:441
/Users/vagner/Desenvolvimento/python/clubify-checkout/sdk/php/tests/TestCase.php:56
/Users/vagner/Desenvolvimento/python/clubify-checkout/sdk/php/tests/Unit/UserManagement/Repositories/ApiUserRepositoryTest.php:38</error>
        </testcase>
        <testcase name="testDeactivateUser" file="/Users/vagner/Desenvolvimento/python/clubify-checkout/sdk/php/tests/Unit/UserManagement/Repositories/ApiUserRepositoryTest.php" line="294" class="Clubify\Checkout\Tests\Unit\UserManagement\Repositories\ApiUserRepositoryTest" classname="Clubify.Checkout.Tests.Unit.UserManagement.Repositories.ApiUserRepositoryTest" assertions="0" time="0.000000">
          <error type="InvalidArgumentException">Clubify\Checkout\Tests\Unit\UserManagement\Repositories\ApiUserRepositoryTest::testDeactivateUser
InvalidArgumentException: getLogger() cannot be mocked as it is a private method

/Users/vagner/Desenvolvimento/python/clubify-checkout/sdk/php/vendor/mockery/mockery/library/Mockery.php:742
/Users/vagner/Desenvolvimento/python/clubify-checkout/sdk/php/vendor/mockery/mockery/library/Mockery.php:754
/Users/vagner/Desenvolvimento/python/clubify-checkout/sdk/php/vendor/mockery/mockery/library/Mockery.php:574
/Users/vagner/Desenvolvimento/python/clubify-checkout/sdk/php/tests/TestCase.php:222
/Users/vagner/Desenvolvimento/python/clubify-checkout/sdk/php/tests/TestCase.php:441
/Users/vagner/Desenvolvimento/python/clubify-checkout/sdk/php/tests/TestCase.php:56
/Users/vagner/Desenvolvimento/python/clubify-checkout/sdk/php/tests/Unit/UserManagement/Repositories/ApiUserRepositoryTest.php:38</error>
        </testcase>
        <testcase name="testGetUserRoles" file="/Users/vagner/Desenvolvimento/python/clubify-checkout/sdk/php/tests/Unit/UserManagement/Repositories/ApiUserRepositoryTest.php" line="317" class="Clubify\Checkout\Tests\Unit\UserManagement\Repositories\ApiUserRepositoryTest" classname="Clubify.Checkout.Tests.Unit.UserManagement.Repositories.ApiUserRepositoryTest" assertions="0" time="0.000000">
          <error type="InvalidArgumentException">Clubify\Checkout\Tests\Unit\UserManagement\Repositories\ApiUserRepositoryTest::testGetUserRoles
InvalidArgumentException: getLogger() cannot be mocked as it is a private method

/Users/vagner/Desenvolvimento/python/clubify-checkout/sdk/php/vendor/mockery/mockery/library/Mockery.php:742
/Users/vagner/Desenvolvimento/python/clubify-checkout/sdk/php/vendor/mockery/mockery/library/Mockery.php:754
/Users/vagner/Desenvolvimento/python/clubify-checkout/sdk/php/vendor/mockery/mockery/library/Mockery.php:574
/Users/vagner/Desenvolvimento/python/clubify-checkout/sdk/php/tests/TestCase.php:222
/Users/vagner/Desenvolvimento/python/clubify-checkout/sdk/php/tests/TestCase.php:441
/Users/vagner/Desenvolvimento/python/clubify-checkout/sdk/php/tests/TestCase.php:56
/Users/vagner/Desenvolvimento/python/clubify-checkout/sdk/php/tests/Unit/UserManagement/Repositories/ApiUserRepositoryTest.php:38</error>
        </testcase>
        <testcase name="testAssignRole" file="/Users/vagner/Desenvolvimento/python/clubify-checkout/sdk/php/tests/Unit/UserManagement/Repositories/ApiUserRepositoryTest.php" line="342" class="Clubify\Checkout\Tests\Unit\UserManagement\Repositories\ApiUserRepositoryTest" classname="Clubify.Checkout.Tests.Unit.UserManagement.Repositories.ApiUserRepositoryTest" assertions="0" time="0.000000">
          <error type="InvalidArgumentException">Clubify\Checkout\Tests\Unit\UserManagement\Repositories\ApiUserRepositoryTest::testAssignRole
InvalidArgumentException: getLogger() cannot be mocked as it is a private method

/Users/vagner/Desenvolvimento/python/clubify-checkout/sdk/php/vendor/mockery/mockery/library/Mockery.php:742
/Users/vagner/Desenvolvimento/python/clubify-checkout/sdk/php/vendor/mockery/mockery/library/Mockery.php:754
/Users/vagner/Desenvolvimento/python/clubify-checkout/sdk/php/vendor/mockery/mockery/library/Mockery.php:574
/Users/vagner/Desenvolvimento/python/clubify-checkout/sdk/php/tests/TestCase.php:222
/Users/vagner/Desenvolvimento/python/clubify-checkout/sdk/php/tests/TestCase.php:441
/Users/vagner/Desenvolvimento/python/clubify-checkout/sdk/php/tests/TestCase.php:56
/Users/vagner/Desenvolvimento/python/clubify-checkout/sdk/php/tests/Unit/UserManagement/Repositories/ApiUserRepositoryTest.php:38</error>
        </testcase>
        <testcase name="testRemoveRole" file="/Users/vagner/Desenvolvimento/python/clubify-checkout/sdk/php/tests/Unit/UserManagement/Repositories/ApiUserRepositoryTest.php" line="366" class="Clubify\Checkout\Tests\Unit\UserManagement\Repositories\ApiUserRepositoryTest" classname="Clubify.Checkout.Tests.Unit.UserManagement.Repositories.ApiUserRepositoryTest" assertions="0" time="0.000000">
          <error type="InvalidArgumentException">Clubify\Checkout\Tests\Unit\UserManagement\Repositories\ApiUserRepositoryTest::testRemoveRole
InvalidArgumentException: getLogger() cannot be mocked as it is a private method

/Users/vagner/Desenvolvimento/python/clubify-checkout/sdk/php/vendor/mockery/mockery/library/Mockery.php:742
/Users/vagner/Desenvolvimento/python/clubify-checkout/sdk/php/vendor/mockery/mockery/library/Mockery.php:754
/Users/vagner/Desenvolvimento/python/clubify-checkout/sdk/php/vendor/mockery/mockery/library/Mockery.php:574
/Users/vagner/Desenvolvimento/python/clubify-checkout/sdk/php/tests/TestCase.php:222
/Users/vagner/Desenvolvimento/python/clubify-checkout/sdk/php/tests/TestCase.php:441
/Users/vagner/Desenvolvimento/python/clubify-checkout/sdk/php/tests/TestCase.php:56
/Users/vagner/Desenvolvimento/python/clubify-checkout/sdk/php/tests/Unit/UserManagement/Repositories/ApiUserRepositoryTest.php:38</error>
        </testcase>
        <testcase name="testFindActiveByTenant" file="/Users/vagner/Desenvolvimento/python/clubify-checkout/sdk/php/tests/Unit/UserManagement/Repositories/ApiUserRepositoryTest.php" line="390" class="Clubify\Checkout\Tests\Unit\UserManagement\Repositories\ApiUserRepositoryTest" classname="Clubify.Checkout.Tests.Unit.UserManagement.Repositories.ApiUserRepositoryTest" assertions="0" time="0.000000">
          <error type="InvalidArgumentException">Clubify\Checkout\Tests\Unit\UserManagement\Repositories\ApiUserRepositoryTest::testFindActiveByTenant
InvalidArgumentException: getLogger() cannot be mocked as it is a private method

/Users/vagner/Desenvolvimento/python/clubify-checkout/sdk/php/vendor/mockery/mockery/library/Mockery.php:742
/Users/vagner/Desenvolvimento/python/clubify-checkout/sdk/php/vendor/mockery/mockery/library/Mockery.php:754
/Users/vagner/Desenvolvimento/python/clubify-checkout/sdk/php/vendor/mockery/mockery/library/Mockery.php:574
/Users/vagner/Desenvolvimento/python/clubify-checkout/sdk/php/tests/TestCase.php:222
/Users/vagner/Desenvolvimento/python/clubify-checkout/sdk/php/tests/TestCase.php:441
/Users/vagner/Desenvolvimento/python/clubify-checkout/sdk/php/tests/TestCase.php:56
/Users/vagner/Desenvolvimento/python/clubify-checkout/sdk/php/tests/Unit/UserManagement/Repositories/ApiUserRepositoryTest.php:38</error>
        </testcase>
        <testcase name="testIsEmailTakenTrue" file="/Users/vagner/Desenvolvimento/python/clubify-checkout/sdk/php/tests/Unit/UserManagement/Repositories/ApiUserRepositoryTest.php" line="418" class="Clubify\Checkout\Tests\Unit\UserManagement\Repositories\ApiUserRepositoryTest" classname="Clubify.Checkout.Tests.Unit.UserManagement.Repositories.ApiUserRepositoryTest" assertions="0" time="0.000000">
          <error type="InvalidArgumentException">Clubify\Checkout\Tests\Unit\UserManagement\Repositories\ApiUserRepositoryTest::testIsEmailTakenTrue
InvalidArgumentException: getLogger() cannot be mocked as it is a private method

/Users/vagner/Desenvolvimento/python/clubify-checkout/sdk/php/vendor/mockery/mockery/library/Mockery.php:742
/Users/vagner/Desenvolvimento/python/clubify-checkout/sdk/php/vendor/mockery/mockery/library/Mockery.php:754
/Users/vagner/Desenvolvimento/python/clubify-checkout/sdk/php/vendor/mockery/mockery/library/Mockery.php:574
/Users/vagner/Desenvolvimento/python/clubify-checkout/sdk/php/tests/TestCase.php:222
/Users/vagner/Desenvolvimento/python/clubify-checkout/sdk/php/tests/TestCase.php:441
/Users/vagner/Desenvolvimento/python/clubify-checkout/sdk/php/tests/TestCase.php:56
/Users/vagner/Desenvolvimento/python/clubify-checkout/sdk/php/tests/Unit/UserManagement/Repositories/ApiUserRepositoryTest.php:38</error>
        </testcase>
        <testcase name="testIsEmailTakenFalse" file="/Users/vagner/Desenvolvimento/python/clubify-checkout/sdk/php/tests/Unit/UserManagement/Repositories/ApiUserRepositoryTest.php" line="440" class="Clubify\Checkout\Tests\Unit\UserManagement\Repositories\ApiUserRepositoryTest" classname="Clubify.Checkout.Tests.Unit.UserManagement.Repositories.ApiUserRepositoryTest" assertions="0" time="0.000000">
          <error type="InvalidArgumentException">Clubify\Checkout\Tests\Unit\UserManagement\Repositories\ApiUserRepositoryTest::testIsEmailTakenFalse
InvalidArgumentException: getLogger() cannot be mocked as it is a private method

/Users/vagner/Desenvolvimento/python/clubify-checkout/sdk/php/vendor/mockery/mockery/library/Mockery.php:742
/Users/vagner/Desenvolvimento/python/clubify-checkout/sdk/php/vendor/mockery/mockery/library/Mockery.php:754
/Users/vagner/Desenvolvimento/python/clubify-checkout/sdk/php/vendor/mockery/mockery/library/Mockery.php:574
/Users/vagner/Desenvolvimento/python/clubify-checkout/sdk/php/tests/TestCase.php:222
/Users/vagner/Desenvolvimento/python/clubify-checkout/sdk/php/tests/TestCase.php:441
/Users/vagner/Desenvolvimento/python/clubify-checkout/sdk/php/tests/TestCase.php:56
/Users/vagner/Desenvolvimento/python/clubify-checkout/sdk/php/tests/Unit/UserManagement/Repositories/ApiUserRepositoryTest.php:38</error>
        </testcase>
        <testcase name="testIsEmailTakenExcludingUser" file="/Users/vagner/Desenvolvimento/python/clubify-checkout/sdk/php/tests/Unit/UserManagement/Repositories/ApiUserRepositoryTest.php" line="461" class="Clubify\Checkout\Tests\Unit\UserManagement\Repositories\ApiUserRepositoryTest" classname="Clubify.Checkout.Tests.Unit.UserManagement.Repositories.ApiUserRepositoryTest" assertions="0" time="0.000000">
          <error type="InvalidArgumentException">Clubify\Checkout\Tests\Unit\UserManagement\Repositories\ApiUserRepositoryTest::testIsEmailTakenExcludingUser
InvalidArgumentException: getLogger() cannot be mocked as it is a private method

/Users/vagner/Desenvolvimento/python/clubify-checkout/sdk/php/vendor/mockery/mockery/library/Mockery.php:742
/Users/vagner/Desenvolvimento/python/clubify-checkout/sdk/php/vendor/mockery/mockery/library/Mockery.php:754
/Users/vagner/Desenvolvimento/python/clubify-checkout/sdk/php/vendor/mockery/mockery/library/Mockery.php:574
/Users/vagner/Desenvolvimento/python/clubify-checkout/sdk/php/tests/TestCase.php:222
/Users/vagner/Desenvolvimento/python/clubify-checkout/sdk/php/tests/TestCase.php:441
/Users/vagner/Desenvolvimento/python/clubify-checkout/sdk/php/tests/TestCase.php:56
/Users/vagner/Desenvolvimento/python/clubify-checkout/sdk/php/tests/Unit/UserManagement/Repositories/ApiUserRepositoryTest.php:38</error>
        </testcase>
        <testcase name="testPerformHealthCheckSuccess" file="/Users/vagner/Desenvolvimento/python/clubify-checkout/sdk/php/tests/Unit/UserManagement/Repositories/ApiUserRepositoryTest.php" line="484" class="Clubify\Checkout\Tests\Unit\UserManagement\Repositories\ApiUserRepositoryTest" classname="Clubify.Checkout.Tests.Unit.UserManagement.Repositories.ApiUserRepositoryTest" assertions="0" time="0.000000">
          <error type="InvalidArgumentException">Clubify\Checkout\Tests\Unit\UserManagement\Repositories\ApiUserRepositoryTest::testPerformHealthCheckSuccess
InvalidArgumentException: getLogger() cannot be mocked as it is a private method

/Users/vagner/Desenvolvimento/python/clubify-checkout/sdk/php/vendor/mockery/mockery/library/Mockery.php:742
/Users/vagner/Desenvolvimento/python/clubify-checkout/sdk/php/vendor/mockery/mockery/library/Mockery.php:754
/Users/vagner/Desenvolvimento/python/clubify-checkout/sdk/php/vendor/mockery/mockery/library/Mockery.php:574
/Users/vagner/Desenvolvimento/python/clubify-checkout/sdk/php/tests/TestCase.php:222
/Users/vagner/Desenvolvimento/python/clubify-checkout/sdk/php/tests/TestCase.php:441
/Users/vagner/Desenvolvimento/python/clubify-checkout/sdk/php/tests/TestCase.php:56
/Users/vagner/Desenvolvimento/python/clubify-checkout/sdk/php/tests/Unit/UserManagement/Repositories/ApiUserRepositoryTest.php:38</error>
        </testcase>
        <testcase name="testPerformHealthCheckFailure" file="/Users/vagner/Desenvolvimento/python/clubify-checkout/sdk/php/tests/Unit/UserManagement/Repositories/ApiUserRepositoryTest.php" line="508" class="Clubify\Checkout\Tests\Unit\UserManagement\Repositories\ApiUserRepositoryTest" classname="Clubify.Checkout.Tests.Unit.UserManagement.Repositories.ApiUserRepositoryTest" assertions="0" time="0.000000">
          <error type="InvalidArgumentException">Clubify\Checkout\Tests\Unit\UserManagement\Repositories\ApiUserRepositoryTest::testPerformHealthCheckFailure
InvalidArgumentException: getLogger() cannot be mocked as it is a private method

/Users/vagner/Desenvolvimento/python/clubify-checkout/sdk/php/vendor/mockery/mockery/library/Mockery.php:742
/Users/vagner/Desenvolvimento/python/clubify-checkout/sdk/php/vendor/mockery/mockery/library/Mockery.php:754
/Users/vagner/Desenvolvimento/python/clubify-checkout/sdk/php/vendor/mockery/mockery/library/Mockery.php:574
/Users/vagner/Desenvolvimento/python/clubify-checkout/sdk/php/tests/TestCase.php:222
/Users/vagner/Desenvolvimento/python/clubify-checkout/sdk/php/tests/TestCase.php:441
/Users/vagner/Desenvolvimento/python/clubify-checkout/sdk/php/tests/TestCase.php:56
/Users/vagner/Desenvolvimento/python/clubify-checkout/sdk/php/tests/Unit/UserManagement/Repositories/ApiUserRepositoryTest.php:38</error>
        </testcase>
      </testsuite>
      <testsuite name="Clubify\Checkout\Tests\Unit\UserManagement\Services\UserServiceTest" file="/Users/vagner/Desenvolvimento/python/clubify-checkout/sdk/php/tests/Unit/UserManagement/Services/UserServiceTest.php" tests="27" assertions="0" errors="27" failures="0" skipped="0" time="0.000000">
        <testcase name="testImplementsServiceInterface" file="/Users/vagner/Desenvolvimento/python/clubify-checkout/sdk/php/tests/Unit/UserManagement/Services/UserServiceTest.php" line="51" class="Clubify\Checkout\Tests\Unit\UserManagement\Services\UserServiceTest" classname="Clubify.Checkout.Tests.Unit.UserManagement.Services.UserServiceTest" assertions="0" time="0.000000">
          <error type="InvalidArgumentException">Clubify\Checkout\Tests\Unit\UserManagement\Services\UserServiceTest::testImplementsServiceInterface
InvalidArgumentException: getLogger() cannot be mocked as it is a private method

/Users/vagner/Desenvolvimento/python/clubify-checkout/sdk/php/vendor/mockery/mockery/library/Mockery.php:742
/Users/vagner/Desenvolvimento/python/clubify-checkout/sdk/php/vendor/mockery/mockery/library/Mockery.php:754
/Users/vagner/Desenvolvimento/python/clubify-checkout/sdk/php/vendor/mockery/mockery/library/Mockery.php:574
/Users/vagner/Desenvolvimento/python/clubify-checkout/sdk/php/tests/TestCase.php:222
/Users/vagner/Desenvolvimento/python/clubify-checkout/sdk/php/tests/TestCase.php:441
/Users/vagner/Desenvolvimento/python/clubify-checkout/sdk/php/tests/TestCase.php:56
/Users/vagner/Desenvolvimento/python/clubify-checkout/sdk/php/tests/Unit/UserManagement/Services/UserServiceTest.php:38</error>
        </testcase>
        <testcase name="testGetName" file="/Users/vagner/Desenvolvimento/python/clubify-checkout/sdk/php/tests/Unit/UserManagement/Services/UserServiceTest.php" line="56" class="Clubify\Checkout\Tests\Unit\UserManagement\Services\UserServiceTest" classname="Clubify.Checkout.Tests.Unit.UserManagement.Services.UserServiceTest" assertions="0" time="0.000000">
          <error type="InvalidArgumentException">Clubify\Checkout\Tests\Unit\UserManagement\Services\UserServiceTest::testGetName
InvalidArgumentException: getLogger() cannot be mocked as it is a private method

/Users/vagner/Desenvolvimento/python/clubify-checkout/sdk/php/vendor/mockery/mockery/library/Mockery.php:742
/Users/vagner/Desenvolvimento/python/clubify-checkout/sdk/php/vendor/mockery/mockery/library/Mockery.php:754
/Users/vagner/Desenvolvimento/python/clubify-checkout/sdk/php/vendor/mockery/mockery/library/Mockery.php:574
/Users/vagner/Desenvolvimento/python/clubify-checkout/sdk/php/tests/TestCase.php:222
/Users/vagner/Desenvolvimento/python/clubify-checkout/sdk/php/tests/TestCase.php:441
/Users/vagner/Desenvolvimento/python/clubify-checkout/sdk/php/tests/TestCase.php:56
/Users/vagner/Desenvolvimento/python/clubify-checkout/sdk/php/tests/Unit/UserManagement/Services/UserServiceTest.php:38</error>
        </testcase>
        <testcase name="testGetVersion" file="/Users/vagner/Desenvolvimento/python/clubify-checkout/sdk/php/tests/Unit/UserManagement/Services/UserServiceTest.php" line="62" class="Clubify\Checkout\Tests\Unit\UserManagement\Services\UserServiceTest" classname="Clubify.Checkout.Tests.Unit.UserManagement.Services.UserServiceTest" assertions="0" time="0.000000">
          <error type="InvalidArgumentException">Clubify\Checkout\Tests\Unit\UserManagement\Services\UserServiceTest::testGetVersion
InvalidArgumentException: getLogger() cannot be mocked as it is a private method

/Users/vagner/Desenvolvimento/python/clubify-checkout/sdk/php/vendor/mockery/mockery/library/Mockery.php:742
/Users/vagner/Desenvolvimento/python/clubify-checkout/sdk/php/vendor/mockery/mockery/library/Mockery.php:754
/Users/vagner/Desenvolvimento/python/clubify-checkout/sdk/php/vendor/mockery/mockery/library/Mockery.php:574
/Users/vagner/Desenvolvimento/python/clubify-checkout/sdk/php/tests/TestCase.php:222
/Users/vagner/Desenvolvimento/python/clubify-checkout/sdk/php/tests/TestCase.php:441
/Users/vagner/Desenvolvimento/python/clubify-checkout/sdk/php/tests/TestCase.php:56
/Users/vagner/Desenvolvimento/python/clubify-checkout/sdk/php/tests/Unit/UserManagement/Services/UserServiceTest.php:38</error>
        </testcase>
        <testcase name="testIsHealthySuccess" file="/Users/vagner/Desenvolvimento/python/clubify-checkout/sdk/php/tests/Unit/UserManagement/Services/UserServiceTest.php" line="68" class="Clubify\Checkout\Tests\Unit\UserManagement\Services\UserServiceTest" classname="Clubify.Checkout.Tests.Unit.UserManagement.Services.UserServiceTest" assertions="0" time="0.000000">
          <error type="InvalidArgumentException">Clubify\Checkout\Tests\Unit\UserManagement\Services\UserServiceTest::testIsHealthySuccess
InvalidArgumentException: getLogger() cannot be mocked as it is a private method

/Users/vagner/Desenvolvimento/python/clubify-checkout/sdk/php/vendor/mockery/mockery/library/Mockery.php:742
/Users/vagner/Desenvolvimento/python/clubify-checkout/sdk/php/vendor/mockery/mockery/library/Mockery.php:754
/Users/vagner/Desenvolvimento/python/clubify-checkout/sdk/php/vendor/mockery/mockery/library/Mockery.php:574
/Users/vagner/Desenvolvimento/python/clubify-checkout/sdk/php/tests/TestCase.php:222
/Users/vagner/Desenvolvimento/python/clubify-checkout/sdk/php/tests/TestCase.php:441
/Users/vagner/Desenvolvimento/python/clubify-checkout/sdk/php/tests/TestCase.php:56
/Users/vagner/Desenvolvimento/python/clubify-checkout/sdk/php/tests/Unit/UserManagement/Services/UserServiceTest.php:38</error>
        </testcase>
        <testcase name="testIsHealthyFailure" file="/Users/vagner/Desenvolvimento/python/clubify-checkout/sdk/php/tests/Unit/UserManagement/Services/UserServiceTest.php" line="82" class="Clubify\Checkout\Tests\Unit\UserManagement\Services\UserServiceTest" classname="Clubify.Checkout.Tests.Unit.UserManagement.Services.UserServiceTest" assertions="0" time="0.000000">
          <error type="InvalidArgumentException">Clubify\Checkout\Tests\Unit\UserManagement\Services\UserServiceTest::testIsHealthyFailure
InvalidArgumentException: getLogger() cannot be mocked as it is a private method

/Users/vagner/Desenvolvimento/python/clubify-checkout/sdk/php/vendor/mockery/mockery/library/Mockery.php:742
/Users/vagner/Desenvolvimento/python/clubify-checkout/sdk/php/vendor/mockery/mockery/library/Mockery.php:754
/Users/vagner/Desenvolvimento/python/clubify-checkout/sdk/php/vendor/mockery/mockery/library/Mockery.php:574
/Users/vagner/Desenvolvimento/python/clubify-checkout/sdk/php/tests/TestCase.php:222
/Users/vagner/Desenvolvimento/python/clubify-checkout/sdk/php/tests/TestCase.php:441
/Users/vagner/Desenvolvimento/python/clubify-checkout/sdk/php/tests/TestCase.php:56
/Users/vagner/Desenvolvimento/python/clubify-checkout/sdk/php/tests/Unit/UserManagement/Services/UserServiceTest.php:38</error>
        </testcase>
        <testcase name="testGetMetrics" file="/Users/vagner/Desenvolvimento/python/clubify-checkout/sdk/php/tests/Unit/UserManagement/Services/UserServiceTest.php" line="100" class="Clubify\Checkout\Tests\Unit\UserManagement\Services\UserServiceTest" classname="Clubify.Checkout.Tests.Unit.UserManagement.Services.UserServiceTest" assertions="0" time="0.000000">
          <error type="InvalidArgumentException">Clubify\Checkout\Tests\Unit\UserManagement\Services\UserServiceTest::testGetMetrics
InvalidArgumentException: getLogger() cannot be mocked as it is a private method

/Users/vagner/Desenvolvimento/python/clubify-checkout/sdk/php/vendor/mockery/mockery/library/Mockery.php:742
/Users/vagner/Desenvolvimento/python/clubify-checkout/sdk/php/vendor/mockery/mockery/library/Mockery.php:754
/Users/vagner/Desenvolvimento/python/clubify-checkout/sdk/php/vendor/mockery/mockery/library/Mockery.php:574
/Users/vagner/Desenvolvimento/python/clubify-checkout/sdk/php/tests/TestCase.php:222
/Users/vagner/Desenvolvimento/python/clubify-checkout/sdk/php/tests/TestCase.php:441
/Users/vagner/Desenvolvimento/python/clubify-checkout/sdk/php/tests/TestCase.php:56
/Users/vagner/Desenvolvimento/python/clubify-checkout/sdk/php/tests/Unit/UserManagement/Services/UserServiceTest.php:38</error>
        </testcase>
        <testcase name="testCreateUserSuccess" file="/Users/vagner/Desenvolvimento/python/clubify-checkout/sdk/php/tests/Unit/UserManagement/Services/UserServiceTest.php" line="119" class="Clubify\Checkout\Tests\Unit\UserManagement\Services\UserServiceTest" classname="Clubify.Checkout.Tests.Unit.UserManagement.Services.UserServiceTest" assertions="0" time="0.000000">
          <error type="InvalidArgumentException">Clubify\Checkout\Tests\Unit\UserManagement\Services\UserServiceTest::testCreateUserSuccess
InvalidArgumentException: getLogger() cannot be mocked as it is a private method

/Users/vagner/Desenvolvimento/python/clubify-checkout/sdk/php/vendor/mockery/mockery/library/Mockery.php:742
/Users/vagner/Desenvolvimento/python/clubify-checkout/sdk/php/vendor/mockery/mockery/library/Mockery.php:754
/Users/vagner/Desenvolvimento/python/clubify-checkout/sdk/php/vendor/mockery/mockery/library/Mockery.php:574
/Users/vagner/Desenvolvimento/python/clubify-checkout/sdk/php/tests/TestCase.php:222
/Users/vagner/Desenvolvimento/python/clubify-checkout/sdk/php/tests/TestCase.php:441
/Users/vagner/Desenvolvimento/python/clubify-checkout/sdk/php/tests/TestCase.php:56
/Users/vagner/Desenvolvimento/python/clubify-checkout/sdk/php/tests/Unit/UserManagement/Services/UserServiceTest.php:38</error>
        </testcase>
        <testcase name="testCreateUserDuplicateEmail" file="/Users/vagner/Desenvolvimento/python/clubify-checkout/sdk/php/tests/Unit/UserManagement/Services/UserServiceTest.php" line="163" class="Clubify\Checkout\Tests\Unit\UserManagement\Services\UserServiceTest" classname="Clubify.Checkout.Tests.Unit.UserManagement.Services.UserServiceTest" assertions="0" time="0.000000">
          <error type="InvalidArgumentException">Clubify\Checkout\Tests\Unit\UserManagement\Services\UserServiceTest::testCreateUserDuplicateEmail
InvalidArgumentException: getLogger() cannot be mocked as it is a private method

/Users/vagner/Desenvolvimento/python/clubify-checkout/sdk/php/vendor/mockery/mockery/library/Mockery.php:742
/Users/vagner/Desenvolvimento/python/clubify-checkout/sdk/php/vendor/mockery/mockery/library/Mockery.php:754
/Users/vagner/Desenvolvimento/python/clubify-checkout/sdk/php/vendor/mockery/mockery/library/Mockery.php:574
/Users/vagner/Desenvolvimento/python/clubify-checkout/sdk/php/tests/TestCase.php:222
/Users/vagner/Desenvolvimento/python/clubify-checkout/sdk/php/tests/TestCase.php:441
/Users/vagner/Desenvolvimento/python/clubify-checkout/sdk/php/tests/TestCase.php:56
/Users/vagner/Desenvolvimento/python/clubify-checkout/sdk/php/tests/Unit/UserManagement/Services/UserServiceTest.php:38</error>
        </testcase>
        <testcase name="testCreateUserValidationError" file="/Users/vagner/Desenvolvimento/python/clubify-checkout/sdk/php/tests/Unit/UserManagement/Services/UserServiceTest.php" line="192" class="Clubify\Checkout\Tests\Unit\UserManagement\Services\UserServiceTest" classname="Clubify.Checkout.Tests.Unit.UserManagement.Services.UserServiceTest" assertions="0" time="0.000000">
          <error type="InvalidArgumentException">Clubify\Checkout\Tests\Unit\UserManagement\Services\UserServiceTest::testCreateUserValidationError
InvalidArgumentException: getLogger() cannot be mocked as it is a private method

/Users/vagner/Desenvolvimento/python/clubify-checkout/sdk/php/vendor/mockery/mockery/library/Mockery.php:742
/Users/vagner/Desenvolvimento/python/clubify-checkout/sdk/php/vendor/mockery/mockery/library/Mockery.php:754
/Users/vagner/Desenvolvimento/python/clubify-checkout/sdk/php/vendor/mockery/mockery/library/Mockery.php:574
/Users/vagner/Desenvolvimento/python/clubify-checkout/sdk/php/tests/TestCase.php:222
/Users/vagner/Desenvolvimento/python/clubify-checkout/sdk/php/tests/TestCase.php:441
/Users/vagner/Desenvolvimento/python/clubify-checkout/sdk/php/tests/TestCase.php:56
/Users/vagner/Desenvolvimento/python/clubify-checkout/sdk/php/tests/Unit/UserManagement/Services/UserServiceTest.php:38</error>
        </testcase>
        <testcase name="testGetUserSuccess" file="/Users/vagner/Desenvolvimento/python/clubify-checkout/sdk/php/tests/Unit/UserManagement/Services/UserServiceTest.php" line="215" class="Clubify\Checkout\Tests\Unit\UserManagement\Services\UserServiceTest" classname="Clubify.Checkout.Tests.Unit.UserManagement.Services.UserServiceTest" assertions="0" time="0.000000">
          <error type="InvalidArgumentException">Clubify\Checkout\Tests\Unit\UserManagement\Services\UserServiceTest::testGetUserSuccess
InvalidArgumentException: getLogger() cannot be mocked as it is a private method

/Users/vagner/Desenvolvimento/python/clubify-checkout/sdk/php/vendor/mockery/mockery/library/Mockery.php:742
/Users/vagner/Desenvolvimento/python/clubify-checkout/sdk/php/vendor/mockery/mockery/library/Mockery.php:754
/Users/vagner/Desenvolvimento/python/clubify-checkout/sdk/php/vendor/mockery/mockery/library/Mockery.php:574
/Users/vagner/Desenvolvimento/python/clubify-checkout/sdk/php/tests/TestCase.php:222
/Users/vagner/Desenvolvimento/python/clubify-checkout/sdk/php/tests/TestCase.php:441
/Users/vagner/Desenvolvimento/python/clubify-checkout/sdk/php/tests/TestCase.php:56
/Users/vagner/Desenvolvimento/python/clubify-checkout/sdk/php/tests/Unit/UserManagement/Services/UserServiceTest.php:38</error>
        </testcase>
        <testcase name="testGetUserNotFound" file="/Users/vagner/Desenvolvimento/python/clubify-checkout/sdk/php/tests/Unit/UserManagement/Services/UserServiceTest.php" line="234" class="Clubify\Checkout\Tests\Unit\UserManagement\Services\UserServiceTest" classname="Clubify.Checkout.Tests.Unit.UserManagement.Services.UserServiceTest" assertions="0" time="0.000000">
          <error type="InvalidArgumentException">Clubify\Checkout\Tests\Unit\UserManagement\Services\UserServiceTest::testGetUserNotFound
InvalidArgumentException: getLogger() cannot be mocked as it is a private method

/Users/vagner/Desenvolvimento/python/clubify-checkout/sdk/php/vendor/mockery/mockery/library/Mockery.php:742
/Users/vagner/Desenvolvimento/python/clubify-checkout/sdk/php/vendor/mockery/mockery/library/Mockery.php:754
/Users/vagner/Desenvolvimento/python/clubify-checkout/sdk/php/vendor/mockery/mockery/library/Mockery.php:574
/Users/vagner/Desenvolvimento/python/clubify-checkout/sdk/php/tests/TestCase.php:222
/Users/vagner/Desenvolvimento/python/clubify-checkout/sdk/php/tests/TestCase.php:441
/Users/vagner/Desenvolvimento/python/clubify-checkout/sdk/php/tests/TestCase.php:56
/Users/vagner/Desenvolvimento/python/clubify-checkout/sdk/php/tests/Unit/UserManagement/Services/UserServiceTest.php:38</error>
        </testcase>
        <testcase name="testUpdateUserSuccess" file="/Users/vagner/Desenvolvimento/python/clubify-checkout/sdk/php/tests/Unit/UserManagement/Services/UserServiceTest.php" line="255" class="Clubify\Checkout\Tests\Unit\UserManagement\Services\UserServiceTest" classname="Clubify.Checkout.Tests.Unit.UserManagement.Services.UserServiceTest" assertions="0" time="0.000000">
          <error type="InvalidArgumentException">Clubify\Checkout\Tests\Unit\UserManagement\Services\UserServiceTest::testUpdateUserSuccess
InvalidArgumentException: getLogger() cannot be mocked as it is a private method

/Users/vagner/Desenvolvimento/python/clubify-checkout/sdk/php/vendor/mockery/mockery/library/Mockery.php:742
/Users/vagner/Desenvolvimento/python/clubify-checkout/sdk/php/vendor/mockery/mockery/library/Mockery.php:754
/Users/vagner/Desenvolvimento/python/clubify-checkout/sdk/php/vendor/mockery/mockery/library/Mockery.php:574
/Users/vagner/Desenvolvimento/python/clubify-checkout/sdk/php/tests/TestCase.php:222
/Users/vagner/Desenvolvimento/python/clubify-checkout/sdk/php/tests/TestCase.php:441
/Users/vagner/Desenvolvimento/python/clubify-checkout/sdk/php/tests/TestCase.php:56
/Users/vagner/Desenvolvimento/python/clubify-checkout/sdk/php/tests/Unit/UserManagement/Services/UserServiceTest.php:38</error>
        </testcase>
        <testcase name="testUpdateUserNotFound" file="/Users/vagner/Desenvolvimento/python/clubify-checkout/sdk/php/tests/Unit/UserManagement/Services/UserServiceTest.php" line="291" class="Clubify\Checkout\Tests\Unit\UserManagement\Services\UserServiceTest" classname="Clubify.Checkout.Tests.Unit.UserManagement.Services.UserServiceTest" assertions="0" time="0.000000">
          <error type="InvalidArgumentException">Clubify\Checkout\Tests\Unit\UserManagement\Services\UserServiceTest::testUpdateUserNotFound
InvalidArgumentException: getLogger() cannot be mocked as it is a private method

/Users/vagner/Desenvolvimento/python/clubify-checkout/sdk/php/vendor/mockery/mockery/library/Mockery.php:742
/Users/vagner/Desenvolvimento/python/clubify-checkout/sdk/php/vendor/mockery/mockery/library/Mockery.php:754
/Users/vagner/Desenvolvimento/python/clubify-checkout/sdk/php/vendor/mockery/mockery/library/Mockery.php:574
/Users/vagner/Desenvolvimento/python/clubify-checkout/sdk/php/tests/TestCase.php:222
/Users/vagner/Desenvolvimento/python/clubify-checkout/sdk/php/tests/TestCase.php:441
/Users/vagner/Desenvolvimento/python/clubify-checkout/sdk/php/tests/TestCase.php:56
/Users/vagner/Desenvolvimento/python/clubify-checkout/sdk/php/tests/Unit/UserManagement/Services/UserServiceTest.php:38</error>
        </testcase>
        <testcase name="testUpdateUserEmailTaken" file="/Users/vagner/Desenvolvimento/python/clubify-checkout/sdk/php/tests/Unit/UserManagement/Services/UserServiceTest.php" line="313" class="Clubify\Checkout\Tests\Unit\UserManagement\Services\UserServiceTest" classname="Clubify.Checkout.Tests.Unit.UserManagement.Services.UserServiceTest" assertions="0" time="0.000000">
          <error type="InvalidArgumentException">Clubify\Checkout\Tests\Unit\UserManagement\Services\UserServiceTest::testUpdateUserEmailTaken
InvalidArgumentException: getLogger() cannot be mocked as it is a private method

/Users/vagner/Desenvolvimento/python/clubify-checkout/sdk/php/vendor/mockery/mockery/library/Mockery.php:742
/Users/vagner/Desenvolvimento/python/clubify-checkout/sdk/php/vendor/mockery/mockery/library/Mockery.php:754
/Users/vagner/Desenvolvimento/python/clubify-checkout/sdk/php/vendor/mockery/mockery/library/Mockery.php:574
/Users/vagner/Desenvolvimento/python/clubify-checkout/sdk/php/tests/TestCase.php:222
/Users/vagner/Desenvolvimento/python/clubify-checkout/sdk/php/tests/TestCase.php:441
/Users/vagner/Desenvolvimento/python/clubify-checkout/sdk/php/tests/TestCase.php:56
/Users/vagner/Desenvolvimento/python/clubify-checkout/sdk/php/tests/Unit/UserManagement/Services/UserServiceTest.php:38</error>
        </testcase>
        <testcase name="testDeleteUserSuccess" file="/Users/vagner/Desenvolvimento/python/clubify-checkout/sdk/php/tests/Unit/UserManagement/Services/UserServiceTest.php" line="340" class="Clubify\Checkout\Tests\Unit\UserManagement\Services\UserServiceTest" classname="Clubify.Checkout.Tests.Unit.UserManagement.Services.UserServiceTest" assertions="0" time="0.000000">
          <error type="InvalidArgumentException">Clubify\Checkout\Tests\Unit\UserManagement\Services\UserServiceTest::testDeleteUserSuccess
InvalidArgumentException: getLogger() cannot be mocked as it is a private method

/Users/vagner/Desenvolvimento/python/clubify-checkout/sdk/php/vendor/mockery/mockery/library/Mockery.php:742
/Users/vagner/Desenvolvimento/python/clubify-checkout/sdk/php/vendor/mockery/mockery/library/Mockery.php:754
/Users/vagner/Desenvolvimento/python/clubify-checkout/sdk/php/vendor/mockery/mockery/library/Mockery.php:574
/Users/vagner/Desenvolvimento/python/clubify-checkout/sdk/php/tests/TestCase.php:222
/Users/vagner/Desenvolvimento/python/clubify-checkout/sdk/php/tests/TestCase.php:441
/Users/vagner/Desenvolvimento/python/clubify-checkout/sdk/php/tests/TestCase.php:56
/Users/vagner/Desenvolvimento/python/clubify-checkout/sdk/php/tests/Unit/UserManagement/Services/UserServiceTest.php:38</error>
        </testcase>
        <testcase name="testDeleteUserNotFound" file="/Users/vagner/Desenvolvimento/python/clubify-checkout/sdk/php/tests/Unit/UserManagement/Services/UserServiceTest.php" line="368" class="Clubify\Checkout\Tests\Unit\UserManagement\Services\UserServiceTest" classname="Clubify.Checkout.Tests.Unit.UserManagement.Services.UserServiceTest" assertions="0" time="0.000000">
          <error type="InvalidArgumentException">Clubify\Checkout\Tests\Unit\UserManagement\Services\UserServiceTest::testDeleteUserNotFound
InvalidArgumentException: getLogger() cannot be mocked as it is a private method

/Users/vagner/Desenvolvimento/python/clubify-checkout/sdk/php/vendor/mockery/mockery/library/Mockery.php:742
/Users/vagner/Desenvolvimento/python/clubify-checkout/sdk/php/vendor/mockery/mockery/library/Mockery.php:754
/Users/vagner/Desenvolvimento/python/clubify-checkout/sdk/php/vendor/mockery/mockery/library/Mockery.php:574
/Users/vagner/Desenvolvimento/python/clubify-checkout/sdk/php/tests/TestCase.php:222
/Users/vagner/Desenvolvimento/python/clubify-checkout/sdk/php/tests/TestCase.php:441
/Users/vagner/Desenvolvimento/python/clubify-checkout/sdk/php/tests/TestCase.php:56
/Users/vagner/Desenvolvimento/python/clubify-checkout/sdk/php/tests/Unit/UserManagement/Services/UserServiceTest.php:38</error>
        </testcase>
        <testcase name="testListUsersSuccess" file="/Users/vagner/Desenvolvimento/python/clubify-checkout/sdk/php/tests/Unit/UserManagement/Services/UserServiceTest.php" line="389" class="Clubify\Checkout\Tests\Unit\UserManagement\Services\UserServiceTest" classname="Clubify.Checkout.Tests.Unit.UserManagement.Services.UserServiceTest" assertions="0" time="0.000000">
          <error type="InvalidArgumentException">Clubify\Checkout\Tests\Unit\UserManagement\Services\UserServiceTest::testListUsersSuccess
InvalidArgumentException: getLogger() cannot be mocked as it is a private method

/Users/vagner/Desenvolvimento/python/clubify-checkout/sdk/php/vendor/mockery/mockery/library/Mockery.php:742
/Users/vagner/Desenvolvimento/python/clubify-checkout/sdk/php/vendor/mockery/mockery/library/Mockery.php:754
/Users/vagner/Desenvolvimento/python/clubify-checkout/sdk/php/vendor/mockery/mockery/library/Mockery.php:574
/Users/vagner/Desenvolvimento/python/clubify-checkout/sdk/php/tests/TestCase.php:222
/Users/vagner/Desenvolvimento/python/clubify-checkout/sdk/php/tests/TestCase.php:441
/Users/vagner/Desenvolvimento/python/clubify-checkout/sdk/php/tests/TestCase.php:56
/Users/vagner/Desenvolvimento/python/clubify-checkout/sdk/php/tests/Unit/UserManagement/Services/UserServiceTest.php:38</error>
        </testcase>
        <testcase name="testUpdateUserProfileSuccess" file="/Users/vagner/Desenvolvimento/python/clubify-checkout/sdk/php/tests/Unit/UserManagement/Services/UserServiceTest.php" line="418" class="Clubify\Checkout\Tests\Unit\UserManagement\Services\UserServiceTest" classname="Clubify.Checkout.Tests.Unit.UserManagement.Services.UserServiceTest" assertions="0" time="0.000000">
          <error type="InvalidArgumentException">Clubify\Checkout\Tests\Unit\UserManagement\Services\UserServiceTest::testUpdateUserProfileSuccess
InvalidArgumentException: getLogger() cannot be mocked as it is a private method

/Users/vagner/Desenvolvimento/python/clubify-checkout/sdk/php/vendor/mockery/mockery/library/Mockery.php:742
/Users/vagner/Desenvolvimento/python/clubify-checkout/sdk/php/vendor/mockery/mockery/library/Mockery.php:754
/Users/vagner/Desenvolvimento/python/clubify-checkout/sdk/php/vendor/mockery/mockery/library/Mockery.php:574
/Users/vagner/Desenvolvimento/python/clubify-checkout/sdk/php/tests/TestCase.php:222
/Users/vagner/Desenvolvimento/python/clubify-checkout/sdk/php/tests/TestCase.php:441
/Users/vagner/Desenvolvimento/python/clubify-checkout/sdk/php/tests/TestCase.php:56
/Users/vagner/Desenvolvimento/python/clubify-checkout/sdk/php/tests/Unit/UserManagement/Services/UserServiceTest.php:38</error>
        </testcase>
        <testcase name="testGetUserRolesSuccess" file="/Users/vagner/Desenvolvimento/python/clubify-checkout/sdk/php/tests/Unit/UserManagement/Services/UserServiceTest.php" line="447" class="Clubify\Checkout\Tests\Unit\UserManagement\Services\UserServiceTest" classname="Clubify.Checkout.Tests.Unit.UserManagement.Services.UserServiceTest" assertions="0" time="0.000000">
          <error type="InvalidArgumentException">Clubify\Checkout\Tests\Unit\UserManagement\Services\UserServiceTest::testGetUserRolesSuccess
InvalidArgumentException: getLogger() cannot be mocked as it is a private method

/Users/vagner/Desenvolvimento/python/clubify-checkout/sdk/php/vendor/mockery/mockery/library/Mockery.php:742
/Users/vagner/Desenvolvimento/python/clubify-checkout/sdk/php/vendor/mockery/mockery/library/Mockery.php:754
/Users/vagner/Desenvolvimento/python/clubify-checkout/sdk/php/vendor/mockery/mockery/library/Mockery.php:574
/Users/vagner/Desenvolvimento/python/clubify-checkout/sdk/php/tests/TestCase.php:222
/Users/vagner/Desenvolvimento/python/clubify-checkout/sdk/php/tests/TestCase.php:441
/Users/vagner/Desenvolvimento/python/clubify-checkout/sdk/php/tests/TestCase.php:56
/Users/vagner/Desenvolvimento/python/clubify-checkout/sdk/php/tests/Unit/UserManagement/Services/UserServiceTest.php:38</error>
        </testcase>
        <testcase name="testFindUserByEmailSuccess" file="/Users/vagner/Desenvolvimento/python/clubify-checkout/sdk/php/tests/Unit/UserManagement/Services/UserServiceTest.php" line="471" class="Clubify\Checkout\Tests\Unit\UserManagement\Services\UserServiceTest" classname="Clubify.Checkout.Tests.Unit.UserManagement.Services.UserServiceTest" assertions="0" time="0.000000">
          <error type="InvalidArgumentException">Clubify\Checkout\Tests\Unit\UserManagement\Services\UserServiceTest::testFindUserByEmailSuccess
InvalidArgumentException: getLogger() cannot be mocked as it is a private method

/Users/vagner/Desenvolvimento/python/clubify-checkout/sdk/php/vendor/mockery/mockery/library/Mockery.php:742
/Users/vagner/Desenvolvimento/python/clubify-checkout/sdk/php/vendor/mockery/mockery/library/Mockery.php:754
/Users/vagner/Desenvolvimento/python/clubify-checkout/sdk/php/vendor/mockery/mockery/library/Mockery.php:574
/Users/vagner/Desenvolvimento/python/clubify-checkout/sdk/php/tests/TestCase.php:222
/Users/vagner/Desenvolvimento/python/clubify-checkout/sdk/php/tests/TestCase.php:441
/Users/vagner/Desenvolvimento/python/clubify-checkout/sdk/php/tests/TestCase.php:56
/Users/vagner/Desenvolvimento/python/clubify-checkout/sdk/php/tests/Unit/UserManagement/Services/UserServiceTest.php:38</error>
        </testcase>
        <testcase name="testFindUserByEmailNotFound" file="/Users/vagner/Desenvolvimento/python/clubify-checkout/sdk/php/tests/Unit/UserManagement/Services/UserServiceTest.php" line="490" class="Clubify\Checkout\Tests\Unit\UserManagement\Services\UserServiceTest" classname="Clubify.Checkout.Tests.Unit.UserManagement.Services.UserServiceTest" assertions="0" time="0.000000">
          <error type="InvalidArgumentException">Clubify\Checkout\Tests\Unit\UserManagement\Services\UserServiceTest::testFindUserByEmailNotFound
InvalidArgumentException: getLogger() cannot be mocked as it is a private method

/Users/vagner/Desenvolvimento/python/clubify-checkout/sdk/php/vendor/mockery/mockery/library/Mockery.php:742
/Users/vagner/Desenvolvimento/python/clubify-checkout/sdk/php/vendor/mockery/mockery/library/Mockery.php:754
/Users/vagner/Desenvolvimento/python/clubify-checkout/sdk/php/vendor/mockery/mockery/library/Mockery.php:574
/Users/vagner/Desenvolvimento/python/clubify-checkout/sdk/php/tests/TestCase.php:222
/Users/vagner/Desenvolvimento/python/clubify-checkout/sdk/php/tests/TestCase.php:441
/Users/vagner/Desenvolvimento/python/clubify-checkout/sdk/php/tests/TestCase.php:56
/Users/vagner/Desenvolvimento/python/clubify-checkout/sdk/php/tests/Unit/UserManagement/Services/UserServiceTest.php:38</error>
        </testcase>
        <testcase name="testChangePasswordSuccess" file="/Users/vagner/Desenvolvimento/python/clubify-checkout/sdk/php/tests/Unit/UserManagement/Services/UserServiceTest.php" line="511" class="Clubify\Checkout\Tests\Unit\UserManagement\Services\UserServiceTest" classname="Clubify.Checkout.Tests.Unit.UserManagement.Services.UserServiceTest" assertions="0" time="0.000000">
          <error type="InvalidArgumentException">Clubify\Checkout\Tests\Unit\UserManagement\Services\UserServiceTest::testChangePasswordSuccess
InvalidArgumentException: getLogger() cannot be mocked as it is a private method

/Users/vagner/Desenvolvimento/python/clubify-checkout/sdk/php/vendor/mockery/mockery/library/Mockery.php:742
/Users/vagner/Desenvolvimento/python/clubify-checkout/sdk/php/vendor/mockery/mockery/library/Mockery.php:754
/Users/vagner/Desenvolvimento/python/clubify-checkout/sdk/php/vendor/mockery/mockery/library/Mockery.php:574
/Users/vagner/Desenvolvimento/python/clubify-checkout/sdk/php/tests/TestCase.php:222
/Users/vagner/Desenvolvimento/python/clubify-checkout/sdk/php/tests/TestCase.php:441
/Users/vagner/Desenvolvimento/python/clubify-checkout/sdk/php/tests/TestCase.php:56
/Users/vagner/Desenvolvimento/python/clubify-checkout/sdk/php/tests/Unit/UserManagement/Services/UserServiceTest.php:38</error>
        </testcase>
        <testcase name="testActivateUserSuccess" file="/Users/vagner/Desenvolvimento/python/clubify-checkout/sdk/php/tests/Unit/UserManagement/Services/UserServiceTest.php" line="540" class="Clubify\Checkout\Tests\Unit\UserManagement\Services\UserServiceTest" classname="Clubify.Checkout.Tests.Unit.UserManagement.Services.UserServiceTest" assertions="0" time="0.000000">
          <error type="InvalidArgumentException">Clubify\Checkout\Tests\Unit\UserManagement\Services\UserServiceTest::testActivateUserSuccess
InvalidArgumentException: getLogger() cannot be mocked as it is a private method

/Users/vagner/Desenvolvimento/python/clubify-checkout/sdk/php/vendor/mockery/mockery/library/Mockery.php:742
/Users/vagner/Desenvolvimento/python/clubify-checkout/sdk/php/vendor/mockery/mockery/library/Mockery.php:754
/Users/vagner/Desenvolvimento/python/clubify-checkout/sdk/php/vendor/mockery/mockery/library/Mockery.php:574
/Users/vagner/Desenvolvimento/python/clubify-checkout/sdk/php/tests/TestCase.php:222
/Users/vagner/Desenvolvimento/python/clubify-checkout/sdk/php/tests/TestCase.php:441
/Users/vagner/Desenvolvimento/python/clubify-checkout/sdk/php/tests/TestCase.php:56
/Users/vagner/Desenvolvimento/python/clubify-checkout/sdk/php/tests/Unit/UserManagement/Services/UserServiceTest.php:38</error>
        </testcase>
        <testcase name="testDeactivateUserSuccess" file="/Users/vagner/Desenvolvimento/python/clubify-checkout/sdk/php/tests/Unit/UserManagement/Services/UserServiceTest.php" line="568" class="Clubify\Checkout\Tests\Unit\UserManagement\Services\UserServiceTest" classname="Clubify.Checkout.Tests.Unit.UserManagement.Services.UserServiceTest" assertions="0" time="0.000000">
          <error type="InvalidArgumentException">Clubify\Checkout\Tests\Unit\UserManagement\Services\UserServiceTest::testDeactivateUserSuccess
InvalidArgumentException: getLogger() cannot be mocked as it is a private method

/Users/vagner/Desenvolvimento/python/clubify-checkout/sdk/php/vendor/mockery/mockery/library/Mockery.php:742
/Users/vagner/Desenvolvimento/python/clubify-checkout/sdk/php/vendor/mockery/mockery/library/Mockery.php:754
/Users/vagner/Desenvolvimento/python/clubify-checkout/sdk/php/vendor/mockery/mockery/library/Mockery.php:574
/Users/vagner/Desenvolvimento/python/clubify-checkout/sdk/php/tests/TestCase.php:222
/Users/vagner/Desenvolvimento/python/clubify-checkout/sdk/php/tests/TestCase.php:441
/Users/vagner/Desenvolvimento/python/clubify-checkout/sdk/php/tests/TestCase.php:56
/Users/vagner/Desenvolvimento/python/clubify-checkout/sdk/php/tests/Unit/UserManagement/Services/UserServiceTest.php:38</error>
        </testcase>
        <testcase name="testGetConfig" file="/Users/vagner/Desenvolvimento/python/clubify-checkout/sdk/php/tests/Unit/UserManagement/Services/UserServiceTest.php" line="596" class="Clubify\Checkout\Tests\Unit\UserManagement\Services\UserServiceTest" classname="Clubify.Checkout.Tests.Unit.UserManagement.Services.UserServiceTest" assertions="0" time="0.000000">
          <error type="InvalidArgumentException">Clubify\Checkout\Tests\Unit\UserManagement\Services\UserServiceTest::testGetConfig
InvalidArgumentException: getLogger() cannot be mocked as it is a private method

/Users/vagner/Desenvolvimento/python/clubify-checkout/sdk/php/vendor/mockery/mockery/library/Mockery.php:742
/Users/vagner/Desenvolvimento/python/clubify-checkout/sdk/php/vendor/mockery/mockery/library/Mockery.php:754
/Users/vagner/Desenvolvimento/python/clubify-checkout/sdk/php/vendor/mockery/mockery/library/Mockery.php:574
/Users/vagner/Desenvolvimento/python/clubify-checkout/sdk/php/tests/TestCase.php:222
/Users/vagner/Desenvolvimento/python/clubify-checkout/sdk/php/tests/TestCase.php:441
/Users/vagner/Desenvolvimento/python/clubify-checkout/sdk/php/tests/TestCase.php:56
/Users/vagner/Desenvolvimento/python/clubify-checkout/sdk/php/tests/Unit/UserManagement/Services/UserServiceTest.php:38</error>
        </testcase>
        <testcase name="testIsAvailable" file="/Users/vagner/Desenvolvimento/python/clubify-checkout/sdk/php/tests/Unit/UserManagement/Services/UserServiceTest.php" line="608" class="Clubify\Checkout\Tests\Unit\UserManagement\Services\UserServiceTest" classname="Clubify.Checkout.Tests.Unit.UserManagement.Services.UserServiceTest" assertions="0" time="0.000000">
          <error type="InvalidArgumentException">Clubify\Checkout\Tests\Unit\UserManagement\Services\UserServiceTest::testIsAvailable
InvalidArgumentException: getLogger() cannot be mocked as it is a private method

/Users/vagner/Desenvolvimento/python/clubify-checkout/sdk/php/vendor/mockery/mockery/library/Mockery.php:742
/Users/vagner/Desenvolvimento/python/clubify-checkout/sdk/php/vendor/mockery/mockery/library/Mockery.php:754
/Users/vagner/Desenvolvimento/python/clubify-checkout/sdk/php/vendor/mockery/mockery/library/Mockery.php:574
/Users/vagner/Desenvolvimento/python/clubify-checkout/sdk/php/tests/TestCase.php:222
/Users/vagner/Desenvolvimento/python/clubify-checkout/sdk/php/tests/TestCase.php:441
/Users/vagner/Desenvolvimento/python/clubify-checkout/sdk/php/tests/TestCase.php:56
/Users/vagner/Desenvolvimento/python/clubify-checkout/sdk/php/tests/Unit/UserManagement/Services/UserServiceTest.php:38</error>
        </testcase>
        <testcase name="testGetStatus" file="/Users/vagner/Desenvolvimento/python/clubify-checkout/sdk/php/tests/Unit/UserManagement/Services/UserServiceTest.php" line="622" class="Clubify\Checkout\Tests\Unit\UserManagement\Services\UserServiceTest" classname="Clubify.Checkout.Tests.Unit.UserManagement.Services.UserServiceTest" assertions="0" time="0.000000">
          <error type="InvalidArgumentException">Clubify\Checkout\Tests\Unit\UserManagement\Services\UserServiceTest::testGetStatus
InvalidArgumentException: getLogger() cannot be mocked as it is a private method

/Users/vagner/Desenvolvimento/python/clubify-checkout/sdk/php/vendor/mockery/mockery/library/Mockery.php:742
/Users/vagner/Desenvolvimento/python/clubify-checkout/sdk/php/vendor/mockery/mockery/library/Mockery.php:754
/Users/vagner/Desenvolvimento/python/clubify-checkout/sdk/php/vendor/mockery/mockery/library/Mockery.php:574
/Users/vagner/Desenvolvimento/python/clubify-checkout/sdk/php/tests/TestCase.php:222
/Users/vagner/Desenvolvimento/python/clubify-checkout/sdk/php/tests/TestCase.php:441
/Users/vagner/Desenvolvimento/python/clubify-checkout/sdk/php/tests/TestCase.php:56
/Users/vagner/Desenvolvimento/python/clubify-checkout/sdk/php/tests/Unit/UserManagement/Services/UserServiceTest.php:38</error>
        </testcase>
      </testsuite>
      <testsuite name="Clubify\Checkout\Tests\Unit\UserManagement\UserManagementModuleTest" file="/Users/vagner/Desenvolvimento/python/clubify-checkout/sdk/php/tests/Unit/UserManagement/UserManagementModuleTest.php" tests="29" assertions="0" errors="29" failures="0" skipped="0" time="0.000000">
        <testcase name="testImplementsModuleInterface" file="/Users/vagner/Desenvolvimento/python/clubify-checkout/sdk/php/tests/Unit/UserManagement/UserManagementModuleTest.php" line="56" class="Clubify\Checkout\Tests\Unit\UserManagement\UserManagementModuleTest" classname="Clubify.Checkout.Tests.Unit.UserManagement.UserManagementModuleTest" assertions="0" time="0.000000">
          <error type="InvalidArgumentException">Clubify\Checkout\Tests\Unit\UserManagement\UserManagementModuleTest::testImplementsModuleInterface
InvalidArgumentException: getLogger() cannot be mocked as it is a private method

/Users/vagner/Desenvolvimento/python/clubify-checkout/sdk/php/vendor/mockery/mockery/library/Mockery.php:742
/Users/vagner/Desenvolvimento/python/clubify-checkout/sdk/php/vendor/mockery/mockery/library/Mockery.php:754
/Users/vagner/Desenvolvimento/python/clubify-checkout/sdk/php/vendor/mockery/mockery/library/Mockery.php:574
/Users/vagner/Desenvolvimento/python/clubify-checkout/sdk/php/tests/TestCase.php:222
/Users/vagner/Desenvolvimento/python/clubify-checkout/sdk/php/tests/TestCase.php:441
/Users/vagner/Desenvolvimento/python/clubify-checkout/sdk/php/tests/TestCase.php:56
/Users/vagner/Desenvolvimento/python/clubify-checkout/sdk/php/tests/Unit/UserManagement/UserManagementModuleTest.php:40</error>
        </testcase>
        <testcase name="testGetName" file="/Users/vagner/Desenvolvimento/python/clubify-checkout/sdk/php/tests/Unit/UserManagement/UserManagementModuleTest.php" line="61" class="Clubify\Checkout\Tests\Unit\UserManagement\UserManagementModuleTest" classname="Clubify.Checkout.Tests.Unit.UserManagement.UserManagementModuleTest" assertions="0" time="0.000000">
          <error type="InvalidArgumentException">Clubify\Checkout\Tests\Unit\UserManagement\UserManagementModuleTest::testGetName
InvalidArgumentException: getLogger() cannot be mocked as it is a private method

/Users/vagner/Desenvolvimento/python/clubify-checkout/sdk/php/vendor/mockery/mockery/library/Mockery.php:742
/Users/vagner/Desenvolvimento/python/clubify-checkout/sdk/php/vendor/mockery/mockery/library/Mockery.php:754
/Users/vagner/Desenvolvimento/python/clubify-checkout/sdk/php/vendor/mockery/mockery/library/Mockery.php:574
/Users/vagner/Desenvolvimento/python/clubify-checkout/sdk/php/tests/TestCase.php:222
/Users/vagner/Desenvolvimento/python/clubify-checkout/sdk/php/tests/TestCase.php:441
/Users/vagner/Desenvolvimento/python/clubify-checkout/sdk/php/tests/TestCase.php:56
/Users/vagner/Desenvolvimento/python/clubify-checkout/sdk/php/tests/Unit/UserManagement/UserManagementModuleTest.php:40</error>
        </testcase>
        <testcase name="testGetVersion" file="/Users/vagner/Desenvolvimento/python/clubify-checkout/sdk/php/tests/Unit/UserManagement/UserManagementModuleTest.php" line="67" class="Clubify\Checkout\Tests\Unit\UserManagement\UserManagementModuleTest" classname="Clubify.Checkout.Tests.Unit.UserManagement.UserManagementModuleTest" assertions="0" time="0.000000">
          <error type="InvalidArgumentException">Clubify\Checkout\Tests\Unit\UserManagement\UserManagementModuleTest::testGetVersion
InvalidArgumentException: getLogger() cannot be mocked as it is a private method

/Users/vagner/Desenvolvimento/python/clubify-checkout/sdk/php/vendor/mockery/mockery/library/Mockery.php:742
/Users/vagner/Desenvolvimento/python/clubify-checkout/sdk/php/vendor/mockery/mockery/library/Mockery.php:754
/Users/vagner/Desenvolvimento/python/clubify-checkout/sdk/php/vendor/mockery/mockery/library/Mockery.php:574
/Users/vagner/Desenvolvimento/python/clubify-checkout/sdk/php/tests/TestCase.php:222
/Users/vagner/Desenvolvimento/python/clubify-checkout/sdk/php/tests/TestCase.php:441
/Users/vagner/Desenvolvimento/python/clubify-checkout/sdk/php/tests/TestCase.php:56
/Users/vagner/Desenvolvimento/python/clubify-checkout/sdk/php/tests/Unit/UserManagement/UserManagementModuleTest.php:40</error>
        </testcase>
        <testcase name="testGetDependencies" file="/Users/vagner/Desenvolvimento/python/clubify-checkout/sdk/php/tests/Unit/UserManagement/UserManagementModuleTest.php" line="73" class="Clubify\Checkout\Tests\Unit\UserManagement\UserManagementModuleTest" classname="Clubify.Checkout.Tests.Unit.UserManagement.UserManagementModuleTest" assertions="0" time="0.000000">
          <error type="InvalidArgumentException">Clubify\Checkout\Tests\Unit\UserManagement\UserManagementModuleTest::testGetDependencies
InvalidArgumentException: getLogger() cannot be mocked as it is a private method

/Users/vagner/Desenvolvimento/python/clubify-checkout/sdk/php/vendor/mockery/mockery/library/Mockery.php:742
/Users/vagner/Desenvolvimento/python/clubify-checkout/sdk/php/vendor/mockery/mockery/library/Mockery.php:754
/Users/vagner/Desenvolvimento/python/clubify-checkout/sdk/php/vendor/mockery/mockery/library/Mockery.php:574
/Users/vagner/Desenvolvimento/python/clubify-checkout/sdk/php/tests/TestCase.php:222
/Users/vagner/Desenvolvimento/python/clubify-checkout/sdk/php/tests/TestCase.php:441
/Users/vagner/Desenvolvimento/python/clubify-checkout/sdk/php/tests/TestCase.php:56
/Users/vagner/Desenvolvimento/python/clubify-checkout/sdk/php/tests/Unit/UserManagement/UserManagementModuleTest.php:40</error>
        </testcase>
        <testcase name="testIsInitializedBeforeInitialization" file="/Users/vagner/Desenvolvimento/python/clubify-checkout/sdk/php/tests/Unit/UserManagement/UserManagementModuleTest.php" line="80" class="Clubify\Checkout\Tests\Unit\UserManagement\UserManagementModuleTest" classname="Clubify.Checkout.Tests.Unit.UserManagement.UserManagementModuleTest" assertions="0" time="0.000000">
          <error type="InvalidArgumentException">Clubify\Checkout\Tests\Unit\UserManagement\UserManagementModuleTest::testIsInitializedBeforeInitialization
InvalidArgumentException: getLogger() cannot be mocked as it is a private method

/Users/vagner/Desenvolvimento/python/clubify-checkout/sdk/php/vendor/mockery/mockery/library/Mockery.php:742
/Users/vagner/Desenvolvimento/python/clubify-checkout/sdk/php/vendor/mockery/mockery/library/Mockery.php:754
/Users/vagner/Desenvolvimento/python/clubify-checkout/sdk/php/vendor/mockery/mockery/library/Mockery.php:574
/Users/vagner/Desenvolvimento/python/clubify-checkout/sdk/php/tests/TestCase.php:222
/Users/vagner/Desenvolvimento/python/clubify-checkout/sdk/php/tests/TestCase.php:441
/Users/vagner/Desenvolvimento/python/clubify-checkout/sdk/php/tests/TestCase.php:56
/Users/vagner/Desenvolvimento/python/clubify-checkout/sdk/php/tests/Unit/UserManagement/UserManagementModuleTest.php:40</error>
        </testcase>
        <testcase name="testInitialize" file="/Users/vagner/Desenvolvimento/python/clubify-checkout/sdk/php/tests/Unit/UserManagement/UserManagementModuleTest.php" line="86" class="Clubify\Checkout\Tests\Unit\UserManagement\UserManagementModuleTest" classname="Clubify.Checkout.Tests.Unit.UserManagement.UserManagementModuleTest" assertions="0" time="0.000000">
          <error type="InvalidArgumentException">Clubify\Checkout\Tests\Unit\UserManagement\UserManagementModuleTest::testInitialize
InvalidArgumentException: getLogger() cannot be mocked as it is a private method

/Users/vagner/Desenvolvimento/python/clubify-checkout/sdk/php/vendor/mockery/mockery/library/Mockery.php:742
/Users/vagner/Desenvolvimento/python/clubify-checkout/sdk/php/vendor/mockery/mockery/library/Mockery.php:754
/Users/vagner/Desenvolvimento/python/clubify-checkout/sdk/php/vendor/mockery/mockery/library/Mockery.php:574
/Users/vagner/Desenvolvimento/python/clubify-checkout/sdk/php/tests/TestCase.php:222
/Users/vagner/Desenvolvimento/python/clubify-checkout/sdk/php/tests/TestCase.php:441
/Users/vagner/Desenvolvimento/python/clubify-checkout/sdk/php/tests/TestCase.php:56
/Users/vagner/Desenvolvimento/python/clubify-checkout/sdk/php/tests/Unit/UserManagement/UserManagementModuleTest.php:40</error>
        </testcase>
        <testcase name="testIsAvailableAfterInitialization" file="/Users/vagner/Desenvolvimento/python/clubify-checkout/sdk/php/tests/Unit/UserManagement/UserManagementModuleTest.php" line="108" class="Clubify\Checkout\Tests\Unit\UserManagement\UserManagementModuleTest" classname="Clubify.Checkout.Tests.Unit.UserManagement.UserManagementModuleTest" assertions="0" time="0.000000">
          <error type="InvalidArgumentException">Clubify\Checkout\Tests\Unit\UserManagement\UserManagementModuleTest::testIsAvailableAfterInitialization
InvalidArgumentException: getLogger() cannot be mocked as it is a private method

/Users/vagner/Desenvolvimento/python/clubify-checkout/sdk/php/vendor/mockery/mockery/library/Mockery.php:742
/Users/vagner/Desenvolvimento/python/clubify-checkout/sdk/php/vendor/mockery/mockery/library/Mockery.php:754
/Users/vagner/Desenvolvimento/python/clubify-checkout/sdk/php/vendor/mockery/mockery/library/Mockery.php:574
/Users/vagner/Desenvolvimento/python/clubify-checkout/sdk/php/tests/TestCase.php:222
/Users/vagner/Desenvolvimento/python/clubify-checkout/sdk/php/tests/TestCase.php:441
/Users/vagner/Desenvolvimento/python/clubify-checkout/sdk/php/tests/TestCase.php:56
/Users/vagner/Desenvolvimento/python/clubify-checkout/sdk/php/tests/Unit/UserManagement/UserManagementModuleTest.php:40</error>
        </testcase>
        <testcase name="testIsAvailableBeforeInitialization" file="/Users/vagner/Desenvolvimento/python/clubify-checkout/sdk/php/tests/Unit/UserManagement/UserManagementModuleTest.php" line="120" class="Clubify\Checkout\Tests\Unit\UserManagement\UserManagementModuleTest" classname="Clubify.Checkout.Tests.Unit.UserManagement.UserManagementModuleTest" assertions="0" time="0.000000">
          <error type="InvalidArgumentException">Clubify\Checkout\Tests\Unit\UserManagement\UserManagementModuleTest::testIsAvailableBeforeInitialization
InvalidArgumentException: getLogger() cannot be mocked as it is a private method

/Users/vagner/Desenvolvimento/python/clubify-checkout/sdk/php/vendor/mockery/mockery/library/Mockery.php:742
/Users/vagner/Desenvolvimento/python/clubify-checkout/sdk/php/vendor/mockery/mockery/library/Mockery.php:754
/Users/vagner/Desenvolvimento/python/clubify-checkout/sdk/php/vendor/mockery/mockery/library/Mockery.php:574
/Users/vagner/Desenvolvimento/python/clubify-checkout/sdk/php/tests/TestCase.php:222
/Users/vagner/Desenvolvimento/python/clubify-checkout/sdk/php/tests/TestCase.php:441
/Users/vagner/Desenvolvimento/python/clubify-checkout/sdk/php/tests/TestCase.php:56
/Users/vagner/Desenvolvimento/python/clubify-checkout/sdk/php/tests/Unit/UserManagement/UserManagementModuleTest.php:40</error>
        </testcase>
        <testcase name="testGetStatus" file="/Users/vagner/Desenvolvimento/python/clubify-checkout/sdk/php/tests/Unit/UserManagement/UserManagementModuleTest.php" line="129" class="Clubify\Checkout\Tests\Unit\UserManagement\UserManagementModuleTest" classname="Clubify.Checkout.Tests.Unit.UserManagement.UserManagementModuleTest" assertions="0" time="0.000000">
          <error type="InvalidArgumentException">Clubify\Checkout\Tests\Unit\UserManagement\UserManagementModuleTest::testGetStatus
InvalidArgumentException: getLogger() cannot be mocked as it is a private method

/Users/vagner/Desenvolvimento/python/clubify-checkout/sdk/php/vendor/mockery/mockery/library/Mockery.php:742
/Users/vagner/Desenvolvimento/python/clubify-checkout/sdk/php/vendor/mockery/mockery/library/Mockery.php:754
/Users/vagner/Desenvolvimento/python/clubify-checkout/sdk/php/vendor/mockery/mockery/library/Mockery.php:574
/Users/vagner/Desenvolvimento/python/clubify-checkout/sdk/php/tests/TestCase.php:222
/Users/vagner/Desenvolvimento/python/clubify-checkout/sdk/php/tests/TestCase.php:441
/Users/vagner/Desenvolvimento/python/clubify-checkout/sdk/php/tests/TestCase.php:56
/Users/vagner/Desenvolvimento/python/clubify-checkout/sdk/php/tests/Unit/UserManagement/UserManagementModuleTest.php:40</error>
        </testcase>
        <testcase name="testCleanup" file="/Users/vagner/Desenvolvimento/python/clubify-checkout/sdk/php/tests/Unit/UserManagement/UserManagementModuleTest.php" line="149" class="Clubify\Checkout\Tests\Unit\UserManagement\UserManagementModuleTest" classname="Clubify.Checkout.Tests.Unit.UserManagement.UserManagementModuleTest" assertions="0" time="0.000000">
          <error type="InvalidArgumentException">Clubify\Checkout\Tests\Unit\UserManagement\UserManagementModuleTest::testCleanup
InvalidArgumentException: getLogger() cannot be mocked as it is a private method

/Users/vagner/Desenvolvimento/python/clubify-checkout/sdk/php/vendor/mockery/mockery/library/Mockery.php:742
/Users/vagner/Desenvolvimento/python/clubify-checkout/sdk/php/vendor/mockery/mockery/library/Mockery.php:754
/Users/vagner/Desenvolvimento/python/clubify-checkout/sdk/php/vendor/mockery/mockery/library/Mockery.php:574
/Users/vagner/Desenvolvimento/python/clubify-checkout/sdk/php/tests/TestCase.php:222
/Users/vagner/Desenvolvimento/python/clubify-checkout/sdk/php/tests/TestCase.php:441
/Users/vagner/Desenvolvimento/python/clubify-checkout/sdk/php/tests/TestCase.php:56
/Users/vagner/Desenvolvimento/python/clubify-checkout/sdk/php/tests/Unit/UserManagement/UserManagementModuleTest.php:40</error>
        </testcase>
        <testcase name="testIsHealthyWhenInitializedAndServiceHealthy" file="/Users/vagner/Desenvolvimento/python/clubify-checkout/sdk/php/tests/Unit/UserManagement/UserManagementModuleTest.php" line="165" class="Clubify\Checkout\Tests\Unit\UserManagement\UserManagementModuleTest" classname="Clubify.Checkout.Tests.Unit.UserManagement.UserManagementModuleTest" assertions="0" time="0.000000">
          <error type="InvalidArgumentException">Clubify\Checkout\Tests\Unit\UserManagement\UserManagementModuleTest::testIsHealthyWhenInitializedAndServiceHealthy
InvalidArgumentException: getLogger() cannot be mocked as it is a private method

/Users/vagner/Desenvolvimento/python/clubify-checkout/sdk/php/vendor/mockery/mockery/library/Mockery.php:742
/Users/vagner/Desenvolvimento/python/clubify-checkout/sdk/php/vendor/mockery/mockery/library/Mockery.php:754
/Users/vagner/Desenvolvimento/python/clubify-checkout/sdk/php/vendor/mockery/mockery/library/Mockery.php:574
/Users/vagner/Desenvolvimento/python/clubify-checkout/sdk/php/tests/TestCase.php:222
/Users/vagner/Desenvolvimento/python/clubify-checkout/sdk/php/tests/TestCase.php:441
/Users/vagner/Desenvolvimento/python/clubify-checkout/sdk/php/tests/TestCase.php:56
/Users/vagner/Desenvolvimento/python/clubify-checkout/sdk/php/tests/Unit/UserManagement/UserManagementModuleTest.php:40</error>
        </testcase>
        <testcase name="testIsHealthyWhenNotInitialized" file="/Users/vagner/Desenvolvimento/python/clubify-checkout/sdk/php/tests/Unit/UserManagement/UserManagementModuleTest.php" line="177" class="Clubify\Checkout\Tests\Unit\UserManagement\UserManagementModuleTest" classname="Clubify.Checkout.Tests.Unit.UserManagement.UserManagementModuleTest" assertions="0" time="0.000000">
          <error type="InvalidArgumentException">Clubify\Checkout\Tests\Unit\UserManagement\UserManagementModuleTest::testIsHealthyWhenNotInitialized
InvalidArgumentException: getLogger() cannot be mocked as it is a private method

/Users/vagner/Desenvolvimento/python/clubify-checkout/sdk/php/vendor/mockery/mockery/library/Mockery.php:742
/Users/vagner/Desenvolvimento/python/clubify-checkout/sdk/php/vendor/mockery/mockery/library/Mockery.php:754
/Users/vagner/Desenvolvimento/python/clubify-checkout/sdk/php/vendor/mockery/mockery/library/Mockery.php:574
/Users/vagner/Desenvolvimento/python/clubify-checkout/sdk/php/tests/TestCase.php:222
/Users/vagner/Desenvolvimento/python/clubify-checkout/sdk/php/tests/TestCase.php:441
/Users/vagner/Desenvolvimento/python/clubify-checkout/sdk/php/tests/TestCase.php:56
/Users/vagner/Desenvolvimento/python/clubify-checkout/sdk/php/tests/Unit/UserManagement/UserManagementModuleTest.php:40</error>
        </testcase>
        <testcase name="testIsHealthyWhenServiceUnhealthy" file="/Users/vagner/Desenvolvimento/python/clubify-checkout/sdk/php/tests/Unit/UserManagement/UserManagementModuleTest.php" line="186" class="Clubify\Checkout\Tests\Unit\UserManagement\UserManagementModuleTest" classname="Clubify.Checkout.Tests.Unit.UserManagement.UserManagementModuleTest" assertions="0" time="0.000000">
          <error type="InvalidArgumentException">Clubify\Checkout\Tests\Unit\UserManagement\UserManagementModuleTest::testIsHealthyWhenServiceUnhealthy
InvalidArgumentException: getLogger() cannot be mocked as it is a private method

/Users/vagner/Desenvolvimento/python/clubify-checkout/sdk/php/vendor/mockery/mockery/library/Mockery.php:742
/Users/vagner/Desenvolvimento/python/clubify-checkout/sdk/php/vendor/mockery/mockery/library/Mockery.php:754
/Users/vagner/Desenvolvimento/python/clubify-checkout/sdk/php/vendor/mockery/mockery/library/Mockery.php:574
/Users/vagner/Desenvolvimento/python/clubify-checkout/sdk/php/tests/TestCase.php:222
/Users/vagner/Desenvolvimento/python/clubify-checkout/sdk/php/tests/TestCase.php:441
/Users/vagner/Desenvolvimento/python/clubify-checkout/sdk/php/tests/TestCase.php:56
/Users/vagner/Desenvolvimento/python/clubify-checkout/sdk/php/tests/Unit/UserManagement/UserManagementModuleTest.php:40</error>
        </testcase>
        <testcase name="testIsHealthyWithException" file="/Users/vagner/Desenvolvimento/python/clubify-checkout/sdk/php/tests/Unit/UserManagement/UserManagementModuleTest.php" line="207" class="Clubify\Checkout\Tests\Unit\UserManagement\UserManagementModuleTest" classname="Clubify.Checkout.Tests.Unit.UserManagement.UserManagementModuleTest" assertions="0" time="0.000000">
          <error type="InvalidArgumentException">Clubify\Checkout\Tests\Unit\UserManagement\UserManagementModuleTest::testIsHealthyWithException
InvalidArgumentException: getLogger() cannot be mocked as it is a private method

/Users/vagner/Desenvolvimento/python/clubify-checkout/sdk/php/vendor/mockery/mockery/library/Mockery.php:742
/Users/vagner/Desenvolvimento/python/clubify-checkout/sdk/php/vendor/mockery/mockery/library/Mockery.php:754
/Users/vagner/Desenvolvimento/python/clubify-checkout/sdk/php/vendor/mockery/mockery/library/Mockery.php:574
/Users/vagner/Desenvolvimento/python/clubify-checkout/sdk/php/tests/TestCase.php:222
/Users/vagner/Desenvolvimento/python/clubify-checkout/sdk/php/tests/TestCase.php:441
/Users/vagner/Desenvolvimento/python/clubify-checkout/sdk/php/tests/TestCase.php:56
/Users/vagner/Desenvolvimento/python/clubify-checkout/sdk/php/tests/Unit/UserManagement/UserManagementModuleTest.php:40</error>
        </testcase>
        <testcase name="testGetStats" file="/Users/vagner/Desenvolvimento/python/clubify-checkout/sdk/php/tests/Unit/UserManagement/UserManagementModuleTest.php" line="232" class="Clubify\Checkout\Tests\Unit\UserManagement\UserManagementModuleTest" classname="Clubify.Checkout.Tests.Unit.UserManagement.UserManagementModuleTest" assertions="0" time="0.000000">
          <error type="InvalidArgumentException">Clubify\Checkout\Tests\Unit\UserManagement\UserManagementModuleTest::testGetStats
InvalidArgumentException: getLogger() cannot be mocked as it is a private method

/Users/vagner/Desenvolvimento/python/clubify-checkout/sdk/php/vendor/mockery/mockery/library/Mockery.php:742
/Users/vagner/Desenvolvimento/python/clubify-checkout/sdk/php/vendor/mockery/mockery/library/Mockery.php:754
/Users/vagner/Desenvolvimento/python/clubify-checkout/sdk/php/vendor/mockery/mockery/library/Mockery.php:574
/Users/vagner/Desenvolvimento/python/clubify-checkout/sdk/php/tests/TestCase.php:222
/Users/vagner/Desenvolvimento/python/clubify-checkout/sdk/php/tests/TestCase.php:441
/Users/vagner/Desenvolvimento/python/clubify-checkout/sdk/php/tests/TestCase.php:56
/Users/vagner/Desenvolvimento/python/clubify-checkout/sdk/php/tests/Unit/UserManagement/UserManagementModuleTest.php:40</error>
        </testcase>
        <testcase name="testCreateUser" file="/Users/vagner/Desenvolvimento/python/clubify-checkout/sdk/php/tests/Unit/UserManagement/UserManagementModuleTest.php" line="252" class="Clubify\Checkout\Tests\Unit\UserManagement\UserManagementModuleTest" classname="Clubify.Checkout.Tests.Unit.UserManagement.UserManagementModuleTest" assertions="0" time="0.000000">
          <error type="InvalidArgumentException">Clubify\Checkout\Tests\Unit\UserManagement\UserManagementModuleTest::testCreateUser
InvalidArgumentException: getLogger() cannot be mocked as it is a private method

/Users/vagner/Desenvolvimento/python/clubify-checkout/sdk/php/vendor/mockery/mockery/library/Mockery.php:742
/Users/vagner/Desenvolvimento/python/clubify-checkout/sdk/php/vendor/mockery/mockery/library/Mockery.php:754
/Users/vagner/Desenvolvimento/python/clubify-checkout/sdk/php/vendor/mockery/mockery/library/Mockery.php:574
/Users/vagner/Desenvolvimento/python/clubify-checkout/sdk/php/tests/TestCase.php:222
/Users/vagner/Desenvolvimento/python/clubify-checkout/sdk/php/tests/TestCase.php:441
/Users/vagner/Desenvolvimento/python/clubify-checkout/sdk/php/tests/TestCase.php:56
/Users/vagner/Desenvolvimento/python/clubify-checkout/sdk/php/tests/Unit/UserManagement/UserManagementModuleTest.php:40</error>
        </testcase>
        <testcase name="testCreateUserRequiresInitialization" file="/Users/vagner/Desenvolvimento/python/clubify-checkout/sdk/php/tests/Unit/UserManagement/UserManagementModuleTest.php" line="276" class="Clubify\Checkout\Tests\Unit\UserManagement\UserManagementModuleTest" classname="Clubify.Checkout.Tests.Unit.UserManagement.UserManagementModuleTest" assertions="0" time="0.000000">
          <error type="InvalidArgumentException">Clubify\Checkout\Tests\Unit\UserManagement\UserManagementModuleTest::testCreateUserRequiresInitialization
InvalidArgumentException: getLogger() cannot be mocked as it is a private method

/Users/vagner/Desenvolvimento/python/clubify-checkout/sdk/php/vendor/mockery/mockery/library/Mockery.php:742
/Users/vagner/Desenvolvimento/python/clubify-checkout/sdk/php/vendor/mockery/mockery/library/Mockery.php:754
/Users/vagner/Desenvolvimento/python/clubify-checkout/sdk/php/vendor/mockery/mockery/library/Mockery.php:574
/Users/vagner/Desenvolvimento/python/clubify-checkout/sdk/php/tests/TestCase.php:222
/Users/vagner/Desenvolvimento/python/clubify-checkout/sdk/php/tests/TestCase.php:441
/Users/vagner/Desenvolvimento/python/clubify-checkout/sdk/php/tests/TestCase.php:56
/Users/vagner/Desenvolvimento/python/clubify-checkout/sdk/php/tests/Unit/UserManagement/UserManagementModuleTest.php:40</error>
        </testcase>
        <testcase name="testGetUser" file="/Users/vagner/Desenvolvimento/python/clubify-checkout/sdk/php/tests/Unit/UserManagement/UserManagementModuleTest.php" line="288" class="Clubify\Checkout\Tests\Unit\UserManagement\UserManagementModuleTest" classname="Clubify.Checkout.Tests.Unit.UserManagement.UserManagementModuleTest" assertions="0" time="0.000000">
          <error type="InvalidArgumentException">Clubify\Checkout\Tests\Unit\UserManagement\UserManagementModuleTest::testGetUser
InvalidArgumentException: getLogger() cannot be mocked as it is a private method

/Users/vagner/Desenvolvimento/python/clubify-checkout/sdk/php/vendor/mockery/mockery/library/Mockery.php:742
/Users/vagner/Desenvolvimento/python/clubify-checkout/sdk/php/vendor/mockery/mockery/library/Mockery.php:754
/Users/vagner/Desenvolvimento/python/clubify-checkout/sdk/php/vendor/mockery/mockery/library/Mockery.php:574
/Users/vagner/Desenvolvimento/python/clubify-checkout/sdk/php/tests/TestCase.php:222
/Users/vagner/Desenvolvimento/python/clubify-checkout/sdk/php/tests/TestCase.php:441
/Users/vagner/Desenvolvimento/python/clubify-checkout/sdk/php/tests/TestCase.php:56
/Users/vagner/Desenvolvimento/python/clubify-checkout/sdk/php/tests/Unit/UserManagement/UserManagementModuleTest.php:40</error>
        </testcase>
        <testcase name="testUpdateUser" file="/Users/vagner/Desenvolvimento/python/clubify-checkout/sdk/php/tests/Unit/UserManagement/UserManagementModuleTest.php" line="312" class="Clubify\Checkout\Tests\Unit\UserManagement\UserManagementModuleTest" classname="Clubify.Checkout.Tests.Unit.UserManagement.UserManagementModuleTest" assertions="0" time="0.000000">
          <error type="InvalidArgumentException">Clubify\Checkout\Tests\Unit\UserManagement\UserManagementModuleTest::testUpdateUser
InvalidArgumentException: getLogger() cannot be mocked as it is a private method

/Users/vagner/Desenvolvimento/python/clubify-checkout/sdk/php/vendor/mockery/mockery/library/Mockery.php:742
/Users/vagner/Desenvolvimento/python/clubify-checkout/sdk/php/vendor/mockery/mockery/library/Mockery.php:754
/Users/vagner/Desenvolvimento/python/clubify-checkout/sdk/php/vendor/mockery/mockery/library/Mockery.php:574
/Users/vagner/Desenvolvimento/python/clubify-checkout/sdk/php/tests/TestCase.php:222
/Users/vagner/Desenvolvimento/python/clubify-checkout/sdk/php/tests/TestCase.php:441
/Users/vagner/Desenvolvimento/python/clubify-checkout/sdk/php/tests/TestCase.php:56
/Users/vagner/Desenvolvimento/python/clubify-checkout/sdk/php/tests/Unit/UserManagement/UserManagementModuleTest.php:40</error>
        </testcase>
        <testcase name="testDeleteUser" file="/Users/vagner/Desenvolvimento/python/clubify-checkout/sdk/php/tests/Unit/UserManagement/UserManagementModuleTest.php" line="337" class="Clubify\Checkout\Tests\Unit\UserManagement\UserManagementModuleTest" classname="Clubify.Checkout.Tests.Unit.UserManagement.UserManagementModuleTest" assertions="0" time="0.000000">
          <error type="InvalidArgumentException">Clubify\Checkout\Tests\Unit\UserManagement\UserManagementModuleTest::testDeleteUser
InvalidArgumentException: getLogger() cannot be mocked as it is a private method

/Users/vagner/Desenvolvimento/python/clubify-checkout/sdk/php/vendor/mockery/mockery/library/Mockery.php:742
/Users/vagner/Desenvolvimento/python/clubify-checkout/sdk/php/vendor/mockery/mockery/library/Mockery.php:754
/Users/vagner/Desenvolvimento/python/clubify-checkout/sdk/php/vendor/mockery/mockery/library/Mockery.php:574
/Users/vagner/Desenvolvimento/python/clubify-checkout/sdk/php/tests/TestCase.php:222
/Users/vagner/Desenvolvimento/python/clubify-checkout/sdk/php/tests/TestCase.php:441
/Users/vagner/Desenvolvimento/python/clubify-checkout/sdk/php/tests/TestCase.php:56
/Users/vagner/Desenvolvimento/python/clubify-checkout/sdk/php/tests/Unit/UserManagement/UserManagementModuleTest.php:40</error>
        </testcase>
        <testcase name="testListUsers" file="/Users/vagner/Desenvolvimento/python/clubify-checkout/sdk/php/tests/Unit/UserManagement/UserManagementModuleTest.php" line="361" class="Clubify\Checkout\Tests\Unit\UserManagement\UserManagementModuleTest" classname="Clubify.Checkout.Tests.Unit.UserManagement.UserManagementModuleTest" assertions="0" time="0.000000">
          <error type="InvalidArgumentException">Clubify\Checkout\Tests\Unit\UserManagement\UserManagementModuleTest::testListUsers
InvalidArgumentException: getLogger() cannot be mocked as it is a private method

/Users/vagner/Desenvolvimento/python/clubify-checkout/sdk/php/vendor/mockery/mockery/library/Mockery.php:742
/Users/vagner/Desenvolvimento/python/clubify-checkout/sdk/php/vendor/mockery/mockery/library/Mockery.php:754
/Users/vagner/Desenvolvimento/python/clubify-checkout/sdk/php/vendor/mockery/mockery/library/Mockery.php:574
/Users/vagner/Desenvolvimento/python/clubify-checkout/sdk/php/tests/TestCase.php:222
/Users/vagner/Desenvolvimento/python/clubify-checkout/sdk/php/tests/TestCase.php:441
/Users/vagner/Desenvolvimento/python/clubify-checkout/sdk/php/tests/TestCase.php:56
/Users/vagner/Desenvolvimento/python/clubify-checkout/sdk/php/tests/Unit/UserManagement/UserManagementModuleTest.php:40</error>
        </testcase>
        <testcase name="testUpdateUserProfile" file="/Users/vagner/Desenvolvimento/python/clubify-checkout/sdk/php/tests/Unit/UserManagement/UserManagementModuleTest.php" line="389" class="Clubify\Checkout\Tests\Unit\UserManagement\UserManagementModuleTest" classname="Clubify.Checkout.Tests.Unit.UserManagement.UserManagementModuleTest" assertions="0" time="0.000000">
          <error type="InvalidArgumentException">Clubify\Checkout\Tests\Unit\UserManagement\UserManagementModuleTest::testUpdateUserProfile
InvalidArgumentException: getLogger() cannot be mocked as it is a private method

/Users/vagner/Desenvolvimento/python/clubify-checkout/sdk/php/vendor/mockery/mockery/library/Mockery.php:742
/Users/vagner/Desenvolvimento/python/clubify-checkout/sdk/php/vendor/mockery/mockery/library/Mockery.php:754
/Users/vagner/Desenvolvimento/python/clubify-checkout/sdk/php/vendor/mockery/mockery/library/Mockery.php:574
/Users/vagner/Desenvolvimento/python/clubify-checkout/sdk/php/tests/TestCase.php:222
/Users/vagner/Desenvolvimento/python/clubify-checkout/sdk/php/tests/TestCase.php:441
/Users/vagner/Desenvolvimento/python/clubify-checkout/sdk/php/tests/TestCase.php:56
/Users/vagner/Desenvolvimento/python/clubify-checkout/sdk/php/tests/Unit/UserManagement/UserManagementModuleTest.php:40</error>
        </testcase>
        <testcase name="testGetUserRoles" file="/Users/vagner/Desenvolvimento/python/clubify-checkout/sdk/php/tests/Unit/UserManagement/UserManagementModuleTest.php" line="415" class="Clubify\Checkout\Tests\Unit\UserManagement\UserManagementModuleTest" classname="Clubify.Checkout.Tests.Unit.UserManagement.UserManagementModuleTest" assertions="0" time="0.000000">
          <error type="InvalidArgumentException">Clubify\Checkout\Tests\Unit\UserManagement\UserManagementModuleTest::testGetUserRoles
InvalidArgumentException: getLogger() cannot be mocked as it is a private method

/Users/vagner/Desenvolvimento/python/clubify-checkout/sdk/php/vendor/mockery/mockery/library/Mockery.php:742
/Users/vagner/Desenvolvimento/python/clubify-checkout/sdk/php/vendor/mockery/mockery/library/Mockery.php:754
/Users/vagner/Desenvolvimento/python/clubify-checkout/sdk/php/vendor/mockery/mockery/library/Mockery.php:574
/Users/vagner/Desenvolvimento/python/clubify-checkout/sdk/php/tests/TestCase.php:222
/Users/vagner/Desenvolvimento/python/clubify-checkout/sdk/php/tests/TestCase.php:441
/Users/vagner/Desenvolvimento/python/clubify-checkout/sdk/php/tests/TestCase.php:56
/Users/vagner/Desenvolvimento/python/clubify-checkout/sdk/php/tests/Unit/UserManagement/UserManagementModuleTest.php:40</error>
        </testcase>
        <testcase name="testFindUserByEmail" file="/Users/vagner/Desenvolvimento/python/clubify-checkout/sdk/php/tests/Unit/UserManagement/UserManagementModuleTest.php" line="440" class="Clubify\Checkout\Tests\Unit\UserManagement\UserManagementModuleTest" classname="Clubify.Checkout.Tests.Unit.UserManagement.UserManagementModuleTest" assertions="0" time="0.000000">
          <error type="InvalidArgumentException">Clubify\Checkout\Tests\Unit\UserManagement\UserManagementModuleTest::testFindUserByEmail
InvalidArgumentException: getLogger() cannot be mocked as it is a private method

/Users/vagner/Desenvolvimento/python/clubify-checkout/sdk/php/vendor/mockery/mockery/library/Mockery.php:742
/Users/vagner/Desenvolvimento/python/clubify-checkout/sdk/php/vendor/mockery/mockery/library/Mockery.php:754
/Users/vagner/Desenvolvimento/python/clubify-checkout/sdk/php/vendor/mockery/mockery/library/Mockery.php:574
/Users/vagner/Desenvolvimento/python/clubify-checkout/sdk/php/tests/TestCase.php:222
/Users/vagner/Desenvolvimento/python/clubify-checkout/sdk/php/tests/TestCase.php:441
/Users/vagner/Desenvolvimento/python/clubify-checkout/sdk/php/tests/TestCase.php:56
/Users/vagner/Desenvolvimento/python/clubify-checkout/sdk/php/tests/Unit/UserManagement/UserManagementModuleTest.php:40</error>
        </testcase>
        <testcase name="testChangePassword" file="/Users/vagner/Desenvolvimento/python/clubify-checkout/sdk/php/tests/Unit/UserManagement/UserManagementModuleTest.php" line="463" class="Clubify\Checkout\Tests\Unit\UserManagement\UserManagementModuleTest" classname="Clubify.Checkout.Tests.Unit.UserManagement.UserManagementModuleTest" assertions="0" time="0.000000">
          <error type="InvalidArgumentException">Clubify\Checkout\Tests\Unit\UserManagement\UserManagementModuleTest::testChangePassword
InvalidArgumentException: getLogger() cannot be mocked as it is a private method

/Users/vagner/Desenvolvimento/python/clubify-checkout/sdk/php/vendor/mockery/mockery/library/Mockery.php:742
/Users/vagner/Desenvolvimento/python/clubify-checkout/sdk/php/vendor/mockery/mockery/library/Mockery.php:754
/Users/vagner/Desenvolvimento/python/clubify-checkout/sdk/php/vendor/mockery/mockery/library/Mockery.php:574
/Users/vagner/Desenvolvimento/python/clubify-checkout/sdk/php/tests/TestCase.php:222
/Users/vagner/Desenvolvimento/python/clubify-checkout/sdk/php/tests/TestCase.php:441
/Users/vagner/Desenvolvimento/python/clubify-checkout/sdk/php/tests/TestCase.php:56
/Users/vagner/Desenvolvimento/python/clubify-checkout/sdk/php/tests/Unit/UserManagement/UserManagementModuleTest.php:40</error>
        </testcase>
        <testcase name="testActivateUser" file="/Users/vagner/Desenvolvimento/python/clubify-checkout/sdk/php/tests/Unit/UserManagement/UserManagementModuleTest.php" line="488" class="Clubify\Checkout\Tests\Unit\UserManagement\UserManagementModuleTest" classname="Clubify.Checkout.Tests.Unit.UserManagement.UserManagementModuleTest" assertions="0" time="0.000000">
          <error type="InvalidArgumentException">Clubify\Checkout\Tests\Unit\UserManagement\UserManagementModuleTest::testActivateUser
InvalidArgumentException: getLogger() cannot be mocked as it is a private method

/Users/vagner/Desenvolvimento/python/clubify-checkout/sdk/php/vendor/mockery/mockery/library/Mockery.php:742
/Users/vagner/Desenvolvimento/python/clubify-checkout/sdk/php/vendor/mockery/mockery/library/Mockery.php:754
/Users/vagner/Desenvolvimento/python/clubify-checkout/sdk/php/vendor/mockery/mockery/library/Mockery.php:574
/Users/vagner/Desenvolvimento/python/clubify-checkout/sdk/php/tests/TestCase.php:222
/Users/vagner/Desenvolvimento/python/clubify-checkout/sdk/php/tests/TestCase.php:441
/Users/vagner/Desenvolvimento/python/clubify-checkout/sdk/php/tests/TestCase.php:56
/Users/vagner/Desenvolvimento/python/clubify-checkout/sdk/php/tests/Unit/UserManagement/UserManagementModuleTest.php:40</error>
        </testcase>
        <testcase name="testDeactivateUser" file="/Users/vagner/Desenvolvimento/python/clubify-checkout/sdk/php/tests/Unit/UserManagement/UserManagementModuleTest.php" line="512" class="Clubify\Checkout\Tests\Unit\UserManagement\UserManagementModuleTest" classname="Clubify.Checkout.Tests.Unit.UserManagement.UserManagementModuleTest" assertions="0" time="0.000000">
          <error type="InvalidArgumentException">Clubify\Checkout\Tests\Unit\UserManagement\UserManagementModuleTest::testDeactivateUser
InvalidArgumentException: getLogger() cannot be mocked as it is a private method

/Users/vagner/Desenvolvimento/python/clubify-checkout/sdk/php/vendor/mockery/mockery/library/Mockery.php:742
/Users/vagner/Desenvolvimento/python/clubify-checkout/sdk/php/vendor/mockery/mockery/library/Mockery.php:754
/Users/vagner/Desenvolvimento/python/clubify-checkout/sdk/php/vendor/mockery/mockery/library/Mockery.php:574
/Users/vagner/Desenvolvimento/python/clubify-checkout/sdk/php/tests/TestCase.php:222
/Users/vagner/Desenvolvimento/python/clubify-checkout/sdk/php/tests/TestCase.php:441
/Users/vagner/Desenvolvimento/python/clubify-checkout/sdk/php/tests/TestCase.php:56
/Users/vagner/Desenvolvimento/python/clubify-checkout/sdk/php/tests/Unit/UserManagement/UserManagementModuleTest.php:40</error>
        </testcase>
        <testcase name="testLazyLoadingOfFactory" file="/Users/vagner/Desenvolvimento/python/clubify-checkout/sdk/php/tests/Unit/UserManagement/UserManagementModuleTest.php" line="536" class="Clubify\Checkout\Tests\Unit\UserManagement\UserManagementModuleTest" classname="Clubify.Checkout.Tests.Unit.UserManagement.UserManagementModuleTest" assertions="0" time="0.000000">
          <error type="InvalidArgumentException">Clubify\Checkout\Tests\Unit\UserManagement\UserManagementModuleTest::testLazyLoadingOfFactory
InvalidArgumentException: getLogger() cannot be mocked as it is a private method

/Users/vagner/Desenvolvimento/python/clubify-checkout/sdk/php/vendor/mockery/mockery/library/Mockery.php:742
/Users/vagner/Desenvolvimento/python/clubify-checkout/sdk/php/vendor/mockery/mockery/library/Mockery.php:754
/Users/vagner/Desenvolvimento/python/clubify-checkout/sdk/php/vendor/mockery/mockery/library/Mockery.php:574
/Users/vagner/Desenvolvimento/python/clubify-checkout/sdk/php/tests/TestCase.php:222
/Users/vagner/Desenvolvimento/python/clubify-checkout/sdk/php/tests/TestCase.php:441
/Users/vagner/Desenvolvimento/python/clubify-checkout/sdk/php/tests/TestCase.php:56
/Users/vagner/Desenvolvimento/python/clubify-checkout/sdk/php/tests/Unit/UserManagement/UserManagementModuleTest.php:40</error>
        </testcase>
        <testcase name="testLazyLoadingOfUserService" file="/Users/vagner/Desenvolvimento/python/clubify-checkout/sdk/php/tests/Unit/UserManagement/UserManagementModuleTest.php" line="563" class="Clubify\Checkout\Tests\Unit\UserManagement\UserManagementModuleTest" classname="Clubify.Checkout.Tests.Unit.UserManagement.UserManagementModuleTest" assertions="0" time="0.000000">
          <error type="InvalidArgumentException">Clubify\Checkout\Tests\Unit\UserManagement\UserManagementModuleTest::testLazyLoadingOfUserService
InvalidArgumentException: getLogger() cannot be mocked as it is a private method

/Users/vagner/Desenvolvimento/python/clubify-checkout/sdk/php/vendor/mockery/mockery/library/Mockery.php:742
/Users/vagner/Desenvolvimento/python/clubify-checkout/sdk/php/vendor/mockery/mockery/library/Mockery.php:754
/Users/vagner/Desenvolvimento/python/clubify-checkout/sdk/php/vendor/mockery/mockery/library/Mockery.php:574
/Users/vagner/Desenvolvimento/python/clubify-checkout/sdk/php/tests/TestCase.php:222
/Users/vagner/Desenvolvimento/python/clubify-checkout/sdk/php/tests/TestCase.php:441
/Users/vagner/Desenvolvimento/python/clubify-checkout/sdk/php/tests/TestCase.php:56
/Users/vagner/Desenvolvimento/python/clubify-checkout/sdk/php/tests/Unit/UserManagement/UserManagementModuleTest.php:40</error>
        </testcase>
      </testsuite>
    </testsuite>
    <testsuite name="Unit Tests" tests="171" assertions="0" errors="171" failures="0" skipped="0" time="0.000000">
      <testsuite name="Clubify\Checkout\Tests\Unit\Orders\OrderDataTest" file="/Users/vagner/Desenvolvimento/python/clubify-checkout/sdk/php/tests/Unit/Orders/OrderDataTest.php" tests="15" assertions="0" errors="15" failures="0" skipped="0" time="0.000000">
        <testcase name="it_can_be_created_with_valid_data" file="/Users/vagner/Desenvolvimento/python/clubify-checkout/sdk/php/tests/Unit/Orders/OrderDataTest.php" line="31" class="Clubify\Checkout\Tests\Unit\Orders\OrderDataTest" classname="Clubify.Checkout.Tests.Unit.Orders.OrderDataTest" assertions="0" time="0.000000">
          <error type="InvalidArgumentException">Clubify\Checkout\Tests\Unit\Orders\OrderDataTest::it_can_be_created_with_valid_data
InvalidArgumentException: getLogger() cannot be mocked as it is a private method

/Users/vagner/Desenvolvimento/python/clubify-checkout/sdk/php/vendor/mockery/mockery/library/Mockery.php:742
/Users/vagner/Desenvolvimento/python/clubify-checkout/sdk/php/vendor/mockery/mockery/library/Mockery.php:754
/Users/vagner/Desenvolvimento/python/clubify-checkout/sdk/php/vendor/mockery/mockery/library/Mockery.php:574
/Users/vagner/Desenvolvimento/python/clubify-checkout/sdk/php/tests/TestCase.php:222
/Users/vagner/Desenvolvimento/python/clubify-checkout/sdk/php/tests/TestCase.php:441
/Users/vagner/Desenvolvimento/python/clubify-checkout/sdk/php/tests/TestCase.php:56</error>
        </testcase>
        <testcase name="it_validates_required_fields" file="/Users/vagner/Desenvolvimento/python/clubify-checkout/sdk/php/tests/Unit/Orders/OrderDataTest.php" line="74" class="Clubify\Checkout\Tests\Unit\Orders\OrderDataTest" classname="Clubify.Checkout.Tests.Unit.Orders.OrderDataTest" assertions="0" time="0.000000">
          <error type="InvalidArgumentException">Clubify\Checkout\Tests\Unit\Orders\OrderDataTest::it_validates_required_fields
InvalidArgumentException: getLogger() cannot be mocked as it is a private method

/Users/vagner/Desenvolvimento/python/clubify-checkout/sdk/php/vendor/mockery/mockery/library/Mockery.php:742
/Users/vagner/Desenvolvimento/python/clubify-checkout/sdk/php/vendor/mockery/mockery/library/Mockery.php:754
/Users/vagner/Desenvolvimento/python/clubify-checkout/sdk/php/vendor/mockery/mockery/library/Mockery.php:574
/Users/vagner/Desenvolvimento/python/clubify-checkout/sdk/php/tests/TestCase.php:222
/Users/vagner/Desenvolvimento/python/clubify-checkout/sdk/php/tests/TestCase.php:441
/Users/vagner/Desenvolvimento/python/clubify-checkout/sdk/php/tests/TestCase.php:56</error>
        </testcase>
        <testcase name="it_validates_status_values" file="/Users/vagner/Desenvolvimento/python/clubify-checkout/sdk/php/tests/Unit/Orders/OrderDataTest.php" line="90" class="Clubify\Checkout\Tests\Unit\Orders\OrderDataTest" classname="Clubify.Checkout.Tests.Unit.Orders.OrderDataTest" assertions="0" time="0.000000">
          <error type="InvalidArgumentException">Clubify\Checkout\Tests\Unit\Orders\OrderDataTest::it_validates_status_values
InvalidArgumentException: getLogger() cannot be mocked as it is a private method

/Users/vagner/Desenvolvimento/python/clubify-checkout/sdk/php/vendor/mockery/mockery/library/Mockery.php:742
/Users/vagner/Desenvolvimento/python/clubify-checkout/sdk/php/vendor/mockery/mockery/library/Mockery.php:754
/Users/vagner/Desenvolvimento/python/clubify-checkout/sdk/php/vendor/mockery/mockery/library/Mockery.php:574
/Users/vagner/Desenvolvimento/python/clubify-checkout/sdk/php/tests/TestCase.php:222
/Users/vagner/Desenvolvimento/python/clubify-checkout/sdk/php/tests/TestCase.php:441
/Users/vagner/Desenvolvimento/python/clubify-checkout/sdk/php/tests/TestCase.php:56</error>
        </testcase>
        <testcase name="it_validates_minimum_items" file="/Users/vagner/Desenvolvimento/python/clubify-checkout/sdk/php/tests/Unit/Orders/OrderDataTest.php" line="106" class="Clubify\Checkout\Tests\Unit\Orders\OrderDataTest" classname="Clubify.Checkout.Tests.Unit.Orders.OrderDataTest" assertions="0" time="0.000000">
          <error type="InvalidArgumentException">Clubify\Checkout\Tests\Unit\Orders\OrderDataTest::it_validates_minimum_items
InvalidArgumentException: getLogger() cannot be mocked as it is a private method

/Users/vagner/Desenvolvimento/python/clubify-checkout/sdk/php/vendor/mockery/mockery/library/Mockery.php:742
/Users/vagner/Desenvolvimento/python/clubify-checkout/sdk/php/vendor/mockery/mockery/library/Mockery.php:754
/Users/vagner/Desenvolvimento/python/clubify-checkout/sdk/php/vendor/mockery/mockery/library/Mockery.php:574
/Users/vagner/Desenvolvimento/python/clubify-checkout/sdk/php/tests/TestCase.php:222
/Users/vagner/Desenvolvimento/python/clubify-checkout/sdk/php/tests/TestCase.php:441
/Users/vagner/Desenvolvimento/python/clubify-checkout/sdk/php/tests/TestCase.php:56</error>
        </testcase>
        <testcase name="it_validates_total_against_items" file="/Users/vagner/Desenvolvimento/python/clubify-checkout/sdk/php/tests/Unit/Orders/OrderDataTest.php" line="122" class="Clubify\Checkout\Tests\Unit\Orders\OrderDataTest" classname="Clubify.Checkout.Tests.Unit.Orders.OrderDataTest" assertions="0" time="0.000000">
          <error type="InvalidArgumentException">Clubify\Checkout\Tests\Unit\Orders\OrderDataTest::it_validates_total_against_items
InvalidArgumentException: getLogger() cannot be mocked as it is a private method

/Users/vagner/Desenvolvimento/python/clubify-checkout/sdk/php/vendor/mockery/mockery/library/Mockery.php:742
/Users/vagner/Desenvolvimento/python/clubify-checkout/sdk/php/vendor/mockery/mockery/library/Mockery.php:754
/Users/vagner/Desenvolvimento/python/clubify-checkout/sdk/php/vendor/mockery/mockery/library/Mockery.php:574
/Users/vagner/Desenvolvimento/python/clubify-checkout/sdk/php/tests/TestCase.php:222
/Users/vagner/Desenvolvimento/python/clubify-checkout/sdk/php/tests/TestCase.php:441
/Users/vagner/Desenvolvimento/python/clubify-checkout/sdk/php/tests/TestCase.php:56</error>
        </testcase>
        <testcase name="it_can_be_created_from_array" file="/Users/vagner/Desenvolvimento/python/clubify-checkout/sdk/php/tests/Unit/Orders/OrderDataTest.php" line="150" class="Clubify\Checkout\Tests\Unit\Orders\OrderDataTest" classname="Clubify.Checkout.Tests.Unit.Orders.OrderDataTest" assertions="0" time="0.000000">
          <error type="InvalidArgumentException">Clubify\Checkout\Tests\Unit\Orders\OrderDataTest::it_can_be_created_from_array
InvalidArgumentException: getLogger() cannot be mocked as it is a private method

/Users/vagner/Desenvolvimento/python/clubify-checkout/sdk/php/vendor/mockery/mockery/library/Mockery.php:742
/Users/vagner/Desenvolvimento/python/clubify-checkout/sdk/php/vendor/mockery/mockery/library/Mockery.php:754
/Users/vagner/Desenvolvimento/python/clubify-checkout/sdk/php/vendor/mockery/mockery/library/Mockery.php:574
/Users/vagner/Desenvolvimento/python/clubify-checkout/sdk/php/tests/TestCase.php:222
/Users/vagner/Desenvolvimento/python/clubify-checkout/sdk/php/tests/TestCase.php:441
/Users/vagner/Desenvolvimento/python/clubify-checkout/sdk/php/tests/TestCase.php:56</error>
        </testcase>
        <testcase name="it_converts_to_array_correctly" file="/Users/vagner/Desenvolvimento/python/clubify-checkout/sdk/php/tests/Unit/Orders/OrderDataTest.php" line="203" class="Clubify\Checkout\Tests\Unit\Orders\OrderDataTest" classname="Clubify.Checkout.Tests.Unit.Orders.OrderDataTest" assertions="0" time="0.000000">
          <error type="InvalidArgumentException">Clubify\Checkout\Tests\Unit\Orders\OrderDataTest::it_converts_to_array_correctly
InvalidArgumentException: getLogger() cannot be mocked as it is a private method

/Users/vagner/Desenvolvimento/python/clubify-checkout/sdk/php/vendor/mockery/mockery/library/Mockery.php:742
/Users/vagner/Desenvolvimento/python/clubify-checkout/sdk/php/vendor/mockery/mockery/library/Mockery.php:754
/Users/vagner/Desenvolvimento/python/clubify-checkout/sdk/php/vendor/mockery/mockery/library/Mockery.php:574
/Users/vagner/Desenvolvimento/python/clubify-checkout/sdk/php/tests/TestCase.php:222
/Users/vagner/Desenvolvimento/python/clubify-checkout/sdk/php/tests/TestCase.php:441
/Users/vagner/Desenvolvimento/python/clubify-checkout/sdk/php/tests/TestCase.php:56</error>
        </testcase>
        <testcase name="it_converts_to_safe_array_without_sensitive_data" file="/Users/vagner/Desenvolvimento/python/clubify-checkout/sdk/php/tests/Unit/Orders/OrderDataTest.php" line="254" class="Clubify\Checkout\Tests\Unit\Orders\OrderDataTest" classname="Clubify.Checkout.Tests.Unit.Orders.OrderDataTest" assertions="0" time="0.000000">
          <error type="InvalidArgumentException">Clubify\Checkout\Tests\Unit\Orders\OrderDataTest::it_converts_to_safe_array_without_sensitive_data
InvalidArgumentException: getLogger() cannot be mocked as it is a private method

/Users/vagner/Desenvolvimento/python/clubify-checkout/sdk/php/vendor/mockery/mockery/library/Mockery.php:742
/Users/vagner/Desenvolvimento/python/clubify-checkout/sdk/php/vendor/mockery/mockery/library/Mockery.php:754
/Users/vagner/Desenvolvimento/python/clubify-checkout/sdk/php/vendor/mockery/mockery/library/Mockery.php:574
/Users/vagner/Desenvolvimento/python/clubify-checkout/sdk/php/tests/TestCase.php:222
/Users/vagner/Desenvolvimento/python/clubify-checkout/sdk/php/tests/TestCase.php:441
/Users/vagner/Desenvolvimento/python/clubify-checkout/sdk/php/tests/TestCase.php:56</error>
        </testcase>
        <testcase name="it_calculates_total_correctly" file="/Users/vagner/Desenvolvimento/python/clubify-checkout/sdk/php/tests/Unit/Orders/OrderDataTest.php" line="292" class="Clubify\Checkout\Tests\Unit\Orders\OrderDataTest" classname="Clubify.Checkout.Tests.Unit.Orders.OrderDataTest" assertions="0" time="0.000000">
          <error type="InvalidArgumentException">Clubify\Checkout\Tests\Unit\Orders\OrderDataTest::it_calculates_total_correctly
InvalidArgumentException: getLogger() cannot be mocked as it is a private method

/Users/vagner/Desenvolvimento/python/clubify-checkout/sdk/php/vendor/mockery/mockery/library/Mockery.php:742
/Users/vagner/Desenvolvimento/python/clubify-checkout/sdk/php/vendor/mockery/mockery/library/Mockery.php:754
/Users/vagner/Desenvolvimento/python/clubify-checkout/sdk/php/vendor/mockery/mockery/library/Mockery.php:574
/Users/vagner/Desenvolvimento/python/clubify-checkout/sdk/php/tests/TestCase.php:222
/Users/vagner/Desenvolvimento/python/clubify-checkout/sdk/php/tests/TestCase.php:441
/Users/vagner/Desenvolvimento/python/clubify-checkout/sdk/php/tests/TestCase.php:56</error>
        </testcase>
        <testcase name="it_checks_status_correctly" file="/Users/vagner/Desenvolvimento/python/clubify-checkout/sdk/php/tests/Unit/Orders/OrderDataTest.php" line="329" class="Clubify\Checkout\Tests\Unit\Orders\OrderDataTest" classname="Clubify.Checkout.Tests.Unit.Orders.OrderDataTest" assertions="0" time="0.000000">
          <error type="InvalidArgumentException">Clubify\Checkout\Tests\Unit\Orders\OrderDataTest::it_checks_status_correctly
InvalidArgumentException: getLogger() cannot be mocked as it is a private method

/Users/vagner/Desenvolvimento/python/clubify-checkout/sdk/php/vendor/mockery/mockery/library/Mockery.php:742
/Users/vagner/Desenvolvimento/python/clubify-checkout/sdk/php/vendor/mockery/mockery/library/Mockery.php:754
/Users/vagner/Desenvolvimento/python/clubify-checkout/sdk/php/vendor/mockery/mockery/library/Mockery.php:574
/Users/vagner/Desenvolvimento/python/clubify-checkout/sdk/php/tests/TestCase.php:222
/Users/vagner/Desenvolvimento/python/clubify-checkout/sdk/php/tests/TestCase.php:441
/Users/vagner/Desenvolvimento/python/clubify-checkout/sdk/php/tests/TestCase.php:56</error>
        </testcase>
        <testcase name="it_validates_business_rules" file="/Users/vagner/Desenvolvimento/python/clubify-checkout/sdk/php/tests/Unit/Orders/OrderDataTest.php" line="389" class="Clubify\Checkout\Tests\Unit\Orders\OrderDataTest" classname="Clubify.Checkout.Tests.Unit.Orders.OrderDataTest" assertions="0" time="0.000000">
          <error type="InvalidArgumentException">Clubify\Checkout\Tests\Unit\Orders\OrderDataTest::it_validates_business_rules
InvalidArgumentException: getLogger() cannot be mocked as it is a private method

/Users/vagner/Desenvolvimento/python/clubify-checkout/sdk/php/vendor/mockery/mockery/library/Mockery.php:742
/Users/vagner/Desenvolvimento/python/clubify-checkout/sdk/php/vendor/mockery/mockery/library/Mockery.php:754
/Users/vagner/Desenvolvimento/python/clubify-checkout/sdk/php/vendor/mockery/mockery/library/Mockery.php:574
/Users/vagner/Desenvolvimento/python/clubify-checkout/sdk/php/tests/TestCase.php:222
/Users/vagner/Desenvolvimento/python/clubify-checkout/sdk/php/tests/TestCase.php:441
/Users/vagner/Desenvolvimento/python/clubify-checkout/sdk/php/tests/TestCase.php:56</error>
        </testcase>
        <testcase name="it_handles_different_currencies" file="/Users/vagner/Desenvolvimento/python/clubify-checkout/sdk/php/tests/Unit/Orders/OrderDataTest.php" line="419" class="Clubify\Checkout\Tests\Unit\Orders\OrderDataTest" classname="Clubify.Checkout.Tests.Unit.Orders.OrderDataTest" assertions="0" time="0.000000">
          <error type="InvalidArgumentException">Clubify\Checkout\Tests\Unit\Orders\OrderDataTest::it_handles_different_currencies
InvalidArgumentException: getLogger() cannot be mocked as it is a private method

/Users/vagner/Desenvolvimento/python/clubify-checkout/sdk/php/vendor/mockery/mockery/library/Mockery.php:742
/Users/vagner/Desenvolvimento/python/clubify-checkout/sdk/php/vendor/mockery/mockery/library/Mockery.php:754
/Users/vagner/Desenvolvimento/python/clubify-checkout/sdk/php/vendor/mockery/mockery/library/Mockery.php:574
/Users/vagner/Desenvolvimento/python/clubify-checkout/sdk/php/tests/TestCase.php:222
/Users/vagner/Desenvolvimento/python/clubify-checkout/sdk/php/tests/TestCase.php:441
/Users/vagner/Desenvolvimento/python/clubify-checkout/sdk/php/tests/TestCase.php:56</error>
        </testcase>
        <testcase name="it_handles_discount_calculations" file="/Users/vagner/Desenvolvimento/python/clubify-checkout/sdk/php/tests/Unit/Orders/OrderDataTest.php" line="448" class="Clubify\Checkout\Tests\Unit\Orders\OrderDataTest" classname="Clubify.Checkout.Tests.Unit.Orders.OrderDataTest" assertions="0" time="0.000000">
          <error type="InvalidArgumentException">Clubify\Checkout\Tests\Unit\Orders\OrderDataTest::it_handles_discount_calculations
InvalidArgumentException: getLogger() cannot be mocked as it is a private method

/Users/vagner/Desenvolvimento/python/clubify-checkout/sdk/php/vendor/mockery/mockery/library/Mockery.php:742
/Users/vagner/Desenvolvimento/python/clubify-checkout/sdk/php/vendor/mockery/mockery/library/Mockery.php:754
/Users/vagner/Desenvolvimento/python/clubify-checkout/sdk/php/vendor/mockery/mockery/library/Mockery.php:574
/Users/vagner/Desenvolvimento/python/clubify-checkout/sdk/php/tests/TestCase.php:222
/Users/vagner/Desenvolvimento/python/clubify-checkout/sdk/php/tests/TestCase.php:441
/Users/vagner/Desenvolvimento/python/clubify-checkout/sdk/php/tests/TestCase.php:56</error>
        </testcase>
        <testcase name="it_formats_currency_display" file="/Users/vagner/Desenvolvimento/python/clubify-checkout/sdk/php/tests/Unit/Orders/OrderDataTest.php" line="483" class="Clubify\Checkout\Tests\Unit\Orders\OrderDataTest" classname="Clubify.Checkout.Tests.Unit.Orders.OrderDataTest" assertions="0" time="0.000000">
          <error type="InvalidArgumentException">Clubify\Checkout\Tests\Unit\Orders\OrderDataTest::it_formats_currency_display
InvalidArgumentException: getLogger() cannot be mocked as it is a private method

/Users/vagner/Desenvolvimento/python/clubify-checkout/sdk/php/vendor/mockery/mockery/library/Mockery.php:742
/Users/vagner/Desenvolvimento/python/clubify-checkout/sdk/php/vendor/mockery/mockery/library/Mockery.php:754
/Users/vagner/Desenvolvimento/python/clubify-checkout/sdk/php/vendor/mockery/mockery/library/Mockery.php:574
/Users/vagner/Desenvolvimento/python/clubify-checkout/sdk/php/tests/TestCase.php:222
/Users/vagner/Desenvolvimento/python/clubify-checkout/sdk/php/tests/TestCase.php:441
/Users/vagner/Desenvolvimento/python/clubify-checkout/sdk/php/tests/TestCase.php:56</error>
        </testcase>
        <testcase name="it_handles_shipping_calculations" file="/Users/vagner/Desenvolvimento/python/clubify-checkout/sdk/php/tests/Unit/Orders/OrderDataTest.php" line="513" class="Clubify\Checkout\Tests\Unit\Orders\OrderDataTest" classname="Clubify.Checkout.Tests.Unit.Orders.OrderDataTest" assertions="0" time="0.000000">
          <error type="InvalidArgumentException">Clubify\Checkout\Tests\Unit\Orders\OrderDataTest::it_handles_shipping_calculations
InvalidArgumentException: getLogger() cannot be mocked as it is a private method

/Users/vagner/Desenvolvimento/python/clubify-checkout/sdk/php/vendor/mockery/mockery/library/Mockery.php:742
/Users/vagner/Desenvolvimento/python/clubify-checkout/sdk/php/vendor/mockery/mockery/library/Mockery.php:754
/Users/vagner/Desenvolvimento/python/clubify-checkout/sdk/php/vendor/mockery/mockery/library/Mockery.php:574
/Users/vagner/Desenvolvimento/python/clubify-checkout/sdk/php/tests/TestCase.php:222
/Users/vagner/Desenvolvimento/python/clubify-checkout/sdk/php/tests/TestCase.php:441
/Users/vagner/Desenvolvimento/python/clubify-checkout/sdk/php/tests/TestCase.php:56</error>
        </testcase>
      </testsuite>
      <testsuite name="Clubify\Checkout\Tests\Unit\Orders\OrderServiceTest" file="/Users/vagner/Desenvolvimento/python/clubify-checkout/sdk/php/tests/Unit/Orders/OrderServiceTest.php" tests="16" assertions="0" errors="16" failures="0" skipped="0" time="0.000000">
        <testcase name="it_can_be_instantiated" file="/Users/vagner/Desenvolvimento/python/clubify-checkout/sdk/php/tests/Unit/Orders/OrderServiceTest.php" line="59" class="Clubify\Checkout\Tests\Unit\Orders\OrderServiceTest" classname="Clubify.Checkout.Tests.Unit.Orders.OrderServiceTest" assertions="0" time="0.000000">
          <error type="InvalidArgumentException">Clubify\Checkout\Tests\Unit\Orders\OrderServiceTest::it_can_be_instantiated
InvalidArgumentException: getLogger() cannot be mocked as it is a private method

/Users/vagner/Desenvolvimento/python/clubify-checkout/sdk/php/vendor/mockery/mockery/library/Mockery.php:742
/Users/vagner/Desenvolvimento/python/clubify-checkout/sdk/php/vendor/mockery/mockery/library/Mockery.php:754
/Users/vagner/Desenvolvimento/python/clubify-checkout/sdk/php/vendor/mockery/mockery/library/Mockery.php:574
/Users/vagner/Desenvolvimento/python/clubify-checkout/sdk/php/tests/TestCase.php:222
/Users/vagner/Desenvolvimento/python/clubify-checkout/sdk/php/tests/TestCase.php:441
/Users/vagner/Desenvolvimento/python/clubify-checkout/sdk/php/tests/TestCase.php:56
/Users/vagner/Desenvolvimento/python/clubify-checkout/sdk/php/tests/Unit/Orders/OrderServiceTest.php:40</error>
        </testcase>
        <testcase name="it_can_create_order_successfully" file="/Users/vagner/Desenvolvimento/python/clubify-checkout/sdk/php/tests/Unit/Orders/OrderServiceTest.php" line="65" class="Clubify\Checkout\Tests\Unit\Orders\OrderServiceTest" classname="Clubify.Checkout.Tests.Unit.Orders.OrderServiceTest" assertions="0" time="0.000000">
          <error type="InvalidArgumentException">Clubify\Checkout\Tests\Unit\Orders\OrderServiceTest::it_can_create_order_successfully
InvalidArgumentException: getLogger() cannot be mocked as it is a private method

/Users/vagner/Desenvolvimento/python/clubify-checkout/sdk/php/vendor/mockery/mockery/library/Mockery.php:742
/Users/vagner/Desenvolvimento/python/clubify-checkout/sdk/php/vendor/mockery/mockery/library/Mockery.php:754
/Users/vagner/Desenvolvimento/python/clubify-checkout/sdk/php/vendor/mockery/mockery/library/Mockery.php:574
/Users/vagner/Desenvolvimento/python/clubify-checkout/sdk/php/tests/TestCase.php:222
/Users/vagner/Desenvolvimento/python/clubify-checkout/sdk/php/tests/TestCase.php:441
/Users/vagner/Desenvolvimento/python/clubify-checkout/sdk/php/tests/TestCase.php:56
/Users/vagner/Desenvolvimento/python/clubify-checkout/sdk/php/tests/Unit/Orders/OrderServiceTest.php:40</error>
        </testcase>
        <testcase name="it_validates_order_data_before_creation" file="/Users/vagner/Desenvolvimento/python/clubify-checkout/sdk/php/tests/Unit/Orders/OrderServiceTest.php" line="104" class="Clubify\Checkout\Tests\Unit\Orders\OrderServiceTest" classname="Clubify.Checkout.Tests.Unit.Orders.OrderServiceTest" assertions="0" time="0.000000">
          <error type="InvalidArgumentException">Clubify\Checkout\Tests\Unit\Orders\OrderServiceTest::it_validates_order_data_before_creation
InvalidArgumentException: getLogger() cannot be mocked as it is a private method

/Users/vagner/Desenvolvimento/python/clubify-checkout/sdk/php/vendor/mockery/mockery/library/Mockery.php:742
/Users/vagner/Desenvolvimento/python/clubify-checkout/sdk/php/vendor/mockery/mockery/library/Mockery.php:754
/Users/vagner/Desenvolvimento/python/clubify-checkout/sdk/php/vendor/mockery/mockery/library/Mockery.php:574
/Users/vagner/Desenvolvimento/python/clubify-checkout/sdk/php/tests/TestCase.php:222
/Users/vagner/Desenvolvimento/python/clubify-checkout/sdk/php/tests/TestCase.php:441
/Users/vagner/Desenvolvimento/python/clubify-checkout/sdk/php/tests/TestCase.php:56
/Users/vagner/Desenvolvimento/python/clubify-checkout/sdk/php/tests/Unit/Orders/OrderServiceTest.php:40</error>
        </testcase>
        <testcase name="it_can_get_order_from_cache" file="/Users/vagner/Desenvolvimento/python/clubify-checkout/sdk/php/tests/Unit/Orders/OrderServiceTest.php" line="117" class="Clubify\Checkout\Tests\Unit\Orders\OrderServiceTest" classname="Clubify.Checkout.Tests.Unit.Orders.OrderServiceTest" assertions="0" time="0.000000">
          <error type="InvalidArgumentException">Clubify\Checkout\Tests\Unit\Orders\OrderServiceTest::it_can_get_order_from_cache
InvalidArgumentException: getLogger() cannot be mocked as it is a private method

/Users/vagner/Desenvolvimento/python/clubify-checkout/sdk/php/vendor/mockery/mockery/library/Mockery.php:742
/Users/vagner/Desenvolvimento/python/clubify-checkout/sdk/php/vendor/mockery/mockery/library/Mockery.php:754
/Users/vagner/Desenvolvimento/python/clubify-checkout/sdk/php/vendor/mockery/mockery/library/Mockery.php:574
/Users/vagner/Desenvolvimento/python/clubify-checkout/sdk/php/tests/TestCase.php:222
/Users/vagner/Desenvolvimento/python/clubify-checkout/sdk/php/tests/TestCase.php:441
/Users/vagner/Desenvolvimento/python/clubify-checkout/sdk/php/tests/TestCase.php:56
/Users/vagner/Desenvolvimento/python/clubify-checkout/sdk/php/tests/Unit/Orders/OrderServiceTest.php:40</error>
        </testcase>
        <testcase name="it_can_get_order_from_api_when_not_cached" file="/Users/vagner/Desenvolvimento/python/clubify-checkout/sdk/php/tests/Unit/Orders/OrderServiceTest.php" line="140" class="Clubify\Checkout\Tests\Unit\Orders\OrderServiceTest" classname="Clubify.Checkout.Tests.Unit.Orders.OrderServiceTest" assertions="0" time="0.000000">
          <error type="InvalidArgumentException">Clubify\Checkout\Tests\Unit\Orders\OrderServiceTest::it_can_get_order_from_api_when_not_cached
InvalidArgumentException: getLogger() cannot be mocked as it is a private method

/Users/vagner/Desenvolvimento/python/clubify-checkout/sdk/php/vendor/mockery/mockery/library/Mockery.php:742
/Users/vagner/Desenvolvimento/python/clubify-checkout/sdk/php/vendor/mockery/mockery/library/Mockery.php:754
/Users/vagner/Desenvolvimento/python/clubify-checkout/sdk/php/vendor/mockery/mockery/library/Mockery.php:574
/Users/vagner/Desenvolvimento/python/clubify-checkout/sdk/php/tests/TestCase.php:222
/Users/vagner/Desenvolvimento/python/clubify-checkout/sdk/php/tests/TestCase.php:441
/Users/vagner/Desenvolvimento/python/clubify-checkout/sdk/php/tests/TestCase.php:56
/Users/vagner/Desenvolvimento/python/clubify-checkout/sdk/php/tests/Unit/Orders/OrderServiceTest.php:40</error>
        </testcase>
        <testcase name="it_returns_null_when_order_not_found" file="/Users/vagner/Desenvolvimento/python/clubify-checkout/sdk/php/tests/Unit/Orders/OrderServiceTest.php" line="172" class="Clubify\Checkout\Tests\Unit\Orders\OrderServiceTest" classname="Clubify.Checkout.Tests.Unit.Orders.OrderServiceTest" assertions="0" time="0.000000">
          <error type="InvalidArgumentException">Clubify\Checkout\Tests\Unit\Orders\OrderServiceTest::it_returns_null_when_order_not_found
InvalidArgumentException: getLogger() cannot be mocked as it is a private method

/Users/vagner/Desenvolvimento/python/clubify-checkout/sdk/php/vendor/mockery/mockery/library/Mockery.php:742
/Users/vagner/Desenvolvimento/python/clubify-checkout/sdk/php/vendor/mockery/mockery/library/Mockery.php:754
/Users/vagner/Desenvolvimento/python/clubify-checkout/sdk/php/vendor/mockery/mockery/library/Mockery.php:574
/Users/vagner/Desenvolvimento/python/clubify-checkout/sdk/php/tests/TestCase.php:222
/Users/vagner/Desenvolvimento/python/clubify-checkout/sdk/php/tests/TestCase.php:441
/Users/vagner/Desenvolvimento/python/clubify-checkout/sdk/php/tests/TestCase.php:56
/Users/vagner/Desenvolvimento/python/clubify-checkout/sdk/php/tests/Unit/Orders/OrderServiceTest.php:40</error>
        </testcase>
        <testcase name="it_can_update_order" file="/Users/vagner/Desenvolvimento/python/clubify-checkout/sdk/php/tests/Unit/Orders/OrderServiceTest.php" line="195" class="Clubify\Checkout\Tests\Unit\Orders\OrderServiceTest" classname="Clubify.Checkout.Tests.Unit.Orders.OrderServiceTest" assertions="0" time="0.000000">
          <error type="InvalidArgumentException">Clubify\Checkout\Tests\Unit\Orders\OrderServiceTest::it_can_update_order
InvalidArgumentException: getLogger() cannot be mocked as it is a private method

/Users/vagner/Desenvolvimento/python/clubify-checkout/sdk/php/vendor/mockery/mockery/library/Mockery.php:742
/Users/vagner/Desenvolvimento/python/clubify-checkout/sdk/php/vendor/mockery/mockery/library/Mockery.php:754
/Users/vagner/Desenvolvimento/python/clubify-checkout/sdk/php/vendor/mockery/mockery/library/Mockery.php:574
/Users/vagner/Desenvolvimento/python/clubify-checkout/sdk/php/tests/TestCase.php:222
/Users/vagner/Desenvolvimento/python/clubify-checkout/sdk/php/tests/TestCase.php:441
/Users/vagner/Desenvolvimento/python/clubify-checkout/sdk/php/tests/TestCase.php:56
/Users/vagner/Desenvolvimento/python/clubify-checkout/sdk/php/tests/Unit/Orders/OrderServiceTest.php:40</error>
        </testcase>
        <testcase name="it_can_delete_order" file="/Users/vagner/Desenvolvimento/python/clubify-checkout/sdk/php/tests/Unit/Orders/OrderServiceTest.php" line="227" class="Clubify\Checkout\Tests\Unit\Orders\OrderServiceTest" classname="Clubify.Checkout.Tests.Unit.Orders.OrderServiceTest" assertions="0" time="0.000000">
          <error type="InvalidArgumentException">Clubify\Checkout\Tests\Unit\Orders\OrderServiceTest::it_can_delete_order
InvalidArgumentException: getLogger() cannot be mocked as it is a private method

/Users/vagner/Desenvolvimento/python/clubify-checkout/sdk/php/vendor/mockery/mockery/library/Mockery.php:742
/Users/vagner/Desenvolvimento/python/clubify-checkout/sdk/php/vendor/mockery/mockery/library/Mockery.php:754
/Users/vagner/Desenvolvimento/python/clubify-checkout/sdk/php/vendor/mockery/mockery/library/Mockery.php:574
/Users/vagner/Desenvolvimento/python/clubify-checkout/sdk/php/tests/TestCase.php:222
/Users/vagner/Desenvolvimento/python/clubify-checkout/sdk/php/tests/TestCase.php:441
/Users/vagner/Desenvolvimento/python/clubify-checkout/sdk/php/tests/TestCase.php:56
/Users/vagner/Desenvolvimento/python/clubify-checkout/sdk/php/tests/Unit/Orders/OrderServiceTest.php:40</error>
        </testcase>
        <testcase name="it_can_list_orders_with_filters" file="/Users/vagner/Desenvolvimento/python/clubify-checkout/sdk/php/tests/Unit/Orders/OrderServiceTest.php" line="257" class="Clubify\Checkout\Tests\Unit\Orders\OrderServiceTest" classname="Clubify.Checkout.Tests.Unit.Orders.OrderServiceTest" assertions="0" time="0.000000">
          <error type="InvalidArgumentException">Clubify\Checkout\Tests\Unit\Orders\OrderServiceTest::it_can_list_orders_with_filters
InvalidArgumentException: getLogger() cannot be mocked as it is a private method

/Users/vagner/Desenvolvimento/python/clubify-checkout/sdk/php/vendor/mockery/mockery/library/Mockery.php:742
/Users/vagner/Desenvolvimento/python/clubify-checkout/sdk/php/vendor/mockery/mockery/library/Mockery.php:754
/Users/vagner/Desenvolvimento/python/clubify-checkout/sdk/php/vendor/mockery/mockery/library/Mockery.php:574
/Users/vagner/Desenvolvimento/python/clubify-checkout/sdk/php/tests/TestCase.php:222
/Users/vagner/Desenvolvimento/python/clubify-checkout/sdk/php/tests/TestCase.php:441
/Users/vagner/Desenvolvimento/python/clubify-checkout/sdk/php/tests/TestCase.php:56
/Users/vagner/Desenvolvimento/python/clubify-checkout/sdk/php/tests/Unit/Orders/OrderServiceTest.php:40</error>
        </testcase>
        <testcase name="it_can_bulk_update_orders" file="/Users/vagner/Desenvolvimento/python/clubify-checkout/sdk/php/tests/Unit/Orders/OrderServiceTest.php" line="297" class="Clubify\Checkout\Tests\Unit\Orders\OrderServiceTest" classname="Clubify.Checkout.Tests.Unit.Orders.OrderServiceTest" assertions="0" time="0.000000">
          <error type="InvalidArgumentException">Clubify\Checkout\Tests\Unit\Orders\OrderServiceTest::it_can_bulk_update_orders
InvalidArgumentException: getLogger() cannot be mocked as it is a private method

/Users/vagner/Desenvolvimento/python/clubify-checkout/sdk/php/vendor/mockery/mockery/library/Mockery.php:742
/Users/vagner/Desenvolvimento/python/clubify-checkout/sdk/php/vendor/mockery/mockery/library/Mockery.php:754
/Users/vagner/Desenvolvimento/python/clubify-checkout/sdk/php/vendor/mockery/mockery/library/Mockery.php:574
/Users/vagner/Desenvolvimento/python/clubify-checkout/sdk/php/tests/TestCase.php:222
/Users/vagner/Desenvolvimento/python/clubify-checkout/sdk/php/tests/TestCase.php:441
/Users/vagner/Desenvolvimento/python/clubify-checkout/sdk/php/tests/TestCase.php:56
/Users/vagner/Desenvolvimento/python/clubify-checkout/sdk/php/tests/Unit/Orders/OrderServiceTest.php:40</error>
        </testcase>
        <testcase name="it_validates_order_data" file="/Users/vagner/Desenvolvimento/python/clubify-checkout/sdk/php/tests/Unit/Orders/OrderServiceTest.php" line="351" class="Clubify\Checkout\Tests\Unit\Orders\OrderServiceTest" classname="Clubify.Checkout.Tests.Unit.Orders.OrderServiceTest" assertions="0" time="0.000000">
          <error type="InvalidArgumentException">Clubify\Checkout\Tests\Unit\Orders\OrderServiceTest::it_validates_order_data
InvalidArgumentException: getLogger() cannot be mocked as it is a private method

/Users/vagner/Desenvolvimento/python/clubify-checkout/sdk/php/vendor/mockery/mockery/library/Mockery.php:742
/Users/vagner/Desenvolvimento/python/clubify-checkout/sdk/php/vendor/mockery/mockery/library/Mockery.php:754
/Users/vagner/Desenvolvimento/python/clubify-checkout/sdk/php/vendor/mockery/mockery/library/Mockery.php:574
/Users/vagner/Desenvolvimento/python/clubify-checkout/sdk/php/tests/TestCase.php:222
/Users/vagner/Desenvolvimento/python/clubify-checkout/sdk/php/tests/TestCase.php:441
/Users/vagner/Desenvolvimento/python/clubify-checkout/sdk/php/tests/TestCase.php:56
/Users/vagner/Desenvolvimento/python/clubify-checkout/sdk/php/tests/Unit/Orders/OrderServiceTest.php:40</error>
        </testcase>
        <testcase name="it_performs_health_check" file="/Users/vagner/Desenvolvimento/python/clubify-checkout/sdk/php/tests/Unit/Orders/OrderServiceTest.php" line="371" class="Clubify\Checkout\Tests\Unit\Orders\OrderServiceTest" classname="Clubify.Checkout.Tests.Unit.Orders.OrderServiceTest" assertions="0" time="0.000000">
          <error type="InvalidArgumentException">Clubify\Checkout\Tests\Unit\Orders\OrderServiceTest::it_performs_health_check
InvalidArgumentException: getLogger() cannot be mocked as it is a private method

/Users/vagner/Desenvolvimento/python/clubify-checkout/sdk/php/vendor/mockery/mockery/library/Mockery.php:742
/Users/vagner/Desenvolvimento/python/clubify-checkout/sdk/php/vendor/mockery/mockery/library/Mockery.php:754
/Users/vagner/Desenvolvimento/python/clubify-checkout/sdk/php/vendor/mockery/mockery/library/Mockery.php:574
/Users/vagner/Desenvolvimento/python/clubify-checkout/sdk/php/tests/TestCase.php:222
/Users/vagner/Desenvolvimento/python/clubify-checkout/sdk/php/tests/TestCase.php:441
/Users/vagner/Desenvolvimento/python/clubify-checkout/sdk/php/tests/TestCase.php:56
/Users/vagner/Desenvolvimento/python/clubify-checkout/sdk/php/tests/Unit/Orders/OrderServiceTest.php:40</error>
        </testcase>
        <testcase name="it_handles_api_errors_gracefully" file="/Users/vagner/Desenvolvimento/python/clubify-checkout/sdk/php/tests/Unit/Orders/OrderServiceTest.php" line="398" class="Clubify\Checkout\Tests\Unit\Orders\OrderServiceTest" classname="Clubify.Checkout.Tests.Unit.Orders.OrderServiceTest" assertions="0" time="0.000000">
          <error type="InvalidArgumentException">Clubify\Checkout\Tests\Unit\Orders\OrderServiceTest::it_handles_api_errors_gracefully
InvalidArgumentException: getLogger() cannot be mocked as it is a private method

/Users/vagner/Desenvolvimento/python/clubify-checkout/sdk/php/vendor/mockery/mockery/library/Mockery.php:742
/Users/vagner/Desenvolvimento/python/clubify-checkout/sdk/php/vendor/mockery/mockery/library/Mockery.php:754
/Users/vagner/Desenvolvimento/python/clubify-checkout/sdk/php/vendor/mockery/mockery/library/Mockery.php:574
/Users/vagner/Desenvolvimento/python/clubify-checkout/sdk/php/tests/TestCase.php:222
/Users/vagner/Desenvolvimento/python/clubify-checkout/sdk/php/tests/TestCase.php:441
/Users/vagner/Desenvolvimento/python/clubify-checkout/sdk/php/tests/TestCase.php:56
/Users/vagner/Desenvolvimento/python/clubify-checkout/sdk/php/tests/Unit/Orders/OrderServiceTest.php:40</error>
        </testcase>
        <testcase name="it_calculates_metrics_correctly" file="/Users/vagner/Desenvolvimento/python/clubify-checkout/sdk/php/tests/Unit/Orders/OrderServiceTest.php" line="421" class="Clubify\Checkout\Tests\Unit\Orders\OrderServiceTest" classname="Clubify.Checkout.Tests.Unit.Orders.OrderServiceTest" assertions="0" time="0.000000">
          <error type="InvalidArgumentException">Clubify\Checkout\Tests\Unit\Orders\OrderServiceTest::it_calculates_metrics_correctly
InvalidArgumentException: getLogger() cannot be mocked as it is a private method

/Users/vagner/Desenvolvimento/python/clubify-checkout/sdk/php/vendor/mockery/mockery/library/Mockery.php:742
/Users/vagner/Desenvolvimento/python/clubify-checkout/sdk/php/vendor/mockery/mockery/library/Mockery.php:754
/Users/vagner/Desenvolvimento/python/clubify-checkout/sdk/php/vendor/mockery/mockery/library/Mockery.php:574
/Users/vagner/Desenvolvimento/python/clubify-checkout/sdk/php/tests/TestCase.php:222
/Users/vagner/Desenvolvimento/python/clubify-checkout/sdk/php/tests/TestCase.php:441
/Users/vagner/Desenvolvimento/python/clubify-checkout/sdk/php/tests/TestCase.php:56
/Users/vagner/Desenvolvimento/python/clubify-checkout/sdk/php/tests/Unit/Orders/OrderServiceTest.php:40</error>
        </testcase>
        <testcase name="it_handles_cache_failures_gracefully" file="/Users/vagner/Desenvolvimento/python/clubify-checkout/sdk/php/tests/Unit/Orders/OrderServiceTest.php" line="440" class="Clubify\Checkout\Tests\Unit\Orders\OrderServiceTest" classname="Clubify.Checkout.Tests.Unit.Orders.OrderServiceTest" assertions="0" time="0.000000">
          <error type="InvalidArgumentException">Clubify\Checkout\Tests\Unit\Orders\OrderServiceTest::it_handles_cache_failures_gracefully
InvalidArgumentException: getLogger() cannot be mocked as it is a private method

/Users/vagner/Desenvolvimento/python/clubify-checkout/sdk/php/vendor/mockery/mockery/library/Mockery.php:742
/Users/vagner/Desenvolvimento/python/clubify-checkout/sdk/php/vendor/mockery/mockery/library/Mockery.php:754
/Users/vagner/Desenvolvimento/python/clubify-checkout/sdk/php/vendor/mockery/mockery/library/Mockery.php:574
/Users/vagner/Desenvolvimento/python/clubify-checkout/sdk/php/tests/TestCase.php:222
/Users/vagner/Desenvolvimento/python/clubify-checkout/sdk/php/tests/TestCase.php:441
/Users/vagner/Desenvolvimento/python/clubify-checkout/sdk/php/tests/TestCase.php:56
/Users/vagner/Desenvolvimento/python/clubify-checkout/sdk/php/tests/Unit/Orders/OrderServiceTest.php:40</error>
        </testcase>
        <testcase name="it_handles_concurrent_access_properly" file="/Users/vagner/Desenvolvimento/python/clubify-checkout/sdk/php/tests/Unit/Orders/OrderServiceTest.php" line="468" class="Clubify\Checkout\Tests\Unit\Orders\OrderServiceTest" classname="Clubify.Checkout.Tests.Unit.Orders.OrderServiceTest" assertions="0" time="0.000000">
          <error type="InvalidArgumentException">Clubify\Checkout\Tests\Unit\Orders\OrderServiceTest::it_handles_concurrent_access_properly
InvalidArgumentException: getLogger() cannot be mocked as it is a private method

/Users/vagner/Desenvolvimento/python/clubify-checkout/sdk/php/vendor/mockery/mockery/library/Mockery.php:742
/Users/vagner/Desenvolvimento/python/clubify-checkout/sdk/php/vendor/mockery/mockery/library/Mockery.php:754
/Users/vagner/Desenvolvimento/python/clubify-checkout/sdk/php/vendor/mockery/mockery/library/Mockery.php:574
/Users/vagner/Desenvolvimento/python/clubify-checkout/sdk/php/tests/TestCase.php:222
/Users/vagner/Desenvolvimento/python/clubify-checkout/sdk/php/tests/TestCase.php:441
/Users/vagner/Desenvolvimento/python/clubify-checkout/sdk/php/tests/TestCase.php:56
/Users/vagner/Desenvolvimento/python/clubify-checkout/sdk/php/tests/Unit/Orders/OrderServiceTest.php:40</error>
        </testcase>
      </testsuite>
      <testsuite name="Clubify\Checkout\Tests\Unit\Orders\OrdersModuleTest" file="/Users/vagner/Desenvolvimento/python/clubify-checkout/sdk/php/tests/Unit/Orders/OrdersModuleTest.php" tests="21" assertions="0" errors="21" failures="0" skipped="0" time="0.000000">
        <testcase name="it_can_be_instantiated" file="/Users/vagner/Desenvolvimento/python/clubify-checkout/sdk/php/tests/Unit/Orders/OrdersModuleTest.php" line="57" class="Clubify\Checkout\Tests\Unit\Orders\OrdersModuleTest" classname="Clubify.Checkout.Tests.Unit.Orders.OrdersModuleTest" assertions="0" time="0.000000">
          <error type="InvalidArgumentException">Clubify\Checkout\Tests\Unit\Orders\OrdersModuleTest::it_can_be_instantiated
InvalidArgumentException: getLogger() cannot be mocked as it is a private method

/Users/vagner/Desenvolvimento/python/clubify-checkout/sdk/php/vendor/mockery/mockery/library/Mockery.php:742
/Users/vagner/Desenvolvimento/python/clubify-checkout/sdk/php/vendor/mockery/mockery/library/Mockery.php:754
/Users/vagner/Desenvolvimento/python/clubify-checkout/sdk/php/vendor/mockery/mockery/library/Mockery.php:574
/Users/vagner/Desenvolvimento/python/clubify-checkout/sdk/php/tests/TestCase.php:222
/Users/vagner/Desenvolvimento/python/clubify-checkout/sdk/php/tests/TestCase.php:441
/Users/vagner/Desenvolvimento/python/clubify-checkout/sdk/php/tests/TestCase.php:56
/Users/vagner/Desenvolvimento/python/clubify-checkout/sdk/php/tests/Unit/Orders/OrdersModuleTest.php:44</error>
        </testcase>
        <testcase name="it_can_be_initialized" file="/Users/vagner/Desenvolvimento/python/clubify-checkout/sdk/php/tests/Unit/Orders/OrdersModuleTest.php" line="66" class="Clubify\Checkout\Tests\Unit\Orders\OrdersModuleTest" classname="Clubify.Checkout.Tests.Unit.Orders.OrdersModuleTest" assertions="0" time="0.000000">
          <error type="InvalidArgumentException">Clubify\Checkout\Tests\Unit\Orders\OrdersModuleTest::it_can_be_initialized
InvalidArgumentException: getLogger() cannot be mocked as it is a private method

/Users/vagner/Desenvolvimento/python/clubify-checkout/sdk/php/vendor/mockery/mockery/library/Mockery.php:742
/Users/vagner/Desenvolvimento/python/clubify-checkout/sdk/php/vendor/mockery/mockery/library/Mockery.php:754
/Users/vagner/Desenvolvimento/python/clubify-checkout/sdk/php/vendor/mockery/mockery/library/Mockery.php:574
/Users/vagner/Desenvolvimento/python/clubify-checkout/sdk/php/tests/TestCase.php:222
/Users/vagner/Desenvolvimento/python/clubify-checkout/sdk/php/tests/TestCase.php:441
/Users/vagner/Desenvolvimento/python/clubify-checkout/sdk/php/tests/TestCase.php:56
/Users/vagner/Desenvolvimento/python/clubify-checkout/sdk/php/tests/Unit/Orders/OrdersModuleTest.php:44</error>
        </testcase>
        <testcase name="it_returns_correct_dependencies" file="/Users/vagner/Desenvolvimento/python/clubify-checkout/sdk/php/tests/Unit/Orders/OrdersModuleTest.php" line="78" class="Clubify\Checkout\Tests\Unit\Orders\OrdersModuleTest" classname="Clubify.Checkout.Tests.Unit.Orders.OrdersModuleTest" assertions="0" time="0.000000">
          <error type="InvalidArgumentException">Clubify\Checkout\Tests\Unit\Orders\OrdersModuleTest::it_returns_correct_dependencies
InvalidArgumentException: getLogger() cannot be mocked as it is a private method

/Users/vagner/Desenvolvimento/python/clubify-checkout/sdk/php/vendor/mockery/mockery/library/Mockery.php:742
/Users/vagner/Desenvolvimento/python/clubify-checkout/sdk/php/vendor/mockery/mockery/library/Mockery.php:754
/Users/vagner/Desenvolvimento/python/clubify-checkout/sdk/php/vendor/mockery/mockery/library/Mockery.php:574
/Users/vagner/Desenvolvimento/python/clubify-checkout/sdk/php/tests/TestCase.php:222
/Users/vagner/Desenvolvimento/python/clubify-checkout/sdk/php/tests/TestCase.php:441
/Users/vagner/Desenvolvimento/python/clubify-checkout/sdk/php/tests/TestCase.php:56
/Users/vagner/Desenvolvimento/python/clubify-checkout/sdk/php/tests/Unit/Orders/OrdersModuleTest.php:44</error>
        </testcase>
        <testcase name="it_returns_module_status" file="/Users/vagner/Desenvolvimento/python/clubify-checkout/sdk/php/tests/Unit/Orders/OrdersModuleTest.php" line="88" class="Clubify\Checkout\Tests\Unit\Orders\OrdersModuleTest" classname="Clubify.Checkout.Tests.Unit.Orders.OrdersModuleTest" assertions="0" time="0.000000">
          <error type="InvalidArgumentException">Clubify\Checkout\Tests\Unit\Orders\OrdersModuleTest::it_returns_module_status
InvalidArgumentException: getLogger() cannot be mocked as it is a private method

/Users/vagner/Desenvolvimento/python/clubify-checkout/sdk/php/vendor/mockery/mockery/library/Mockery.php:742
/Users/vagner/Desenvolvimento/python/clubify-checkout/sdk/php/vendor/mockery/mockery/library/Mockery.php:754
/Users/vagner/Desenvolvimento/python/clubify-checkout/sdk/php/vendor/mockery/mockery/library/Mockery.php:574
/Users/vagner/Desenvolvimento/python/clubify-checkout/sdk/php/tests/TestCase.php:222
/Users/vagner/Desenvolvimento/python/clubify-checkout/sdk/php/tests/TestCase.php:441
/Users/vagner/Desenvolvimento/python/clubify-checkout/sdk/php/tests/TestCase.php:56
/Users/vagner/Desenvolvimento/python/clubify-checkout/sdk/php/tests/Unit/Orders/OrdersModuleTest.php:44</error>
        </testcase>
        <testcase name="it_throws_exception_when_not_initialized" file="/Users/vagner/Desenvolvimento/python/clubify-checkout/sdk/php/tests/Unit/Orders/OrdersModuleTest.php" line="107" class="Clubify\Checkout\Tests\Unit\Orders\OrdersModuleTest" classname="Clubify.Checkout.Tests.Unit.Orders.OrdersModuleTest" assertions="0" time="0.000000">
          <error type="InvalidArgumentException">Clubify\Checkout\Tests\Unit\Orders\OrdersModuleTest::it_throws_exception_when_not_initialized
InvalidArgumentException: getLogger() cannot be mocked as it is a private method

/Users/vagner/Desenvolvimento/python/clubify-checkout/sdk/php/vendor/mockery/mockery/library/Mockery.php:742
/Users/vagner/Desenvolvimento/python/clubify-checkout/sdk/php/vendor/mockery/mockery/library/Mockery.php:754
/Users/vagner/Desenvolvimento/python/clubify-checkout/sdk/php/vendor/mockery/mockery/library/Mockery.php:574
/Users/vagner/Desenvolvimento/python/clubify-checkout/sdk/php/tests/TestCase.php:222
/Users/vagner/Desenvolvimento/python/clubify-checkout/sdk/php/tests/TestCase.php:441
/Users/vagner/Desenvolvimento/python/clubify-checkout/sdk/php/tests/TestCase.php:56
/Users/vagner/Desenvolvimento/python/clubify-checkout/sdk/php/tests/Unit/Orders/OrdersModuleTest.php:44</error>
        </testcase>
        <testcase name="it_can_create_order" file="/Users/vagner/Desenvolvimento/python/clubify-checkout/sdk/php/tests/Unit/Orders/OrdersModuleTest.php" line="116" class="Clubify\Checkout\Tests\Unit\Orders\OrdersModuleTest" classname="Clubify.Checkout.Tests.Unit.Orders.OrdersModuleTest" assertions="0" time="0.000000">
          <error type="InvalidArgumentException">Clubify\Checkout\Tests\Unit\Orders\OrdersModuleTest::it_can_create_order
InvalidArgumentException: getLogger() cannot be mocked as it is a private method

/Users/vagner/Desenvolvimento/python/clubify-checkout/sdk/php/vendor/mockery/mockery/library/Mockery.php:742
/Users/vagner/Desenvolvimento/python/clubify-checkout/sdk/php/vendor/mockery/mockery/library/Mockery.php:754
/Users/vagner/Desenvolvimento/python/clubify-checkout/sdk/php/vendor/mockery/mockery/library/Mockery.php:574
/Users/vagner/Desenvolvimento/python/clubify-checkout/sdk/php/tests/TestCase.php:222
/Users/vagner/Desenvolvimento/python/clubify-checkout/sdk/php/tests/TestCase.php:441
/Users/vagner/Desenvolvimento/python/clubify-checkout/sdk/php/tests/TestCase.php:56
/Users/vagner/Desenvolvimento/python/clubify-checkout/sdk/php/tests/Unit/Orders/OrdersModuleTest.php:44</error>
        </testcase>
        <testcase name="it_can_get_order" file="/Users/vagner/Desenvolvimento/python/clubify-checkout/sdk/php/tests/Unit/Orders/OrdersModuleTest.php" line="143" class="Clubify\Checkout\Tests\Unit\Orders\OrdersModuleTest" classname="Clubify.Checkout.Tests.Unit.Orders.OrdersModuleTest" assertions="0" time="0.000000">
          <error type="InvalidArgumentException">Clubify\Checkout\Tests\Unit\Orders\OrdersModuleTest::it_can_get_order
InvalidArgumentException: getLogger() cannot be mocked as it is a private method

/Users/vagner/Desenvolvimento/python/clubify-checkout/sdk/php/vendor/mockery/mockery/library/Mockery.php:742
/Users/vagner/Desenvolvimento/python/clubify-checkout/sdk/php/vendor/mockery/mockery/library/Mockery.php:754
/Users/vagner/Desenvolvimento/python/clubify-checkout/sdk/php/vendor/mockery/mockery/library/Mockery.php:574
/Users/vagner/Desenvolvimento/python/clubify-checkout/sdk/php/tests/TestCase.php:222
/Users/vagner/Desenvolvimento/python/clubify-checkout/sdk/php/tests/TestCase.php:441
/Users/vagner/Desenvolvimento/python/clubify-checkout/sdk/php/tests/TestCase.php:56
/Users/vagner/Desenvolvimento/python/clubify-checkout/sdk/php/tests/Unit/Orders/OrdersModuleTest.php:44</error>
        </testcase>
        <testcase name="it_can_update_order" file="/Users/vagner/Desenvolvimento/python/clubify-checkout/sdk/php/tests/Unit/Orders/OrdersModuleTest.php" line="169" class="Clubify\Checkout\Tests\Unit\Orders\OrdersModuleTest" classname="Clubify.Checkout.Tests.Unit.Orders.OrdersModuleTest" assertions="0" time="0.000000">
          <error type="InvalidArgumentException">Clubify\Checkout\Tests\Unit\Orders\OrdersModuleTest::it_can_update_order
InvalidArgumentException: getLogger() cannot be mocked as it is a private method

/Users/vagner/Desenvolvimento/python/clubify-checkout/sdk/php/vendor/mockery/mockery/library/Mockery.php:742
/Users/vagner/Desenvolvimento/python/clubify-checkout/sdk/php/vendor/mockery/mockery/library/Mockery.php:754
/Users/vagner/Desenvolvimento/python/clubify-checkout/sdk/php/vendor/mockery/mockery/library/Mockery.php:574
/Users/vagner/Desenvolvimento/python/clubify-checkout/sdk/php/tests/TestCase.php:222
/Users/vagner/Desenvolvimento/python/clubify-checkout/sdk/php/tests/TestCase.php:441
/Users/vagner/Desenvolvimento/python/clubify-checkout/sdk/php/tests/TestCase.php:56
/Users/vagner/Desenvolvimento/python/clubify-checkout/sdk/php/tests/Unit/Orders/OrdersModuleTest.php:44</error>
        </testcase>
        <testcase name="it_can_list_orders" file="/Users/vagner/Desenvolvimento/python/clubify-checkout/sdk/php/tests/Unit/Orders/OrdersModuleTest.php" line="196" class="Clubify\Checkout\Tests\Unit\Orders\OrdersModuleTest" classname="Clubify.Checkout.Tests.Unit.Orders.OrdersModuleTest" assertions="0" time="0.000000">
          <error type="InvalidArgumentException">Clubify\Checkout\Tests\Unit\Orders\OrdersModuleTest::it_can_list_orders
InvalidArgumentException: getLogger() cannot be mocked as it is a private method

/Users/vagner/Desenvolvimento/python/clubify-checkout/sdk/php/vendor/mockery/mockery/library/Mockery.php:742
/Users/vagner/Desenvolvimento/python/clubify-checkout/sdk/php/vendor/mockery/mockery/library/Mockery.php:754
/Users/vagner/Desenvolvimento/python/clubify-checkout/sdk/php/vendor/mockery/mockery/library/Mockery.php:574
/Users/vagner/Desenvolvimento/python/clubify-checkout/sdk/php/tests/TestCase.php:222
/Users/vagner/Desenvolvimento/python/clubify-checkout/sdk/php/tests/TestCase.php:441
/Users/vagner/Desenvolvimento/python/clubify-checkout/sdk/php/tests/TestCase.php:56
/Users/vagner/Desenvolvimento/python/clubify-checkout/sdk/php/tests/Unit/Orders/OrdersModuleTest.php:44</error>
        </testcase>
        <testcase name="it_can_update_order_status" file="/Users/vagner/Desenvolvimento/python/clubify-checkout/sdk/php/tests/Unit/Orders/OrdersModuleTest.php" line="229" class="Clubify\Checkout\Tests\Unit\Orders\OrdersModuleTest" classname="Clubify.Checkout.Tests.Unit.Orders.OrdersModuleTest" assertions="0" time="0.000000">
          <error type="InvalidArgumentException">Clubify\Checkout\Tests\Unit\Orders\OrdersModuleTest::it_can_update_order_status
InvalidArgumentException: getLogger() cannot be mocked as it is a private method

/Users/vagner/Desenvolvimento/python/clubify-checkout/sdk/php/vendor/mockery/mockery/library/Mockery.php:742
/Users/vagner/Desenvolvimento/python/clubify-checkout/sdk/php/vendor/mockery/mockery/library/Mockery.php:754
/Users/vagner/Desenvolvimento/python/clubify-checkout/sdk/php/vendor/mockery/mockery/library/Mockery.php:574
/Users/vagner/Desenvolvimento/python/clubify-checkout/sdk/php/tests/TestCase.php:222
/Users/vagner/Desenvolvimento/python/clubify-checkout/sdk/php/tests/TestCase.php:441
/Users/vagner/Desenvolvimento/python/clubify-checkout/sdk/php/tests/TestCase.php:56
/Users/vagner/Desenvolvimento/python/clubify-checkout/sdk/php/tests/Unit/Orders/OrdersModuleTest.php:44</error>
        </testcase>
        <testcase name="it_can_cancel_order" file="/Users/vagner/Desenvolvimento/python/clubify-checkout/sdk/php/tests/Unit/Orders/OrdersModuleTest.php" line="256" class="Clubify\Checkout\Tests\Unit\Orders\OrdersModuleTest" classname="Clubify.Checkout.Tests.Unit.Orders.OrdersModuleTest" assertions="0" time="0.000000">
          <error type="InvalidArgumentException">Clubify\Checkout\Tests\Unit\Orders\OrdersModuleTest::it_can_cancel_order
InvalidArgumentException: getLogger() cannot be mocked as it is a private method

/Users/vagner/Desenvolvimento/python/clubify-checkout/sdk/php/vendor/mockery/mockery/library/Mockery.php:742
/Users/vagner/Desenvolvimento/python/clubify-checkout/sdk/php/vendor/mockery/mockery/library/Mockery.php:754
/Users/vagner/Desenvolvimento/python/clubify-checkout/sdk/php/vendor/mockery/mockery/library/Mockery.php:574
/Users/vagner/Desenvolvimento/python/clubify-checkout/sdk/php/tests/TestCase.php:222
/Users/vagner/Desenvolvimento/python/clubify-checkout/sdk/php/tests/TestCase.php:441
/Users/vagner/Desenvolvimento/python/clubify-checkout/sdk/php/tests/TestCase.php:56
/Users/vagner/Desenvolvimento/python/clubify-checkout/sdk/php/tests/Unit/Orders/OrdersModuleTest.php:44</error>
        </testcase>
        <testcase name="it_can_get_order_history" file="/Users/vagner/Desenvolvimento/python/clubify-checkout/sdk/php/tests/Unit/Orders/OrdersModuleTest.php" line="282" class="Clubify\Checkout\Tests\Unit\Orders\OrdersModuleTest" classname="Clubify.Checkout.Tests.Unit.Orders.OrdersModuleTest" assertions="0" time="0.000000">
          <error type="InvalidArgumentException">Clubify\Checkout\Tests\Unit\Orders\OrdersModuleTest::it_can_get_order_history
InvalidArgumentException: getLogger() cannot be mocked as it is a private method

/Users/vagner/Desenvolvimento/python/clubify-checkout/sdk/php/vendor/mockery/mockery/library/Mockery.php:742
/Users/vagner/Desenvolvimento/python/clubify-checkout/sdk/php/vendor/mockery/mockery/library/Mockery.php:754
/Users/vagner/Desenvolvimento/python/clubify-checkout/sdk/php/vendor/mockery/mockery/library/Mockery.php:574
/Users/vagner/Desenvolvimento/python/clubify-checkout/sdk/php/tests/TestCase.php:222
/Users/vagner/Desenvolvimento/python/clubify-checkout/sdk/php/tests/TestCase.php:441
/Users/vagner/Desenvolvimento/python/clubify-checkout/sdk/php/tests/TestCase.php:56
/Users/vagner/Desenvolvimento/python/clubify-checkout/sdk/php/tests/Unit/Orders/OrdersModuleTest.php:44</error>
        </testcase>
        <testcase name="it_can_process_upsell" file="/Users/vagner/Desenvolvimento/python/clubify-checkout/sdk/php/tests/Unit/Orders/OrdersModuleTest.php" line="312" class="Clubify\Checkout\Tests\Unit\Orders\OrdersModuleTest" classname="Clubify.Checkout.Tests.Unit.Orders.OrdersModuleTest" assertions="0" time="0.000000">
          <error type="InvalidArgumentException">Clubify\Checkout\Tests\Unit\Orders\OrdersModuleTest::it_can_process_upsell
InvalidArgumentException: getLogger() cannot be mocked as it is a private method

/Users/vagner/Desenvolvimento/python/clubify-checkout/sdk/php/vendor/mockery/mockery/library/Mockery.php:742
/Users/vagner/Desenvolvimento/python/clubify-checkout/sdk/php/vendor/mockery/mockery/library/Mockery.php:754
/Users/vagner/Desenvolvimento/python/clubify-checkout/sdk/php/vendor/mockery/mockery/library/Mockery.php:574
/Users/vagner/Desenvolvimento/python/clubify-checkout/sdk/php/tests/TestCase.php:222
/Users/vagner/Desenvolvimento/python/clubify-checkout/sdk/php/tests/TestCase.php:441
/Users/vagner/Desenvolvimento/python/clubify-checkout/sdk/php/tests/TestCase.php:56
/Users/vagner/Desenvolvimento/python/clubify-checkout/sdk/php/tests/Unit/Orders/OrdersModuleTest.php:44</error>
        </testcase>
        <testcase name="it_can_get_analytics" file="/Users/vagner/Desenvolvimento/python/clubify-checkout/sdk/php/tests/Unit/Orders/OrdersModuleTest.php" line="339" class="Clubify\Checkout\Tests\Unit\Orders\OrdersModuleTest" classname="Clubify.Checkout.Tests.Unit.Orders.OrdersModuleTest" assertions="0" time="0.000000">
          <error type="InvalidArgumentException">Clubify\Checkout\Tests\Unit\Orders\OrdersModuleTest::it_can_get_analytics
InvalidArgumentException: getLogger() cannot be mocked as it is a private method

/Users/vagner/Desenvolvimento/python/clubify-checkout/sdk/php/vendor/mockery/mockery/library/Mockery.php:742
/Users/vagner/Desenvolvimento/python/clubify-checkout/sdk/php/vendor/mockery/mockery/library/Mockery.php:754
/Users/vagner/Desenvolvimento/python/clubify-checkout/sdk/php/vendor/mockery/mockery/library/Mockery.php:574
/Users/vagner/Desenvolvimento/python/clubify-checkout/sdk/php/tests/TestCase.php:222
/Users/vagner/Desenvolvimento/python/clubify-checkout/sdk/php/tests/TestCase.php:441
/Users/vagner/Desenvolvimento/python/clubify-checkout/sdk/php/tests/TestCase.php:56
/Users/vagner/Desenvolvimento/python/clubify-checkout/sdk/php/tests/Unit/Orders/OrdersModuleTest.php:44</error>
        </testcase>
        <testcase name="it_can_get_revenue_statistics" file="/Users/vagner/Desenvolvimento/python/clubify-checkout/sdk/php/tests/Unit/Orders/OrdersModuleTest.php" line="370" class="Clubify\Checkout\Tests\Unit\Orders\OrdersModuleTest" classname="Clubify.Checkout.Tests.Unit.Orders.OrdersModuleTest" assertions="0" time="0.000000">
          <error type="InvalidArgumentException">Clubify\Checkout\Tests\Unit\Orders\OrdersModuleTest::it_can_get_revenue_statistics
InvalidArgumentException: getLogger() cannot be mocked as it is a private method

/Users/vagner/Desenvolvimento/python/clubify-checkout/sdk/php/vendor/mockery/mockery/library/Mockery.php:742
/Users/vagner/Desenvolvimento/python/clubify-checkout/sdk/php/vendor/mockery/mockery/library/Mockery.php:754
/Users/vagner/Desenvolvimento/python/clubify-checkout/sdk/php/vendor/mockery/mockery/library/Mockery.php:574
/Users/vagner/Desenvolvimento/python/clubify-checkout/sdk/php/tests/TestCase.php:222
/Users/vagner/Desenvolvimento/python/clubify-checkout/sdk/php/tests/TestCase.php:441
/Users/vagner/Desenvolvimento/python/clubify-checkout/sdk/php/tests/TestCase.php:56
/Users/vagner/Desenvolvimento/python/clubify-checkout/sdk/php/tests/Unit/Orders/OrdersModuleTest.php:44</error>
        </testcase>
        <testcase name="it_performs_health_check" file="/Users/vagner/Desenvolvimento/python/clubify-checkout/sdk/php/tests/Unit/Orders/OrdersModuleTest.php" line="401" class="Clubify\Checkout\Tests\Unit\Orders\OrdersModuleTest" classname="Clubify.Checkout.Tests.Unit.Orders.OrdersModuleTest" assertions="0" time="0.000000">
          <error type="InvalidArgumentException">Clubify\Checkout\Tests\Unit\Orders\OrdersModuleTest::it_performs_health_check
InvalidArgumentException: getLogger() cannot be mocked as it is a private method

/Users/vagner/Desenvolvimento/python/clubify-checkout/sdk/php/vendor/mockery/mockery/library/Mockery.php:742
/Users/vagner/Desenvolvimento/python/clubify-checkout/sdk/php/vendor/mockery/mockery/library/Mockery.php:754
/Users/vagner/Desenvolvimento/python/clubify-checkout/sdk/php/vendor/mockery/mockery/library/Mockery.php:574
/Users/vagner/Desenvolvimento/python/clubify-checkout/sdk/php/tests/TestCase.php:222
/Users/vagner/Desenvolvimento/python/clubify-checkout/sdk/php/tests/TestCase.php:441
/Users/vagner/Desenvolvimento/python/clubify-checkout/sdk/php/tests/TestCase.php:56
/Users/vagner/Desenvolvimento/python/clubify-checkout/sdk/php/tests/Unit/Orders/OrdersModuleTest.php:44</error>
        </testcase>
        <testcase name="it_can_bulk_update_orders" file="/Users/vagner/Desenvolvimento/python/clubify-checkout/sdk/php/tests/Unit/Orders/OrdersModuleTest.php" line="430" class="Clubify\Checkout\Tests\Unit\Orders\OrdersModuleTest" classname="Clubify.Checkout.Tests.Unit.Orders.OrdersModuleTest" assertions="0" time="0.000000">
          <error type="InvalidArgumentException">Clubify\Checkout\Tests\Unit\Orders\OrdersModuleTest::it_can_bulk_update_orders
InvalidArgumentException: getLogger() cannot be mocked as it is a private method

/Users/vagner/Desenvolvimento/python/clubify-checkout/sdk/php/vendor/mockery/mockery/library/Mockery.php:742
/Users/vagner/Desenvolvimento/python/clubify-checkout/sdk/php/vendor/mockery/mockery/library/Mockery.php:754
/Users/vagner/Desenvolvimento/python/clubify-checkout/sdk/php/vendor/mockery/mockery/library/Mockery.php:574
/Users/vagner/Desenvolvimento/python/clubify-checkout/sdk/php/tests/TestCase.php:222
/Users/vagner/Desenvolvimento/python/clubify-checkout/sdk/php/tests/TestCase.php:441
/Users/vagner/Desenvolvimento/python/clubify-checkout/sdk/php/tests/TestCase.php:56
/Users/vagner/Desenvolvimento/python/clubify-checkout/sdk/php/tests/Unit/Orders/OrdersModuleTest.php:44</error>
        </testcase>
        <testcase name="it_can_cleanup_properly" file="/Users/vagner/Desenvolvimento/python/clubify-checkout/sdk/php/tests/Unit/Orders/OrdersModuleTest.php" line="464" class="Clubify\Checkout\Tests\Unit\Orders\OrdersModuleTest" classname="Clubify.Checkout.Tests.Unit.Orders.OrdersModuleTest" assertions="0" time="0.000000">
          <error type="InvalidArgumentException">Clubify\Checkout\Tests\Unit\Orders\OrdersModuleTest::it_can_cleanup_properly
InvalidArgumentException: getLogger() cannot be mocked as it is a private method

/Users/vagner/Desenvolvimento/python/clubify-checkout/sdk/php/vendor/mockery/mockery/library/Mockery.php:742
/Users/vagner/Desenvolvimento/python/clubify-checkout/sdk/php/vendor/mockery/mockery/library/Mockery.php:754
/Users/vagner/Desenvolvimento/python/clubify-checkout/sdk/php/vendor/mockery/mockery/library/Mockery.php:574
/Users/vagner/Desenvolvimento/python/clubify-checkout/sdk/php/tests/TestCase.php:222
/Users/vagner/Desenvolvimento/python/clubify-checkout/sdk/php/tests/TestCase.php:441
/Users/vagner/Desenvolvimento/python/clubify-checkout/sdk/php/tests/TestCase.php:56
/Users/vagner/Desenvolvimento/python/clubify-checkout/sdk/php/tests/Unit/Orders/OrdersModuleTest.php:44</error>
        </testcase>
        <testcase name="it_returns_stats" file="/Users/vagner/Desenvolvimento/python/clubify-checkout/sdk/php/tests/Unit/Orders/OrdersModuleTest.php" line="478" class="Clubify\Checkout\Tests\Unit\Orders\OrdersModuleTest" classname="Clubify.Checkout.Tests.Unit.Orders.OrdersModuleTest" assertions="0" time="0.000000">
          <error type="InvalidArgumentException">Clubify\Checkout\Tests\Unit\Orders\OrdersModuleTest::it_returns_stats
InvalidArgumentException: getLogger() cannot be mocked as it is a private method

/Users/vagner/Desenvolvimento/python/clubify-checkout/sdk/php/vendor/mockery/mockery/library/Mockery.php:742
/Users/vagner/Desenvolvimento/python/clubify-checkout/sdk/php/vendor/mockery/mockery/library/Mockery.php:754
/Users/vagner/Desenvolvimento/python/clubify-checkout/sdk/php/vendor/mockery/mockery/library/Mockery.php:574
/Users/vagner/Desenvolvimento/python/clubify-checkout/sdk/php/tests/TestCase.php:222
/Users/vagner/Desenvolvimento/python/clubify-checkout/sdk/php/tests/TestCase.php:441
/Users/vagner/Desenvolvimento/python/clubify-checkout/sdk/php/tests/TestCase.php:56
/Users/vagner/Desenvolvimento/python/clubify-checkout/sdk/php/tests/Unit/Orders/OrdersModuleTest.php:44</error>
        </testcase>
        <testcase name="it_handles_invalid_operations_gracefully" file="/Users/vagner/Desenvolvimento/python/clubify-checkout/sdk/php/tests/Unit/Orders/OrdersModuleTest.php" line="500" class="Clubify\Checkout\Tests\Unit\Orders\OrdersModuleTest" classname="Clubify.Checkout.Tests.Unit.Orders.OrdersModuleTest" assertions="0" time="0.000000">
          <error type="InvalidArgumentException">Clubify\Checkout\Tests\Unit\Orders\OrdersModuleTest::it_handles_invalid_operations_gracefully
InvalidArgumentException: getLogger() cannot be mocked as it is a private method

/Users/vagner/Desenvolvimento/python/clubify-checkout/sdk/php/vendor/mockery/mockery/library/Mockery.php:742
/Users/vagner/Desenvolvimento/python/clubify-checkout/sdk/php/vendor/mockery/mockery/library/Mockery.php:754
/Users/vagner/Desenvolvimento/python/clubify-checkout/sdk/php/vendor/mockery/mockery/library/Mockery.php:574
/Users/vagner/Desenvolvimento/python/clubify-checkout/sdk/php/tests/TestCase.php:222
/Users/vagner/Desenvolvimento/python/clubify-checkout/sdk/php/tests/TestCase.php:441
/Users/vagner/Desenvolvimento/python/clubify-checkout/sdk/php/tests/TestCase.php:56
/Users/vagner/Desenvolvimento/python/clubify-checkout/sdk/php/tests/Unit/Orders/OrdersModuleTest.php:44</error>
        </testcase>
        <testcase name="it_validates_order_data" file="/Users/vagner/Desenvolvimento/python/clubify-checkout/sdk/php/tests/Unit/Orders/OrdersModuleTest.php" line="524" class="Clubify\Checkout\Tests\Unit\Orders\OrdersModuleTest" classname="Clubify.Checkout.Tests.Unit.Orders.OrdersModuleTest" assertions="0" time="0.000000">
          <error type="InvalidArgumentException">Clubify\Checkout\Tests\Unit\Orders\OrdersModuleTest::it_validates_order_data
InvalidArgumentException: getLogger() cannot be mocked as it is a private method

/Users/vagner/Desenvolvimento/python/clubify-checkout/sdk/php/vendor/mockery/mockery/library/Mockery.php:742
/Users/vagner/Desenvolvimento/python/clubify-checkout/sdk/php/vendor/mockery/mockery/library/Mockery.php:754
/Users/vagner/Desenvolvimento/python/clubify-checkout/sdk/php/vendor/mockery/mockery/library/Mockery.php:574
/Users/vagner/Desenvolvimento/python/clubify-checkout/sdk/php/tests/TestCase.php:222
/Users/vagner/Desenvolvimento/python/clubify-checkout/sdk/php/tests/TestCase.php:441
/Users/vagner/Desenvolvimento/python/clubify-checkout/sdk/php/tests/TestCase.php:56
/Users/vagner/Desenvolvimento/python/clubify-checkout/sdk/php/tests/Unit/Orders/OrdersModuleTest.php:44</error>
        </testcase>
      </testsuite>
      <testsuite name="Clubify\Checkout\Tests\Unit\Subscriptions\SubscriptionsModuleTest" file="/Users/vagner/Desenvolvimento/python/clubify-checkout/sdk/php/tests/Unit/Subscriptions/SubscriptionsModuleTest.php" tests="24" assertions="0" errors="24" failures="0" skipped="0" time="0.000000">
        <testcase name="it_can_be_instantiated" file="/Users/vagner/Desenvolvimento/python/clubify-checkout/sdk/php/tests/Unit/Subscriptions/SubscriptionsModuleTest.php" line="58" class="Clubify\Checkout\Tests\Unit\Subscriptions\SubscriptionsModuleTest" classname="Clubify.Checkout.Tests.Unit.Subscriptions.SubscriptionsModuleTest" assertions="0" time="0.000000">
          <error type="InvalidArgumentException">Clubify\Checkout\Tests\Unit\Subscriptions\SubscriptionsModuleTest::it_can_be_instantiated
InvalidArgumentException: getLogger() cannot be mocked as it is a private method

/Users/vagner/Desenvolvimento/python/clubify-checkout/sdk/php/vendor/mockery/mockery/library/Mockery.php:742
/Users/vagner/Desenvolvimento/python/clubify-checkout/sdk/php/vendor/mockery/mockery/library/Mockery.php:754
/Users/vagner/Desenvolvimento/python/clubify-checkout/sdk/php/vendor/mockery/mockery/library/Mockery.php:574
/Users/vagner/Desenvolvimento/python/clubify-checkout/sdk/php/tests/TestCase.php:222
/Users/vagner/Desenvolvimento/python/clubify-checkout/sdk/php/tests/TestCase.php:441
/Users/vagner/Desenvolvimento/python/clubify-checkout/sdk/php/tests/TestCase.php:56
/Users/vagner/Desenvolvimento/python/clubify-checkout/sdk/php/tests/Unit/Subscriptions/SubscriptionsModuleTest.php:44</error>
        </testcase>
        <testcase name="it_can_be_initialized" file="/Users/vagner/Desenvolvimento/python/clubify-checkout/sdk/php/tests/Unit/Subscriptions/SubscriptionsModuleTest.php" line="67" class="Clubify\Checkout\Tests\Unit\Subscriptions\SubscriptionsModuleTest" classname="Clubify.Checkout.Tests.Unit.Subscriptions.SubscriptionsModuleTest" assertions="0" time="0.000000">
          <error type="InvalidArgumentException">Clubify\Checkout\Tests\Unit\Subscriptions\SubscriptionsModuleTest::it_can_be_initialized
InvalidArgumentException: getLogger() cannot be mocked as it is a private method

/Users/vagner/Desenvolvimento/python/clubify-checkout/sdk/php/vendor/mockery/mockery/library/Mockery.php:742
/Users/vagner/Desenvolvimento/python/clubify-checkout/sdk/php/vendor/mockery/mockery/library/Mockery.php:754
/Users/vagner/Desenvolvimento/python/clubify-checkout/sdk/php/vendor/mockery/mockery/library/Mockery.php:574
/Users/vagner/Desenvolvimento/python/clubify-checkout/sdk/php/tests/TestCase.php:222
/Users/vagner/Desenvolvimento/python/clubify-checkout/sdk/php/tests/TestCase.php:441
/Users/vagner/Desenvolvimento/python/clubify-checkout/sdk/php/tests/TestCase.php:56
/Users/vagner/Desenvolvimento/python/clubify-checkout/sdk/php/tests/Unit/Subscriptions/SubscriptionsModuleTest.php:44</error>
        </testcase>
        <testcase name="it_returns_correct_dependencies" file="/Users/vagner/Desenvolvimento/python/clubify-checkout/sdk/php/tests/Unit/Subscriptions/SubscriptionsModuleTest.php" line="79" class="Clubify\Checkout\Tests\Unit\Subscriptions\SubscriptionsModuleTest" classname="Clubify.Checkout.Tests.Unit.Subscriptions.SubscriptionsModuleTest" assertions="0" time="0.000000">
          <error type="InvalidArgumentException">Clubify\Checkout\Tests\Unit\Subscriptions\SubscriptionsModuleTest::it_returns_correct_dependencies
InvalidArgumentException: getLogger() cannot be mocked as it is a private method

/Users/vagner/Desenvolvimento/python/clubify-checkout/sdk/php/vendor/mockery/mockery/library/Mockery.php:742
/Users/vagner/Desenvolvimento/python/clubify-checkout/sdk/php/vendor/mockery/mockery/library/Mockery.php:754
/Users/vagner/Desenvolvimento/python/clubify-checkout/sdk/php/vendor/mockery/mockery/library/Mockery.php:574
/Users/vagner/Desenvolvimento/python/clubify-checkout/sdk/php/tests/TestCase.php:222
/Users/vagner/Desenvolvimento/python/clubify-checkout/sdk/php/tests/TestCase.php:441
/Users/vagner/Desenvolvimento/python/clubify-checkout/sdk/php/tests/TestCase.php:56
/Users/vagner/Desenvolvimento/python/clubify-checkout/sdk/php/tests/Unit/Subscriptions/SubscriptionsModuleTest.php:44</error>
        </testcase>
        <testcase name="it_throws_exception_when_not_initialized" file="/Users/vagner/Desenvolvimento/python/clubify-checkout/sdk/php/tests/Unit/Subscriptions/SubscriptionsModuleTest.php" line="90" class="Clubify\Checkout\Tests\Unit\Subscriptions\SubscriptionsModuleTest" classname="Clubify.Checkout.Tests.Unit.Subscriptions.SubscriptionsModuleTest" assertions="0" time="0.000000">
          <error type="InvalidArgumentException">Clubify\Checkout\Tests\Unit\Subscriptions\SubscriptionsModuleTest::it_throws_exception_when_not_initialized
InvalidArgumentException: getLogger() cannot be mocked as it is a private method

/Users/vagner/Desenvolvimento/python/clubify-checkout/sdk/php/vendor/mockery/mockery/library/Mockery.php:742
/Users/vagner/Desenvolvimento/python/clubify-checkout/sdk/php/vendor/mockery/mockery/library/Mockery.php:754
/Users/vagner/Desenvolvimento/python/clubify-checkout/sdk/php/vendor/mockery/mockery/library/Mockery.php:574
/Users/vagner/Desenvolvimento/python/clubify-checkout/sdk/php/tests/TestCase.php:222
/Users/vagner/Desenvolvimento/python/clubify-checkout/sdk/php/tests/TestCase.php:441
/Users/vagner/Desenvolvimento/python/clubify-checkout/sdk/php/tests/TestCase.php:56
/Users/vagner/Desenvolvimento/python/clubify-checkout/sdk/php/tests/Unit/Subscriptions/SubscriptionsModuleTest.php:44</error>
        </testcase>
        <testcase name="it_can_create_subscription" file="/Users/vagner/Desenvolvimento/python/clubify-checkout/sdk/php/tests/Unit/Subscriptions/SubscriptionsModuleTest.php" line="99" class="Clubify\Checkout\Tests\Unit\Subscriptions\SubscriptionsModuleTest" classname="Clubify.Checkout.Tests.Unit.Subscriptions.SubscriptionsModuleTest" assertions="0" time="0.000000">
          <error type="InvalidArgumentException">Clubify\Checkout\Tests\Unit\Subscriptions\SubscriptionsModuleTest::it_can_create_subscription
InvalidArgumentException: getLogger() cannot be mocked as it is a private method

/Users/vagner/Desenvolvimento/python/clubify-checkout/sdk/php/vendor/mockery/mockery/library/Mockery.php:742
/Users/vagner/Desenvolvimento/python/clubify-checkout/sdk/php/vendor/mockery/mockery/library/Mockery.php:754
/Users/vagner/Desenvolvimento/python/clubify-checkout/sdk/php/vendor/mockery/mockery/library/Mockery.php:574
/Users/vagner/Desenvolvimento/python/clubify-checkout/sdk/php/tests/TestCase.php:222
/Users/vagner/Desenvolvimento/python/clubify-checkout/sdk/php/tests/TestCase.php:441
/Users/vagner/Desenvolvimento/python/clubify-checkout/sdk/php/tests/TestCase.php:56
/Users/vagner/Desenvolvimento/python/clubify-checkout/sdk/php/tests/Unit/Subscriptions/SubscriptionsModuleTest.php:44</error>
        </testcase>
        <testcase name="it_can_get_subscription" file="/Users/vagner/Desenvolvimento/python/clubify-checkout/sdk/php/tests/Unit/Subscriptions/SubscriptionsModuleTest.php" line="125" class="Clubify\Checkout\Tests\Unit\Subscriptions\SubscriptionsModuleTest" classname="Clubify.Checkout.Tests.Unit.Subscriptions.SubscriptionsModuleTest" assertions="0" time="0.000000">
          <error type="InvalidArgumentException">Clubify\Checkout\Tests\Unit\Subscriptions\SubscriptionsModuleTest::it_can_get_subscription
InvalidArgumentException: getLogger() cannot be mocked as it is a private method

/Users/vagner/Desenvolvimento/python/clubify-checkout/sdk/php/vendor/mockery/mockery/library/Mockery.php:742
/Users/vagner/Desenvolvimento/python/clubify-checkout/sdk/php/vendor/mockery/mockery/library/Mockery.php:754
/Users/vagner/Desenvolvimento/python/clubify-checkout/sdk/php/vendor/mockery/mockery/library/Mockery.php:574
/Users/vagner/Desenvolvimento/python/clubify-checkout/sdk/php/tests/TestCase.php:222
/Users/vagner/Desenvolvimento/python/clubify-checkout/sdk/php/tests/TestCase.php:441
/Users/vagner/Desenvolvimento/python/clubify-checkout/sdk/php/tests/TestCase.php:56
/Users/vagner/Desenvolvimento/python/clubify-checkout/sdk/php/tests/Unit/Subscriptions/SubscriptionsModuleTest.php:44</error>
        </testcase>
        <testcase name="it_can_list_subscriptions" file="/Users/vagner/Desenvolvimento/python/clubify-checkout/sdk/php/tests/Unit/Subscriptions/SubscriptionsModuleTest.php" line="151" class="Clubify\Checkout\Tests\Unit\Subscriptions\SubscriptionsModuleTest" classname="Clubify.Checkout.Tests.Unit.Subscriptions.SubscriptionsModuleTest" assertions="0" time="0.000000">
          <error type="InvalidArgumentException">Clubify\Checkout\Tests\Unit\Subscriptions\SubscriptionsModuleTest::it_can_list_subscriptions
InvalidArgumentException: getLogger() cannot be mocked as it is a private method

/Users/vagner/Desenvolvimento/python/clubify-checkout/sdk/php/vendor/mockery/mockery/library/Mockery.php:742
/Users/vagner/Desenvolvimento/python/clubify-checkout/sdk/php/vendor/mockery/mockery/library/Mockery.php:754
/Users/vagner/Desenvolvimento/python/clubify-checkout/sdk/php/vendor/mockery/mockery/library/Mockery.php:574
/Users/vagner/Desenvolvimento/python/clubify-checkout/sdk/php/tests/TestCase.php:222
/Users/vagner/Desenvolvimento/python/clubify-checkout/sdk/php/tests/TestCase.php:441
/Users/vagner/Desenvolvimento/python/clubify-checkout/sdk/php/tests/TestCase.php:56
/Users/vagner/Desenvolvimento/python/clubify-checkout/sdk/php/tests/Unit/Subscriptions/SubscriptionsModuleTest.php:44</error>
        </testcase>
        <testcase name="it_can_pause_subscription" file="/Users/vagner/Desenvolvimento/python/clubify-checkout/sdk/php/tests/Unit/Subscriptions/SubscriptionsModuleTest.php" line="184" class="Clubify\Checkout\Tests\Unit\Subscriptions\SubscriptionsModuleTest" classname="Clubify.Checkout.Tests.Unit.Subscriptions.SubscriptionsModuleTest" assertions="0" time="0.000000">
          <error type="InvalidArgumentException">Clubify\Checkout\Tests\Unit\Subscriptions\SubscriptionsModuleTest::it_can_pause_subscription
InvalidArgumentException: getLogger() cannot be mocked as it is a private method

/Users/vagner/Desenvolvimento/python/clubify-checkout/sdk/php/vendor/mockery/mockery/library/Mockery.php:742
/Users/vagner/Desenvolvimento/python/clubify-checkout/sdk/php/vendor/mockery/mockery/library/Mockery.php:754
/Users/vagner/Desenvolvimento/python/clubify-checkout/sdk/php/vendor/mockery/mockery/library/Mockery.php:574
/Users/vagner/Desenvolvimento/python/clubify-checkout/sdk/php/tests/TestCase.php:222
/Users/vagner/Desenvolvimento/python/clubify-checkout/sdk/php/tests/TestCase.php:441
/Users/vagner/Desenvolvimento/python/clubify-checkout/sdk/php/tests/TestCase.php:56
/Users/vagner/Desenvolvimento/python/clubify-checkout/sdk/php/tests/Unit/Subscriptions/SubscriptionsModuleTest.php:44</error>
        </testcase>
        <testcase name="it_can_resume_subscription" file="/Users/vagner/Desenvolvimento/python/clubify-checkout/sdk/php/tests/Unit/Subscriptions/SubscriptionsModuleTest.php" line="209" class="Clubify\Checkout\Tests\Unit\Subscriptions\SubscriptionsModuleTest" classname="Clubify.Checkout.Tests.Unit.Subscriptions.SubscriptionsModuleTest" assertions="0" time="0.000000">
          <error type="InvalidArgumentException">Clubify\Checkout\Tests\Unit\Subscriptions\SubscriptionsModuleTest::it_can_resume_subscription
InvalidArgumentException: getLogger() cannot be mocked as it is a private method

/Users/vagner/Desenvolvimento/python/clubify-checkout/sdk/php/vendor/mockery/mockery/library/Mockery.php:742
/Users/vagner/Desenvolvimento/python/clubify-checkout/sdk/php/vendor/mockery/mockery/library/Mockery.php:754
/Users/vagner/Desenvolvimento/python/clubify-checkout/sdk/php/vendor/mockery/mockery/library/Mockery.php:574
/Users/vagner/Desenvolvimento/python/clubify-checkout/sdk/php/tests/TestCase.php:222
/Users/vagner/Desenvolvimento/python/clubify-checkout/sdk/php/tests/TestCase.php:441
/Users/vagner/Desenvolvimento/python/clubify-checkout/sdk/php/tests/TestCase.php:56
/Users/vagner/Desenvolvimento/python/clubify-checkout/sdk/php/tests/Unit/Subscriptions/SubscriptionsModuleTest.php:44</error>
        </testcase>
        <testcase name="it_can_cancel_subscription" file="/Users/vagner/Desenvolvimento/python/clubify-checkout/sdk/php/tests/Unit/Subscriptions/SubscriptionsModuleTest.php" line="234" class="Clubify\Checkout\Tests\Unit\Subscriptions\SubscriptionsModuleTest" classname="Clubify.Checkout.Tests.Unit.Subscriptions.SubscriptionsModuleTest" assertions="0" time="0.000000">
          <error type="InvalidArgumentException">Clubify\Checkout\Tests\Unit\Subscriptions\SubscriptionsModuleTest::it_can_cancel_subscription
InvalidArgumentException: getLogger() cannot be mocked as it is a private method

/Users/vagner/Desenvolvimento/python/clubify-checkout/sdk/php/vendor/mockery/mockery/library/Mockery.php:742
/Users/vagner/Desenvolvimento/python/clubify-checkout/sdk/php/vendor/mockery/mockery/library/Mockery.php:754
/Users/vagner/Desenvolvimento/python/clubify-checkout/sdk/php/vendor/mockery/mockery/library/Mockery.php:574
/Users/vagner/Desenvolvimento/python/clubify-checkout/sdk/php/tests/TestCase.php:222
/Users/vagner/Desenvolvimento/python/clubify-checkout/sdk/php/tests/TestCase.php:441
/Users/vagner/Desenvolvimento/python/clubify-checkout/sdk/php/tests/TestCase.php:56
/Users/vagner/Desenvolvimento/python/clubify-checkout/sdk/php/tests/Unit/Subscriptions/SubscriptionsModuleTest.php:44</error>
        </testcase>
        <testcase name="it_can_upgrade_subscription" file="/Users/vagner/Desenvolvimento/python/clubify-checkout/sdk/php/tests/Unit/Subscriptions/SubscriptionsModuleTest.php" line="261" class="Clubify\Checkout\Tests\Unit\Subscriptions\SubscriptionsModuleTest" classname="Clubify.Checkout.Tests.Unit.Subscriptions.SubscriptionsModuleTest" assertions="0" time="0.000000">
          <error type="InvalidArgumentException">Clubify\Checkout\Tests\Unit\Subscriptions\SubscriptionsModuleTest::it_can_upgrade_subscription
InvalidArgumentException: getLogger() cannot be mocked as it is a private method

/Users/vagner/Desenvolvimento/python/clubify-checkout/sdk/php/vendor/mockery/mockery/library/Mockery.php:742
/Users/vagner/Desenvolvimento/python/clubify-checkout/sdk/php/vendor/mockery/mockery/library/Mockery.php:754
/Users/vagner/Desenvolvimento/python/clubify-checkout/sdk/php/vendor/mockery/mockery/library/Mockery.php:574
/Users/vagner/Desenvolvimento/python/clubify-checkout/sdk/php/tests/TestCase.php:222
/Users/vagner/Desenvolvimento/python/clubify-checkout/sdk/php/tests/TestCase.php:441
/Users/vagner/Desenvolvimento/python/clubify-checkout/sdk/php/tests/TestCase.php:56
/Users/vagner/Desenvolvimento/python/clubify-checkout/sdk/php/tests/Unit/Subscriptions/SubscriptionsModuleTest.php:44</error>
        </testcase>
        <testcase name="it_can_downgrade_subscription" file="/Users/vagner/Desenvolvimento/python/clubify-checkout/sdk/php/tests/Unit/Subscriptions/SubscriptionsModuleTest.php" line="293" class="Clubify\Checkout\Tests\Unit\Subscriptions\SubscriptionsModuleTest" classname="Clubify.Checkout.Tests.Unit.Subscriptions.SubscriptionsModuleTest" assertions="0" time="0.000000">
          <error type="InvalidArgumentException">Clubify\Checkout\Tests\Unit\Subscriptions\SubscriptionsModuleTest::it_can_downgrade_subscription
InvalidArgumentException: getLogger() cannot be mocked as it is a private method

/Users/vagner/Desenvolvimento/python/clubify-checkout/sdk/php/vendor/mockery/mockery/library/Mockery.php:742
/Users/vagner/Desenvolvimento/python/clubify-checkout/sdk/php/vendor/mockery/mockery/library/Mockery.php:754
/Users/vagner/Desenvolvimento/python/clubify-checkout/sdk/php/vendor/mockery/mockery/library/Mockery.php:574
/Users/vagner/Desenvolvimento/python/clubify-checkout/sdk/php/tests/TestCase.php:222
/Users/vagner/Desenvolvimento/python/clubify-checkout/sdk/php/tests/TestCase.php:441
/Users/vagner/Desenvolvimento/python/clubify-checkout/sdk/php/tests/TestCase.php:56
/Users/vagner/Desenvolvimento/python/clubify-checkout/sdk/php/tests/Unit/Subscriptions/SubscriptionsModuleTest.php:44</error>
        </testcase>
        <testcase name="it_can_create_subscription_plan" file="/Users/vagner/Desenvolvimento/python/clubify-checkout/sdk/php/tests/Unit/Subscriptions/SubscriptionsModuleTest.php" line="325" class="Clubify\Checkout\Tests\Unit\Subscriptions\SubscriptionsModuleTest" classname="Clubify.Checkout.Tests.Unit.Subscriptions.SubscriptionsModuleTest" assertions="0" time="0.000000">
          <error type="InvalidArgumentException">Clubify\Checkout\Tests\Unit\Subscriptions\SubscriptionsModuleTest::it_can_create_subscription_plan
InvalidArgumentException: getLogger() cannot be mocked as it is a private method

/Users/vagner/Desenvolvimento/python/clubify-checkout/sdk/php/vendor/mockery/mockery/library/Mockery.php:742
/Users/vagner/Desenvolvimento/python/clubify-checkout/sdk/php/vendor/mockery/mockery/library/Mockery.php:754
/Users/vagner/Desenvolvimento/python/clubify-checkout/sdk/php/vendor/mockery/mockery/library/Mockery.php:574
/Users/vagner/Desenvolvimento/python/clubify-checkout/sdk/php/tests/TestCase.php:222
/Users/vagner/Desenvolvimento/python/clubify-checkout/sdk/php/tests/TestCase.php:441
/Users/vagner/Desenvolvimento/python/clubify-checkout/sdk/php/tests/TestCase.php:56
/Users/vagner/Desenvolvimento/python/clubify-checkout/sdk/php/tests/Unit/Subscriptions/SubscriptionsModuleTest.php:44</error>
        </testcase>
        <testcase name="it_can_get_subscription_plan" file="/Users/vagner/Desenvolvimento/python/clubify-checkout/sdk/php/tests/Unit/Subscriptions/SubscriptionsModuleTest.php" line="358" class="Clubify\Checkout\Tests\Unit\Subscriptions\SubscriptionsModuleTest" classname="Clubify.Checkout.Tests.Unit.Subscriptions.SubscriptionsModuleTest" assertions="0" time="0.000000">
          <error type="InvalidArgumentException">Clubify\Checkout\Tests\Unit\Subscriptions\SubscriptionsModuleTest::it_can_get_subscription_plan
InvalidArgumentException: getLogger() cannot be mocked as it is a private method

/Users/vagner/Desenvolvimento/python/clubify-checkout/sdk/php/vendor/mockery/mockery/library/Mockery.php:742
/Users/vagner/Desenvolvimento/python/clubify-checkout/sdk/php/vendor/mockery/mockery/library/Mockery.php:754
/Users/vagner/Desenvolvimento/python/clubify-checkout/sdk/php/vendor/mockery/mockery/library/Mockery.php:574
/Users/vagner/Desenvolvimento/python/clubify-checkout/sdk/php/tests/TestCase.php:222
/Users/vagner/Desenvolvimento/python/clubify-checkout/sdk/php/tests/TestCase.php:441
/Users/vagner/Desenvolvimento/python/clubify-checkout/sdk/php/tests/TestCase.php:56
/Users/vagner/Desenvolvimento/python/clubify-checkout/sdk/php/tests/Unit/Subscriptions/SubscriptionsModuleTest.php:44</error>
        </testcase>
        <testcase name="it_can_list_subscription_plans" file="/Users/vagner/Desenvolvimento/python/clubify-checkout/sdk/php/tests/Unit/Subscriptions/SubscriptionsModuleTest.php" line="389" class="Clubify\Checkout\Tests\Unit\Subscriptions\SubscriptionsModuleTest" classname="Clubify.Checkout.Tests.Unit.Subscriptions.SubscriptionsModuleTest" assertions="0" time="0.000000">
          <error type="InvalidArgumentException">Clubify\Checkout\Tests\Unit\Subscriptions\SubscriptionsModuleTest::it_can_list_subscription_plans
InvalidArgumentException: getLogger() cannot be mocked as it is a private method

/Users/vagner/Desenvolvimento/python/clubify-checkout/sdk/php/vendor/mockery/mockery/library/Mockery.php:742
/Users/vagner/Desenvolvimento/python/clubify-checkout/sdk/php/vendor/mockery/mockery/library/Mockery.php:754
/Users/vagner/Desenvolvimento/python/clubify-checkout/sdk/php/vendor/mockery/mockery/library/Mockery.php:574
/Users/vagner/Desenvolvimento/python/clubify-checkout/sdk/php/tests/TestCase.php:222
/Users/vagner/Desenvolvimento/python/clubify-checkout/sdk/php/tests/TestCase.php:441
/Users/vagner/Desenvolvimento/python/clubify-checkout/sdk/php/tests/TestCase.php:56
/Users/vagner/Desenvolvimento/python/clubify-checkout/sdk/php/tests/Unit/Subscriptions/SubscriptionsModuleTest.php:44</error>
        </testcase>
        <testcase name="it_can_process_billing" file="/Users/vagner/Desenvolvimento/python/clubify-checkout/sdk/php/tests/Unit/Subscriptions/SubscriptionsModuleTest.php" line="421" class="Clubify\Checkout\Tests\Unit\Subscriptions\SubscriptionsModuleTest" classname="Clubify.Checkout.Tests.Unit.Subscriptions.SubscriptionsModuleTest" assertions="0" time="0.000000">
          <error type="InvalidArgumentException">Clubify\Checkout\Tests\Unit\Subscriptions\SubscriptionsModuleTest::it_can_process_billing
InvalidArgumentException: getLogger() cannot be mocked as it is a private method

/Users/vagner/Desenvolvimento/python/clubify-checkout/sdk/php/vendor/mockery/mockery/library/Mockery.php:742
/Users/vagner/Desenvolvimento/python/clubify-checkout/sdk/php/vendor/mockery/mockery/library/Mockery.php:754
/Users/vagner/Desenvolvimento/python/clubify-checkout/sdk/php/vendor/mockery/mockery/library/Mockery.php:574
/Users/vagner/Desenvolvimento/python/clubify-checkout/sdk/php/tests/TestCase.php:222
/Users/vagner/Desenvolvimento/python/clubify-checkout/sdk/php/tests/TestCase.php:441
/Users/vagner/Desenvolvimento/python/clubify-checkout/sdk/php/tests/TestCase.php:56
/Users/vagner/Desenvolvimento/python/clubify-checkout/sdk/php/tests/Unit/Subscriptions/SubscriptionsModuleTest.php:44</error>
        </testcase>
        <testcase name="it_can_retry_failed_billing" file="/Users/vagner/Desenvolvimento/python/clubify-checkout/sdk/php/tests/Unit/Subscriptions/SubscriptionsModuleTest.php" line="452" class="Clubify\Checkout\Tests\Unit\Subscriptions\SubscriptionsModuleTest" classname="Clubify.Checkout.Tests.Unit.Subscriptions.SubscriptionsModuleTest" assertions="0" time="0.000000">
          <error type="InvalidArgumentException">Clubify\Checkout\Tests\Unit\Subscriptions\SubscriptionsModuleTest::it_can_retry_failed_billing
InvalidArgumentException: getLogger() cannot be mocked as it is a private method

/Users/vagner/Desenvolvimento/python/clubify-checkout/sdk/php/vendor/mockery/mockery/library/Mockery.php:742
/Users/vagner/Desenvolvimento/python/clubify-checkout/sdk/php/vendor/mockery/mockery/library/Mockery.php:754
/Users/vagner/Desenvolvimento/python/clubify-checkout/sdk/php/vendor/mockery/mockery/library/Mockery.php:574
/Users/vagner/Desenvolvimento/python/clubify-checkout/sdk/php/tests/TestCase.php:222
/Users/vagner/Desenvolvimento/python/clubify-checkout/sdk/php/tests/TestCase.php:441
/Users/vagner/Desenvolvimento/python/clubify-checkout/sdk/php/tests/TestCase.php:56
/Users/vagner/Desenvolvimento/python/clubify-checkout/sdk/php/tests/Unit/Subscriptions/SubscriptionsModuleTest.php:44</error>
        </testcase>
        <testcase name="it_can_get_subscription_metrics" file="/Users/vagner/Desenvolvimento/python/clubify-checkout/sdk/php/tests/Unit/Subscriptions/SubscriptionsModuleTest.php" line="477" class="Clubify\Checkout\Tests\Unit\Subscriptions\SubscriptionsModuleTest" classname="Clubify.Checkout.Tests.Unit.Subscriptions.SubscriptionsModuleTest" assertions="0" time="0.000000">
          <error type="InvalidArgumentException">Clubify\Checkout\Tests\Unit\Subscriptions\SubscriptionsModuleTest::it_can_get_subscription_metrics
InvalidArgumentException: getLogger() cannot be mocked as it is a private method

/Users/vagner/Desenvolvimento/python/clubify-checkout/sdk/php/vendor/mockery/mockery/library/Mockery.php:742
/Users/vagner/Desenvolvimento/python/clubify-checkout/sdk/php/vendor/mockery/mockery/library/Mockery.php:754
/Users/vagner/Desenvolvimento/python/clubify-checkout/sdk/php/vendor/mockery/mockery/library/Mockery.php:574
/Users/vagner/Desenvolvimento/python/clubify-checkout/sdk/php/tests/TestCase.php:222
/Users/vagner/Desenvolvimento/python/clubify-checkout/sdk/php/tests/TestCase.php:441
/Users/vagner/Desenvolvimento/python/clubify-checkout/sdk/php/tests/TestCase.php:56
/Users/vagner/Desenvolvimento/python/clubify-checkout/sdk/php/tests/Unit/Subscriptions/SubscriptionsModuleTest.php:44</error>
        </testcase>
        <testcase name="it_can_get_churn_analysis" file="/Users/vagner/Desenvolvimento/python/clubify-checkout/sdk/php/tests/Unit/Subscriptions/SubscriptionsModuleTest.php" line="511" class="Clubify\Checkout\Tests\Unit\Subscriptions\SubscriptionsModuleTest" classname="Clubify.Checkout.Tests.Unit.Subscriptions.SubscriptionsModuleTest" assertions="0" time="0.000000">
          <error type="InvalidArgumentException">Clubify\Checkout\Tests\Unit\Subscriptions\SubscriptionsModuleTest::it_can_get_churn_analysis
InvalidArgumentException: getLogger() cannot be mocked as it is a private method

/Users/vagner/Desenvolvimento/python/clubify-checkout/sdk/php/vendor/mockery/mockery/library/Mockery.php:742
/Users/vagner/Desenvolvimento/python/clubify-checkout/sdk/php/vendor/mockery/mockery/library/Mockery.php:754
/Users/vagner/Desenvolvimento/python/clubify-checkout/sdk/php/vendor/mockery/mockery/library/Mockery.php:574
/Users/vagner/Desenvolvimento/python/clubify-checkout/sdk/php/tests/TestCase.php:222
/Users/vagner/Desenvolvimento/python/clubify-checkout/sdk/php/tests/TestCase.php:441
/Users/vagner/Desenvolvimento/python/clubify-checkout/sdk/php/tests/TestCase.php:56
/Users/vagner/Desenvolvimento/python/clubify-checkout/sdk/php/tests/Unit/Subscriptions/SubscriptionsModuleTest.php:44</error>
        </testcase>
        <testcase name="it_can_get_revenue_forecast" file="/Users/vagner/Desenvolvimento/python/clubify-checkout/sdk/php/tests/Unit/Subscriptions/SubscriptionsModuleTest.php" line="550" class="Clubify\Checkout\Tests\Unit\Subscriptions\SubscriptionsModuleTest" classname="Clubify.Checkout.Tests.Unit.Subscriptions.SubscriptionsModuleTest" assertions="0" time="0.000000">
          <error type="InvalidArgumentException">Clubify\Checkout\Tests\Unit\Subscriptions\SubscriptionsModuleTest::it_can_get_revenue_forecast
InvalidArgumentException: getLogger() cannot be mocked as it is a private method

/Users/vagner/Desenvolvimento/python/clubify-checkout/sdk/php/vendor/mockery/mockery/library/Mockery.php:742
/Users/vagner/Desenvolvimento/python/clubify-checkout/sdk/php/vendor/mockery/mockery/library/Mockery.php:754
/Users/vagner/Desenvolvimento/python/clubify-checkout/sdk/php/vendor/mockery/mockery/library/Mockery.php:574
/Users/vagner/Desenvolvimento/python/clubify-checkout/sdk/php/tests/TestCase.php:222
/Users/vagner/Desenvolvimento/python/clubify-checkout/sdk/php/tests/TestCase.php:441
/Users/vagner/Desenvolvimento/python/clubify-checkout/sdk/php/tests/TestCase.php:56
/Users/vagner/Desenvolvimento/python/clubify-checkout/sdk/php/tests/Unit/Subscriptions/SubscriptionsModuleTest.php:44</error>
        </testcase>
        <testcase name="it_performs_health_check" file="/Users/vagner/Desenvolvimento/python/clubify-checkout/sdk/php/tests/Unit/Subscriptions/SubscriptionsModuleTest.php" line="591" class="Clubify\Checkout\Tests\Unit\Subscriptions\SubscriptionsModuleTest" classname="Clubify.Checkout.Tests.Unit.Subscriptions.SubscriptionsModuleTest" assertions="0" time="0.000000">
          <error type="InvalidArgumentException">Clubify\Checkout\Tests\Unit\Subscriptions\SubscriptionsModuleTest::it_performs_health_check
InvalidArgumentException: getLogger() cannot be mocked as it is a private method

/Users/vagner/Desenvolvimento/python/clubify-checkout/sdk/php/vendor/mockery/mockery/library/Mockery.php:742
/Users/vagner/Desenvolvimento/python/clubify-checkout/sdk/php/vendor/mockery/mockery/library/Mockery.php:754
/Users/vagner/Desenvolvimento/python/clubify-checkout/sdk/php/vendor/mockery/mockery/library/Mockery.php:574
/Users/vagner/Desenvolvimento/python/clubify-checkout/sdk/php/tests/TestCase.php:222
/Users/vagner/Desenvolvimento/python/clubify-checkout/sdk/php/tests/TestCase.php:441
/Users/vagner/Desenvolvimento/python/clubify-checkout/sdk/php/tests/TestCase.php:56
/Users/vagner/Desenvolvimento/python/clubify-checkout/sdk/php/tests/Unit/Subscriptions/SubscriptionsModuleTest.php:44</error>
        </testcase>
        <testcase name="it_returns_module_status" file="/Users/vagner/Desenvolvimento/python/clubify-checkout/sdk/php/tests/Unit/Subscriptions/SubscriptionsModuleTest.php" line="624" class="Clubify\Checkout\Tests\Unit\Subscriptions\SubscriptionsModuleTest" classname="Clubify.Checkout.Tests.Unit.Subscriptions.SubscriptionsModuleTest" assertions="0" time="0.000000">
          <error type="InvalidArgumentException">Clubify\Checkout\Tests\Unit\Subscriptions\SubscriptionsModuleTest::it_returns_module_status
InvalidArgumentException: getLogger() cannot be mocked as it is a private method

/Users/vagner/Desenvolvimento/python/clubify-checkout/sdk/php/vendor/mockery/mockery/library/Mockery.php:742
/Users/vagner/Desenvolvimento/python/clubify-checkout/sdk/php/vendor/mockery/mockery/library/Mockery.php:754
/Users/vagner/Desenvolvimento/python/clubify-checkout/sdk/php/vendor/mockery/mockery/library/Mockery.php:574
/Users/vagner/Desenvolvimento/python/clubify-checkout/sdk/php/tests/TestCase.php:222
/Users/vagner/Desenvolvimento/python/clubify-checkout/sdk/php/tests/TestCase.php:441
/Users/vagner/Desenvolvimento/python/clubify-checkout/sdk/php/tests/TestCase.php:56
/Users/vagner/Desenvolvimento/python/clubify-checkout/sdk/php/tests/Unit/Subscriptions/SubscriptionsModuleTest.php:44</error>
        </testcase>
        <testcase name="it_can_cleanup_properly" file="/Users/vagner/Desenvolvimento/python/clubify-checkout/sdk/php/tests/Unit/Subscriptions/SubscriptionsModuleTest.php" line="646" class="Clubify\Checkout\Tests\Unit\Subscriptions\SubscriptionsModuleTest" classname="Clubify.Checkout.Tests.Unit.Subscriptions.SubscriptionsModuleTest" assertions="0" time="0.000000">
          <error type="InvalidArgumentException">Clubify\Checkout\Tests\Unit\Subscriptions\SubscriptionsModuleTest::it_can_cleanup_properly
InvalidArgumentException: getLogger() cannot be mocked as it is a private method

/Users/vagner/Desenvolvimento/python/clubify-checkout/sdk/php/vendor/mockery/mockery/library/Mockery.php:742
/Users/vagner/Desenvolvimento/python/clubify-checkout/sdk/php/vendor/mockery/mockery/library/Mockery.php:754
/Users/vagner/Desenvolvimento/python/clubify-checkout/sdk/php/vendor/mockery/mockery/library/Mockery.php:574
/Users/vagner/Desenvolvimento/python/clubify-checkout/sdk/php/tests/TestCase.php:222
/Users/vagner/Desenvolvimento/python/clubify-checkout/sdk/php/tests/TestCase.php:441
/Users/vagner/Desenvolvimento/python/clubify-checkout/sdk/php/tests/TestCase.php:56
/Users/vagner/Desenvolvimento/python/clubify-checkout/sdk/php/tests/Unit/Subscriptions/SubscriptionsModuleTest.php:44</error>
        </testcase>
        <testcase name="it_handles_bulk_operations" file="/Users/vagner/Desenvolvimento/python/clubify-checkout/sdk/php/tests/Unit/Subscriptions/SubscriptionsModuleTest.php" line="660" class="Clubify\Checkout\Tests\Unit\Subscriptions\SubscriptionsModuleTest" classname="Clubify.Checkout.Tests.Unit.Subscriptions.SubscriptionsModuleTest" assertions="0" time="0.000000">
          <error type="InvalidArgumentException">Clubify\Checkout\Tests\Unit\Subscriptions\SubscriptionsModuleTest::it_handles_bulk_operations
InvalidArgumentException: getLogger() cannot be mocked as it is a private method

/Users/vagner/Desenvolvimento/python/clubify-checkout/sdk/php/vendor/mockery/mockery/library/Mockery.php:742
/Users/vagner/Desenvolvimento/python/clubify-checkout/sdk/php/vendor/mockery/mockery/library/Mockery.php:754
/Users/vagner/Desenvolvimento/python/clubify-checkout/sdk/php/vendor/mockery/mockery/library/Mockery.php:574
/Users/vagner/Desenvolvimento/python/clubify-checkout/sdk/php/tests/TestCase.php:222
/Users/vagner/Desenvolvimento/python/clubify-checkout/sdk/php/tests/TestCase.php:441
/Users/vagner/Desenvolvimento/python/clubify-checkout/sdk/php/tests/TestCase.php:56
/Users/vagner/Desenvolvimento/python/clubify-checkout/sdk/php/tests/Unit/Subscriptions/SubscriptionsModuleTest.php:44</error>
        </testcase>
      </testsuite>
      <testsuite name="Clubify\Checkout\Tests\Unit\UserManagement\Factories\UserServiceFactoryTest" file="/Users/vagner/Desenvolvimento/python/clubify-checkout/sdk/php/tests/Unit/UserManagement/Factories/UserServiceFactoryTest.php" tests="17" assertions="0" errors="17" failures="0" skipped="0" time="0.000000">
        <testcase name="testImplementsFactoryInterface" file="/Users/vagner/Desenvolvimento/python/clubify-checkout/sdk/php/tests/Unit/UserManagement/Factories/UserServiceFactoryTest.php" line="61" class="Clubify\Checkout\Tests\Unit\UserManagement\Factories\UserServiceFactoryTest" classname="Clubify.Checkout.Tests.Unit.UserManagement.Factories.UserServiceFactoryTest" assertions="0" time="0.000000">
          <error type="InvalidArgumentException">Clubify\Checkout\Tests\Unit\UserManagement\Factories\UserServiceFactoryTest::testImplementsFactoryInterface
InvalidArgumentException: getLogger() cannot be mocked as it is a private method

/Users/vagner/Desenvolvimento/python/clubify-checkout/sdk/php/vendor/mockery/mockery/library/Mockery.php:742
/Users/vagner/Desenvolvimento/python/clubify-checkout/sdk/php/vendor/mockery/mockery/library/Mockery.php:754
/Users/vagner/Desenvolvimento/python/clubify-checkout/sdk/php/vendor/mockery/mockery/library/Mockery.php:574
/Users/vagner/Desenvolvimento/python/clubify-checkout/sdk/php/tests/TestCase.php:222
/Users/vagner/Desenvolvimento/python/clubify-checkout/sdk/php/tests/TestCase.php:441
/Users/vagner/Desenvolvimento/python/clubify-checkout/sdk/php/tests/TestCase.php:56
/Users/vagner/Desenvolvimento/python/clubify-checkout/sdk/php/tests/Unit/UserManagement/Factories/UserServiceFactoryTest.php:39</error>
        </testcase>
        <testcase name="testGetSupportedTypes" file="/Users/vagner/Desenvolvimento/python/clubify-checkout/sdk/php/tests/Unit/UserManagement/Factories/UserServiceFactoryTest.php" line="66" class="Clubify\Checkout\Tests\Unit\UserManagement\Factories\UserServiceFactoryTest" classname="Clubify.Checkout.Tests.Unit.UserManagement.Factories.UserServiceFactoryTest" assertions="0" time="0.000000">
          <error type="InvalidArgumentException">Clubify\Checkout\Tests\Unit\UserManagement\Factories\UserServiceFactoryTest::testGetSupportedTypes
InvalidArgumentException: getLogger() cannot be mocked as it is a private method

/Users/vagner/Desenvolvimento/python/clubify-checkout/sdk/php/vendor/mockery/mockery/library/Mockery.php:742
/Users/vagner/Desenvolvimento/python/clubify-checkout/sdk/php/vendor/mockery/mockery/library/Mockery.php:754
/Users/vagner/Desenvolvimento/python/clubify-checkout/sdk/php/vendor/mockery/mockery/library/Mockery.php:574
/Users/vagner/Desenvolvimento/python/clubify-checkout/sdk/php/tests/TestCase.php:222
/Users/vagner/Desenvolvimento/python/clubify-checkout/sdk/php/tests/TestCase.php:441
/Users/vagner/Desenvolvimento/python/clubify-checkout/sdk/php/tests/TestCase.php:56
/Users/vagner/Desenvolvimento/python/clubify-checkout/sdk/php/tests/Unit/UserManagement/Factories/UserServiceFactoryTest.php:39</error>
        </testcase>
        <testcase name="testCreateUserServiceSuccess" file="/Users/vagner/Desenvolvimento/python/clubify-checkout/sdk/php/tests/Unit/UserManagement/Factories/UserServiceFactoryTest.php" line="81" class="Clubify\Checkout\Tests\Unit\UserManagement\Factories\UserServiceFactoryTest" classname="Clubify.Checkout.Tests.Unit.UserManagement.Factories.UserServiceFactoryTest" assertions="0" time="0.000000">
          <error type="InvalidArgumentException">Clubify\Checkout\Tests\Unit\UserManagement\Factories\UserServiceFactoryTest::testCreateUserServiceSuccess
InvalidArgumentException: getLogger() cannot be mocked as it is a private method

/Users/vagner/Desenvolvimento/python/clubify-checkout/sdk/php/vendor/mockery/mockery/library/Mockery.php:742
/Users/vagner/Desenvolvimento/python/clubify-checkout/sdk/php/vendor/mockery/mockery/library/Mockery.php:754
/Users/vagner/Desenvolvimento/python/clubify-checkout/sdk/php/vendor/mockery/mockery/library/Mockery.php:574
/Users/vagner/Desenvolvimento/python/clubify-checkout/sdk/php/tests/TestCase.php:222
/Users/vagner/Desenvolvimento/python/clubify-checkout/sdk/php/tests/TestCase.php:441
/Users/vagner/Desenvolvimento/python/clubify-checkout/sdk/php/tests/TestCase.php:56
/Users/vagner/Desenvolvimento/python/clubify-checkout/sdk/php/tests/Unit/UserManagement/Factories/UserServiceFactoryTest.php:39</error>
        </testcase>
        <testcase name="testCreateUserServiceSingleton" file="/Users/vagner/Desenvolvimento/python/clubify-checkout/sdk/php/tests/Unit/UserManagement/Factories/UserServiceFactoryTest.php" line="106" class="Clubify\Checkout\Tests\Unit\UserManagement\Factories\UserServiceFactoryTest" classname="Clubify.Checkout.Tests.Unit.UserManagement.Factories.UserServiceFactoryTest" assertions="0" time="0.000000">
          <error type="InvalidArgumentException">Clubify\Checkout\Tests\Unit\UserManagement\Factories\UserServiceFactoryTest::testCreateUserServiceSingleton
InvalidArgumentException: getLogger() cannot be mocked as it is a private method

/Users/vagner/Desenvolvimento/python/clubify-checkout/sdk/php/vendor/mockery/mockery/library/Mockery.php:742
/Users/vagner/Desenvolvimento/python/clubify-checkout/sdk/php/vendor/mockery/mockery/library/Mockery.php:754
/Users/vagner/Desenvolvimento/python/clubify-checkout/sdk/php/vendor/mockery/mockery/library/Mockery.php:574
/Users/vagner/Desenvolvimento/python/clubify-checkout/sdk/php/tests/TestCase.php:222
/Users/vagner/Desenvolvimento/python/clubify-checkout/sdk/php/tests/TestCase.php:441
/Users/vagner/Desenvolvimento/python/clubify-checkout/sdk/php/tests/TestCase.php:56
/Users/vagner/Desenvolvimento/python/clubify-checkout/sdk/php/tests/Unit/UserManagement/Factories/UserServiceFactoryTest.php:39</error>
        </testcase>
        <testcase name="testCreateUserServiceWithConfig" file="/Users/vagner/Desenvolvimento/python/clubify-checkout/sdk/php/tests/Unit/UserManagement/Factories/UserServiceFactoryTest.php" line="120" class="Clubify\Checkout\Tests\Unit\UserManagement\Factories\UserServiceFactoryTest" classname="Clubify.Checkout.Tests.Unit.UserManagement.Factories.UserServiceFactoryTest" assertions="0" time="0.000000">
          <error type="InvalidArgumentException">Clubify\Checkout\Tests\Unit\UserManagement\Factories\UserServiceFactoryTest::testCreateUserServiceWithConfig
InvalidArgumentException: getLogger() cannot be mocked as it is a private method

/Users/vagner/Desenvolvimento/python/clubify-checkout/sdk/php/vendor/mockery/mockery/library/Mockery.php:742
/Users/vagner/Desenvolvimento/python/clubify-checkout/sdk/php/vendor/mockery/mockery/library/Mockery.php:754
/Users/vagner/Desenvolvimento/python/clubify-checkout/sdk/php/vendor/mockery/mockery/library/Mockery.php:574
/Users/vagner/Desenvolvimento/python/clubify-checkout/sdk/php/tests/TestCase.php:222
/Users/vagner/Desenvolvimento/python/clubify-checkout/sdk/php/tests/TestCase.php:441
/Users/vagner/Desenvolvimento/python/clubify-checkout/sdk/php/tests/TestCase.php:56
/Users/vagner/Desenvolvimento/python/clubify-checkout/sdk/php/tests/Unit/UserManagement/Factories/UserServiceFactoryTest.php:39</error>
        </testcase>
        <testcase name="testCreateUnsupportedServiceType" file="/Users/vagner/Desenvolvimento/python/clubify-checkout/sdk/php/tests/Unit/UserManagement/Factories/UserServiceFactoryTest.php" line="147" class="Clubify\Checkout\Tests\Unit\UserManagement\Factories\UserServiceFactoryTest" classname="Clubify.Checkout.Tests.Unit.UserManagement.Factories.UserServiceFactoryTest" assertions="0" time="0.000000">
          <error type="InvalidArgumentException">Clubify\Checkout\Tests\Unit\UserManagement\Factories\UserServiceFactoryTest::testCreateUnsupportedServiceType
InvalidArgumentException: getLogger() cannot be mocked as it is a private method

/Users/vagner/Desenvolvimento/python/clubify-checkout/sdk/php/vendor/mockery/mockery/library/Mockery.php:742
/Users/vagner/Desenvolvimento/python/clubify-checkout/sdk/php/vendor/mockery/mockery/library/Mockery.php:754
/Users/vagner/Desenvolvimento/python/clubify-checkout/sdk/php/vendor/mockery/mockery/library/Mockery.php:574
/Users/vagner/Desenvolvimento/python/clubify-checkout/sdk/php/tests/TestCase.php:222
/Users/vagner/Desenvolvimento/python/clubify-checkout/sdk/php/tests/TestCase.php:441
/Users/vagner/Desenvolvimento/python/clubify-checkout/sdk/php/tests/TestCase.php:56
/Users/vagner/Desenvolvimento/python/clubify-checkout/sdk/php/tests/Unit/UserManagement/Factories/UserServiceFactoryTest.php:39</error>
        </testcase>
        <testcase name="testCreateInvalidServiceType" file="/Users/vagner/Desenvolvimento/python/clubify-checkout/sdk/php/tests/Unit/UserManagement/Factories/UserServiceFactoryTest.php" line="156" class="Clubify\Checkout\Tests\Unit\UserManagement\Factories\UserServiceFactoryTest" classname="Clubify.Checkout.Tests.Unit.UserManagement.Factories.UserServiceFactoryTest" assertions="0" time="0.000000">
          <error type="InvalidArgumentException">Clubify\Checkout\Tests\Unit\UserManagement\Factories\UserServiceFactoryTest::testCreateInvalidServiceType
InvalidArgumentException: getLogger() cannot be mocked as it is a private method

/Users/vagner/Desenvolvimento/python/clubify-checkout/sdk/php/vendor/mockery/mockery/library/Mockery.php:742
/Users/vagner/Desenvolvimento/python/clubify-checkout/sdk/php/vendor/mockery/mockery/library/Mockery.php:754
/Users/vagner/Desenvolvimento/python/clubify-checkout/sdk/php/vendor/mockery/mockery/library/Mockery.php:574
/Users/vagner/Desenvolvimento/python/clubify-checkout/sdk/php/tests/TestCase.php:222
/Users/vagner/Desenvolvimento/python/clubify-checkout/sdk/php/tests/TestCase.php:441
/Users/vagner/Desenvolvimento/python/clubify-checkout/sdk/php/tests/TestCase.php:56
/Users/vagner/Desenvolvimento/python/clubify-checkout/sdk/php/tests/Unit/UserManagement/Factories/UserServiceFactoryTest.php:39</error>
        </testcase>
        <testcase name="testIsTypeSupported" file="/Users/vagner/Desenvolvimento/python/clubify-checkout/sdk/php/tests/Unit/UserManagement/Factories/UserServiceFactoryTest.php" line="165" class="Clubify\Checkout\Tests\Unit\UserManagement\Factories\UserServiceFactoryTest" classname="Clubify.Checkout.Tests.Unit.UserManagement.Factories.UserServiceFactoryTest" assertions="0" time="0.000000">
          <error type="InvalidArgumentException">Clubify\Checkout\Tests\Unit\UserManagement\Factories\UserServiceFactoryTest::testIsTypeSupported
InvalidArgumentException: getLogger() cannot be mocked as it is a private method

/Users/vagner/Desenvolvimento/python/clubify-checkout/sdk/php/vendor/mockery/mockery/library/Mockery.php:742
/Users/vagner/Desenvolvimento/python/clubify-checkout/sdk/php/vendor/mockery/mockery/library/Mockery.php:754
/Users/vagner/Desenvolvimento/python/clubify-checkout/sdk/php/vendor/mockery/mockery/library/Mockery.php:574
/Users/vagner/Desenvolvimento/python/clubify-checkout/sdk/php/tests/TestCase.php:222
/Users/vagner/Desenvolvimento/python/clubify-checkout/sdk/php/tests/TestCase.php:441
/Users/vagner/Desenvolvimento/python/clubify-checkout/sdk/php/tests/TestCase.php:56
/Users/vagner/Desenvolvimento/python/clubify-checkout/sdk/php/tests/Unit/UserManagement/Factories/UserServiceFactoryTest.php:39</error>
        </testcase>
        <testcase name="testClearCache" file="/Users/vagner/Desenvolvimento/python/clubify-checkout/sdk/php/tests/Unit/UserManagement/Factories/UserServiceFactoryTest.php" line="174" class="Clubify\Checkout\Tests\Unit\UserManagement\Factories\UserServiceFactoryTest" classname="Clubify.Checkout.Tests.Unit.UserManagement.Factories.UserServiceFactoryTest" assertions="0" time="0.000000">
          <error type="InvalidArgumentException">Clubify\Checkout\Tests\Unit\UserManagement\Factories\UserServiceFactoryTest::testClearCache
InvalidArgumentException: getLogger() cannot be mocked as it is a private method

/Users/vagner/Desenvolvimento/python/clubify-checkout/sdk/php/vendor/mockery/mockery/library/Mockery.php:742
/Users/vagner/Desenvolvimento/python/clubify-checkout/sdk/php/vendor/mockery/mockery/library/Mockery.php:754
/Users/vagner/Desenvolvimento/python/clubify-checkout/sdk/php/vendor/mockery/mockery/library/Mockery.php:574
/Users/vagner/Desenvolvimento/python/clubify-checkout/sdk/php/tests/TestCase.php:222
/Users/vagner/Desenvolvimento/python/clubify-checkout/sdk/php/tests/TestCase.php:441
/Users/vagner/Desenvolvimento/python/clubify-checkout/sdk/php/tests/TestCase.php:56
/Users/vagner/Desenvolvimento/python/clubify-checkout/sdk/php/tests/Unit/UserManagement/Factories/UserServiceFactoryTest.php:39</error>
        </testcase>
        <testcase name="testGetStats" file="/Users/vagner/Desenvolvimento/python/clubify-checkout/sdk/php/tests/Unit/UserManagement/Factories/UserServiceFactoryTest.php" line="197" class="Clubify\Checkout\Tests\Unit\UserManagement\Factories\UserServiceFactoryTest" classname="Clubify.Checkout.Tests.Unit.UserManagement.Factories.UserServiceFactoryTest" assertions="0" time="0.000000">
          <error type="InvalidArgumentException">Clubify\Checkout\Tests\Unit\UserManagement\Factories\UserServiceFactoryTest::testGetStats
InvalidArgumentException: getLogger() cannot be mocked as it is a private method

/Users/vagner/Desenvolvimento/python/clubify-checkout/sdk/php/vendor/mockery/mockery/library/Mockery.php:742
/Users/vagner/Desenvolvimento/python/clubify-checkout/sdk/php/vendor/mockery/mockery/library/Mockery.php:754
/Users/vagner/Desenvolvimento/python/clubify-checkout/sdk/php/vendor/mockery/mockery/library/Mockery.php:574
/Users/vagner/Desenvolvimento/python/clubify-checkout/sdk/php/tests/TestCase.php:222
/Users/vagner/Desenvolvimento/python/clubify-checkout/sdk/php/tests/TestCase.php:441
/Users/vagner/Desenvolvimento/python/clubify-checkout/sdk/php/tests/TestCase.php:56
/Users/vagner/Desenvolvimento/python/clubify-checkout/sdk/php/tests/Unit/UserManagement/Factories/UserServiceFactoryTest.php:39</error>
        </testcase>
        <testcase name="testGetStatsEmptyCache" file="/Users/vagner/Desenvolvimento/python/clubify-checkout/sdk/php/tests/Unit/UserManagement/Factories/UserServiceFactoryTest.php" line="226" class="Clubify\Checkout\Tests\Unit\UserManagement\Factories\UserServiceFactoryTest" classname="Clubify.Checkout.Tests.Unit.UserManagement.Factories.UserServiceFactoryTest" assertions="0" time="0.000000">
          <error type="InvalidArgumentException">Clubify\Checkout\Tests\Unit\UserManagement\Factories\UserServiceFactoryTest::testGetStatsEmptyCache
InvalidArgumentException: getLogger() cannot be mocked as it is a private method

/Users/vagner/Desenvolvimento/python/clubify-checkout/sdk/php/vendor/mockery/mockery/library/Mockery.php:742
/Users/vagner/Desenvolvimento/python/clubify-checkout/sdk/php/vendor/mockery/mockery/library/Mockery.php:754
/Users/vagner/Desenvolvimento/python/clubify-checkout/sdk/php/vendor/mockery/mockery/library/Mockery.php:574
/Users/vagner/Desenvolvimento/python/clubify-checkout/sdk/php/tests/TestCase.php:222
/Users/vagner/Desenvolvimento/python/clubify-checkout/sdk/php/tests/TestCase.php:441
/Users/vagner/Desenvolvimento/python/clubify-checkout/sdk/php/tests/TestCase.php:56
/Users/vagner/Desenvolvimento/python/clubify-checkout/sdk/php/tests/Unit/UserManagement/Factories/UserServiceFactoryTest.php:39</error>
        </testcase>
        <testcase name="testRepositorySingleton" file="/Users/vagner/Desenvolvimento/python/clubify-checkout/sdk/php/tests/Unit/UserManagement/Factories/UserServiceFactoryTest.php" line="239" class="Clubify\Checkout\Tests\Unit\UserManagement\Factories\UserServiceFactoryTest" classname="Clubify.Checkout.Tests.Unit.UserManagement.Factories.UserServiceFactoryTest" assertions="0" time="0.000000">
          <error type="InvalidArgumentException">Clubify\Checkout\Tests\Unit\UserManagement\Factories\UserServiceFactoryTest::testRepositorySingleton
InvalidArgumentException: getLogger() cannot be mocked as it is a private method

/Users/vagner/Desenvolvimento/python/clubify-checkout/sdk/php/vendor/mockery/mockery/library/Mockery.php:742
/Users/vagner/Desenvolvimento/python/clubify-checkout/sdk/php/vendor/mockery/mockery/library/Mockery.php:754
/Users/vagner/Desenvolvimento/python/clubify-checkout/sdk/php/vendor/mockery/mockery/library/Mockery.php:574
/Users/vagner/Desenvolvimento/python/clubify-checkout/sdk/php/tests/TestCase.php:222
/Users/vagner/Desenvolvimento/python/clubify-checkout/sdk/php/tests/TestCase.php:441
/Users/vagner/Desenvolvimento/python/clubify-checkout/sdk/php/tests/TestCase.php:56
/Users/vagner/Desenvolvimento/python/clubify-checkout/sdk/php/tests/Unit/UserManagement/Factories/UserServiceFactoryTest.php:39</error>
        </testcase>
        <testcase name="testCreateWithDependencyInjection" file="/Users/vagner/Desenvolvimento/python/clubify-checkout/sdk/php/tests/Unit/UserManagement/Factories/UserServiceFactoryTest.php" line="262" class="Clubify\Checkout\Tests\Unit\UserManagement\Factories\UserServiceFactoryTest" classname="Clubify.Checkout.Tests.Unit.UserManagement.Factories.UserServiceFactoryTest" assertions="0" time="0.000000">
          <error type="InvalidArgumentException">Clubify\Checkout\Tests\Unit\UserManagement\Factories\UserServiceFactoryTest::testCreateWithDependencyInjection
InvalidArgumentException: getLogger() cannot be mocked as it is a private method

/Users/vagner/Desenvolvimento/python/clubify-checkout/sdk/php/vendor/mockery/mockery/library/Mockery.php:742
/Users/vagner/Desenvolvimento/python/clubify-checkout/sdk/php/vendor/mockery/mockery/library/Mockery.php:754
/Users/vagner/Desenvolvimento/python/clubify-checkout/sdk/php/vendor/mockery/mockery/library/Mockery.php:574
/Users/vagner/Desenvolvimento/python/clubify-checkout/sdk/php/tests/TestCase.php:222
/Users/vagner/Desenvolvimento/python/clubify-checkout/sdk/php/tests/TestCase.php:441
/Users/vagner/Desenvolvimento/python/clubify-checkout/sdk/php/tests/TestCase.php:56
/Users/vagner/Desenvolvimento/python/clubify-checkout/sdk/php/tests/Unit/UserManagement/Factories/UserServiceFactoryTest.php:39</error>
        </testcase>
        <testcase name="testResolveRepositoryClassForUser" file="/Users/vagner/Desenvolvimento/python/clubify-checkout/sdk/php/tests/Unit/UserManagement/Factories/UserServiceFactoryTest.php" line="286" class="Clubify\Checkout\Tests\Unit\UserManagement\Factories\UserServiceFactoryTest" classname="Clubify.Checkout.Tests.Unit.UserManagement.Factories.UserServiceFactoryTest" assertions="0" time="0.000000">
          <error type="InvalidArgumentException">Clubify\Checkout\Tests\Unit\UserManagement\Factories\UserServiceFactoryTest::testResolveRepositoryClassForUser
InvalidArgumentException: getLogger() cannot be mocked as it is a private method

/Users/vagner/Desenvolvimento/python/clubify-checkout/sdk/php/vendor/mockery/mockery/library/Mockery.php:742
/Users/vagner/Desenvolvimento/python/clubify-checkout/sdk/php/vendor/mockery/mockery/library/Mockery.php:754
/Users/vagner/Desenvolvimento/python/clubify-checkout/sdk/php/vendor/mockery/mockery/library/Mockery.php:574
/Users/vagner/Desenvolvimento/python/clubify-checkout/sdk/php/tests/TestCase.php:222
/Users/vagner/Desenvolvimento/python/clubify-checkout/sdk/php/tests/TestCase.php:441
/Users/vagner/Desenvolvimento/python/clubify-checkout/sdk/php/tests/TestCase.php:56
/Users/vagner/Desenvolvimento/python/clubify-checkout/sdk/php/tests/Unit/UserManagement/Factories/UserServiceFactoryTest.php:39</error>
        </testcase>
        <testcase name="testResolveRepositoryClassForUnsupportedType" file="/Users/vagner/Desenvolvimento/python/clubify-checkout/sdk/php/tests/Unit/UserManagement/Factories/UserServiceFactoryTest.php" line="300" class="Clubify\Checkout\Tests\Unit\UserManagement\Factories\UserServiceFactoryTest" classname="Clubify.Checkout.Tests.Unit.UserManagement.Factories.UserServiceFactoryTest" assertions="0" time="0.000000">
          <error type="InvalidArgumentException">Clubify\Checkout\Tests\Unit\UserManagement\Factories\UserServiceFactoryTest::testResolveRepositoryClassForUnsupportedType
InvalidArgumentException: getLogger() cannot be mocked as it is a private method

/Users/vagner/Desenvolvimento/python/clubify-checkout/sdk/php/vendor/mockery/mockery/library/Mockery.php:742
/Users/vagner/Desenvolvimento/python/clubify-checkout/sdk/php/vendor/mockery/mockery/library/Mockery.php:754
/Users/vagner/Desenvolvimento/python/clubify-checkout/sdk/php/vendor/mockery/mockery/library/Mockery.php:574
/Users/vagner/Desenvolvimento/python/clubify-checkout/sdk/php/tests/TestCase.php:222
/Users/vagner/Desenvolvimento/python/clubify-checkout/sdk/php/tests/TestCase.php:441
/Users/vagner/Desenvolvimento/python/clubify-checkout/sdk/php/tests/TestCase.php:56
/Users/vagner/Desenvolvimento/python/clubify-checkout/sdk/php/tests/Unit/UserManagement/Factories/UserServiceFactoryTest.php:39</error>
        </testcase>
        <testcase name="testResolveRepositoryClassForInvalidType" file="/Users/vagner/Desenvolvimento/python/clubify-checkout/sdk/php/tests/Unit/UserManagement/Factories/UserServiceFactoryTest.php" line="314" class="Clubify\Checkout\Tests\Unit\UserManagement\Factories\UserServiceFactoryTest" classname="Clubify.Checkout.Tests.Unit.UserManagement.Factories.UserServiceFactoryTest" assertions="0" time="0.000000">
          <error type="InvalidArgumentException">Clubify\Checkout\Tests\Unit\UserManagement\Factories\UserServiceFactoryTest::testResolveRepositoryClassForInvalidType
InvalidArgumentException: getLogger() cannot be mocked as it is a private method

/Users/vagner/Desenvolvimento/python/clubify-checkout/sdk/php/vendor/mockery/mockery/library/Mockery.php:742
/Users/vagner/Desenvolvimento/python/clubify-checkout/sdk/php/vendor/mockery/mockery/library/Mockery.php:754
/Users/vagner/Desenvolvimento/python/clubify-checkout/sdk/php/vendor/mockery/mockery/library/Mockery.php:574
/Users/vagner/Desenvolvimento/python/clubify-checkout/sdk/php/tests/TestCase.php:222
/Users/vagner/Desenvolvimento/python/clubify-checkout/sdk/php/tests/TestCase.php:441
/Users/vagner/Desenvolvimento/python/clubify-checkout/sdk/php/tests/TestCase.php:56
/Users/vagner/Desenvolvimento/python/clubify-checkout/sdk/php/tests/Unit/UserManagement/Factories/UserServiceFactoryTest.php:39</error>
        </testcase>
        <testcase name="testCreateRepositoryWithAllDependencies" file="/Users/vagner/Desenvolvimento/python/clubify-checkout/sdk/php/tests/Unit/UserManagement/Factories/UserServiceFactoryTest.php" line="328" class="Clubify\Checkout\Tests\Unit\UserManagement\Factories\UserServiceFactoryTest" classname="Clubify.Checkout.Tests.Unit.UserManagement.Factories.UserServiceFactoryTest" assertions="0" time="0.000000">
          <error type="InvalidArgumentException">Clubify\Checkout\Tests\Unit\UserManagement\Factories\UserServiceFactoryTest::testCreateRepositoryWithAllDependencies
InvalidArgumentException: getLogger() cannot be mocked as it is a private method

/Users/vagner/Desenvolvimento/python/clubify-checkout/sdk/php/vendor/mockery/mockery/library/Mockery.php:742
/Users/vagner/Desenvolvimento/python/clubify-checkout/sdk/php/vendor/mockery/mockery/library/Mockery.php:754
/Users/vagner/Desenvolvimento/python/clubify-checkout/sdk/php/vendor/mockery/mockery/library/Mockery.php:574
/Users/vagner/Desenvolvimento/python/clubify-checkout/sdk/php/tests/TestCase.php:222
/Users/vagner/Desenvolvimento/python/clubify-checkout/sdk/php/tests/TestCase.php:441
/Users/vagner/Desenvolvimento/python/clubify-checkout/sdk/php/tests/TestCase.php:56
/Users/vagner/Desenvolvimento/python/clubify-checkout/sdk/php/tests/Unit/UserManagement/Factories/UserServiceFactoryTest.php:39</error>
        </testcase>
      </testsuite>
      <testsuite name="Clubify\Checkout\Tests\Unit\UserManagement\Repositories\ApiUserRepositoryTest" file="/Users/vagner/Desenvolvimento/python/clubify-checkout/sdk/php/tests/Unit/UserManagement/Repositories/ApiUserRepositoryTest.php" tests="22" assertions="0" errors="22" failures="0" skipped="0" time="0.000000">
        <testcase name="testImplementsUserRepositoryInterface" file="/Users/vagner/Desenvolvimento/python/clubify-checkout/sdk/php/tests/Unit/UserManagement/Repositories/ApiUserRepositoryTest.php" line="60" class="Clubify\Checkout\Tests\Unit\UserManagement\Repositories\ApiUserRepositoryTest" classname="Clubify.Checkout.Tests.Unit.UserManagement.Repositories.ApiUserRepositoryTest" assertions="0" time="0.000000">
          <error type="InvalidArgumentException">Clubify\Checkout\Tests\Unit\UserManagement\Repositories\ApiUserRepositoryTest::testImplementsUserRepositoryInterface
InvalidArgumentException: getLogger() cannot be mocked as it is a private method

/Users/vagner/Desenvolvimento/python/clubify-checkout/sdk/php/vendor/mockery/mockery/library/Mockery.php:742
/Users/vagner/Desenvolvimento/python/clubify-checkout/sdk/php/vendor/mockery/mockery/library/Mockery.php:754
/Users/vagner/Desenvolvimento/python/clubify-checkout/sdk/php/vendor/mockery/mockery/library/Mockery.php:574
/Users/vagner/Desenvolvimento/python/clubify-checkout/sdk/php/tests/TestCase.php:222
/Users/vagner/Desenvolvimento/python/clubify-checkout/sdk/php/tests/TestCase.php:441
/Users/vagner/Desenvolvimento/python/clubify-checkout/sdk/php/tests/TestCase.php:56
/Users/vagner/Desenvolvimento/python/clubify-checkout/sdk/php/tests/Unit/UserManagement/Repositories/ApiUserRepositoryTest.php:38</error>
        </testcase>
        <testcase name="testGetEndpoint" file="/Users/vagner/Desenvolvimento/python/clubify-checkout/sdk/php/tests/Unit/UserManagement/Repositories/ApiUserRepositoryTest.php" line="65" class="Clubify\Checkout\Tests\Unit\UserManagement\Repositories\ApiUserRepositoryTest" classname="Clubify.Checkout.Tests.Unit.UserManagement.Repositories.ApiUserRepositoryTest" assertions="0" time="0.000000">
          <error type="InvalidArgumentException">Clubify\Checkout\Tests\Unit\UserManagement\Repositories\ApiUserRepositoryTest::testGetEndpoint
InvalidArgumentException: getLogger() cannot be mocked as it is a private method

/Users/vagner/Desenvolvimento/python/clubify-checkout/sdk/php/vendor/mockery/mockery/library/Mockery.php:742
/Users/vagner/Desenvolvimento/python/clubify-checkout/sdk/php/vendor/mockery/mockery/library/Mockery.php:754
/Users/vagner/Desenvolvimento/python/clubify-checkout/sdk/php/vendor/mockery/mockery/library/Mockery.php:574
/Users/vagner/Desenvolvimento/python/clubify-checkout/sdk/php/tests/TestCase.php:222
/Users/vagner/Desenvolvimento/python/clubify-checkout/sdk/php/tests/TestCase.php:441
/Users/vagner/Desenvolvimento/python/clubify-checkout/sdk/php/tests/TestCase.php:56
/Users/vagner/Desenvolvimento/python/clubify-checkout/sdk/php/tests/Unit/UserManagement/Repositories/ApiUserRepositoryTest.php:38</error>
        </testcase>
        <testcase name="testGetResourceName" file="/Users/vagner/Desenvolvimento/python/clubify-checkout/sdk/php/tests/Unit/UserManagement/Repositories/ApiUserRepositoryTest.php" line="76" class="Clubify\Checkout\Tests\Unit\UserManagement\Repositories\ApiUserRepositoryTest" classname="Clubify.Checkout.Tests.Unit.UserManagement.Repositories.ApiUserRepositoryTest" assertions="0" time="0.000000">
          <error type="InvalidArgumentException">Clubify\Checkout\Tests\Unit\UserManagement\Repositories\ApiUserRepositoryTest::testGetResourceName
InvalidArgumentException: getLogger() cannot be mocked as it is a private method

/Users/vagner/Desenvolvimento/python/clubify-checkout/sdk/php/vendor/mockery/mockery/library/Mockery.php:742
/Users/vagner/Desenvolvimento/python/clubify-checkout/sdk/php/vendor/mockery/mockery/library/Mockery.php:754
/Users/vagner/Desenvolvimento/python/clubify-checkout/sdk/php/vendor/mockery/mockery/library/Mockery.php:574
/Users/vagner/Desenvolvimento/python/clubify-checkout/sdk/php/tests/TestCase.php:222
/Users/vagner/Desenvolvimento/python/clubify-checkout/sdk/php/tests/TestCase.php:441
/Users/vagner/Desenvolvimento/python/clubify-checkout/sdk/php/tests/TestCase.php:56
/Users/vagner/Desenvolvimento/python/clubify-checkout/sdk/php/tests/Unit/UserManagement/Repositories/ApiUserRepositoryTest.php:38</error>
        </testcase>
        <testcase name="testFindByEmailSuccess" file="/Users/vagner/Desenvolvimento/python/clubify-checkout/sdk/php/tests/Unit/UserManagement/Repositories/ApiUserRepositoryTest.php" line="87" class="Clubify\Checkout\Tests\Unit\UserManagement\Repositories\ApiUserRepositoryTest" classname="Clubify.Checkout.Tests.Unit.UserManagement.Repositories.ApiUserRepositoryTest" assertions="0" time="0.000000">
          <error type="InvalidArgumentException">Clubify\Checkout\Tests\Unit\UserManagement\Repositories\ApiUserRepositoryTest::testFindByEmailSuccess
InvalidArgumentException: getLogger() cannot be mocked as it is a private method

/Users/vagner/Desenvolvimento/python/clubify-checkout/sdk/php/vendor/mockery/mockery/library/Mockery.php:742
/Users/vagner/Desenvolvimento/python/clubify-checkout/sdk/php/vendor/mockery/mockery/library/Mockery.php:754
/Users/vagner/Desenvolvimento/python/clubify-checkout/sdk/php/vendor/mockery/mockery/library/Mockery.php:574
/Users/vagner/Desenvolvimento/python/clubify-checkout/sdk/php/tests/TestCase.php:222
/Users/vagner/Desenvolvimento/python/clubify-checkout/sdk/php/tests/TestCase.php:441
/Users/vagner/Desenvolvimento/python/clubify-checkout/sdk/php/tests/TestCase.php:56
/Users/vagner/Desenvolvimento/python/clubify-checkout/sdk/php/tests/Unit/UserManagement/Repositories/ApiUserRepositoryTest.php:38</error>
        </testcase>
        <testcase name="testFindByEmailNotFound" file="/Users/vagner/Desenvolvimento/python/clubify-checkout/sdk/php/tests/Unit/UserManagement/Repositories/ApiUserRepositoryTest.php" line="111" class="Clubify\Checkout\Tests\Unit\UserManagement\Repositories\ApiUserRepositoryTest" classname="Clubify.Checkout.Tests.Unit.UserManagement.Repositories.ApiUserRepositoryTest" assertions="0" time="0.000000">
          <error type="InvalidArgumentException">Clubify\Checkout\Tests\Unit\UserManagement\Repositories\ApiUserRepositoryTest::testFindByEmailNotFound
InvalidArgumentException: getLogger() cannot be mocked as it is a private method

/Users/vagner/Desenvolvimento/python/clubify-checkout/sdk/php/vendor/mockery/mockery/library/Mockery.php:742
/Users/vagner/Desenvolvimento/python/clubify-checkout/sdk/php/vendor/mockery/mockery/library/Mockery.php:754
/Users/vagner/Desenvolvimento/python/clubify-checkout/sdk/php/vendor/mockery/mockery/library/Mockery.php:574
/Users/vagner/Desenvolvimento/python/clubify-checkout/sdk/php/tests/TestCase.php:222
/Users/vagner/Desenvolvimento/python/clubify-checkout/sdk/php/tests/TestCase.php:441
/Users/vagner/Desenvolvimento/python/clubify-checkout/sdk/php/tests/TestCase.php:56
/Users/vagner/Desenvolvimento/python/clubify-checkout/sdk/php/tests/Unit/UserManagement/Repositories/ApiUserRepositoryTest.php:38</error>
        </testcase>
        <testcase name="testFindByEmailUsesCache" file="/Users/vagner/Desenvolvimento/python/clubify-checkout/sdk/php/tests/Unit/UserManagement/Repositories/ApiUserRepositoryTest.php" line="134" class="Clubify\Checkout\Tests\Unit\UserManagement\Repositories\ApiUserRepositoryTest" classname="Clubify.Checkout.Tests.Unit.UserManagement.Repositories.ApiUserRepositoryTest" assertions="0" time="0.000000">
          <error type="InvalidArgumentException">Clubify\Checkout\Tests\Unit\UserManagement\Repositories\ApiUserRepositoryTest::testFindByEmailUsesCache
InvalidArgumentException: getLogger() cannot be mocked as it is a private method

/Users/vagner/Desenvolvimento/python/clubify-checkout/sdk/php/vendor/mockery/mockery/library/Mockery.php:742
/Users/vagner/Desenvolvimento/python/clubify-checkout/sdk/php/vendor/mockery/mockery/library/Mockery.php:754
/Users/vagner/Desenvolvimento/python/clubify-checkout/sdk/php/vendor/mockery/mockery/library/Mockery.php:574
/Users/vagner/Desenvolvimento/python/clubify-checkout/sdk/php/tests/TestCase.php:222
/Users/vagner/Desenvolvimento/python/clubify-checkout/sdk/php/tests/TestCase.php:441
/Users/vagner/Desenvolvimento/python/clubify-checkout/sdk/php/tests/TestCase.php:56
/Users/vagner/Desenvolvimento/python/clubify-checkout/sdk/php/tests/Unit/UserManagement/Repositories/ApiUserRepositoryTest.php:38</error>
        </testcase>
        <testcase name="testFindByTenant" file="/Users/vagner/Desenvolvimento/python/clubify-checkout/sdk/php/tests/Unit/UserManagement/Repositories/ApiUserRepositoryTest.php" line="153" class="Clubify\Checkout\Tests\Unit\UserManagement\Repositories\ApiUserRepositoryTest" classname="Clubify.Checkout.Tests.Unit.UserManagement.Repositories.ApiUserRepositoryTest" assertions="0" time="0.000000">
          <error type="InvalidArgumentException">Clubify\Checkout\Tests\Unit\UserManagement\Repositories\ApiUserRepositoryTest::testFindByTenant
InvalidArgumentException: getLogger() cannot be mocked as it is a private method

/Users/vagner/Desenvolvimento/python/clubify-checkout/sdk/php/vendor/mockery/mockery/library/Mockery.php:742
/Users/vagner/Desenvolvimento/python/clubify-checkout/sdk/php/vendor/mockery/mockery/library/Mockery.php:754
/Users/vagner/Desenvolvimento/python/clubify-checkout/sdk/php/vendor/mockery/mockery/library/Mockery.php:574
/Users/vagner/Desenvolvimento/python/clubify-checkout/sdk/php/tests/TestCase.php:222
/Users/vagner/Desenvolvimento/python/clubify-checkout/sdk/php/tests/TestCase.php:441
/Users/vagner/Desenvolvimento/python/clubify-checkout/sdk/php/tests/TestCase.php:56
/Users/vagner/Desenvolvimento/python/clubify-checkout/sdk/php/tests/Unit/UserManagement/Repositories/ApiUserRepositoryTest.php:38</error>
        </testcase>
        <testcase name="testUpdateProfileSuccess" file="/Users/vagner/Desenvolvimento/python/clubify-checkout/sdk/php/tests/Unit/UserManagement/Repositories/ApiUserRepositoryTest.php" line="184" class="Clubify\Checkout\Tests\Unit\UserManagement\Repositories\ApiUserRepositoryTest" classname="Clubify.Checkout.Tests.Unit.UserManagement.Repositories.ApiUserRepositoryTest" assertions="0" time="0.000000">
          <error type="InvalidArgumentException">Clubify\Checkout\Tests\Unit\UserManagement\Repositories\ApiUserRepositoryTest::testUpdateProfileSuccess
InvalidArgumentException: getLogger() cannot be mocked as it is a private method

/Users/vagner/Desenvolvimento/python/clubify-checkout/sdk/php/vendor/mockery/mockery/library/Mockery.php:742
/Users/vagner/Desenvolvimento/python/clubify-checkout/sdk/php/vendor/mockery/mockery/library/Mockery.php:754
/Users/vagner/Desenvolvimento/python/clubify-checkout/sdk/php/vendor/mockery/mockery/library/Mockery.php:574
/Users/vagner/Desenvolvimento/python/clubify-checkout/sdk/php/tests/TestCase.php:222
/Users/vagner/Desenvolvimento/python/clubify-checkout/sdk/php/tests/TestCase.php:441
/Users/vagner/Desenvolvimento/python/clubify-checkout/sdk/php/tests/TestCase.php:56
/Users/vagner/Desenvolvimento/python/clubify-checkout/sdk/php/tests/Unit/UserManagement/Repositories/ApiUserRepositoryTest.php:38</error>
        </testcase>
        <testcase name="testUpdateProfileHttpError" file="/Users/vagner/Desenvolvimento/python/clubify-checkout/sdk/php/tests/Unit/UserManagement/Repositories/ApiUserRepositoryTest.php" line="209" class="Clubify\Checkout\Tests\Unit\UserManagement\Repositories\ApiUserRepositoryTest" classname="Clubify.Checkout.Tests.Unit.UserManagement.Repositories.ApiUserRepositoryTest" assertions="0" time="0.000000">
          <error type="InvalidArgumentException">Clubify\Checkout\Tests\Unit\UserManagement\Repositories\ApiUserRepositoryTest::testUpdateProfileHttpError
InvalidArgumentException: getLogger() cannot be mocked as it is a private method

/Users/vagner/Desenvolvimento/python/clubify-checkout/sdk/php/vendor/mockery/mockery/library/Mockery.php:742
/Users/vagner/Desenvolvimento/python/clubify-checkout/sdk/php/vendor/mockery/mockery/library/Mockery.php:754
/Users/vagner/Desenvolvimento/python/clubify-checkout/sdk/php/vendor/mockery/mockery/library/Mockery.php:574
/Users/vagner/Desenvolvimento/python/clubify-checkout/sdk/php/tests/TestCase.php:222
/Users/vagner/Desenvolvimento/python/clubify-checkout/sdk/php/tests/TestCase.php:441
/Users/vagner/Desenvolvimento/python/clubify-checkout/sdk/php/tests/TestCase.php:56
/Users/vagner/Desenvolvimento/python/clubify-checkout/sdk/php/tests/Unit/UserManagement/Repositories/ApiUserRepositoryTest.php:38</error>
        </testcase>
        <testcase name="testChangePasswordSuccess" file="/Users/vagner/Desenvolvimento/python/clubify-checkout/sdk/php/tests/Unit/UserManagement/Repositories/ApiUserRepositoryTest.php" line="229" class="Clubify\Checkout\Tests\Unit\UserManagement\Repositories\ApiUserRepositoryTest" classname="Clubify.Checkout.Tests.Unit.UserManagement.Repositories.ApiUserRepositoryTest" assertions="0" time="0.000000">
          <error type="InvalidArgumentException">Clubify\Checkout\Tests\Unit\UserManagement\Repositories\ApiUserRepositoryTest::testChangePasswordSuccess
InvalidArgumentException: getLogger() cannot be mocked as it is a private method

/Users/vagner/Desenvolvimento/python/clubify-checkout/sdk/php/vendor/mockery/mockery/library/Mockery.php:742
/Users/vagner/Desenvolvimento/python/clubify-checkout/sdk/php/vendor/mockery/mockery/library/Mockery.php:754
/Users/vagner/Desenvolvimento/python/clubify-checkout/sdk/php/vendor/mockery/mockery/library/Mockery.php:574
/Users/vagner/Desenvolvimento/python/clubify-checkout/sdk/php/tests/TestCase.php:222
/Users/vagner/Desenvolvimento/python/clubify-checkout/sdk/php/tests/TestCase.php:441
/Users/vagner/Desenvolvimento/python/clubify-checkout/sdk/php/tests/TestCase.php:56
/Users/vagner/Desenvolvimento/python/clubify-checkout/sdk/php/tests/Unit/UserManagement/Repositories/ApiUserRepositoryTest.php:38</error>
        </testcase>
        <testcase name="testChangePasswordFailure" file="/Users/vagner/Desenvolvimento/python/clubify-checkout/sdk/php/tests/Unit/UserManagement/Repositories/ApiUserRepositoryTest.php" line="252" class="Clubify\Checkout\Tests\Unit\UserManagement\Repositories\ApiUserRepositoryTest" classname="Clubify.Checkout.Tests.Unit.UserManagement.Repositories.ApiUserRepositoryTest" assertions="0" time="0.000000">
          <error type="InvalidArgumentException">Clubify\Checkout\Tests\Unit\UserManagement\Repositories\ApiUserRepositoryTest::testChangePasswordFailure
InvalidArgumentException: getLogger() cannot be mocked as it is a private method

/Users/vagner/Desenvolvimento/python/clubify-checkout/sdk/php/vendor/mockery/mockery/library/Mockery.php:742
/Users/vagner/Desenvolvimento/python/clubify-checkout/sdk/php/vendor/mockery/mockery/library/Mockery.php:754
/Users/vagner/Desenvolvimento/python/clubify-checkout/sdk/php/vendor/mockery/mockery/library/Mockery.php:574
/Users/vagner/Desenvolvimento/python/clubify-checkout/sdk/php/tests/TestCase.php:222
/Users/vagner/Desenvolvimento/python/clubify-checkout/sdk/php/tests/TestCase.php:441
/Users/vagner/Desenvolvimento/python/clubify-checkout/sdk/php/tests/TestCase.php:56
/Users/vagner/Desenvolvimento/python/clubify-checkout/sdk/php/tests/Unit/UserManagement/Repositories/ApiUserRepositoryTest.php:38</error>
        </testcase>
        <testcase name="testActivateUser" file="/Users/vagner/Desenvolvimento/python/clubify-checkout/sdk/php/tests/Unit/UserManagement/Repositories/ApiUserRepositoryTest.php" line="271" class="Clubify\Checkout\Tests\Unit\UserManagement\Repositories\ApiUserRepositoryTest" classname="Clubify.Checkout.Tests.Unit.UserManagement.Repositories.ApiUserRepositoryTest" assertions="0" time="0.000000">
          <error type="InvalidArgumentException">Clubify\Checkout\Tests\Unit\UserManagement\Repositories\ApiUserRepositoryTest::testActivateUser
InvalidArgumentException: getLogger() cannot be mocked as it is a private method

/Users/vagner/Desenvolvimento/python/clubify-checkout/sdk/php/vendor/mockery/mockery/library/Mockery.php:742
/Users/vagner/Desenvolvimento/python/clubify-checkout/sdk/php/vendor/mockery/mockery/library/Mockery.php:754
/Users/vagner/Desenvolvimento/python/clubify-checkout/sdk/php/vendor/mockery/mockery/library/Mockery.php:574
/Users/vagner/Desenvolvimento/python/clubify-checkout/sdk/php/tests/TestCase.php:222
/Users/vagner/Desenvolvimento/python/clubify-checkout/sdk/php/tests/TestCase.php:441
/Users/vagner/Desenvolvimento/python/clubify-checkout/sdk/php/tests/TestCase.php:56
/Users/vagner/Desenvolvimento/python/clubify-checkout/sdk/php/tests/Unit/UserManagement/Repositories/ApiUserRepositoryTest.php:38</error>
        </testcase>
        <testcase name="testDeactivateUser" file="/Users/vagner/Desenvolvimento/python/clubify-checkout/sdk/php/tests/Unit/UserManagement/Repositories/ApiUserRepositoryTest.php" line="294" class="Clubify\Checkout\Tests\Unit\UserManagement\Repositories\ApiUserRepositoryTest" classname="Clubify.Checkout.Tests.Unit.UserManagement.Repositories.ApiUserRepositoryTest" assertions="0" time="0.000000">
          <error type="InvalidArgumentException">Clubify\Checkout\Tests\Unit\UserManagement\Repositories\ApiUserRepositoryTest::testDeactivateUser
InvalidArgumentException: getLogger() cannot be mocked as it is a private method

/Users/vagner/Desenvolvimento/python/clubify-checkout/sdk/php/vendor/mockery/mockery/library/Mockery.php:742
/Users/vagner/Desenvolvimento/python/clubify-checkout/sdk/php/vendor/mockery/mockery/library/Mockery.php:754
/Users/vagner/Desenvolvimento/python/clubify-checkout/sdk/php/vendor/mockery/mockery/library/Mockery.php:574
/Users/vagner/Desenvolvimento/python/clubify-checkout/sdk/php/tests/TestCase.php:222
/Users/vagner/Desenvolvimento/python/clubify-checkout/sdk/php/tests/TestCase.php:441
/Users/vagner/Desenvolvimento/python/clubify-checkout/sdk/php/tests/TestCase.php:56
/Users/vagner/Desenvolvimento/python/clubify-checkout/sdk/php/tests/Unit/UserManagement/Repositories/ApiUserRepositoryTest.php:38</error>
        </testcase>
        <testcase name="testGetUserRoles" file="/Users/vagner/Desenvolvimento/python/clubify-checkout/sdk/php/tests/Unit/UserManagement/Repositories/ApiUserRepositoryTest.php" line="317" class="Clubify\Checkout\Tests\Unit\UserManagement\Repositories\ApiUserRepositoryTest" classname="Clubify.Checkout.Tests.Unit.UserManagement.Repositories.ApiUserRepositoryTest" assertions="0" time="0.000000">
          <error type="InvalidArgumentException">Clubify\Checkout\Tests\Unit\UserManagement\Repositories\ApiUserRepositoryTest::testGetUserRoles
InvalidArgumentException: getLogger() cannot be mocked as it is a private method

/Users/vagner/Desenvolvimento/python/clubify-checkout/sdk/php/vendor/mockery/mockery/library/Mockery.php:742
/Users/vagner/Desenvolvimento/python/clubify-checkout/sdk/php/vendor/mockery/mockery/library/Mockery.php:754
/Users/vagner/Desenvolvimento/python/clubify-checkout/sdk/php/vendor/mockery/mockery/library/Mockery.php:574
/Users/vagner/Desenvolvimento/python/clubify-checkout/sdk/php/tests/TestCase.php:222
/Users/vagner/Desenvolvimento/python/clubify-checkout/sdk/php/tests/TestCase.php:441
/Users/vagner/Desenvolvimento/python/clubify-checkout/sdk/php/tests/TestCase.php:56
/Users/vagner/Desenvolvimento/python/clubify-checkout/sdk/php/tests/Unit/UserManagement/Repositories/ApiUserRepositoryTest.php:38</error>
        </testcase>
        <testcase name="testAssignRole" file="/Users/vagner/Desenvolvimento/python/clubify-checkout/sdk/php/tests/Unit/UserManagement/Repositories/ApiUserRepositoryTest.php" line="342" class="Clubify\Checkout\Tests\Unit\UserManagement\Repositories\ApiUserRepositoryTest" classname="Clubify.Checkout.Tests.Unit.UserManagement.Repositories.ApiUserRepositoryTest" assertions="0" time="0.000000">
          <error type="InvalidArgumentException">Clubify\Checkout\Tests\Unit\UserManagement\Repositories\ApiUserRepositoryTest::testAssignRole
InvalidArgumentException: getLogger() cannot be mocked as it is a private method

/Users/vagner/Desenvolvimento/python/clubify-checkout/sdk/php/vendor/mockery/mockery/library/Mockery.php:742
/Users/vagner/Desenvolvimento/python/clubify-checkout/sdk/php/vendor/mockery/mockery/library/Mockery.php:754
/Users/vagner/Desenvolvimento/python/clubify-checkout/sdk/php/vendor/mockery/mockery/library/Mockery.php:574
/Users/vagner/Desenvolvimento/python/clubify-checkout/sdk/php/tests/TestCase.php:222
/Users/vagner/Desenvolvimento/python/clubify-checkout/sdk/php/tests/TestCase.php:441
/Users/vagner/Desenvolvimento/python/clubify-checkout/sdk/php/tests/TestCase.php:56
/Users/vagner/Desenvolvimento/python/clubify-checkout/sdk/php/tests/Unit/UserManagement/Repositories/ApiUserRepositoryTest.php:38</error>
        </testcase>
        <testcase name="testRemoveRole" file="/Users/vagner/Desenvolvimento/python/clubify-checkout/sdk/php/tests/Unit/UserManagement/Repositories/ApiUserRepositoryTest.php" line="366" class="Clubify\Checkout\Tests\Unit\UserManagement\Repositories\ApiUserRepositoryTest" classname="Clubify.Checkout.Tests.Unit.UserManagement.Repositories.ApiUserRepositoryTest" assertions="0" time="0.000000">
          <error type="InvalidArgumentException">Clubify\Checkout\Tests\Unit\UserManagement\Repositories\ApiUserRepositoryTest::testRemoveRole
InvalidArgumentException: getLogger() cannot be mocked as it is a private method

/Users/vagner/Desenvolvimento/python/clubify-checkout/sdk/php/vendor/mockery/mockery/library/Mockery.php:742
/Users/vagner/Desenvolvimento/python/clubify-checkout/sdk/php/vendor/mockery/mockery/library/Mockery.php:754
/Users/vagner/Desenvolvimento/python/clubify-checkout/sdk/php/vendor/mockery/mockery/library/Mockery.php:574
/Users/vagner/Desenvolvimento/python/clubify-checkout/sdk/php/tests/TestCase.php:222
/Users/vagner/Desenvolvimento/python/clubify-checkout/sdk/php/tests/TestCase.php:441
/Users/vagner/Desenvolvimento/python/clubify-checkout/sdk/php/tests/TestCase.php:56
/Users/vagner/Desenvolvimento/python/clubify-checkout/sdk/php/tests/Unit/UserManagement/Repositories/ApiUserRepositoryTest.php:38</error>
        </testcase>
        <testcase name="testFindActiveByTenant" file="/Users/vagner/Desenvolvimento/python/clubify-checkout/sdk/php/tests/Unit/UserManagement/Repositories/ApiUserRepositoryTest.php" line="390" class="Clubify\Checkout\Tests\Unit\UserManagement\Repositories\ApiUserRepositoryTest" classname="Clubify.Checkout.Tests.Unit.UserManagement.Repositories.ApiUserRepositoryTest" assertions="0" time="0.000000">
          <error type="InvalidArgumentException">Clubify\Checkout\Tests\Unit\UserManagement\Repositories\ApiUserRepositoryTest::testFindActiveByTenant
InvalidArgumentException: getLogger() cannot be mocked as it is a private method

/Users/vagner/Desenvolvimento/python/clubify-checkout/sdk/php/vendor/mockery/mockery/library/Mockery.php:742
/Users/vagner/Desenvolvimento/python/clubify-checkout/sdk/php/vendor/mockery/mockery/library/Mockery.php:754
/Users/vagner/Desenvolvimento/python/clubify-checkout/sdk/php/vendor/mockery/mockery/library/Mockery.php:574
/Users/vagner/Desenvolvimento/python/clubify-checkout/sdk/php/tests/TestCase.php:222
/Users/vagner/Desenvolvimento/python/clubify-checkout/sdk/php/tests/TestCase.php:441
/Users/vagner/Desenvolvimento/python/clubify-checkout/sdk/php/tests/TestCase.php:56
/Users/vagner/Desenvolvimento/python/clubify-checkout/sdk/php/tests/Unit/UserManagement/Repositories/ApiUserRepositoryTest.php:38</error>
        </testcase>
        <testcase name="testIsEmailTakenTrue" file="/Users/vagner/Desenvolvimento/python/clubify-checkout/sdk/php/tests/Unit/UserManagement/Repositories/ApiUserRepositoryTest.php" line="418" class="Clubify\Checkout\Tests\Unit\UserManagement\Repositories\ApiUserRepositoryTest" classname="Clubify.Checkout.Tests.Unit.UserManagement.Repositories.ApiUserRepositoryTest" assertions="0" time="0.000000">
          <error type="InvalidArgumentException">Clubify\Checkout\Tests\Unit\UserManagement\Repositories\ApiUserRepositoryTest::testIsEmailTakenTrue
InvalidArgumentException: getLogger() cannot be mocked as it is a private method

/Users/vagner/Desenvolvimento/python/clubify-checkout/sdk/php/vendor/mockery/mockery/library/Mockery.php:742
/Users/vagner/Desenvolvimento/python/clubify-checkout/sdk/php/vendor/mockery/mockery/library/Mockery.php:754
/Users/vagner/Desenvolvimento/python/clubify-checkout/sdk/php/vendor/mockery/mockery/library/Mockery.php:574
/Users/vagner/Desenvolvimento/python/clubify-checkout/sdk/php/tests/TestCase.php:222
/Users/vagner/Desenvolvimento/python/clubify-checkout/sdk/php/tests/TestCase.php:441
/Users/vagner/Desenvolvimento/python/clubify-checkout/sdk/php/tests/TestCase.php:56
/Users/vagner/Desenvolvimento/python/clubify-checkout/sdk/php/tests/Unit/UserManagement/Repositories/ApiUserRepositoryTest.php:38</error>
        </testcase>
        <testcase name="testIsEmailTakenFalse" file="/Users/vagner/Desenvolvimento/python/clubify-checkout/sdk/php/tests/Unit/UserManagement/Repositories/ApiUserRepositoryTest.php" line="440" class="Clubify\Checkout\Tests\Unit\UserManagement\Repositories\ApiUserRepositoryTest" classname="Clubify.Checkout.Tests.Unit.UserManagement.Repositories.ApiUserRepositoryTest" assertions="0" time="0.000000">
          <error type="InvalidArgumentException">Clubify\Checkout\Tests\Unit\UserManagement\Repositories\ApiUserRepositoryTest::testIsEmailTakenFalse
InvalidArgumentException: getLogger() cannot be mocked as it is a private method

/Users/vagner/Desenvolvimento/python/clubify-checkout/sdk/php/vendor/mockery/mockery/library/Mockery.php:742
/Users/vagner/Desenvolvimento/python/clubify-checkout/sdk/php/vendor/mockery/mockery/library/Mockery.php:754
/Users/vagner/Desenvolvimento/python/clubify-checkout/sdk/php/vendor/mockery/mockery/library/Mockery.php:574
/Users/vagner/Desenvolvimento/python/clubify-checkout/sdk/php/tests/TestCase.php:222
/Users/vagner/Desenvolvimento/python/clubify-checkout/sdk/php/tests/TestCase.php:441
/Users/vagner/Desenvolvimento/python/clubify-checkout/sdk/php/tests/TestCase.php:56
/Users/vagner/Desenvolvimento/python/clubify-checkout/sdk/php/tests/Unit/UserManagement/Repositories/ApiUserRepositoryTest.php:38</error>
        </testcase>
        <testcase name="testIsEmailTakenExcludingUser" file="/Users/vagner/Desenvolvimento/python/clubify-checkout/sdk/php/tests/Unit/UserManagement/Repositories/ApiUserRepositoryTest.php" line="461" class="Clubify\Checkout\Tests\Unit\UserManagement\Repositories\ApiUserRepositoryTest" classname="Clubify.Checkout.Tests.Unit.UserManagement.Repositories.ApiUserRepositoryTest" assertions="0" time="0.000000">
          <error type="InvalidArgumentException">Clubify\Checkout\Tests\Unit\UserManagement\Repositories\ApiUserRepositoryTest::testIsEmailTakenExcludingUser
InvalidArgumentException: getLogger() cannot be mocked as it is a private method

/Users/vagner/Desenvolvimento/python/clubify-checkout/sdk/php/vendor/mockery/mockery/library/Mockery.php:742
/Users/vagner/Desenvolvimento/python/clubify-checkout/sdk/php/vendor/mockery/mockery/library/Mockery.php:754
/Users/vagner/Desenvolvimento/python/clubify-checkout/sdk/php/vendor/mockery/mockery/library/Mockery.php:574
/Users/vagner/Desenvolvimento/python/clubify-checkout/sdk/php/tests/TestCase.php:222
/Users/vagner/Desenvolvimento/python/clubify-checkout/sdk/php/tests/TestCase.php:441
/Users/vagner/Desenvolvimento/python/clubify-checkout/sdk/php/tests/TestCase.php:56
/Users/vagner/Desenvolvimento/python/clubify-checkout/sdk/php/tests/Unit/UserManagement/Repositories/ApiUserRepositoryTest.php:38</error>
        </testcase>
        <testcase name="testPerformHealthCheckSuccess" file="/Users/vagner/Desenvolvimento/python/clubify-checkout/sdk/php/tests/Unit/UserManagement/Repositories/ApiUserRepositoryTest.php" line="484" class="Clubify\Checkout\Tests\Unit\UserManagement\Repositories\ApiUserRepositoryTest" classname="Clubify.Checkout.Tests.Unit.UserManagement.Repositories.ApiUserRepositoryTest" assertions="0" time="0.000000">
          <error type="InvalidArgumentException">Clubify\Checkout\Tests\Unit\UserManagement\Repositories\ApiUserRepositoryTest::testPerformHealthCheckSuccess
InvalidArgumentException: getLogger() cannot be mocked as it is a private method

/Users/vagner/Desenvolvimento/python/clubify-checkout/sdk/php/vendor/mockery/mockery/library/Mockery.php:742
/Users/vagner/Desenvolvimento/python/clubify-checkout/sdk/php/vendor/mockery/mockery/library/Mockery.php:754
/Users/vagner/Desenvolvimento/python/clubify-checkout/sdk/php/vendor/mockery/mockery/library/Mockery.php:574
/Users/vagner/Desenvolvimento/python/clubify-checkout/sdk/php/tests/TestCase.php:222
/Users/vagner/Desenvolvimento/python/clubify-checkout/sdk/php/tests/TestCase.php:441
/Users/vagner/Desenvolvimento/python/clubify-checkout/sdk/php/tests/TestCase.php:56
/Users/vagner/Desenvolvimento/python/clubify-checkout/sdk/php/tests/Unit/UserManagement/Repositories/ApiUserRepositoryTest.php:38</error>
        </testcase>
        <testcase name="testPerformHealthCheckFailure" file="/Users/vagner/Desenvolvimento/python/clubify-checkout/sdk/php/tests/Unit/UserManagement/Repositories/ApiUserRepositoryTest.php" line="508" class="Clubify\Checkout\Tests\Unit\UserManagement\Repositories\ApiUserRepositoryTest" classname="Clubify.Checkout.Tests.Unit.UserManagement.Repositories.ApiUserRepositoryTest" assertions="0" time="0.000000">
          <error type="InvalidArgumentException">Clubify\Checkout\Tests\Unit\UserManagement\Repositories\ApiUserRepositoryTest::testPerformHealthCheckFailure
InvalidArgumentException: getLogger() cannot be mocked as it is a private method

/Users/vagner/Desenvolvimento/python/clubify-checkout/sdk/php/vendor/mockery/mockery/library/Mockery.php:742
/Users/vagner/Desenvolvimento/python/clubify-checkout/sdk/php/vendor/mockery/mockery/library/Mockery.php:754
/Users/vagner/Desenvolvimento/python/clubify-checkout/sdk/php/vendor/mockery/mockery/library/Mockery.php:574
/Users/vagner/Desenvolvimento/python/clubify-checkout/sdk/php/tests/TestCase.php:222
/Users/vagner/Desenvolvimento/python/clubify-checkout/sdk/php/tests/TestCase.php:441
/Users/vagner/Desenvolvimento/python/clubify-checkout/sdk/php/tests/TestCase.php:56
/Users/vagner/Desenvolvimento/python/clubify-checkout/sdk/php/tests/Unit/UserManagement/Repositories/ApiUserRepositoryTest.php:38</error>
        </testcase>
      </testsuite>
      <testsuite name="Clubify\Checkout\Tests\Unit\UserManagement\Services\UserServiceTest" file="/Users/vagner/Desenvolvimento/python/clubify-checkout/sdk/php/tests/Unit/UserManagement/Services/UserServiceTest.php" tests="27" assertions="0" errors="27" failures="0" skipped="0" time="0.000000">
        <testcase name="testImplementsServiceInterface" file="/Users/vagner/Desenvolvimento/python/clubify-checkout/sdk/php/tests/Unit/UserManagement/Services/UserServiceTest.php" line="51" class="Clubify\Checkout\Tests\Unit\UserManagement\Services\UserServiceTest" classname="Clubify.Checkout.Tests.Unit.UserManagement.Services.UserServiceTest" assertions="0" time="0.000000">
          <error type="InvalidArgumentException">Clubify\Checkout\Tests\Unit\UserManagement\Services\UserServiceTest::testImplementsServiceInterface
InvalidArgumentException: getLogger() cannot be mocked as it is a private method

/Users/vagner/Desenvolvimento/python/clubify-checkout/sdk/php/vendor/mockery/mockery/library/Mockery.php:742
/Users/vagner/Desenvolvimento/python/clubify-checkout/sdk/php/vendor/mockery/mockery/library/Mockery.php:754
/Users/vagner/Desenvolvimento/python/clubify-checkout/sdk/php/vendor/mockery/mockery/library/Mockery.php:574
/Users/vagner/Desenvolvimento/python/clubify-checkout/sdk/php/tests/TestCase.php:222
/Users/vagner/Desenvolvimento/python/clubify-checkout/sdk/php/tests/TestCase.php:441
/Users/vagner/Desenvolvimento/python/clubify-checkout/sdk/php/tests/TestCase.php:56
/Users/vagner/Desenvolvimento/python/clubify-checkout/sdk/php/tests/Unit/UserManagement/Services/UserServiceTest.php:38</error>
        </testcase>
        <testcase name="testGetName" file="/Users/vagner/Desenvolvimento/python/clubify-checkout/sdk/php/tests/Unit/UserManagement/Services/UserServiceTest.php" line="56" class="Clubify\Checkout\Tests\Unit\UserManagement\Services\UserServiceTest" classname="Clubify.Checkout.Tests.Unit.UserManagement.Services.UserServiceTest" assertions="0" time="0.000000">
          <error type="InvalidArgumentException">Clubify\Checkout\Tests\Unit\UserManagement\Services\UserServiceTest::testGetName
InvalidArgumentException: getLogger() cannot be mocked as it is a private method

/Users/vagner/Desenvolvimento/python/clubify-checkout/sdk/php/vendor/mockery/mockery/library/Mockery.php:742
/Users/vagner/Desenvolvimento/python/clubify-checkout/sdk/php/vendor/mockery/mockery/library/Mockery.php:754
/Users/vagner/Desenvolvimento/python/clubify-checkout/sdk/php/vendor/mockery/mockery/library/Mockery.php:574
/Users/vagner/Desenvolvimento/python/clubify-checkout/sdk/php/tests/TestCase.php:222
/Users/vagner/Desenvolvimento/python/clubify-checkout/sdk/php/tests/TestCase.php:441
/Users/vagner/Desenvolvimento/python/clubify-checkout/sdk/php/tests/TestCase.php:56
/Users/vagner/Desenvolvimento/python/clubify-checkout/sdk/php/tests/Unit/UserManagement/Services/UserServiceTest.php:38</error>
        </testcase>
        <testcase name="testGetVersion" file="/Users/vagner/Desenvolvimento/python/clubify-checkout/sdk/php/tests/Unit/UserManagement/Services/UserServiceTest.php" line="62" class="Clubify\Checkout\Tests\Unit\UserManagement\Services\UserServiceTest" classname="Clubify.Checkout.Tests.Unit.UserManagement.Services.UserServiceTest" assertions="0" time="0.000000">
          <error type="InvalidArgumentException">Clubify\Checkout\Tests\Unit\UserManagement\Services\UserServiceTest::testGetVersion
InvalidArgumentException: getLogger() cannot be mocked as it is a private method

/Users/vagner/Desenvolvimento/python/clubify-checkout/sdk/php/vendor/mockery/mockery/library/Mockery.php:742
/Users/vagner/Desenvolvimento/python/clubify-checkout/sdk/php/vendor/mockery/mockery/library/Mockery.php:754
/Users/vagner/Desenvolvimento/python/clubify-checkout/sdk/php/vendor/mockery/mockery/library/Mockery.php:574
/Users/vagner/Desenvolvimento/python/clubify-checkout/sdk/php/tests/TestCase.php:222
/Users/vagner/Desenvolvimento/python/clubify-checkout/sdk/php/tests/TestCase.php:441
/Users/vagner/Desenvolvimento/python/clubify-checkout/sdk/php/tests/TestCase.php:56
/Users/vagner/Desenvolvimento/python/clubify-checkout/sdk/php/tests/Unit/UserManagement/Services/UserServiceTest.php:38</error>
        </testcase>
        <testcase name="testIsHealthySuccess" file="/Users/vagner/Desenvolvimento/python/clubify-checkout/sdk/php/tests/Unit/UserManagement/Services/UserServiceTest.php" line="68" class="Clubify\Checkout\Tests\Unit\UserManagement\Services\UserServiceTest" classname="Clubify.Checkout.Tests.Unit.UserManagement.Services.UserServiceTest" assertions="0" time="0.000000">
          <error type="InvalidArgumentException">Clubify\Checkout\Tests\Unit\UserManagement\Services\UserServiceTest::testIsHealthySuccess
InvalidArgumentException: getLogger() cannot be mocked as it is a private method

/Users/vagner/Desenvolvimento/python/clubify-checkout/sdk/php/vendor/mockery/mockery/library/Mockery.php:742
/Users/vagner/Desenvolvimento/python/clubify-checkout/sdk/php/vendor/mockery/mockery/library/Mockery.php:754
/Users/vagner/Desenvolvimento/python/clubify-checkout/sdk/php/vendor/mockery/mockery/library/Mockery.php:574
/Users/vagner/Desenvolvimento/python/clubify-checkout/sdk/php/tests/TestCase.php:222
/Users/vagner/Desenvolvimento/python/clubify-checkout/sdk/php/tests/TestCase.php:441
/Users/vagner/Desenvolvimento/python/clubify-checkout/sdk/php/tests/TestCase.php:56
/Users/vagner/Desenvolvimento/python/clubify-checkout/sdk/php/tests/Unit/UserManagement/Services/UserServiceTest.php:38</error>
        </testcase>
        <testcase name="testIsHealthyFailure" file="/Users/vagner/Desenvolvimento/python/clubify-checkout/sdk/php/tests/Unit/UserManagement/Services/UserServiceTest.php" line="82" class="Clubify\Checkout\Tests\Unit\UserManagement\Services\UserServiceTest" classname="Clubify.Checkout.Tests.Unit.UserManagement.Services.UserServiceTest" assertions="0" time="0.000000">
          <error type="InvalidArgumentException">Clubify\Checkout\Tests\Unit\UserManagement\Services\UserServiceTest::testIsHealthyFailure
InvalidArgumentException: getLogger() cannot be mocked as it is a private method

/Users/vagner/Desenvolvimento/python/clubify-checkout/sdk/php/vendor/mockery/mockery/library/Mockery.php:742
/Users/vagner/Desenvolvimento/python/clubify-checkout/sdk/php/vendor/mockery/mockery/library/Mockery.php:754
/Users/vagner/Desenvolvimento/python/clubify-checkout/sdk/php/vendor/mockery/mockery/library/Mockery.php:574
/Users/vagner/Desenvolvimento/python/clubify-checkout/sdk/php/tests/TestCase.php:222
/Users/vagner/Desenvolvimento/python/clubify-checkout/sdk/php/tests/TestCase.php:441
/Users/vagner/Desenvolvimento/python/clubify-checkout/sdk/php/tests/TestCase.php:56
/Users/vagner/Desenvolvimento/python/clubify-checkout/sdk/php/tests/Unit/UserManagement/Services/UserServiceTest.php:38</error>
        </testcase>
        <testcase name="testGetMetrics" file="/Users/vagner/Desenvolvimento/python/clubify-checkout/sdk/php/tests/Unit/UserManagement/Services/UserServiceTest.php" line="100" class="Clubify\Checkout\Tests\Unit\UserManagement\Services\UserServiceTest" classname="Clubify.Checkout.Tests.Unit.UserManagement.Services.UserServiceTest" assertions="0" time="0.000000">
          <error type="InvalidArgumentException">Clubify\Checkout\Tests\Unit\UserManagement\Services\UserServiceTest::testGetMetrics
InvalidArgumentException: getLogger() cannot be mocked as it is a private method

/Users/vagner/Desenvolvimento/python/clubify-checkout/sdk/php/vendor/mockery/mockery/library/Mockery.php:742
/Users/vagner/Desenvolvimento/python/clubify-checkout/sdk/php/vendor/mockery/mockery/library/Mockery.php:754
/Users/vagner/Desenvolvimento/python/clubify-checkout/sdk/php/vendor/mockery/mockery/library/Mockery.php:574
/Users/vagner/Desenvolvimento/python/clubify-checkout/sdk/php/tests/TestCase.php:222
/Users/vagner/Desenvolvimento/python/clubify-checkout/sdk/php/tests/TestCase.php:441
/Users/vagner/Desenvolvimento/python/clubify-checkout/sdk/php/tests/TestCase.php:56
/Users/vagner/Desenvolvimento/python/clubify-checkout/sdk/php/tests/Unit/UserManagement/Services/UserServiceTest.php:38</error>
        </testcase>
        <testcase name="testCreateUserSuccess" file="/Users/vagner/Desenvolvimento/python/clubify-checkout/sdk/php/tests/Unit/UserManagement/Services/UserServiceTest.php" line="119" class="Clubify\Checkout\Tests\Unit\UserManagement\Services\UserServiceTest" classname="Clubify.Checkout.Tests.Unit.UserManagement.Services.UserServiceTest" assertions="0" time="0.000000">
          <error type="InvalidArgumentException">Clubify\Checkout\Tests\Unit\UserManagement\Services\UserServiceTest::testCreateUserSuccess
InvalidArgumentException: getLogger() cannot be mocked as it is a private method

/Users/vagner/Desenvolvimento/python/clubify-checkout/sdk/php/vendor/mockery/mockery/library/Mockery.php:742
/Users/vagner/Desenvolvimento/python/clubify-checkout/sdk/php/vendor/mockery/mockery/library/Mockery.php:754
/Users/vagner/Desenvolvimento/python/clubify-checkout/sdk/php/vendor/mockery/mockery/library/Mockery.php:574
/Users/vagner/Desenvolvimento/python/clubify-checkout/sdk/php/tests/TestCase.php:222
/Users/vagner/Desenvolvimento/python/clubify-checkout/sdk/php/tests/TestCase.php:441
/Users/vagner/Desenvolvimento/python/clubify-checkout/sdk/php/tests/TestCase.php:56
/Users/vagner/Desenvolvimento/python/clubify-checkout/sdk/php/tests/Unit/UserManagement/Services/UserServiceTest.php:38</error>
        </testcase>
        <testcase name="testCreateUserDuplicateEmail" file="/Users/vagner/Desenvolvimento/python/clubify-checkout/sdk/php/tests/Unit/UserManagement/Services/UserServiceTest.php" line="163" class="Clubify\Checkout\Tests\Unit\UserManagement\Services\UserServiceTest" classname="Clubify.Checkout.Tests.Unit.UserManagement.Services.UserServiceTest" assertions="0" time="0.000000">
          <error type="InvalidArgumentException">Clubify\Checkout\Tests\Unit\UserManagement\Services\UserServiceTest::testCreateUserDuplicateEmail
InvalidArgumentException: getLogger() cannot be mocked as it is a private method

/Users/vagner/Desenvolvimento/python/clubify-checkout/sdk/php/vendor/mockery/mockery/library/Mockery.php:742
/Users/vagner/Desenvolvimento/python/clubify-checkout/sdk/php/vendor/mockery/mockery/library/Mockery.php:754
/Users/vagner/Desenvolvimento/python/clubify-checkout/sdk/php/vendor/mockery/mockery/library/Mockery.php:574
/Users/vagner/Desenvolvimento/python/clubify-checkout/sdk/php/tests/TestCase.php:222
/Users/vagner/Desenvolvimento/python/clubify-checkout/sdk/php/tests/TestCase.php:441
/Users/vagner/Desenvolvimento/python/clubify-checkout/sdk/php/tests/TestCase.php:56
/Users/vagner/Desenvolvimento/python/clubify-checkout/sdk/php/tests/Unit/UserManagement/Services/UserServiceTest.php:38</error>
        </testcase>
        <testcase name="testCreateUserValidationError" file="/Users/vagner/Desenvolvimento/python/clubify-checkout/sdk/php/tests/Unit/UserManagement/Services/UserServiceTest.php" line="192" class="Clubify\Checkout\Tests\Unit\UserManagement\Services\UserServiceTest" classname="Clubify.Checkout.Tests.Unit.UserManagement.Services.UserServiceTest" assertions="0" time="0.000000">
          <error type="InvalidArgumentException">Clubify\Checkout\Tests\Unit\UserManagement\Services\UserServiceTest::testCreateUserValidationError
InvalidArgumentException: getLogger() cannot be mocked as it is a private method

/Users/vagner/Desenvolvimento/python/clubify-checkout/sdk/php/vendor/mockery/mockery/library/Mockery.php:742
/Users/vagner/Desenvolvimento/python/clubify-checkout/sdk/php/vendor/mockery/mockery/library/Mockery.php:754
/Users/vagner/Desenvolvimento/python/clubify-checkout/sdk/php/vendor/mockery/mockery/library/Mockery.php:574
/Users/vagner/Desenvolvimento/python/clubify-checkout/sdk/php/tests/TestCase.php:222
/Users/vagner/Desenvolvimento/python/clubify-checkout/sdk/php/tests/TestCase.php:441
/Users/vagner/Desenvolvimento/python/clubify-checkout/sdk/php/tests/TestCase.php:56
/Users/vagner/Desenvolvimento/python/clubify-checkout/sdk/php/tests/Unit/UserManagement/Services/UserServiceTest.php:38</error>
        </testcase>
        <testcase name="testGetUserSuccess" file="/Users/vagner/Desenvolvimento/python/clubify-checkout/sdk/php/tests/Unit/UserManagement/Services/UserServiceTest.php" line="215" class="Clubify\Checkout\Tests\Unit\UserManagement\Services\UserServiceTest" classname="Clubify.Checkout.Tests.Unit.UserManagement.Services.UserServiceTest" assertions="0" time="0.000000">
          <error type="InvalidArgumentException">Clubify\Checkout\Tests\Unit\UserManagement\Services\UserServiceTest::testGetUserSuccess
InvalidArgumentException: getLogger() cannot be mocked as it is a private method

/Users/vagner/Desenvolvimento/python/clubify-checkout/sdk/php/vendor/mockery/mockery/library/Mockery.php:742
/Users/vagner/Desenvolvimento/python/clubify-checkout/sdk/php/vendor/mockery/mockery/library/Mockery.php:754
/Users/vagner/Desenvolvimento/python/clubify-checkout/sdk/php/vendor/mockery/mockery/library/Mockery.php:574
/Users/vagner/Desenvolvimento/python/clubify-checkout/sdk/php/tests/TestCase.php:222
/Users/vagner/Desenvolvimento/python/clubify-checkout/sdk/php/tests/TestCase.php:441
/Users/vagner/Desenvolvimento/python/clubify-checkout/sdk/php/tests/TestCase.php:56
/Users/vagner/Desenvolvimento/python/clubify-checkout/sdk/php/tests/Unit/UserManagement/Services/UserServiceTest.php:38</error>
        </testcase>
        <testcase name="testGetUserNotFound" file="/Users/vagner/Desenvolvimento/python/clubify-checkout/sdk/php/tests/Unit/UserManagement/Services/UserServiceTest.php" line="234" class="Clubify\Checkout\Tests\Unit\UserManagement\Services\UserServiceTest" classname="Clubify.Checkout.Tests.Unit.UserManagement.Services.UserServiceTest" assertions="0" time="0.000000">
          <error type="InvalidArgumentException">Clubify\Checkout\Tests\Unit\UserManagement\Services\UserServiceTest::testGetUserNotFound
InvalidArgumentException: getLogger() cannot be mocked as it is a private method

/Users/vagner/Desenvolvimento/python/clubify-checkout/sdk/php/vendor/mockery/mockery/library/Mockery.php:742
/Users/vagner/Desenvolvimento/python/clubify-checkout/sdk/php/vendor/mockery/mockery/library/Mockery.php:754
/Users/vagner/Desenvolvimento/python/clubify-checkout/sdk/php/vendor/mockery/mockery/library/Mockery.php:574
/Users/vagner/Desenvolvimento/python/clubify-checkout/sdk/php/tests/TestCase.php:222
/Users/vagner/Desenvolvimento/python/clubify-checkout/sdk/php/tests/TestCase.php:441
/Users/vagner/Desenvolvimento/python/clubify-checkout/sdk/php/tests/TestCase.php:56
/Users/vagner/Desenvolvimento/python/clubify-checkout/sdk/php/tests/Unit/UserManagement/Services/UserServiceTest.php:38</error>
        </testcase>
        <testcase name="testUpdateUserSuccess" file="/Users/vagner/Desenvolvimento/python/clubify-checkout/sdk/php/tests/Unit/UserManagement/Services/UserServiceTest.php" line="255" class="Clubify\Checkout\Tests\Unit\UserManagement\Services\UserServiceTest" classname="Clubify.Checkout.Tests.Unit.UserManagement.Services.UserServiceTest" assertions="0" time="0.000000">
          <error type="InvalidArgumentException">Clubify\Checkout\Tests\Unit\UserManagement\Services\UserServiceTest::testUpdateUserSuccess
InvalidArgumentException: getLogger() cannot be mocked as it is a private method

/Users/vagner/Desenvolvimento/python/clubify-checkout/sdk/php/vendor/mockery/mockery/library/Mockery.php:742
/Users/vagner/Desenvolvimento/python/clubify-checkout/sdk/php/vendor/mockery/mockery/library/Mockery.php:754
/Users/vagner/Desenvolvimento/python/clubify-checkout/sdk/php/vendor/mockery/mockery/library/Mockery.php:574
/Users/vagner/Desenvolvimento/python/clubify-checkout/sdk/php/tests/TestCase.php:222
/Users/vagner/Desenvolvimento/python/clubify-checkout/sdk/php/tests/TestCase.php:441
/Users/vagner/Desenvolvimento/python/clubify-checkout/sdk/php/tests/TestCase.php:56
/Users/vagner/Desenvolvimento/python/clubify-checkout/sdk/php/tests/Unit/UserManagement/Services/UserServiceTest.php:38</error>
        </testcase>
        <testcase name="testUpdateUserNotFound" file="/Users/vagner/Desenvolvimento/python/clubify-checkout/sdk/php/tests/Unit/UserManagement/Services/UserServiceTest.php" line="291" class="Clubify\Checkout\Tests\Unit\UserManagement\Services\UserServiceTest" classname="Clubify.Checkout.Tests.Unit.UserManagement.Services.UserServiceTest" assertions="0" time="0.000000">
          <error type="InvalidArgumentException">Clubify\Checkout\Tests\Unit\UserManagement\Services\UserServiceTest::testUpdateUserNotFound
InvalidArgumentException: getLogger() cannot be mocked as it is a private method

/Users/vagner/Desenvolvimento/python/clubify-checkout/sdk/php/vendor/mockery/mockery/library/Mockery.php:742
/Users/vagner/Desenvolvimento/python/clubify-checkout/sdk/php/vendor/mockery/mockery/library/Mockery.php:754
/Users/vagner/Desenvolvimento/python/clubify-checkout/sdk/php/vendor/mockery/mockery/library/Mockery.php:574
/Users/vagner/Desenvolvimento/python/clubify-checkout/sdk/php/tests/TestCase.php:222
/Users/vagner/Desenvolvimento/python/clubify-checkout/sdk/php/tests/TestCase.php:441
/Users/vagner/Desenvolvimento/python/clubify-checkout/sdk/php/tests/TestCase.php:56
/Users/vagner/Desenvolvimento/python/clubify-checkout/sdk/php/tests/Unit/UserManagement/Services/UserServiceTest.php:38</error>
        </testcase>
        <testcase name="testUpdateUserEmailTaken" file="/Users/vagner/Desenvolvimento/python/clubify-checkout/sdk/php/tests/Unit/UserManagement/Services/UserServiceTest.php" line="313" class="Clubify\Checkout\Tests\Unit\UserManagement\Services\UserServiceTest" classname="Clubify.Checkout.Tests.Unit.UserManagement.Services.UserServiceTest" assertions="0" time="0.000000">
          <error type="InvalidArgumentException">Clubify\Checkout\Tests\Unit\UserManagement\Services\UserServiceTest::testUpdateUserEmailTaken
InvalidArgumentException: getLogger() cannot be mocked as it is a private method

/Users/vagner/Desenvolvimento/python/clubify-checkout/sdk/php/vendor/mockery/mockery/library/Mockery.php:742
/Users/vagner/Desenvolvimento/python/clubify-checkout/sdk/php/vendor/mockery/mockery/library/Mockery.php:754
/Users/vagner/Desenvolvimento/python/clubify-checkout/sdk/php/vendor/mockery/mockery/library/Mockery.php:574
/Users/vagner/Desenvolvimento/python/clubify-checkout/sdk/php/tests/TestCase.php:222
/Users/vagner/Desenvolvimento/python/clubify-checkout/sdk/php/tests/TestCase.php:441
/Users/vagner/Desenvolvimento/python/clubify-checkout/sdk/php/tests/TestCase.php:56
/Users/vagner/Desenvolvimento/python/clubify-checkout/sdk/php/tests/Unit/UserManagement/Services/UserServiceTest.php:38</error>
        </testcase>
        <testcase name="testDeleteUserSuccess" file="/Users/vagner/Desenvolvimento/python/clubify-checkout/sdk/php/tests/Unit/UserManagement/Services/UserServiceTest.php" line="340" class="Clubify\Checkout\Tests\Unit\UserManagement\Services\UserServiceTest" classname="Clubify.Checkout.Tests.Unit.UserManagement.Services.UserServiceTest" assertions="0" time="0.000000">
          <error type="InvalidArgumentException">Clubify\Checkout\Tests\Unit\UserManagement\Services\UserServiceTest::testDeleteUserSuccess
InvalidArgumentException: getLogger() cannot be mocked as it is a private method

/Users/vagner/Desenvolvimento/python/clubify-checkout/sdk/php/vendor/mockery/mockery/library/Mockery.php:742
/Users/vagner/Desenvolvimento/python/clubify-checkout/sdk/php/vendor/mockery/mockery/library/Mockery.php:754
/Users/vagner/Desenvolvimento/python/clubify-checkout/sdk/php/vendor/mockery/mockery/library/Mockery.php:574
/Users/vagner/Desenvolvimento/python/clubify-checkout/sdk/php/tests/TestCase.php:222
/Users/vagner/Desenvolvimento/python/clubify-checkout/sdk/php/tests/TestCase.php:441
/Users/vagner/Desenvolvimento/python/clubify-checkout/sdk/php/tests/TestCase.php:56
/Users/vagner/Desenvolvimento/python/clubify-checkout/sdk/php/tests/Unit/UserManagement/Services/UserServiceTest.php:38</error>
        </testcase>
        <testcase name="testDeleteUserNotFound" file="/Users/vagner/Desenvolvimento/python/clubify-checkout/sdk/php/tests/Unit/UserManagement/Services/UserServiceTest.php" line="368" class="Clubify\Checkout\Tests\Unit\UserManagement\Services\UserServiceTest" classname="Clubify.Checkout.Tests.Unit.UserManagement.Services.UserServiceTest" assertions="0" time="0.000000">
          <error type="InvalidArgumentException">Clubify\Checkout\Tests\Unit\UserManagement\Services\UserServiceTest::testDeleteUserNotFound
InvalidArgumentException: getLogger() cannot be mocked as it is a private method

/Users/vagner/Desenvolvimento/python/clubify-checkout/sdk/php/vendor/mockery/mockery/library/Mockery.php:742
/Users/vagner/Desenvolvimento/python/clubify-checkout/sdk/php/vendor/mockery/mockery/library/Mockery.php:754
/Users/vagner/Desenvolvimento/python/clubify-checkout/sdk/php/vendor/mockery/mockery/library/Mockery.php:574
/Users/vagner/Desenvolvimento/python/clubify-checkout/sdk/php/tests/TestCase.php:222
/Users/vagner/Desenvolvimento/python/clubify-checkout/sdk/php/tests/TestCase.php:441
/Users/vagner/Desenvolvimento/python/clubify-checkout/sdk/php/tests/TestCase.php:56
/Users/vagner/Desenvolvimento/python/clubify-checkout/sdk/php/tests/Unit/UserManagement/Services/UserServiceTest.php:38</error>
        </testcase>
        <testcase name="testListUsersSuccess" file="/Users/vagner/Desenvolvimento/python/clubify-checkout/sdk/php/tests/Unit/UserManagement/Services/UserServiceTest.php" line="389" class="Clubify\Checkout\Tests\Unit\UserManagement\Services\UserServiceTest" classname="Clubify.Checkout.Tests.Unit.UserManagement.Services.UserServiceTest" assertions="0" time="0.000000">
          <error type="InvalidArgumentException">Clubify\Checkout\Tests\Unit\UserManagement\Services\UserServiceTest::testListUsersSuccess
InvalidArgumentException: getLogger() cannot be mocked as it is a private method

/Users/vagner/Desenvolvimento/python/clubify-checkout/sdk/php/vendor/mockery/mockery/library/Mockery.php:742
/Users/vagner/Desenvolvimento/python/clubify-checkout/sdk/php/vendor/mockery/mockery/library/Mockery.php:754
/Users/vagner/Desenvolvimento/python/clubify-checkout/sdk/php/vendor/mockery/mockery/library/Mockery.php:574
/Users/vagner/Desenvolvimento/python/clubify-checkout/sdk/php/tests/TestCase.php:222
/Users/vagner/Desenvolvimento/python/clubify-checkout/sdk/php/tests/TestCase.php:441
/Users/vagner/Desenvolvimento/python/clubify-checkout/sdk/php/tests/TestCase.php:56
/Users/vagner/Desenvolvimento/python/clubify-checkout/sdk/php/tests/Unit/UserManagement/Services/UserServiceTest.php:38</error>
        </testcase>
        <testcase name="testUpdateUserProfileSuccess" file="/Users/vagner/Desenvolvimento/python/clubify-checkout/sdk/php/tests/Unit/UserManagement/Services/UserServiceTest.php" line="418" class="Clubify\Checkout\Tests\Unit\UserManagement\Services\UserServiceTest" classname="Clubify.Checkout.Tests.Unit.UserManagement.Services.UserServiceTest" assertions="0" time="0.000000">
          <error type="InvalidArgumentException">Clubify\Checkout\Tests\Unit\UserManagement\Services\UserServiceTest::testUpdateUserProfileSuccess
InvalidArgumentException: getLogger() cannot be mocked as it is a private method

/Users/vagner/Desenvolvimento/python/clubify-checkout/sdk/php/vendor/mockery/mockery/library/Mockery.php:742
/Users/vagner/Desenvolvimento/python/clubify-checkout/sdk/php/vendor/mockery/mockery/library/Mockery.php:754
/Users/vagner/Desenvolvimento/python/clubify-checkout/sdk/php/vendor/mockery/mockery/library/Mockery.php:574
/Users/vagner/Desenvolvimento/python/clubify-checkout/sdk/php/tests/TestCase.php:222
/Users/vagner/Desenvolvimento/python/clubify-checkout/sdk/php/tests/TestCase.php:441
/Users/vagner/Desenvolvimento/python/clubify-checkout/sdk/php/tests/TestCase.php:56
/Users/vagner/Desenvolvimento/python/clubify-checkout/sdk/php/tests/Unit/UserManagement/Services/UserServiceTest.php:38</error>
        </testcase>
        <testcase name="testGetUserRolesSuccess" file="/Users/vagner/Desenvolvimento/python/clubify-checkout/sdk/php/tests/Unit/UserManagement/Services/UserServiceTest.php" line="447" class="Clubify\Checkout\Tests\Unit\UserManagement\Services\UserServiceTest" classname="Clubify.Checkout.Tests.Unit.UserManagement.Services.UserServiceTest" assertions="0" time="0.000000">
          <error type="InvalidArgumentException">Clubify\Checkout\Tests\Unit\UserManagement\Services\UserServiceTest::testGetUserRolesSuccess
InvalidArgumentException: getLogger() cannot be mocked as it is a private method

/Users/vagner/Desenvolvimento/python/clubify-checkout/sdk/php/vendor/mockery/mockery/library/Mockery.php:742
/Users/vagner/Desenvolvimento/python/clubify-checkout/sdk/php/vendor/mockery/mockery/library/Mockery.php:754
/Users/vagner/Desenvolvimento/python/clubify-checkout/sdk/php/vendor/mockery/mockery/library/Mockery.php:574
/Users/vagner/Desenvolvimento/python/clubify-checkout/sdk/php/tests/TestCase.php:222
/Users/vagner/Desenvolvimento/python/clubify-checkout/sdk/php/tests/TestCase.php:441
/Users/vagner/Desenvolvimento/python/clubify-checkout/sdk/php/tests/TestCase.php:56
/Users/vagner/Desenvolvimento/python/clubify-checkout/sdk/php/tests/Unit/UserManagement/Services/UserServiceTest.php:38</error>
        </testcase>
        <testcase name="testFindUserByEmailSuccess" file="/Users/vagner/Desenvolvimento/python/clubify-checkout/sdk/php/tests/Unit/UserManagement/Services/UserServiceTest.php" line="471" class="Clubify\Checkout\Tests\Unit\UserManagement\Services\UserServiceTest" classname="Clubify.Checkout.Tests.Unit.UserManagement.Services.UserServiceTest" assertions="0" time="0.000000">
          <error type="InvalidArgumentException">Clubify\Checkout\Tests\Unit\UserManagement\Services\UserServiceTest::testFindUserByEmailSuccess
InvalidArgumentException: getLogger() cannot be mocked as it is a private method

/Users/vagner/Desenvolvimento/python/clubify-checkout/sdk/php/vendor/mockery/mockery/library/Mockery.php:742
/Users/vagner/Desenvolvimento/python/clubify-checkout/sdk/php/vendor/mockery/mockery/library/Mockery.php:754
/Users/vagner/Desenvolvimento/python/clubify-checkout/sdk/php/vendor/mockery/mockery/library/Mockery.php:574
/Users/vagner/Desenvolvimento/python/clubify-checkout/sdk/php/tests/TestCase.php:222
/Users/vagner/Desenvolvimento/python/clubify-checkout/sdk/php/tests/TestCase.php:441
/Users/vagner/Desenvolvimento/python/clubify-checkout/sdk/php/tests/TestCase.php:56
/Users/vagner/Desenvolvimento/python/clubify-checkout/sdk/php/tests/Unit/UserManagement/Services/UserServiceTest.php:38</error>
        </testcase>
        <testcase name="testFindUserByEmailNotFound" file="/Users/vagner/Desenvolvimento/python/clubify-checkout/sdk/php/tests/Unit/UserManagement/Services/UserServiceTest.php" line="490" class="Clubify\Checkout\Tests\Unit\UserManagement\Services\UserServiceTest" classname="Clubify.Checkout.Tests.Unit.UserManagement.Services.UserServiceTest" assertions="0" time="0.000000">
          <error type="InvalidArgumentException">Clubify\Checkout\Tests\Unit\UserManagement\Services\UserServiceTest::testFindUserByEmailNotFound
InvalidArgumentException: getLogger() cannot be mocked as it is a private method

/Users/vagner/Desenvolvimento/python/clubify-checkout/sdk/php/vendor/mockery/mockery/library/Mockery.php:742
/Users/vagner/Desenvolvimento/python/clubify-checkout/sdk/php/vendor/mockery/mockery/library/Mockery.php:754
/Users/vagner/Desenvolvimento/python/clubify-checkout/sdk/php/vendor/mockery/mockery/library/Mockery.php:574
/Users/vagner/Desenvolvimento/python/clubify-checkout/sdk/php/tests/TestCase.php:222
/Users/vagner/Desenvolvimento/python/clubify-checkout/sdk/php/tests/TestCase.php:441
/Users/vagner/Desenvolvimento/python/clubify-checkout/sdk/php/tests/TestCase.php:56
/Users/vagner/Desenvolvimento/python/clubify-checkout/sdk/php/tests/Unit/UserManagement/Services/UserServiceTest.php:38</error>
        </testcase>
        <testcase name="testChangePasswordSuccess" file="/Users/vagner/Desenvolvimento/python/clubify-checkout/sdk/php/tests/Unit/UserManagement/Services/UserServiceTest.php" line="511" class="Clubify\Checkout\Tests\Unit\UserManagement\Services\UserServiceTest" classname="Clubify.Checkout.Tests.Unit.UserManagement.Services.UserServiceTest" assertions="0" time="0.000000">
          <error type="InvalidArgumentException">Clubify\Checkout\Tests\Unit\UserManagement\Services\UserServiceTest::testChangePasswordSuccess
InvalidArgumentException: getLogger() cannot be mocked as it is a private method

/Users/vagner/Desenvolvimento/python/clubify-checkout/sdk/php/vendor/mockery/mockery/library/Mockery.php:742
/Users/vagner/Desenvolvimento/python/clubify-checkout/sdk/php/vendor/mockery/mockery/library/Mockery.php:754
/Users/vagner/Desenvolvimento/python/clubify-checkout/sdk/php/vendor/mockery/mockery/library/Mockery.php:574
/Users/vagner/Desenvolvimento/python/clubify-checkout/sdk/php/tests/TestCase.php:222
/Users/vagner/Desenvolvimento/python/clubify-checkout/sdk/php/tests/TestCase.php:441
/Users/vagner/Desenvolvimento/python/clubify-checkout/sdk/php/tests/TestCase.php:56
/Users/vagner/Desenvolvimento/python/clubify-checkout/sdk/php/tests/Unit/UserManagement/Services/UserServiceTest.php:38</error>
        </testcase>
        <testcase name="testActivateUserSuccess" file="/Users/vagner/Desenvolvimento/python/clubify-checkout/sdk/php/tests/Unit/UserManagement/Services/UserServiceTest.php" line="540" class="Clubify\Checkout\Tests\Unit\UserManagement\Services\UserServiceTest" classname="Clubify.Checkout.Tests.Unit.UserManagement.Services.UserServiceTest" assertions="0" time="0.000000">
          <error type="InvalidArgumentException">Clubify\Checkout\Tests\Unit\UserManagement\Services\UserServiceTest::testActivateUserSuccess
InvalidArgumentException: getLogger() cannot be mocked as it is a private method

/Users/vagner/Desenvolvimento/python/clubify-checkout/sdk/php/vendor/mockery/mockery/library/Mockery.php:742
/Users/vagner/Desenvolvimento/python/clubify-checkout/sdk/php/vendor/mockery/mockery/library/Mockery.php:754
/Users/vagner/Desenvolvimento/python/clubify-checkout/sdk/php/vendor/mockery/mockery/library/Mockery.php:574
/Users/vagner/Desenvolvimento/python/clubify-checkout/sdk/php/tests/TestCase.php:222
/Users/vagner/Desenvolvimento/python/clubify-checkout/sdk/php/tests/TestCase.php:441
/Users/vagner/Desenvolvimento/python/clubify-checkout/sdk/php/tests/TestCase.php:56
/Users/vagner/Desenvolvimento/python/clubify-checkout/sdk/php/tests/Unit/UserManagement/Services/UserServiceTest.php:38</error>
        </testcase>
        <testcase name="testDeactivateUserSuccess" file="/Users/vagner/Desenvolvimento/python/clubify-checkout/sdk/php/tests/Unit/UserManagement/Services/UserServiceTest.php" line="568" class="Clubify\Checkout\Tests\Unit\UserManagement\Services\UserServiceTest" classname="Clubify.Checkout.Tests.Unit.UserManagement.Services.UserServiceTest" assertions="0" time="0.000000">
          <error type="InvalidArgumentException">Clubify\Checkout\Tests\Unit\UserManagement\Services\UserServiceTest::testDeactivateUserSuccess
InvalidArgumentException: getLogger() cannot be mocked as it is a private method

/Users/vagner/Desenvolvimento/python/clubify-checkout/sdk/php/vendor/mockery/mockery/library/Mockery.php:742
/Users/vagner/Desenvolvimento/python/clubify-checkout/sdk/php/vendor/mockery/mockery/library/Mockery.php:754
/Users/vagner/Desenvolvimento/python/clubify-checkout/sdk/php/vendor/mockery/mockery/library/Mockery.php:574
/Users/vagner/Desenvolvimento/python/clubify-checkout/sdk/php/tests/TestCase.php:222
/Users/vagner/Desenvolvimento/python/clubify-checkout/sdk/php/tests/TestCase.php:441
/Users/vagner/Desenvolvimento/python/clubify-checkout/sdk/php/tests/TestCase.php:56
/Users/vagner/Desenvolvimento/python/clubify-checkout/sdk/php/tests/Unit/UserManagement/Services/UserServiceTest.php:38</error>
        </testcase>
        <testcase name="testGetConfig" file="/Users/vagner/Desenvolvimento/python/clubify-checkout/sdk/php/tests/Unit/UserManagement/Services/UserServiceTest.php" line="596" class="Clubify\Checkout\Tests\Unit\UserManagement\Services\UserServiceTest" classname="Clubify.Checkout.Tests.Unit.UserManagement.Services.UserServiceTest" assertions="0" time="0.000000">
          <error type="InvalidArgumentException">Clubify\Checkout\Tests\Unit\UserManagement\Services\UserServiceTest::testGetConfig
InvalidArgumentException: getLogger() cannot be mocked as it is a private method

/Users/vagner/Desenvolvimento/python/clubify-checkout/sdk/php/vendor/mockery/mockery/library/Mockery.php:742
/Users/vagner/Desenvolvimento/python/clubify-checkout/sdk/php/vendor/mockery/mockery/library/Mockery.php:754
/Users/vagner/Desenvolvimento/python/clubify-checkout/sdk/php/vendor/mockery/mockery/library/Mockery.php:574
/Users/vagner/Desenvolvimento/python/clubify-checkout/sdk/php/tests/TestCase.php:222
/Users/vagner/Desenvolvimento/python/clubify-checkout/sdk/php/tests/TestCase.php:441
/Users/vagner/Desenvolvimento/python/clubify-checkout/sdk/php/tests/TestCase.php:56
/Users/vagner/Desenvolvimento/python/clubify-checkout/sdk/php/tests/Unit/UserManagement/Services/UserServiceTest.php:38</error>
        </testcase>
        <testcase name="testIsAvailable" file="/Users/vagner/Desenvolvimento/python/clubify-checkout/sdk/php/tests/Unit/UserManagement/Services/UserServiceTest.php" line="608" class="Clubify\Checkout\Tests\Unit\UserManagement\Services\UserServiceTest" classname="Clubify.Checkout.Tests.Unit.UserManagement.Services.UserServiceTest" assertions="0" time="0.000000">
          <error type="InvalidArgumentException">Clubify\Checkout\Tests\Unit\UserManagement\Services\UserServiceTest::testIsAvailable
InvalidArgumentException: getLogger() cannot be mocked as it is a private method

/Users/vagner/Desenvolvimento/python/clubify-checkout/sdk/php/vendor/mockery/mockery/library/Mockery.php:742
/Users/vagner/Desenvolvimento/python/clubify-checkout/sdk/php/vendor/mockery/mockery/library/Mockery.php:754
/Users/vagner/Desenvolvimento/python/clubify-checkout/sdk/php/vendor/mockery/mockery/library/Mockery.php:574
/Users/vagner/Desenvolvimento/python/clubify-checkout/sdk/php/tests/TestCase.php:222
/Users/vagner/Desenvolvimento/python/clubify-checkout/sdk/php/tests/TestCase.php:441
/Users/vagner/Desenvolvimento/python/clubify-checkout/sdk/php/tests/TestCase.php:56
/Users/vagner/Desenvolvimento/python/clubify-checkout/sdk/php/tests/Unit/UserManagement/Services/UserServiceTest.php:38</error>
        </testcase>
        <testcase name="testGetStatus" file="/Users/vagner/Desenvolvimento/python/clubify-checkout/sdk/php/tests/Unit/UserManagement/Services/UserServiceTest.php" line="622" class="Clubify\Checkout\Tests\Unit\UserManagement\Services\UserServiceTest" classname="Clubify.Checkout.Tests.Unit.UserManagement.Services.UserServiceTest" assertions="0" time="0.000000">
          <error type="InvalidArgumentException">Clubify\Checkout\Tests\Unit\UserManagement\Services\UserServiceTest::testGetStatus
InvalidArgumentException: getLogger() cannot be mocked as it is a private method

/Users/vagner/Desenvolvimento/python/clubify-checkout/sdk/php/vendor/mockery/mockery/library/Mockery.php:742
/Users/vagner/Desenvolvimento/python/clubify-checkout/sdk/php/vendor/mockery/mockery/library/Mockery.php:754
/Users/vagner/Desenvolvimento/python/clubify-checkout/sdk/php/vendor/mockery/mockery/library/Mockery.php:574
/Users/vagner/Desenvolvimento/python/clubify-checkout/sdk/php/tests/TestCase.php:222
/Users/vagner/Desenvolvimento/python/clubify-checkout/sdk/php/tests/TestCase.php:441
/Users/vagner/Desenvolvimento/python/clubify-checkout/sdk/php/tests/TestCase.php:56
/Users/vagner/Desenvolvimento/python/clubify-checkout/sdk/php/tests/Unit/UserManagement/Services/UserServiceTest.php:38</error>
        </testcase>
      </testsuite>
      <testsuite name="Clubify\Checkout\Tests\Unit\UserManagement\UserManagementModuleTest" file="/Users/vagner/Desenvolvimento/python/clubify-checkout/sdk/php/tests/Unit/UserManagement/UserManagementModuleTest.php" tests="29" assertions="0" errors="29" failures="0" skipped="0" time="0.000000">
        <testcase name="testImplementsModuleInterface" file="/Users/vagner/Desenvolvimento/python/clubify-checkout/sdk/php/tests/Unit/UserManagement/UserManagementModuleTest.php" line="56" class="Clubify\Checkout\Tests\Unit\UserManagement\UserManagementModuleTest" classname="Clubify.Checkout.Tests.Unit.UserManagement.UserManagementModuleTest" assertions="0" time="0.000000">
          <error type="InvalidArgumentException">Clubify\Checkout\Tests\Unit\UserManagement\UserManagementModuleTest::testImplementsModuleInterface
InvalidArgumentException: getLogger() cannot be mocked as it is a private method

/Users/vagner/Desenvolvimento/python/clubify-checkout/sdk/php/vendor/mockery/mockery/library/Mockery.php:742
/Users/vagner/Desenvolvimento/python/clubify-checkout/sdk/php/vendor/mockery/mockery/library/Mockery.php:754
/Users/vagner/Desenvolvimento/python/clubify-checkout/sdk/php/vendor/mockery/mockery/library/Mockery.php:574
/Users/vagner/Desenvolvimento/python/clubify-checkout/sdk/php/tests/TestCase.php:222
/Users/vagner/Desenvolvimento/python/clubify-checkout/sdk/php/tests/TestCase.php:441
/Users/vagner/Desenvolvimento/python/clubify-checkout/sdk/php/tests/TestCase.php:56
/Users/vagner/Desenvolvimento/python/clubify-checkout/sdk/php/tests/Unit/UserManagement/UserManagementModuleTest.php:40</error>
        </testcase>
        <testcase name="testGetName" file="/Users/vagner/Desenvolvimento/python/clubify-checkout/sdk/php/tests/Unit/UserManagement/UserManagementModuleTest.php" line="61" class="Clubify\Checkout\Tests\Unit\UserManagement\UserManagementModuleTest" classname="Clubify.Checkout.Tests.Unit.UserManagement.UserManagementModuleTest" assertions="0" time="0.000000">
          <error type="InvalidArgumentException">Clubify\Checkout\Tests\Unit\UserManagement\UserManagementModuleTest::testGetName
InvalidArgumentException: getLogger() cannot be mocked as it is a private method

/Users/vagner/Desenvolvimento/python/clubify-checkout/sdk/php/vendor/mockery/mockery/library/Mockery.php:742
/Users/vagner/Desenvolvimento/python/clubify-checkout/sdk/php/vendor/mockery/mockery/library/Mockery.php:754
/Users/vagner/Desenvolvimento/python/clubify-checkout/sdk/php/vendor/mockery/mockery/library/Mockery.php:574
/Users/vagner/Desenvolvimento/python/clubify-checkout/sdk/php/tests/TestCase.php:222
/Users/vagner/Desenvolvimento/python/clubify-checkout/sdk/php/tests/TestCase.php:441
/Users/vagner/Desenvolvimento/python/clubify-checkout/sdk/php/tests/TestCase.php:56
/Users/vagner/Desenvolvimento/python/clubify-checkout/sdk/php/tests/Unit/UserManagement/UserManagementModuleTest.php:40</error>
        </testcase>
        <testcase name="testGetVersion" file="/Users/vagner/Desenvolvimento/python/clubify-checkout/sdk/php/tests/Unit/UserManagement/UserManagementModuleTest.php" line="67" class="Clubify\Checkout\Tests\Unit\UserManagement\UserManagementModuleTest" classname="Clubify.Checkout.Tests.Unit.UserManagement.UserManagementModuleTest" assertions="0" time="0.000000">
          <error type="InvalidArgumentException">Clubify\Checkout\Tests\Unit\UserManagement\UserManagementModuleTest::testGetVersion
InvalidArgumentException: getLogger() cannot be mocked as it is a private method

/Users/vagner/Desenvolvimento/python/clubify-checkout/sdk/php/vendor/mockery/mockery/library/Mockery.php:742
/Users/vagner/Desenvolvimento/python/clubify-checkout/sdk/php/vendor/mockery/mockery/library/Mockery.php:754
/Users/vagner/Desenvolvimento/python/clubify-checkout/sdk/php/vendor/mockery/mockery/library/Mockery.php:574
/Users/vagner/Desenvolvimento/python/clubify-checkout/sdk/php/tests/TestCase.php:222
/Users/vagner/Desenvolvimento/python/clubify-checkout/sdk/php/tests/TestCase.php:441
/Users/vagner/Desenvolvimento/python/clubify-checkout/sdk/php/tests/TestCase.php:56
/Users/vagner/Desenvolvimento/python/clubify-checkout/sdk/php/tests/Unit/UserManagement/UserManagementModuleTest.php:40</error>
        </testcase>
        <testcase name="testGetDependencies" file="/Users/vagner/Desenvolvimento/python/clubify-checkout/sdk/php/tests/Unit/UserManagement/UserManagementModuleTest.php" line="73" class="Clubify\Checkout\Tests\Unit\UserManagement\UserManagementModuleTest" classname="Clubify.Checkout.Tests.Unit.UserManagement.UserManagementModuleTest" assertions="0" time="0.000000">
          <error type="InvalidArgumentException">Clubify\Checkout\Tests\Unit\UserManagement\UserManagementModuleTest::testGetDependencies
InvalidArgumentException: getLogger() cannot be mocked as it is a private method

/Users/vagner/Desenvolvimento/python/clubify-checkout/sdk/php/vendor/mockery/mockery/library/Mockery.php:742
/Users/vagner/Desenvolvimento/python/clubify-checkout/sdk/php/vendor/mockery/mockery/library/Mockery.php:754
/Users/vagner/Desenvolvimento/python/clubify-checkout/sdk/php/vendor/mockery/mockery/library/Mockery.php:574
/Users/vagner/Desenvolvimento/python/clubify-checkout/sdk/php/tests/TestCase.php:222
/Users/vagner/Desenvolvimento/python/clubify-checkout/sdk/php/tests/TestCase.php:441
/Users/vagner/Desenvolvimento/python/clubify-checkout/sdk/php/tests/TestCase.php:56
/Users/vagner/Desenvolvimento/python/clubify-checkout/sdk/php/tests/Unit/UserManagement/UserManagementModuleTest.php:40</error>
        </testcase>
        <testcase name="testIsInitializedBeforeInitialization" file="/Users/vagner/Desenvolvimento/python/clubify-checkout/sdk/php/tests/Unit/UserManagement/UserManagementModuleTest.php" line="80" class="Clubify\Checkout\Tests\Unit\UserManagement\UserManagementModuleTest" classname="Clubify.Checkout.Tests.Unit.UserManagement.UserManagementModuleTest" assertions="0" time="0.000000">
          <error type="InvalidArgumentException">Clubify\Checkout\Tests\Unit\UserManagement\UserManagementModuleTest::testIsInitializedBeforeInitialization
InvalidArgumentException: getLogger() cannot be mocked as it is a private method

/Users/vagner/Desenvolvimento/python/clubify-checkout/sdk/php/vendor/mockery/mockery/library/Mockery.php:742
/Users/vagner/Desenvolvimento/python/clubify-checkout/sdk/php/vendor/mockery/mockery/library/Mockery.php:754
/Users/vagner/Desenvolvimento/python/clubify-checkout/sdk/php/vendor/mockery/mockery/library/Mockery.php:574
/Users/vagner/Desenvolvimento/python/clubify-checkout/sdk/php/tests/TestCase.php:222
/Users/vagner/Desenvolvimento/python/clubify-checkout/sdk/php/tests/TestCase.php:441
/Users/vagner/Desenvolvimento/python/clubify-checkout/sdk/php/tests/TestCase.php:56
/Users/vagner/Desenvolvimento/python/clubify-checkout/sdk/php/tests/Unit/UserManagement/UserManagementModuleTest.php:40</error>
        </testcase>
        <testcase name="testInitialize" file="/Users/vagner/Desenvolvimento/python/clubify-checkout/sdk/php/tests/Unit/UserManagement/UserManagementModuleTest.php" line="86" class="Clubify\Checkout\Tests\Unit\UserManagement\UserManagementModuleTest" classname="Clubify.Checkout.Tests.Unit.UserManagement.UserManagementModuleTest" assertions="0" time="0.000000">
          <error type="InvalidArgumentException">Clubify\Checkout\Tests\Unit\UserManagement\UserManagementModuleTest::testInitialize
InvalidArgumentException: getLogger() cannot be mocked as it is a private method

/Users/vagner/Desenvolvimento/python/clubify-checkout/sdk/php/vendor/mockery/mockery/library/Mockery.php:742
/Users/vagner/Desenvolvimento/python/clubify-checkout/sdk/php/vendor/mockery/mockery/library/Mockery.php:754
/Users/vagner/Desenvolvimento/python/clubify-checkout/sdk/php/vendor/mockery/mockery/library/Mockery.php:574
/Users/vagner/Desenvolvimento/python/clubify-checkout/sdk/php/tests/TestCase.php:222
/Users/vagner/Desenvolvimento/python/clubify-checkout/sdk/php/tests/TestCase.php:441
/Users/vagner/Desenvolvimento/python/clubify-checkout/sdk/php/tests/TestCase.php:56
/Users/vagner/Desenvolvimento/python/clubify-checkout/sdk/php/tests/Unit/UserManagement/UserManagementModuleTest.php:40</error>
        </testcase>
        <testcase name="testIsAvailableAfterInitialization" file="/Users/vagner/Desenvolvimento/python/clubify-checkout/sdk/php/tests/Unit/UserManagement/UserManagementModuleTest.php" line="108" class="Clubify\Checkout\Tests\Unit\UserManagement\UserManagementModuleTest" classname="Clubify.Checkout.Tests.Unit.UserManagement.UserManagementModuleTest" assertions="0" time="0.000000">
          <error type="InvalidArgumentException">Clubify\Checkout\Tests\Unit\UserManagement\UserManagementModuleTest::testIsAvailableAfterInitialization
InvalidArgumentException: getLogger() cannot be mocked as it is a private method

/Users/vagner/Desenvolvimento/python/clubify-checkout/sdk/php/vendor/mockery/mockery/library/Mockery.php:742
/Users/vagner/Desenvolvimento/python/clubify-checkout/sdk/php/vendor/mockery/mockery/library/Mockery.php:754
/Users/vagner/Desenvolvimento/python/clubify-checkout/sdk/php/vendor/mockery/mockery/library/Mockery.php:574
/Users/vagner/Desenvolvimento/python/clubify-checkout/sdk/php/tests/TestCase.php:222
/Users/vagner/Desenvolvimento/python/clubify-checkout/sdk/php/tests/TestCase.php:441
/Users/vagner/Desenvolvimento/python/clubify-checkout/sdk/php/tests/TestCase.php:56
/Users/vagner/Desenvolvimento/python/clubify-checkout/sdk/php/tests/Unit/UserManagement/UserManagementModuleTest.php:40</error>
        </testcase>
        <testcase name="testIsAvailableBeforeInitialization" file="/Users/vagner/Desenvolvimento/python/clubify-checkout/sdk/php/tests/Unit/UserManagement/UserManagementModuleTest.php" line="120" class="Clubify\Checkout\Tests\Unit\UserManagement\UserManagementModuleTest" classname="Clubify.Checkout.Tests.Unit.UserManagement.UserManagementModuleTest" assertions="0" time="0.000000">
          <error type="InvalidArgumentException">Clubify\Checkout\Tests\Unit\UserManagement\UserManagementModuleTest::testIsAvailableBeforeInitialization
InvalidArgumentException: getLogger() cannot be mocked as it is a private method

/Users/vagner/Desenvolvimento/python/clubify-checkout/sdk/php/vendor/mockery/mockery/library/Mockery.php:742
/Users/vagner/Desenvolvimento/python/clubify-checkout/sdk/php/vendor/mockery/mockery/library/Mockery.php:754
/Users/vagner/Desenvolvimento/python/clubify-checkout/sdk/php/vendor/mockery/mockery/library/Mockery.php:574
/Users/vagner/Desenvolvimento/python/clubify-checkout/sdk/php/tests/TestCase.php:222
/Users/vagner/Desenvolvimento/python/clubify-checkout/sdk/php/tests/TestCase.php:441
/Users/vagner/Desenvolvimento/python/clubify-checkout/sdk/php/tests/TestCase.php:56
/Users/vagner/Desenvolvimento/python/clubify-checkout/sdk/php/tests/Unit/UserManagement/UserManagementModuleTest.php:40</error>
        </testcase>
        <testcase name="testGetStatus" file="/Users/vagner/Desenvolvimento/python/clubify-checkout/sdk/php/tests/Unit/UserManagement/UserManagementModuleTest.php" line="129" class="Clubify\Checkout\Tests\Unit\UserManagement\UserManagementModuleTest" classname="Clubify.Checkout.Tests.Unit.UserManagement.UserManagementModuleTest" assertions="0" time="0.000000">
          <error type="InvalidArgumentException">Clubify\Checkout\Tests\Unit\UserManagement\UserManagementModuleTest::testGetStatus
InvalidArgumentException: getLogger() cannot be mocked as it is a private method

/Users/vagner/Desenvolvimento/python/clubify-checkout/sdk/php/vendor/mockery/mockery/library/Mockery.php:742
/Users/vagner/Desenvolvimento/python/clubify-checkout/sdk/php/vendor/mockery/mockery/library/Mockery.php:754
/Users/vagner/Desenvolvimento/python/clubify-checkout/sdk/php/vendor/mockery/mockery/library/Mockery.php:574
/Users/vagner/Desenvolvimento/python/clubify-checkout/sdk/php/tests/TestCase.php:222
/Users/vagner/Desenvolvimento/python/clubify-checkout/sdk/php/tests/TestCase.php:441
/Users/vagner/Desenvolvimento/python/clubify-checkout/sdk/php/tests/TestCase.php:56
/Users/vagner/Desenvolvimento/python/clubify-checkout/sdk/php/tests/Unit/UserManagement/UserManagementModuleTest.php:40</error>
        </testcase>
        <testcase name="testCleanup" file="/Users/vagner/Desenvolvimento/python/clubify-checkout/sdk/php/tests/Unit/UserManagement/UserManagementModuleTest.php" line="149" class="Clubify\Checkout\Tests\Unit\UserManagement\UserManagementModuleTest" classname="Clubify.Checkout.Tests.Unit.UserManagement.UserManagementModuleTest" assertions="0" time="0.000000">
          <error type="InvalidArgumentException">Clubify\Checkout\Tests\Unit\UserManagement\UserManagementModuleTest::testCleanup
InvalidArgumentException: getLogger() cannot be mocked as it is a private method

/Users/vagner/Desenvolvimento/python/clubify-checkout/sdk/php/vendor/mockery/mockery/library/Mockery.php:742
/Users/vagner/Desenvolvimento/python/clubify-checkout/sdk/php/vendor/mockery/mockery/library/Mockery.php:754
/Users/vagner/Desenvolvimento/python/clubify-checkout/sdk/php/vendor/mockery/mockery/library/Mockery.php:574
/Users/vagner/Desenvolvimento/python/clubify-checkout/sdk/php/tests/TestCase.php:222
/Users/vagner/Desenvolvimento/python/clubify-checkout/sdk/php/tests/TestCase.php:441
/Users/vagner/Desenvolvimento/python/clubify-checkout/sdk/php/tests/TestCase.php:56
/Users/vagner/Desenvolvimento/python/clubify-checkout/sdk/php/tests/Unit/UserManagement/UserManagementModuleTest.php:40</error>
        </testcase>
        <testcase name="testIsHealthyWhenInitializedAndServiceHealthy" file="/Users/vagner/Desenvolvimento/python/clubify-checkout/sdk/php/tests/Unit/UserManagement/UserManagementModuleTest.php" line="165" class="Clubify\Checkout\Tests\Unit\UserManagement\UserManagementModuleTest" classname="Clubify.Checkout.Tests.Unit.UserManagement.UserManagementModuleTest" assertions="0" time="0.000000">
          <error type="InvalidArgumentException">Clubify\Checkout\Tests\Unit\UserManagement\UserManagementModuleTest::testIsHealthyWhenInitializedAndServiceHealthy
InvalidArgumentException: getLogger() cannot be mocked as it is a private method

/Users/vagner/Desenvolvimento/python/clubify-checkout/sdk/php/vendor/mockery/mockery/library/Mockery.php:742
/Users/vagner/Desenvolvimento/python/clubify-checkout/sdk/php/vendor/mockery/mockery/library/Mockery.php:754
/Users/vagner/Desenvolvimento/python/clubify-checkout/sdk/php/vendor/mockery/mockery/library/Mockery.php:574
/Users/vagner/Desenvolvimento/python/clubify-checkout/sdk/php/tests/TestCase.php:222
/Users/vagner/Desenvolvimento/python/clubify-checkout/sdk/php/tests/TestCase.php:441
/Users/vagner/Desenvolvimento/python/clubify-checkout/sdk/php/tests/TestCase.php:56
/Users/vagner/Desenvolvimento/python/clubify-checkout/sdk/php/tests/Unit/UserManagement/UserManagementModuleTest.php:40</error>
        </testcase>
        <testcase name="testIsHealthyWhenNotInitialized" file="/Users/vagner/Desenvolvimento/python/clubify-checkout/sdk/php/tests/Unit/UserManagement/UserManagementModuleTest.php" line="177" class="Clubify\Checkout\Tests\Unit\UserManagement\UserManagementModuleTest" classname="Clubify.Checkout.Tests.Unit.UserManagement.UserManagementModuleTest" assertions="0" time="0.000000">
          <error type="InvalidArgumentException">Clubify\Checkout\Tests\Unit\UserManagement\UserManagementModuleTest::testIsHealthyWhenNotInitialized
InvalidArgumentException: getLogger() cannot be mocked as it is a private method

/Users/vagner/Desenvolvimento/python/clubify-checkout/sdk/php/vendor/mockery/mockery/library/Mockery.php:742
/Users/vagner/Desenvolvimento/python/clubify-checkout/sdk/php/vendor/mockery/mockery/library/Mockery.php:754
/Users/vagner/Desenvolvimento/python/clubify-checkout/sdk/php/vendor/mockery/mockery/library/Mockery.php:574
/Users/vagner/Desenvolvimento/python/clubify-checkout/sdk/php/tests/TestCase.php:222
/Users/vagner/Desenvolvimento/python/clubify-checkout/sdk/php/tests/TestCase.php:441
/Users/vagner/Desenvolvimento/python/clubify-checkout/sdk/php/tests/TestCase.php:56
/Users/vagner/Desenvolvimento/python/clubify-checkout/sdk/php/tests/Unit/UserManagement/UserManagementModuleTest.php:40</error>
        </testcase>
        <testcase name="testIsHealthyWhenServiceUnhealthy" file="/Users/vagner/Desenvolvimento/python/clubify-checkout/sdk/php/tests/Unit/UserManagement/UserManagementModuleTest.php" line="186" class="Clubify\Checkout\Tests\Unit\UserManagement\UserManagementModuleTest" classname="Clubify.Checkout.Tests.Unit.UserManagement.UserManagementModuleTest" assertions="0" time="0.000000">
          <error type="InvalidArgumentException">Clubify\Checkout\Tests\Unit\UserManagement\UserManagementModuleTest::testIsHealthyWhenServiceUnhealthy
InvalidArgumentException: getLogger() cannot be mocked as it is a private method

/Users/vagner/Desenvolvimento/python/clubify-checkout/sdk/php/vendor/mockery/mockery/library/Mockery.php:742
/Users/vagner/Desenvolvimento/python/clubify-checkout/sdk/php/vendor/mockery/mockery/library/Mockery.php:754
/Users/vagner/Desenvolvimento/python/clubify-checkout/sdk/php/vendor/mockery/mockery/library/Mockery.php:574
/Users/vagner/Desenvolvimento/python/clubify-checkout/sdk/php/tests/TestCase.php:222
/Users/vagner/Desenvolvimento/python/clubify-checkout/sdk/php/tests/TestCase.php:441
/Users/vagner/Desenvolvimento/python/clubify-checkout/sdk/php/tests/TestCase.php:56
/Users/vagner/Desenvolvimento/python/clubify-checkout/sdk/php/tests/Unit/UserManagement/UserManagementModuleTest.php:40</error>
        </testcase>
        <testcase name="testIsHealthyWithException" file="/Users/vagner/Desenvolvimento/python/clubify-checkout/sdk/php/tests/Unit/UserManagement/UserManagementModuleTest.php" line="207" class="Clubify\Checkout\Tests\Unit\UserManagement\UserManagementModuleTest" classname="Clubify.Checkout.Tests.Unit.UserManagement.UserManagementModuleTest" assertions="0" time="0.000000">
          <error type="InvalidArgumentException">Clubify\Checkout\Tests\Unit\UserManagement\UserManagementModuleTest::testIsHealthyWithException
InvalidArgumentException: getLogger() cannot be mocked as it is a private method

/Users/vagner/Desenvolvimento/python/clubify-checkout/sdk/php/vendor/mockery/mockery/library/Mockery.php:742
/Users/vagner/Desenvolvimento/python/clubify-checkout/sdk/php/vendor/mockery/mockery/library/Mockery.php:754
/Users/vagner/Desenvolvimento/python/clubify-checkout/sdk/php/vendor/mockery/mockery/library/Mockery.php:574
/Users/vagner/Desenvolvimento/python/clubify-checkout/sdk/php/tests/TestCase.php:222
/Users/vagner/Desenvolvimento/python/clubify-checkout/sdk/php/tests/TestCase.php:441
/Users/vagner/Desenvolvimento/python/clubify-checkout/sdk/php/tests/TestCase.php:56
/Users/vagner/Desenvolvimento/python/clubify-checkout/sdk/php/tests/Unit/UserManagement/UserManagementModuleTest.php:40</error>
        </testcase>
        <testcase name="testGetStats" file="/Users/vagner/Desenvolvimento/python/clubify-checkout/sdk/php/tests/Unit/UserManagement/UserManagementModuleTest.php" line="232" class="Clubify\Checkout\Tests\Unit\UserManagement\UserManagementModuleTest" classname="Clubify.Checkout.Tests.Unit.UserManagement.UserManagementModuleTest" assertions="0" time="0.000000">
          <error type="InvalidArgumentException">Clubify\Checkout\Tests\Unit\UserManagement\UserManagementModuleTest::testGetStats
InvalidArgumentException: getLogger() cannot be mocked as it is a private method

/Users/vagner/Desenvolvimento/python/clubify-checkout/sdk/php/vendor/mockery/mockery/library/Mockery.php:742
/Users/vagner/Desenvolvimento/python/clubify-checkout/sdk/php/vendor/mockery/mockery/library/Mockery.php:754
/Users/vagner/Desenvolvimento/python/clubify-checkout/sdk/php/vendor/mockery/mockery/library/Mockery.php:574
/Users/vagner/Desenvolvimento/python/clubify-checkout/sdk/php/tests/TestCase.php:222
/Users/vagner/Desenvolvimento/python/clubify-checkout/sdk/php/tests/TestCase.php:441
/Users/vagner/Desenvolvimento/python/clubify-checkout/sdk/php/tests/TestCase.php:56
/Users/vagner/Desenvolvimento/python/clubify-checkout/sdk/php/tests/Unit/UserManagement/UserManagementModuleTest.php:40</error>
        </testcase>
        <testcase name="testCreateUser" file="/Users/vagner/Desenvolvimento/python/clubify-checkout/sdk/php/tests/Unit/UserManagement/UserManagementModuleTest.php" line="252" class="Clubify\Checkout\Tests\Unit\UserManagement\UserManagementModuleTest" classname="Clubify.Checkout.Tests.Unit.UserManagement.UserManagementModuleTest" assertions="0" time="0.000000">
          <error type="InvalidArgumentException">Clubify\Checkout\Tests\Unit\UserManagement\UserManagementModuleTest::testCreateUser
InvalidArgumentException: getLogger() cannot be mocked as it is a private method

/Users/vagner/Desenvolvimento/python/clubify-checkout/sdk/php/vendor/mockery/mockery/library/Mockery.php:742
/Users/vagner/Desenvolvimento/python/clubify-checkout/sdk/php/vendor/mockery/mockery/library/Mockery.php:754
/Users/vagner/Desenvolvimento/python/clubify-checkout/sdk/php/vendor/mockery/mockery/library/Mockery.php:574
/Users/vagner/Desenvolvimento/python/clubify-checkout/sdk/php/tests/TestCase.php:222
/Users/vagner/Desenvolvimento/python/clubify-checkout/sdk/php/tests/TestCase.php:441
/Users/vagner/Desenvolvimento/python/clubify-checkout/sdk/php/tests/TestCase.php:56
/Users/vagner/Desenvolvimento/python/clubify-checkout/sdk/php/tests/Unit/UserManagement/UserManagementModuleTest.php:40</error>
        </testcase>
        <testcase name="testCreateUserRequiresInitialization" file="/Users/vagner/Desenvolvimento/python/clubify-checkout/sdk/php/tests/Unit/UserManagement/UserManagementModuleTest.php" line="276" class="Clubify\Checkout\Tests\Unit\UserManagement\UserManagementModuleTest" classname="Clubify.Checkout.Tests.Unit.UserManagement.UserManagementModuleTest" assertions="0" time="0.000000">
          <error type="InvalidArgumentException">Clubify\Checkout\Tests\Unit\UserManagement\UserManagementModuleTest::testCreateUserRequiresInitialization
InvalidArgumentException: getLogger() cannot be mocked as it is a private method

/Users/vagner/Desenvolvimento/python/clubify-checkout/sdk/php/vendor/mockery/mockery/library/Mockery.php:742
/Users/vagner/Desenvolvimento/python/clubify-checkout/sdk/php/vendor/mockery/mockery/library/Mockery.php:754
/Users/vagner/Desenvolvimento/python/clubify-checkout/sdk/php/vendor/mockery/mockery/library/Mockery.php:574
/Users/vagner/Desenvolvimento/python/clubify-checkout/sdk/php/tests/TestCase.php:222
/Users/vagner/Desenvolvimento/python/clubify-checkout/sdk/php/tests/TestCase.php:441
/Users/vagner/Desenvolvimento/python/clubify-checkout/sdk/php/tests/TestCase.php:56
/Users/vagner/Desenvolvimento/python/clubify-checkout/sdk/php/tests/Unit/UserManagement/UserManagementModuleTest.php:40</error>
        </testcase>
        <testcase name="testGetUser" file="/Users/vagner/Desenvolvimento/python/clubify-checkout/sdk/php/tests/Unit/UserManagement/UserManagementModuleTest.php" line="288" class="Clubify\Checkout\Tests\Unit\UserManagement\UserManagementModuleTest" classname="Clubify.Checkout.Tests.Unit.UserManagement.UserManagementModuleTest" assertions="0" time="0.000000">
          <error type="InvalidArgumentException">Clubify\Checkout\Tests\Unit\UserManagement\UserManagementModuleTest::testGetUser
InvalidArgumentException: getLogger() cannot be mocked as it is a private method

/Users/vagner/Desenvolvimento/python/clubify-checkout/sdk/php/vendor/mockery/mockery/library/Mockery.php:742
/Users/vagner/Desenvolvimento/python/clubify-checkout/sdk/php/vendor/mockery/mockery/library/Mockery.php:754
/Users/vagner/Desenvolvimento/python/clubify-checkout/sdk/php/vendor/mockery/mockery/library/Mockery.php:574
/Users/vagner/Desenvolvimento/python/clubify-checkout/sdk/php/tests/TestCase.php:222
/Users/vagner/Desenvolvimento/python/clubify-checkout/sdk/php/tests/TestCase.php:441
/Users/vagner/Desenvolvimento/python/clubify-checkout/sdk/php/tests/TestCase.php:56
/Users/vagner/Desenvolvimento/python/clubify-checkout/sdk/php/tests/Unit/UserManagement/UserManagementModuleTest.php:40</error>
        </testcase>
        <testcase name="testUpdateUser" file="/Users/vagner/Desenvolvimento/python/clubify-checkout/sdk/php/tests/Unit/UserManagement/UserManagementModuleTest.php" line="312" class="Clubify\Checkout\Tests\Unit\UserManagement\UserManagementModuleTest" classname="Clubify.Checkout.Tests.Unit.UserManagement.UserManagementModuleTest" assertions="0" time="0.000000">
          <error type="InvalidArgumentException">Clubify\Checkout\Tests\Unit\UserManagement\UserManagementModuleTest::testUpdateUser
InvalidArgumentException: getLogger() cannot be mocked as it is a private method

/Users/vagner/Desenvolvimento/python/clubify-checkout/sdk/php/vendor/mockery/mockery/library/Mockery.php:742
/Users/vagner/Desenvolvimento/python/clubify-checkout/sdk/php/vendor/mockery/mockery/library/Mockery.php:754
/Users/vagner/Desenvolvimento/python/clubify-checkout/sdk/php/vendor/mockery/mockery/library/Mockery.php:574
/Users/vagner/Desenvolvimento/python/clubify-checkout/sdk/php/tests/TestCase.php:222
/Users/vagner/Desenvolvimento/python/clubify-checkout/sdk/php/tests/TestCase.php:441
/Users/vagner/Desenvolvimento/python/clubify-checkout/sdk/php/tests/TestCase.php:56
/Users/vagner/Desenvolvimento/python/clubify-checkout/sdk/php/tests/Unit/UserManagement/UserManagementModuleTest.php:40</error>
        </testcase>
        <testcase name="testDeleteUser" file="/Users/vagner/Desenvolvimento/python/clubify-checkout/sdk/php/tests/Unit/UserManagement/UserManagementModuleTest.php" line="337" class="Clubify\Checkout\Tests\Unit\UserManagement\UserManagementModuleTest" classname="Clubify.Checkout.Tests.Unit.UserManagement.UserManagementModuleTest" assertions="0" time="0.000000">
          <error type="InvalidArgumentException">Clubify\Checkout\Tests\Unit\UserManagement\UserManagementModuleTest::testDeleteUser
InvalidArgumentException: getLogger() cannot be mocked as it is a private method

/Users/vagner/Desenvolvimento/python/clubify-checkout/sdk/php/vendor/mockery/mockery/library/Mockery.php:742
/Users/vagner/Desenvolvimento/python/clubify-checkout/sdk/php/vendor/mockery/mockery/library/Mockery.php:754
/Users/vagner/Desenvolvimento/python/clubify-checkout/sdk/php/vendor/mockery/mockery/library/Mockery.php:574
/Users/vagner/Desenvolvimento/python/clubify-checkout/sdk/php/tests/TestCase.php:222
/Users/vagner/Desenvolvimento/python/clubify-checkout/sdk/php/tests/TestCase.php:441
/Users/vagner/Desenvolvimento/python/clubify-checkout/sdk/php/tests/TestCase.php:56
/Users/vagner/Desenvolvimento/python/clubify-checkout/sdk/php/tests/Unit/UserManagement/UserManagementModuleTest.php:40</error>
        </testcase>
        <testcase name="testListUsers" file="/Users/vagner/Desenvolvimento/python/clubify-checkout/sdk/php/tests/Unit/UserManagement/UserManagementModuleTest.php" line="361" class="Clubify\Checkout\Tests\Unit\UserManagement\UserManagementModuleTest" classname="Clubify.Checkout.Tests.Unit.UserManagement.UserManagementModuleTest" assertions="0" time="0.000000">
          <error type="InvalidArgumentException">Clubify\Checkout\Tests\Unit\UserManagement\UserManagementModuleTest::testListUsers
InvalidArgumentException: getLogger() cannot be mocked as it is a private method

/Users/vagner/Desenvolvimento/python/clubify-checkout/sdk/php/vendor/mockery/mockery/library/Mockery.php:742
/Users/vagner/Desenvolvimento/python/clubify-checkout/sdk/php/vendor/mockery/mockery/library/Mockery.php:754
/Users/vagner/Desenvolvimento/python/clubify-checkout/sdk/php/vendor/mockery/mockery/library/Mockery.php:574
/Users/vagner/Desenvolvimento/python/clubify-checkout/sdk/php/tests/TestCase.php:222
/Users/vagner/Desenvolvimento/python/clubify-checkout/sdk/php/tests/TestCase.php:441
/Users/vagner/Desenvolvimento/python/clubify-checkout/sdk/php/tests/TestCase.php:56
/Users/vagner/Desenvolvimento/python/clubify-checkout/sdk/php/tests/Unit/UserManagement/UserManagementModuleTest.php:40</error>
        </testcase>
        <testcase name="testUpdateUserProfile" file="/Users/vagner/Desenvolvimento/python/clubify-checkout/sdk/php/tests/Unit/UserManagement/UserManagementModuleTest.php" line="389" class="Clubify\Checkout\Tests\Unit\UserManagement\UserManagementModuleTest" classname="Clubify.Checkout.Tests.Unit.UserManagement.UserManagementModuleTest" assertions="0" time="0.000000">
          <error type="InvalidArgumentException">Clubify\Checkout\Tests\Unit\UserManagement\UserManagementModuleTest::testUpdateUserProfile
InvalidArgumentException: getLogger() cannot be mocked as it is a private method

/Users/vagner/Desenvolvimento/python/clubify-checkout/sdk/php/vendor/mockery/mockery/library/Mockery.php:742
/Users/vagner/Desenvolvimento/python/clubify-checkout/sdk/php/vendor/mockery/mockery/library/Mockery.php:754
/Users/vagner/Desenvolvimento/python/clubify-checkout/sdk/php/vendor/mockery/mockery/library/Mockery.php:574
/Users/vagner/Desenvolvimento/python/clubify-checkout/sdk/php/tests/TestCase.php:222
/Users/vagner/Desenvolvimento/python/clubify-checkout/sdk/php/tests/TestCase.php:441
/Users/vagner/Desenvolvimento/python/clubify-checkout/sdk/php/tests/TestCase.php:56
/Users/vagner/Desenvolvimento/python/clubify-checkout/sdk/php/tests/Unit/UserManagement/UserManagementModuleTest.php:40</error>
        </testcase>
        <testcase name="testGetUserRoles" file="/Users/vagner/Desenvolvimento/python/clubify-checkout/sdk/php/tests/Unit/UserManagement/UserManagementModuleTest.php" line="415" class="Clubify\Checkout\Tests\Unit\UserManagement\UserManagementModuleTest" classname="Clubify.Checkout.Tests.Unit.UserManagement.UserManagementModuleTest" assertions="0" time="0.000000">
          <error type="InvalidArgumentException">Clubify\Checkout\Tests\Unit\UserManagement\UserManagementModuleTest::testGetUserRoles
InvalidArgumentException: getLogger() cannot be mocked as it is a private method

/Users/vagner/Desenvolvimento/python/clubify-checkout/sdk/php/vendor/mockery/mockery/library/Mockery.php:742
/Users/vagner/Desenvolvimento/python/clubify-checkout/sdk/php/vendor/mockery/mockery/library/Mockery.php:754
/Users/vagner/Desenvolvimento/python/clubify-checkout/sdk/php/vendor/mockery/mockery/library/Mockery.php:574
/Users/vagner/Desenvolvimento/python/clubify-checkout/sdk/php/tests/TestCase.php:222
/Users/vagner/Desenvolvimento/python/clubify-checkout/sdk/php/tests/TestCase.php:441
/Users/vagner/Desenvolvimento/python/clubify-checkout/sdk/php/tests/TestCase.php:56
/Users/vagner/Desenvolvimento/python/clubify-checkout/sdk/php/tests/Unit/UserManagement/UserManagementModuleTest.php:40</error>
        </testcase>
        <testcase name="testFindUserByEmail" file="/Users/vagner/Desenvolvimento/python/clubify-checkout/sdk/php/tests/Unit/UserManagement/UserManagementModuleTest.php" line="440" class="Clubify\Checkout\Tests\Unit\UserManagement\UserManagementModuleTest" classname="Clubify.Checkout.Tests.Unit.UserManagement.UserManagementModuleTest" assertions="0" time="0.000000">
          <error type="InvalidArgumentException">Clubify\Checkout\Tests\Unit\UserManagement\UserManagementModuleTest::testFindUserByEmail
InvalidArgumentException: getLogger() cannot be mocked as it is a private method

/Users/vagner/Desenvolvimento/python/clubify-checkout/sdk/php/vendor/mockery/mockery/library/Mockery.php:742
/Users/vagner/Desenvolvimento/python/clubify-checkout/sdk/php/vendor/mockery/mockery/library/Mockery.php:754
/Users/vagner/Desenvolvimento/python/clubify-checkout/sdk/php/vendor/mockery/mockery/library/Mockery.php:574
/Users/vagner/Desenvolvimento/python/clubify-checkout/sdk/php/tests/TestCase.php:222
/Users/vagner/Desenvolvimento/python/clubify-checkout/sdk/php/tests/TestCase.php:441
/Users/vagner/Desenvolvimento/python/clubify-checkout/sdk/php/tests/TestCase.php:56
/Users/vagner/Desenvolvimento/python/clubify-checkout/sdk/php/tests/Unit/UserManagement/UserManagementModuleTest.php:40</error>
        </testcase>
        <testcase name="testChangePassword" file="/Users/vagner/Desenvolvimento/python/clubify-checkout/sdk/php/tests/Unit/UserManagement/UserManagementModuleTest.php" line="463" class="Clubify\Checkout\Tests\Unit\UserManagement\UserManagementModuleTest" classname="Clubify.Checkout.Tests.Unit.UserManagement.UserManagementModuleTest" assertions="0" time="0.000000">
          <error type="InvalidArgumentException">Clubify\Checkout\Tests\Unit\UserManagement\UserManagementModuleTest::testChangePassword
InvalidArgumentException: getLogger() cannot be mocked as it is a private method

/Users/vagner/Desenvolvimento/python/clubify-checkout/sdk/php/vendor/mockery/mockery/library/Mockery.php:742
/Users/vagner/Desenvolvimento/python/clubify-checkout/sdk/php/vendor/mockery/mockery/library/Mockery.php:754
/Users/vagner/Desenvolvimento/python/clubify-checkout/sdk/php/vendor/mockery/mockery/library/Mockery.php:574
/Users/vagner/Desenvolvimento/python/clubify-checkout/sdk/php/tests/TestCase.php:222
/Users/vagner/Desenvolvimento/python/clubify-checkout/sdk/php/tests/TestCase.php:441
/Users/vagner/Desenvolvimento/python/clubify-checkout/sdk/php/tests/TestCase.php:56
/Users/vagner/Desenvolvimento/python/clubify-checkout/sdk/php/tests/Unit/UserManagement/UserManagementModuleTest.php:40</error>
        </testcase>
        <testcase name="testActivateUser" file="/Users/vagner/Desenvolvimento/python/clubify-checkout/sdk/php/tests/Unit/UserManagement/UserManagementModuleTest.php" line="488" class="Clubify\Checkout\Tests\Unit\UserManagement\UserManagementModuleTest" classname="Clubify.Checkout.Tests.Unit.UserManagement.UserManagementModuleTest" assertions="0" time="0.000000">
          <error type="InvalidArgumentException">Clubify\Checkout\Tests\Unit\UserManagement\UserManagementModuleTest::testActivateUser
InvalidArgumentException: getLogger() cannot be mocked as it is a private method

/Users/vagner/Desenvolvimento/python/clubify-checkout/sdk/php/vendor/mockery/mockery/library/Mockery.php:742
/Users/vagner/Desenvolvimento/python/clubify-checkout/sdk/php/vendor/mockery/mockery/library/Mockery.php:754
/Users/vagner/Desenvolvimento/python/clubify-checkout/sdk/php/vendor/mockery/mockery/library/Mockery.php:574
/Users/vagner/Desenvolvimento/python/clubify-checkout/sdk/php/tests/TestCase.php:222
/Users/vagner/Desenvolvimento/python/clubify-checkout/sdk/php/tests/TestCase.php:441
/Users/vagner/Desenvolvimento/python/clubify-checkout/sdk/php/tests/TestCase.php:56
/Users/vagner/Desenvolvimento/python/clubify-checkout/sdk/php/tests/Unit/UserManagement/UserManagementModuleTest.php:40</error>
        </testcase>
        <testcase name="testDeactivateUser" file="/Users/vagner/Desenvolvimento/python/clubify-checkout/sdk/php/tests/Unit/UserManagement/UserManagementModuleTest.php" line="512" class="Clubify\Checkout\Tests\Unit\UserManagement\UserManagementModuleTest" classname="Clubify.Checkout.Tests.Unit.UserManagement.UserManagementModuleTest" assertions="0" time="0.000000">
          <error type="InvalidArgumentException">Clubify\Checkout\Tests\Unit\UserManagement\UserManagementModuleTest::testDeactivateUser
InvalidArgumentException: getLogger() cannot be mocked as it is a private method

/Users/vagner/Desenvolvimento/python/clubify-checkout/sdk/php/vendor/mockery/mockery/library/Mockery.php:742
/Users/vagner/Desenvolvimento/python/clubify-checkout/sdk/php/vendor/mockery/mockery/library/Mockery.php:754
/Users/vagner/Desenvolvimento/python/clubify-checkout/sdk/php/vendor/mockery/mockery/library/Mockery.php:574
/Users/vagner/Desenvolvimento/python/clubify-checkout/sdk/php/tests/TestCase.php:222
/Users/vagner/Desenvolvimento/python/clubify-checkout/sdk/php/tests/TestCase.php:441
/Users/vagner/Desenvolvimento/python/clubify-checkout/sdk/php/tests/TestCase.php:56
/Users/vagner/Desenvolvimento/python/clubify-checkout/sdk/php/tests/Unit/UserManagement/UserManagementModuleTest.php:40</error>
        </testcase>
        <testcase name="testLazyLoadingOfFactory" file="/Users/vagner/Desenvolvimento/python/clubify-checkout/sdk/php/tests/Unit/UserManagement/UserManagementModuleTest.php" line="536" class="Clubify\Checkout\Tests\Unit\UserManagement\UserManagementModuleTest" classname="Clubify.Checkout.Tests.Unit.UserManagement.UserManagementModuleTest" assertions="0" time="0.000000">
          <error type="InvalidArgumentException">Clubify\Checkout\Tests\Unit\UserManagement\UserManagementModuleTest::testLazyLoadingOfFactory
InvalidArgumentException: getLogger() cannot be mocked as it is a private method

/Users/vagner/Desenvolvimento/python/clubify-checkout/sdk/php/vendor/mockery/mockery/library/Mockery.php:742
/Users/vagner/Desenvolvimento/python/clubify-checkout/sdk/php/vendor/mockery/mockery/library/Mockery.php:754
/Users/vagner/Desenvolvimento/python/clubify-checkout/sdk/php/vendor/mockery/mockery/library/Mockery.php:574
/Users/vagner/Desenvolvimento/python/clubify-checkout/sdk/php/tests/TestCase.php:222
/Users/vagner/Desenvolvimento/python/clubify-checkout/sdk/php/tests/TestCase.php:441
/Users/vagner/Desenvolvimento/python/clubify-checkout/sdk/php/tests/TestCase.php:56
/Users/vagner/Desenvolvimento/python/clubify-checkout/sdk/php/tests/Unit/UserManagement/UserManagementModuleTest.php:40</error>
        </testcase>
        <testcase name="testLazyLoadingOfUserService" file="/Users/vagner/Desenvolvimento/python/clubify-checkout/sdk/php/tests/Unit/UserManagement/UserManagementModuleTest.php" line="563" class="Clubify\Checkout\Tests\Unit\UserManagement\UserManagementModuleTest" classname="Clubify.Checkout.Tests.Unit.UserManagement.UserManagementModuleTest" assertions="0" time="0.000000">
          <error type="InvalidArgumentException">Clubify\Checkout\Tests\Unit\UserManagement\UserManagementModuleTest::testLazyLoadingOfUserService
InvalidArgumentException: getLogger() cannot be mocked as it is a private method

/Users/vagner/Desenvolvimento/python/clubify-checkout/sdk/php/vendor/mockery/mockery/library/Mockery.php:742
/Users/vagner/Desenvolvimento/python/clubify-checkout/sdk/php/vendor/mockery/mockery/library/Mockery.php:754
/Users/vagner/Desenvolvimento/python/clubify-checkout/sdk/php/vendor/mockery/mockery/library/Mockery.php:574
/Users/vagner/Desenvolvimento/python/clubify-checkout/sdk/php/tests/TestCase.php:222
/Users/vagner/Desenvolvimento/python/clubify-checkout/sdk/php/tests/TestCase.php:441
/Users/vagner/Desenvolvimento/python/clubify-checkout/sdk/php/tests/TestCase.php:56
/Users/vagner/Desenvolvimento/python/clubify-checkout/sdk/php/tests/Unit/UserManagement/UserManagementModuleTest.php:40</error>
        </testcase>
      </testsuite>
    </testsuite>
    <testsuite name="Integration Tests" tests="11" assertions="0" errors="11" failures="0" skipped="0" time="0.000000">
      <testsuite name="Clubify\Checkout\Tests\Integration\UserManagementIntegrationTest" file="/Users/vagner/Desenvolvimento/python/clubify-checkout/sdk/php/tests/Integration/UserManagementIntegrationTest.php" tests="11" assertions="0" errors="11" failures="0" skipped="0" time="0.000000">
        <testcase name="testFullUserLifecycleIntegration" file="/Users/vagner/Desenvolvimento/python/clubify-checkout/sdk/php/tests/Integration/UserManagementIntegrationTest.php" line="56" class="Clubify\Checkout\Tests\Integration\UserManagementIntegrationTest" classname="Clubify.Checkout.Tests.Integration.UserManagementIntegrationTest" assertions="0" time="0.000000">
          <error type="InvalidArgumentException">Clubify\Checkout\Tests\Integration\UserManagementIntegrationTest::testFullUserLifecycleIntegration
InvalidArgumentException: getLogger() cannot be mocked as it is a private method

/Users/vagner/Desenvolvimento/python/clubify-checkout/sdk/php/vendor/mockery/mockery/library/Mockery.php:742
/Users/vagner/Desenvolvimento/python/clubify-checkout/sdk/php/vendor/mockery/mockery/library/Mockery.php:754
/Users/vagner/Desenvolvimento/python/clubify-checkout/sdk/php/vendor/mockery/mockery/library/Mockery.php:574
/Users/vagner/Desenvolvimento/python/clubify-checkout/sdk/php/tests/TestCase.php:222
/Users/vagner/Desenvolvimento/python/clubify-checkout/sdk/php/tests/TestCase.php:441
/Users/vagner/Desenvolvimento/python/clubify-checkout/sdk/php/tests/TestCase.php:56
/Users/vagner/Desenvolvimento/python/clubify-checkout/sdk/php/tests/Integration/UserManagementIntegrationTest.php:34</error>
        </testcase>
        <testcase name="testDependencyInjectionIntegration" file="/Users/vagner/Desenvolvimento/python/clubify-checkout/sdk/php/tests/Integration/UserManagementIntegrationTest.php" line="132" class="Clubify\Checkout\Tests\Integration\UserManagementIntegrationTest" classname="Clubify.Checkout.Tests.Integration.UserManagementIntegrationTest" assertions="0" time="0.000000">
          <error type="InvalidArgumentException">Clubify\Checkout\Tests\Integration\UserManagementIntegrationTest::testDependencyInjectionIntegration
InvalidArgumentException: getLogger() cannot be mocked as it is a private method

/Users/vagner/Desenvolvimento/python/clubify-checkout/sdk/php/vendor/mockery/mockery/library/Mockery.php:742
/Users/vagner/Desenvolvimento/python/clubify-checkout/sdk/php/vendor/mockery/mockery/library/Mockery.php:754
/Users/vagner/Desenvolvimento/python/clubify-checkout/sdk/php/vendor/mockery/mockery/library/Mockery.php:574
/Users/vagner/Desenvolvimento/python/clubify-checkout/sdk/php/tests/TestCase.php:222
/Users/vagner/Desenvolvimento/python/clubify-checkout/sdk/php/tests/TestCase.php:441
/Users/vagner/Desenvolvimento/python/clubify-checkout/sdk/php/tests/TestCase.php:56
/Users/vagner/Desenvolvimento/python/clubify-checkout/sdk/php/tests/Integration/UserManagementIntegrationTest.php:34</error>
        </testcase>
        <testcase name="testModuleHealthAndMetrics" file="/Users/vagner/Desenvolvimento/python/clubify-checkout/sdk/php/tests/Integration/UserManagementIntegrationTest.php" line="158" class="Clubify\Checkout\Tests\Integration\UserManagementIntegrationTest" classname="Clubify.Checkout.Tests.Integration.UserManagementIntegrationTest" assertions="0" time="0.000000">
          <error type="InvalidArgumentException">Clubify\Checkout\Tests\Integration\UserManagementIntegrationTest::testModuleHealthAndMetrics
InvalidArgumentException: getLogger() cannot be mocked as it is a private method

/Users/vagner/Desenvolvimento/python/clubify-checkout/sdk/php/vendor/mockery/mockery/library/Mockery.php:742
/Users/vagner/Desenvolvimento/python/clubify-checkout/sdk/php/vendor/mockery/mockery/library/Mockery.php:754
/Users/vagner/Desenvolvimento/python/clubify-checkout/sdk/php/vendor/mockery/mockery/library/Mockery.php:574
/Users/vagner/Desenvolvimento/python/clubify-checkout/sdk/php/tests/TestCase.php:222
/Users/vagner/Desenvolvimento/python/clubify-checkout/sdk/php/tests/TestCase.php:441
/Users/vagner/Desenvolvimento/python/clubify-checkout/sdk/php/tests/TestCase.php:56
/Users/vagner/Desenvolvimento/python/clubify-checkout/sdk/php/tests/Integration/UserManagementIntegrationTest.php:34</error>
        </testcase>
        <testcase name="testErrorHandlingIntegration" file="/Users/vagner/Desenvolvimento/python/clubify-checkout/sdk/php/tests/Integration/UserManagementIntegrationTest.php" line="184" class="Clubify\Checkout\Tests\Integration\UserManagementIntegrationTest" classname="Clubify.Checkout.Tests.Integration.UserManagementIntegrationTest" assertions="0" time="0.000000">
          <error type="InvalidArgumentException">Clubify\Checkout\Tests\Integration\UserManagementIntegrationTest::testErrorHandlingIntegration
InvalidArgumentException: getLogger() cannot be mocked as it is a private method

/Users/vagner/Desenvolvimento/python/clubify-checkout/sdk/php/vendor/mockery/mockery/library/Mockery.php:742
/Users/vagner/Desenvolvimento/python/clubify-checkout/sdk/php/vendor/mockery/mockery/library/Mockery.php:754
/Users/vagner/Desenvolvimento/python/clubify-checkout/sdk/php/vendor/mockery/mockery/library/Mockery.php:574
/Users/vagner/Desenvolvimento/python/clubify-checkout/sdk/php/tests/TestCase.php:222
/Users/vagner/Desenvolvimento/python/clubify-checkout/sdk/php/tests/TestCase.php:441
/Users/vagner/Desenvolvimento/python/clubify-checkout/sdk/php/tests/TestCase.php:56
/Users/vagner/Desenvolvimento/python/clubify-checkout/sdk/php/tests/Integration/UserManagementIntegrationTest.php:34</error>
        </testcase>
        <testcase name="testValidationErrorIntegration" file="/Users/vagner/Desenvolvimento/python/clubify-checkout/sdk/php/tests/Integration/UserManagementIntegrationTest.php" line="193" class="Clubify\Checkout\Tests\Integration\UserManagementIntegrationTest" classname="Clubify.Checkout.Tests.Integration.UserManagementIntegrationTest" assertions="0" time="0.000000">
          <error type="InvalidArgumentException">Clubify\Checkout\Tests\Integration\UserManagementIntegrationTest::testValidationErrorIntegration
InvalidArgumentException: getLogger() cannot be mocked as it is a private method

/Users/vagner/Desenvolvimento/python/clubify-checkout/sdk/php/vendor/mockery/mockery/library/Mockery.php:742
/Users/vagner/Desenvolvimento/python/clubify-checkout/sdk/php/vendor/mockery/mockery/library/Mockery.php:754
/Users/vagner/Desenvolvimento/python/clubify-checkout/sdk/php/vendor/mockery/mockery/library/Mockery.php:574
/Users/vagner/Desenvolvimento/python/clubify-checkout/sdk/php/tests/TestCase.php:222
/Users/vagner/Desenvolvimento/python/clubify-checkout/sdk/php/tests/TestCase.php:441
/Users/vagner/Desenvolvimento/python/clubify-checkout/sdk/php/tests/TestCase.php:56
/Users/vagner/Desenvolvimento/python/clubify-checkout/sdk/php/tests/Integration/UserManagementIntegrationTest.php:34</error>
        </testcase>
        <testcase name="testCacheIntegrationFlow" file="/Users/vagner/Desenvolvimento/python/clubify-checkout/sdk/php/tests/Integration/UserManagementIntegrationTest.php" line="206" class="Clubify\Checkout\Tests\Integration\UserManagementIntegrationTest" classname="Clubify.Checkout.Tests.Integration.UserManagementIntegrationTest" assertions="0" time="0.000000">
          <error type="InvalidArgumentException">Clubify\Checkout\Tests\Integration\UserManagementIntegrationTest::testCacheIntegrationFlow
InvalidArgumentException: getLogger() cannot be mocked as it is a private method

/Users/vagner/Desenvolvimento/python/clubify-checkout/sdk/php/vendor/mockery/mockery/library/Mockery.php:742
/Users/vagner/Desenvolvimento/python/clubify-checkout/sdk/php/vendor/mockery/mockery/library/Mockery.php:754
/Users/vagner/Desenvolvimento/python/clubify-checkout/sdk/php/vendor/mockery/mockery/library/Mockery.php:574
/Users/vagner/Desenvolvimento/python/clubify-checkout/sdk/php/tests/TestCase.php:222
/Users/vagner/Desenvolvimento/python/clubify-checkout/sdk/php/tests/TestCase.php:441
/Users/vagner/Desenvolvimento/python/clubify-checkout/sdk/php/tests/TestCase.php:56
/Users/vagner/Desenvolvimento/python/clubify-checkout/sdk/php/tests/Integration/UserManagementIntegrationTest.php:34</error>
        </testcase>
        <testcase name="testLazyLoadingIntegration" file="/Users/vagner/Desenvolvimento/python/clubify-checkout/sdk/php/tests/Integration/UserManagementIntegrationTest.php" line="225" class="Clubify\Checkout\Tests\Integration\UserManagementIntegrationTest" classname="Clubify.Checkout.Tests.Integration.UserManagementIntegrationTest" assertions="0" time="0.000000">
          <error type="InvalidArgumentException">Clubify\Checkout\Tests\Integration\UserManagementIntegrationTest::testLazyLoadingIntegration
InvalidArgumentException: getLogger() cannot be mocked as it is a private method

/Users/vagner/Desenvolvimento/python/clubify-checkout/sdk/php/vendor/mockery/mockery/library/Mockery.php:742
/Users/vagner/Desenvolvimento/python/clubify-checkout/sdk/php/vendor/mockery/mockery/library/Mockery.php:754
/Users/vagner/Desenvolvimento/python/clubify-checkout/sdk/php/vendor/mockery/mockery/library/Mockery.php:574
/Users/vagner/Desenvolvimento/python/clubify-checkout/sdk/php/tests/TestCase.php:222
/Users/vagner/Desenvolvimento/python/clubify-checkout/sdk/php/tests/TestCase.php:441
/Users/vagner/Desenvolvimento/python/clubify-checkout/sdk/php/tests/TestCase.php:56
/Users/vagner/Desenvolvimento/python/clubify-checkout/sdk/php/tests/Integration/UserManagementIntegrationTest.php:34</error>
        </testcase>
        <testcase name="testFactorySingletonBehavior" file="/Users/vagner/Desenvolvimento/python/clubify-checkout/sdk/php/tests/Integration/UserManagementIntegrationTest.php" line="245" class="Clubify\Checkout\Tests\Integration\UserManagementIntegrationTest" classname="Clubify.Checkout.Tests.Integration.UserManagementIntegrationTest" assertions="0" time="0.000000">
          <error type="InvalidArgumentException">Clubify\Checkout\Tests\Integration\UserManagementIntegrationTest::testFactorySingletonBehavior
InvalidArgumentException: getLogger() cannot be mocked as it is a private method

/Users/vagner/Desenvolvimento/python/clubify-checkout/sdk/php/vendor/mockery/mockery/library/Mockery.php:742
/Users/vagner/Desenvolvimento/python/clubify-checkout/sdk/php/vendor/mockery/mockery/library/Mockery.php:754
/Users/vagner/Desenvolvimento/python/clubify-checkout/sdk/php/vendor/mockery/mockery/library/Mockery.php:574
/Users/vagner/Desenvolvimento/python/clubify-checkout/sdk/php/tests/TestCase.php:222
/Users/vagner/Desenvolvimento/python/clubify-checkout/sdk/php/tests/TestCase.php:441
/Users/vagner/Desenvolvimento/python/clubify-checkout/sdk/php/tests/TestCase.php:56
/Users/vagner/Desenvolvimento/python/clubify-checkout/sdk/php/tests/Integration/UserManagementIntegrationTest.php:34</error>
        </testcase>
        <testcase name="testFactoryStats" file="/Users/vagner/Desenvolvimento/python/clubify-checkout/sdk/php/tests/Integration/UserManagementIntegrationTest.php" line="256" class="Clubify\Checkout\Tests\Integration\UserManagementIntegrationTest" classname="Clubify.Checkout.Tests.Integration.UserManagementIntegrationTest" assertions="0" time="0.000000">
          <error type="InvalidArgumentException">Clubify\Checkout\Tests\Integration\UserManagementIntegrationTest::testFactoryStats
InvalidArgumentException: getLogger() cannot be mocked as it is a private method

/Users/vagner/Desenvolvimento/python/clubify-checkout/sdk/php/vendor/mockery/mockery/library/Mockery.php:742
/Users/vagner/Desenvolvimento/python/clubify-checkout/sdk/php/vendor/mockery/mockery/library/Mockery.php:754
/Users/vagner/Desenvolvimento/python/clubify-checkout/sdk/php/vendor/mockery/mockery/library/Mockery.php:574
/Users/vagner/Desenvolvimento/python/clubify-checkout/sdk/php/tests/TestCase.php:222
/Users/vagner/Desenvolvimento/python/clubify-checkout/sdk/php/tests/TestCase.php:441
/Users/vagner/Desenvolvimento/python/clubify-checkout/sdk/php/tests/TestCase.php:56
/Users/vagner/Desenvolvimento/python/clubify-checkout/sdk/php/tests/Integration/UserManagementIntegrationTest.php:34</error>
        </testcase>
        <testcase name="testModuleCleanupIntegration" file="/Users/vagner/Desenvolvimento/python/clubify-checkout/sdk/php/tests/Integration/UserManagementIntegrationTest.php" line="277" class="Clubify\Checkout\Tests\Integration\UserManagementIntegrationTest" classname="Clubify.Checkout.Tests.Integration.UserManagementIntegrationTest" assertions="0" time="0.000000">
          <error type="InvalidArgumentException">Clubify\Checkout\Tests\Integration\UserManagementIntegrationTest::testModuleCleanupIntegration
InvalidArgumentException: getLogger() cannot be mocked as it is a private method

/Users/vagner/Desenvolvimento/python/clubify-checkout/sdk/php/vendor/mockery/mockery/library/Mockery.php:742
/Users/vagner/Desenvolvimento/python/clubify-checkout/sdk/php/vendor/mockery/mockery/library/Mockery.php:754
/Users/vagner/Desenvolvimento/python/clubify-checkout/sdk/php/vendor/mockery/mockery/library/Mockery.php:574
/Users/vagner/Desenvolvimento/python/clubify-checkout/sdk/php/tests/TestCase.php:222
/Users/vagner/Desenvolvimento/python/clubify-checkout/sdk/php/tests/TestCase.php:441
/Users/vagner/Desenvolvimento/python/clubify-checkout/sdk/php/tests/TestCase.php:56
/Users/vagner/Desenvolvimento/python/clubify-checkout/sdk/php/tests/Integration/UserManagementIntegrationTest.php:34</error>
        </testcase>
        <testcase name="testSDKUserManagementIntegration" file="/Users/vagner/Desenvolvimento/python/clubify-checkout/sdk/php/tests/Integration/UserManagementIntegrationTest.php" line="295" class="Clubify\Checkout\Tests\Integration\UserManagementIntegrationTest" classname="Clubify.Checkout.Tests.Integration.UserManagementIntegrationTest" assertions="0" time="0.000000">
          <error type="InvalidArgumentException">Clubify\Checkout\Tests\Integration\UserManagementIntegrationTest::testSDKUserManagementIntegration
InvalidArgumentException: getLogger() cannot be mocked as it is a private method

/Users/vagner/Desenvolvimento/python/clubify-checkout/sdk/php/vendor/mockery/mockery/library/Mockery.php:742
/Users/vagner/Desenvolvimento/python/clubify-checkout/sdk/php/vendor/mockery/mockery/library/Mockery.php:754
/Users/vagner/Desenvolvimento/python/clubify-checkout/sdk/php/vendor/mockery/mockery/library/Mockery.php:574
/Users/vagner/Desenvolvimento/python/clubify-checkout/sdk/php/tests/TestCase.php:222
/Users/vagner/Desenvolvimento/python/clubify-checkout/sdk/php/tests/TestCase.php:441
/Users/vagner/Desenvolvimento/python/clubify-checkout/sdk/php/tests/TestCase.php:56
/Users/vagner/Desenvolvimento/python/clubify-checkout/sdk/php/tests/Integration/UserManagementIntegrationTest.php:34</error>
        </testcase>
      </testsuite>
    </testsuite>
    <testsuite name="Orders Module" tests="52" assertions="0" errors="52" failures="0" skipped="0" time="0.000000">
      <testsuite name="Clubify\Checkout\Tests\Unit\Orders\OrderDataTest" file="/Users/vagner/Desenvolvimento/python/clubify-checkout/sdk/php/tests/Unit/Orders/OrderDataTest.php" tests="15" assertions="0" errors="15" failures="0" skipped="0" time="0.000000">
        <testcase name="it_can_be_created_with_valid_data" file="/Users/vagner/Desenvolvimento/python/clubify-checkout/sdk/php/tests/Unit/Orders/OrderDataTest.php" line="31" class="Clubify\Checkout\Tests\Unit\Orders\OrderDataTest" classname="Clubify.Checkout.Tests.Unit.Orders.OrderDataTest" assertions="0" time="0.000000">
          <error type="InvalidArgumentException">Clubify\Checkout\Tests\Unit\Orders\OrderDataTest::it_can_be_created_with_valid_data
InvalidArgumentException: getLogger() cannot be mocked as it is a private method

/Users/vagner/Desenvolvimento/python/clubify-checkout/sdk/php/vendor/mockery/mockery/library/Mockery.php:742
/Users/vagner/Desenvolvimento/python/clubify-checkout/sdk/php/vendor/mockery/mockery/library/Mockery.php:754
/Users/vagner/Desenvolvimento/python/clubify-checkout/sdk/php/vendor/mockery/mockery/library/Mockery.php:574
/Users/vagner/Desenvolvimento/python/clubify-checkout/sdk/php/tests/TestCase.php:222
/Users/vagner/Desenvolvimento/python/clubify-checkout/sdk/php/tests/TestCase.php:441
/Users/vagner/Desenvolvimento/python/clubify-checkout/sdk/php/tests/TestCase.php:56</error>
        </testcase>
        <testcase name="it_validates_required_fields" file="/Users/vagner/Desenvolvimento/python/clubify-checkout/sdk/php/tests/Unit/Orders/OrderDataTest.php" line="74" class="Clubify\Checkout\Tests\Unit\Orders\OrderDataTest" classname="Clubify.Checkout.Tests.Unit.Orders.OrderDataTest" assertions="0" time="0.000000">
          <error type="InvalidArgumentException">Clubify\Checkout\Tests\Unit\Orders\OrderDataTest::it_validates_required_fields
InvalidArgumentException: getLogger() cannot be mocked as it is a private method

/Users/vagner/Desenvolvimento/python/clubify-checkout/sdk/php/vendor/mockery/mockery/library/Mockery.php:742
/Users/vagner/Desenvolvimento/python/clubify-checkout/sdk/php/vendor/mockery/mockery/library/Mockery.php:754
/Users/vagner/Desenvolvimento/python/clubify-checkout/sdk/php/vendor/mockery/mockery/library/Mockery.php:574
/Users/vagner/Desenvolvimento/python/clubify-checkout/sdk/php/tests/TestCase.php:222
/Users/vagner/Desenvolvimento/python/clubify-checkout/sdk/php/tests/TestCase.php:441
/Users/vagner/Desenvolvimento/python/clubify-checkout/sdk/php/tests/TestCase.php:56</error>
        </testcase>
        <testcase name="it_validates_status_values" file="/Users/vagner/Desenvolvimento/python/clubify-checkout/sdk/php/tests/Unit/Orders/OrderDataTest.php" line="90" class="Clubify\Checkout\Tests\Unit\Orders\OrderDataTest" classname="Clubify.Checkout.Tests.Unit.Orders.OrderDataTest" assertions="0" time="0.000000">
          <error type="InvalidArgumentException">Clubify\Checkout\Tests\Unit\Orders\OrderDataTest::it_validates_status_values
InvalidArgumentException: getLogger() cannot be mocked as it is a private method

/Users/vagner/Desenvolvimento/python/clubify-checkout/sdk/php/vendor/mockery/mockery/library/Mockery.php:742
/Users/vagner/Desenvolvimento/python/clubify-checkout/sdk/php/vendor/mockery/mockery/library/Mockery.php:754
/Users/vagner/Desenvolvimento/python/clubify-checkout/sdk/php/vendor/mockery/mockery/library/Mockery.php:574
/Users/vagner/Desenvolvimento/python/clubify-checkout/sdk/php/tests/TestCase.php:222
/Users/vagner/Desenvolvimento/python/clubify-checkout/sdk/php/tests/TestCase.php:441
/Users/vagner/Desenvolvimento/python/clubify-checkout/sdk/php/tests/TestCase.php:56</error>
        </testcase>
        <testcase name="it_validates_minimum_items" file="/Users/vagner/Desenvolvimento/python/clubify-checkout/sdk/php/tests/Unit/Orders/OrderDataTest.php" line="106" class="Clubify\Checkout\Tests\Unit\Orders\OrderDataTest" classname="Clubify.Checkout.Tests.Unit.Orders.OrderDataTest" assertions="0" time="0.000000">
          <error type="InvalidArgumentException">Clubify\Checkout\Tests\Unit\Orders\OrderDataTest::it_validates_minimum_items
InvalidArgumentException: getLogger() cannot be mocked as it is a private method

/Users/vagner/Desenvolvimento/python/clubify-checkout/sdk/php/vendor/mockery/mockery/library/Mockery.php:742
/Users/vagner/Desenvolvimento/python/clubify-checkout/sdk/php/vendor/mockery/mockery/library/Mockery.php:754
/Users/vagner/Desenvolvimento/python/clubify-checkout/sdk/php/vendor/mockery/mockery/library/Mockery.php:574
/Users/vagner/Desenvolvimento/python/clubify-checkout/sdk/php/tests/TestCase.php:222
/Users/vagner/Desenvolvimento/python/clubify-checkout/sdk/php/tests/TestCase.php:441
/Users/vagner/Desenvolvimento/python/clubify-checkout/sdk/php/tests/TestCase.php:56</error>
        </testcase>
        <testcase name="it_validates_total_against_items" file="/Users/vagner/Desenvolvimento/python/clubify-checkout/sdk/php/tests/Unit/Orders/OrderDataTest.php" line="122" class="Clubify\Checkout\Tests\Unit\Orders\OrderDataTest" classname="Clubify.Checkout.Tests.Unit.Orders.OrderDataTest" assertions="0" time="0.000000">
          <error type="InvalidArgumentException">Clubify\Checkout\Tests\Unit\Orders\OrderDataTest::it_validates_total_against_items
InvalidArgumentException: getLogger() cannot be mocked as it is a private method

/Users/vagner/Desenvolvimento/python/clubify-checkout/sdk/php/vendor/mockery/mockery/library/Mockery.php:742
/Users/vagner/Desenvolvimento/python/clubify-checkout/sdk/php/vendor/mockery/mockery/library/Mockery.php:754
/Users/vagner/Desenvolvimento/python/clubify-checkout/sdk/php/vendor/mockery/mockery/library/Mockery.php:574
/Users/vagner/Desenvolvimento/python/clubify-checkout/sdk/php/tests/TestCase.php:222
/Users/vagner/Desenvolvimento/python/clubify-checkout/sdk/php/tests/TestCase.php:441
/Users/vagner/Desenvolvimento/python/clubify-checkout/sdk/php/tests/TestCase.php:56</error>
        </testcase>
        <testcase name="it_can_be_created_from_array" file="/Users/vagner/Desenvolvimento/python/clubify-checkout/sdk/php/tests/Unit/Orders/OrderDataTest.php" line="150" class="Clubify\Checkout\Tests\Unit\Orders\OrderDataTest" classname="Clubify.Checkout.Tests.Unit.Orders.OrderDataTest" assertions="0" time="0.000000">
          <error type="InvalidArgumentException">Clubify\Checkout\Tests\Unit\Orders\OrderDataTest::it_can_be_created_from_array
InvalidArgumentException: getLogger() cannot be mocked as it is a private method

/Users/vagner/Desenvolvimento/python/clubify-checkout/sdk/php/vendor/mockery/mockery/library/Mockery.php:742
/Users/vagner/Desenvolvimento/python/clubify-checkout/sdk/php/vendor/mockery/mockery/library/Mockery.php:754
/Users/vagner/Desenvolvimento/python/clubify-checkout/sdk/php/vendor/mockery/mockery/library/Mockery.php:574
/Users/vagner/Desenvolvimento/python/clubify-checkout/sdk/php/tests/TestCase.php:222
/Users/vagner/Desenvolvimento/python/clubify-checkout/sdk/php/tests/TestCase.php:441
/Users/vagner/Desenvolvimento/python/clubify-checkout/sdk/php/tests/TestCase.php:56</error>
        </testcase>
        <testcase name="it_converts_to_array_correctly" file="/Users/vagner/Desenvolvimento/python/clubify-checkout/sdk/php/tests/Unit/Orders/OrderDataTest.php" line="203" class="Clubify\Checkout\Tests\Unit\Orders\OrderDataTest" classname="Clubify.Checkout.Tests.Unit.Orders.OrderDataTest" assertions="0" time="0.000000">
          <error type="InvalidArgumentException">Clubify\Checkout\Tests\Unit\Orders\OrderDataTest::it_converts_to_array_correctly
InvalidArgumentException: getLogger() cannot be mocked as it is a private method

/Users/vagner/Desenvolvimento/python/clubify-checkout/sdk/php/vendor/mockery/mockery/library/Mockery.php:742
/Users/vagner/Desenvolvimento/python/clubify-checkout/sdk/php/vendor/mockery/mockery/library/Mockery.php:754
/Users/vagner/Desenvolvimento/python/clubify-checkout/sdk/php/vendor/mockery/mockery/library/Mockery.php:574
/Users/vagner/Desenvolvimento/python/clubify-checkout/sdk/php/tests/TestCase.php:222
/Users/vagner/Desenvolvimento/python/clubify-checkout/sdk/php/tests/TestCase.php:441
/Users/vagner/Desenvolvimento/python/clubify-checkout/sdk/php/tests/TestCase.php:56</error>
        </testcase>
        <testcase name="it_converts_to_safe_array_without_sensitive_data" file="/Users/vagner/Desenvolvimento/python/clubify-checkout/sdk/php/tests/Unit/Orders/OrderDataTest.php" line="254" class="Clubify\Checkout\Tests\Unit\Orders\OrderDataTest" classname="Clubify.Checkout.Tests.Unit.Orders.OrderDataTest" assertions="0" time="0.000000">
          <error type="InvalidArgumentException">Clubify\Checkout\Tests\Unit\Orders\OrderDataTest::it_converts_to_safe_array_without_sensitive_data
InvalidArgumentException: getLogger() cannot be mocked as it is a private method

/Users/vagner/Desenvolvimento/python/clubify-checkout/sdk/php/vendor/mockery/mockery/library/Mockery.php:742
/Users/vagner/Desenvolvimento/python/clubify-checkout/sdk/php/vendor/mockery/mockery/library/Mockery.php:754
/Users/vagner/Desenvolvimento/python/clubify-checkout/sdk/php/vendor/mockery/mockery/library/Mockery.php:574
/Users/vagner/Desenvolvimento/python/clubify-checkout/sdk/php/tests/TestCase.php:222
/Users/vagner/Desenvolvimento/python/clubify-checkout/sdk/php/tests/TestCase.php:441
/Users/vagner/Desenvolvimento/python/clubify-checkout/sdk/php/tests/TestCase.php:56</error>
        </testcase>
        <testcase name="it_calculates_total_correctly" file="/Users/vagner/Desenvolvimento/python/clubify-checkout/sdk/php/tests/Unit/Orders/OrderDataTest.php" line="292" class="Clubify\Checkout\Tests\Unit\Orders\OrderDataTest" classname="Clubify.Checkout.Tests.Unit.Orders.OrderDataTest" assertions="0" time="0.000000">
          <error type="InvalidArgumentException">Clubify\Checkout\Tests\Unit\Orders\OrderDataTest::it_calculates_total_correctly
InvalidArgumentException: getLogger() cannot be mocked as it is a private method

/Users/vagner/Desenvolvimento/python/clubify-checkout/sdk/php/vendor/mockery/mockery/library/Mockery.php:742
/Users/vagner/Desenvolvimento/python/clubify-checkout/sdk/php/vendor/mockery/mockery/library/Mockery.php:754
/Users/vagner/Desenvolvimento/python/clubify-checkout/sdk/php/vendor/mockery/mockery/library/Mockery.php:574
/Users/vagner/Desenvolvimento/python/clubify-checkout/sdk/php/tests/TestCase.php:222
/Users/vagner/Desenvolvimento/python/clubify-checkout/sdk/php/tests/TestCase.php:441
/Users/vagner/Desenvolvimento/python/clubify-checkout/sdk/php/tests/TestCase.php:56</error>
        </testcase>
        <testcase name="it_checks_status_correctly" file="/Users/vagner/Desenvolvimento/python/clubify-checkout/sdk/php/tests/Unit/Orders/OrderDataTest.php" line="329" class="Clubify\Checkout\Tests\Unit\Orders\OrderDataTest" classname="Clubify.Checkout.Tests.Unit.Orders.OrderDataTest" assertions="0" time="0.000000">
          <error type="InvalidArgumentException">Clubify\Checkout\Tests\Unit\Orders\OrderDataTest::it_checks_status_correctly
InvalidArgumentException: getLogger() cannot be mocked as it is a private method

/Users/vagner/Desenvolvimento/python/clubify-checkout/sdk/php/vendor/mockery/mockery/library/Mockery.php:742
/Users/vagner/Desenvolvimento/python/clubify-checkout/sdk/php/vendor/mockery/mockery/library/Mockery.php:754
/Users/vagner/Desenvolvimento/python/clubify-checkout/sdk/php/vendor/mockery/mockery/library/Mockery.php:574
/Users/vagner/Desenvolvimento/python/clubify-checkout/sdk/php/tests/TestCase.php:222
/Users/vagner/Desenvolvimento/python/clubify-checkout/sdk/php/tests/TestCase.php:441
/Users/vagner/Desenvolvimento/python/clubify-checkout/sdk/php/tests/TestCase.php:56</error>
        </testcase>
        <testcase name="it_validates_business_rules" file="/Users/vagner/Desenvolvimento/python/clubify-checkout/sdk/php/tests/Unit/Orders/OrderDataTest.php" line="389" class="Clubify\Checkout\Tests\Unit\Orders\OrderDataTest" classname="Clubify.Checkout.Tests.Unit.Orders.OrderDataTest" assertions="0" time="0.000000">
          <error type="InvalidArgumentException">Clubify\Checkout\Tests\Unit\Orders\OrderDataTest::it_validates_business_rules
InvalidArgumentException: getLogger() cannot be mocked as it is a private method

/Users/vagner/Desenvolvimento/python/clubify-checkout/sdk/php/vendor/mockery/mockery/library/Mockery.php:742
/Users/vagner/Desenvolvimento/python/clubify-checkout/sdk/php/vendor/mockery/mockery/library/Mockery.php:754
/Users/vagner/Desenvolvimento/python/clubify-checkout/sdk/php/vendor/mockery/mockery/library/Mockery.php:574
/Users/vagner/Desenvolvimento/python/clubify-checkout/sdk/php/tests/TestCase.php:222
/Users/vagner/Desenvolvimento/python/clubify-checkout/sdk/php/tests/TestCase.php:441
/Users/vagner/Desenvolvimento/python/clubify-checkout/sdk/php/tests/TestCase.php:56</error>
        </testcase>
        <testcase name="it_handles_different_currencies" file="/Users/vagner/Desenvolvimento/python/clubify-checkout/sdk/php/tests/Unit/Orders/OrderDataTest.php" line="419" class="Clubify\Checkout\Tests\Unit\Orders\OrderDataTest" classname="Clubify.Checkout.Tests.Unit.Orders.OrderDataTest" assertions="0" time="0.000000">
          <error type="InvalidArgumentException">Clubify\Checkout\Tests\Unit\Orders\OrderDataTest::it_handles_different_currencies
InvalidArgumentException: getLogger() cannot be mocked as it is a private method

/Users/vagner/Desenvolvimento/python/clubify-checkout/sdk/php/vendor/mockery/mockery/library/Mockery.php:742
/Users/vagner/Desenvolvimento/python/clubify-checkout/sdk/php/vendor/mockery/mockery/library/Mockery.php:754
/Users/vagner/Desenvolvimento/python/clubify-checkout/sdk/php/vendor/mockery/mockery/library/Mockery.php:574
/Users/vagner/Desenvolvimento/python/clubify-checkout/sdk/php/tests/TestCase.php:222
/Users/vagner/Desenvolvimento/python/clubify-checkout/sdk/php/tests/TestCase.php:441
/Users/vagner/Desenvolvimento/python/clubify-checkout/sdk/php/tests/TestCase.php:56</error>
        </testcase>
        <testcase name="it_handles_discount_calculations" file="/Users/vagner/Desenvolvimento/python/clubify-checkout/sdk/php/tests/Unit/Orders/OrderDataTest.php" line="448" class="Clubify\Checkout\Tests\Unit\Orders\OrderDataTest" classname="Clubify.Checkout.Tests.Unit.Orders.OrderDataTest" assertions="0" time="0.000000">
          <error type="InvalidArgumentException">Clubify\Checkout\Tests\Unit\Orders\OrderDataTest::it_handles_discount_calculations
InvalidArgumentException: getLogger() cannot be mocked as it is a private method

/Users/vagner/Desenvolvimento/python/clubify-checkout/sdk/php/vendor/mockery/mockery/library/Mockery.php:742
/Users/vagner/Desenvolvimento/python/clubify-checkout/sdk/php/vendor/mockery/mockery/library/Mockery.php:754
/Users/vagner/Desenvolvimento/python/clubify-checkout/sdk/php/vendor/mockery/mockery/library/Mockery.php:574
/Users/vagner/Desenvolvimento/python/clubify-checkout/sdk/php/tests/TestCase.php:222
/Users/vagner/Desenvolvimento/python/clubify-checkout/sdk/php/tests/TestCase.php:441
/Users/vagner/Desenvolvimento/python/clubify-checkout/sdk/php/tests/TestCase.php:56</error>
        </testcase>
        <testcase name="it_formats_currency_display" file="/Users/vagner/Desenvolvimento/python/clubify-checkout/sdk/php/tests/Unit/Orders/OrderDataTest.php" line="483" class="Clubify\Checkout\Tests\Unit\Orders\OrderDataTest" classname="Clubify.Checkout.Tests.Unit.Orders.OrderDataTest" assertions="0" time="0.000000">
          <error type="InvalidArgumentException">Clubify\Checkout\Tests\Unit\Orders\OrderDataTest::it_formats_currency_display
InvalidArgumentException: getLogger() cannot be mocked as it is a private method

/Users/vagner/Desenvolvimento/python/clubify-checkout/sdk/php/vendor/mockery/mockery/library/Mockery.php:742
/Users/vagner/Desenvolvimento/python/clubify-checkout/sdk/php/vendor/mockery/mockery/library/Mockery.php:754
/Users/vagner/Desenvolvimento/python/clubify-checkout/sdk/php/vendor/mockery/mockery/library/Mockery.php:574
/Users/vagner/Desenvolvimento/python/clubify-checkout/sdk/php/tests/TestCase.php:222
/Users/vagner/Desenvolvimento/python/clubify-checkout/sdk/php/tests/TestCase.php:441
/Users/vagner/Desenvolvimento/python/clubify-checkout/sdk/php/tests/TestCase.php:56</error>
        </testcase>
        <testcase name="it_handles_shipping_calculations" file="/Users/vagner/Desenvolvimento/python/clubify-checkout/sdk/php/tests/Unit/Orders/OrderDataTest.php" line="513" class="Clubify\Checkout\Tests\Unit\Orders\OrderDataTest" classname="Clubify.Checkout.Tests.Unit.Orders.OrderDataTest" assertions="0" time="0.000000">
          <error type="InvalidArgumentException">Clubify\Checkout\Tests\Unit\Orders\OrderDataTest::it_handles_shipping_calculations
InvalidArgumentException: getLogger() cannot be mocked as it is a private method

/Users/vagner/Desenvolvimento/python/clubify-checkout/sdk/php/vendor/mockery/mockery/library/Mockery.php:742
/Users/vagner/Desenvolvimento/python/clubify-checkout/sdk/php/vendor/mockery/mockery/library/Mockery.php:754
/Users/vagner/Desenvolvimento/python/clubify-checkout/sdk/php/vendor/mockery/mockery/library/Mockery.php:574
/Users/vagner/Desenvolvimento/python/clubify-checkout/sdk/php/tests/TestCase.php:222
/Users/vagner/Desenvolvimento/python/clubify-checkout/sdk/php/tests/TestCase.php:441
/Users/vagner/Desenvolvimento/python/clubify-checkout/sdk/php/tests/TestCase.php:56</error>
        </testcase>
      </testsuite>
      <testsuite name="Clubify\Checkout\Tests\Unit\Orders\OrderServiceTest" file="/Users/vagner/Desenvolvimento/python/clubify-checkout/sdk/php/tests/Unit/Orders/OrderServiceTest.php" tests="16" assertions="0" errors="16" failures="0" skipped="0" time="0.000000">
        <testcase name="it_can_be_instantiated" file="/Users/vagner/Desenvolvimento/python/clubify-checkout/sdk/php/tests/Unit/Orders/OrderServiceTest.php" line="59" class="Clubify\Checkout\Tests\Unit\Orders\OrderServiceTest" classname="Clubify.Checkout.Tests.Unit.Orders.OrderServiceTest" assertions="0" time="0.000000">
          <error type="InvalidArgumentException">Clubify\Checkout\Tests\Unit\Orders\OrderServiceTest::it_can_be_instantiated
InvalidArgumentException: getLogger() cannot be mocked as it is a private method

/Users/vagner/Desenvolvimento/python/clubify-checkout/sdk/php/vendor/mockery/mockery/library/Mockery.php:742
/Users/vagner/Desenvolvimento/python/clubify-checkout/sdk/php/vendor/mockery/mockery/library/Mockery.php:754
/Users/vagner/Desenvolvimento/python/clubify-checkout/sdk/php/vendor/mockery/mockery/library/Mockery.php:574
/Users/vagner/Desenvolvimento/python/clubify-checkout/sdk/php/tests/TestCase.php:222
/Users/vagner/Desenvolvimento/python/clubify-checkout/sdk/php/tests/TestCase.php:441
/Users/vagner/Desenvolvimento/python/clubify-checkout/sdk/php/tests/TestCase.php:56
/Users/vagner/Desenvolvimento/python/clubify-checkout/sdk/php/tests/Unit/Orders/OrderServiceTest.php:40</error>
        </testcase>
        <testcase name="it_can_create_order_successfully" file="/Users/vagner/Desenvolvimento/python/clubify-checkout/sdk/php/tests/Unit/Orders/OrderServiceTest.php" line="65" class="Clubify\Checkout\Tests\Unit\Orders\OrderServiceTest" classname="Clubify.Checkout.Tests.Unit.Orders.OrderServiceTest" assertions="0" time="0.000000">
          <error type="InvalidArgumentException">Clubify\Checkout\Tests\Unit\Orders\OrderServiceTest::it_can_create_order_successfully
InvalidArgumentException: getLogger() cannot be mocked as it is a private method

/Users/vagner/Desenvolvimento/python/clubify-checkout/sdk/php/vendor/mockery/mockery/library/Mockery.php:742
/Users/vagner/Desenvolvimento/python/clubify-checkout/sdk/php/vendor/mockery/mockery/library/Mockery.php:754
/Users/vagner/Desenvolvimento/python/clubify-checkout/sdk/php/vendor/mockery/mockery/library/Mockery.php:574
/Users/vagner/Desenvolvimento/python/clubify-checkout/sdk/php/tests/TestCase.php:222
/Users/vagner/Desenvolvimento/python/clubify-checkout/sdk/php/tests/TestCase.php:441
/Users/vagner/Desenvolvimento/python/clubify-checkout/sdk/php/tests/TestCase.php:56
/Users/vagner/Desenvolvimento/python/clubify-checkout/sdk/php/tests/Unit/Orders/OrderServiceTest.php:40</error>
        </testcase>
        <testcase name="it_validates_order_data_before_creation" file="/Users/vagner/Desenvolvimento/python/clubify-checkout/sdk/php/tests/Unit/Orders/OrderServiceTest.php" line="104" class="Clubify\Checkout\Tests\Unit\Orders\OrderServiceTest" classname="Clubify.Checkout.Tests.Unit.Orders.OrderServiceTest" assertions="0" time="0.000000">
          <error type="InvalidArgumentException">Clubify\Checkout\Tests\Unit\Orders\OrderServiceTest::it_validates_order_data_before_creation
InvalidArgumentException: getLogger() cannot be mocked as it is a private method

/Users/vagner/Desenvolvimento/python/clubify-checkout/sdk/php/vendor/mockery/mockery/library/Mockery.php:742
/Users/vagner/Desenvolvimento/python/clubify-checkout/sdk/php/vendor/mockery/mockery/library/Mockery.php:754
/Users/vagner/Desenvolvimento/python/clubify-checkout/sdk/php/vendor/mockery/mockery/library/Mockery.php:574
/Users/vagner/Desenvolvimento/python/clubify-checkout/sdk/php/tests/TestCase.php:222
/Users/vagner/Desenvolvimento/python/clubify-checkout/sdk/php/tests/TestCase.php:441
/Users/vagner/Desenvolvimento/python/clubify-checkout/sdk/php/tests/TestCase.php:56
/Users/vagner/Desenvolvimento/python/clubify-checkout/sdk/php/tests/Unit/Orders/OrderServiceTest.php:40</error>
        </testcase>
        <testcase name="it_can_get_order_from_cache" file="/Users/vagner/Desenvolvimento/python/clubify-checkout/sdk/php/tests/Unit/Orders/OrderServiceTest.php" line="117" class="Clubify\Checkout\Tests\Unit\Orders\OrderServiceTest" classname="Clubify.Checkout.Tests.Unit.Orders.OrderServiceTest" assertions="0" time="0.000000">
          <error type="InvalidArgumentException">Clubify\Checkout\Tests\Unit\Orders\OrderServiceTest::it_can_get_order_from_cache
InvalidArgumentException: getLogger() cannot be mocked as it is a private method

/Users/vagner/Desenvolvimento/python/clubify-checkout/sdk/php/vendor/mockery/mockery/library/Mockery.php:742
/Users/vagner/Desenvolvimento/python/clubify-checkout/sdk/php/vendor/mockery/mockery/library/Mockery.php:754
/Users/vagner/Desenvolvimento/python/clubify-checkout/sdk/php/vendor/mockery/mockery/library/Mockery.php:574
/Users/vagner/Desenvolvimento/python/clubify-checkout/sdk/php/tests/TestCase.php:222
/Users/vagner/Desenvolvimento/python/clubify-checkout/sdk/php/tests/TestCase.php:441
/Users/vagner/Desenvolvimento/python/clubify-checkout/sdk/php/tests/TestCase.php:56
/Users/vagner/Desenvolvimento/python/clubify-checkout/sdk/php/tests/Unit/Orders/OrderServiceTest.php:40</error>
        </testcase>
        <testcase name="it_can_get_order_from_api_when_not_cached" file="/Users/vagner/Desenvolvimento/python/clubify-checkout/sdk/php/tests/Unit/Orders/OrderServiceTest.php" line="140" class="Clubify\Checkout\Tests\Unit\Orders\OrderServiceTest" classname="Clubify.Checkout.Tests.Unit.Orders.OrderServiceTest" assertions="0" time="0.000000">
          <error type="InvalidArgumentException">Clubify\Checkout\Tests\Unit\Orders\OrderServiceTest::it_can_get_order_from_api_when_not_cached
InvalidArgumentException: getLogger() cannot be mocked as it is a private method

/Users/vagner/Desenvolvimento/python/clubify-checkout/sdk/php/vendor/mockery/mockery/library/Mockery.php:742
/Users/vagner/Desenvolvimento/python/clubify-checkout/sdk/php/vendor/mockery/mockery/library/Mockery.php:754
/Users/vagner/Desenvolvimento/python/clubify-checkout/sdk/php/vendor/mockery/mockery/library/Mockery.php:574
/Users/vagner/Desenvolvimento/python/clubify-checkout/sdk/php/tests/TestCase.php:222
/Users/vagner/Desenvolvimento/python/clubify-checkout/sdk/php/tests/TestCase.php:441
/Users/vagner/Desenvolvimento/python/clubify-checkout/sdk/php/tests/TestCase.php:56
/Users/vagner/Desenvolvimento/python/clubify-checkout/sdk/php/tests/Unit/Orders/OrderServiceTest.php:40</error>
        </testcase>
        <testcase name="it_returns_null_when_order_not_found" file="/Users/vagner/Desenvolvimento/python/clubify-checkout/sdk/php/tests/Unit/Orders/OrderServiceTest.php" line="172" class="Clubify\Checkout\Tests\Unit\Orders\OrderServiceTest" classname="Clubify.Checkout.Tests.Unit.Orders.OrderServiceTest" assertions="0" time="0.000000">
          <error type="InvalidArgumentException">Clubify\Checkout\Tests\Unit\Orders\OrderServiceTest::it_returns_null_when_order_not_found
InvalidArgumentException: getLogger() cannot be mocked as it is a private method

/Users/vagner/Desenvolvimento/python/clubify-checkout/sdk/php/vendor/mockery/mockery/library/Mockery.php:742
/Users/vagner/Desenvolvimento/python/clubify-checkout/sdk/php/vendor/mockery/mockery/library/Mockery.php:754
/Users/vagner/Desenvolvimento/python/clubify-checkout/sdk/php/vendor/mockery/mockery/library/Mockery.php:574
/Users/vagner/Desenvolvimento/python/clubify-checkout/sdk/php/tests/TestCase.php:222
/Users/vagner/Desenvolvimento/python/clubify-checkout/sdk/php/tests/TestCase.php:441
/Users/vagner/Desenvolvimento/python/clubify-checkout/sdk/php/tests/TestCase.php:56
/Users/vagner/Desenvolvimento/python/clubify-checkout/sdk/php/tests/Unit/Orders/OrderServiceTest.php:40</error>
        </testcase>
        <testcase name="it_can_update_order" file="/Users/vagner/Desenvolvimento/python/clubify-checkout/sdk/php/tests/Unit/Orders/OrderServiceTest.php" line="195" class="Clubify\Checkout\Tests\Unit\Orders\OrderServiceTest" classname="Clubify.Checkout.Tests.Unit.Orders.OrderServiceTest" assertions="0" time="0.000000">
          <error type="InvalidArgumentException">Clubify\Checkout\Tests\Unit\Orders\OrderServiceTest::it_can_update_order
InvalidArgumentException: getLogger() cannot be mocked as it is a private method

/Users/vagner/Desenvolvimento/python/clubify-checkout/sdk/php/vendor/mockery/mockery/library/Mockery.php:742
/Users/vagner/Desenvolvimento/python/clubify-checkout/sdk/php/vendor/mockery/mockery/library/Mockery.php:754
/Users/vagner/Desenvolvimento/python/clubify-checkout/sdk/php/vendor/mockery/mockery/library/Mockery.php:574
/Users/vagner/Desenvolvimento/python/clubify-checkout/sdk/php/tests/TestCase.php:222
/Users/vagner/Desenvolvimento/python/clubify-checkout/sdk/php/tests/TestCase.php:441
/Users/vagner/Desenvolvimento/python/clubify-checkout/sdk/php/tests/TestCase.php:56
/Users/vagner/Desenvolvimento/python/clubify-checkout/sdk/php/tests/Unit/Orders/OrderServiceTest.php:40</error>
        </testcase>
        <testcase name="it_can_delete_order" file="/Users/vagner/Desenvolvimento/python/clubify-checkout/sdk/php/tests/Unit/Orders/OrderServiceTest.php" line="227" class="Clubify\Checkout\Tests\Unit\Orders\OrderServiceTest" classname="Clubify.Checkout.Tests.Unit.Orders.OrderServiceTest" assertions="0" time="0.000000">
          <error type="InvalidArgumentException">Clubify\Checkout\Tests\Unit\Orders\OrderServiceTest::it_can_delete_order
InvalidArgumentException: getLogger() cannot be mocked as it is a private method

/Users/vagner/Desenvolvimento/python/clubify-checkout/sdk/php/vendor/mockery/mockery/library/Mockery.php:742
/Users/vagner/Desenvolvimento/python/clubify-checkout/sdk/php/vendor/mockery/mockery/library/Mockery.php:754
/Users/vagner/Desenvolvimento/python/clubify-checkout/sdk/php/vendor/mockery/mockery/library/Mockery.php:574
/Users/vagner/Desenvolvimento/python/clubify-checkout/sdk/php/tests/TestCase.php:222
/Users/vagner/Desenvolvimento/python/clubify-checkout/sdk/php/tests/TestCase.php:441
/Users/vagner/Desenvolvimento/python/clubify-checkout/sdk/php/tests/TestCase.php:56
/Users/vagner/Desenvolvimento/python/clubify-checkout/sdk/php/tests/Unit/Orders/OrderServiceTest.php:40</error>
        </testcase>
        <testcase name="it_can_list_orders_with_filters" file="/Users/vagner/Desenvolvimento/python/clubify-checkout/sdk/php/tests/Unit/Orders/OrderServiceTest.php" line="257" class="Clubify\Checkout\Tests\Unit\Orders\OrderServiceTest" classname="Clubify.Checkout.Tests.Unit.Orders.OrderServiceTest" assertions="0" time="0.000000">
          <error type="InvalidArgumentException">Clubify\Checkout\Tests\Unit\Orders\OrderServiceTest::it_can_list_orders_with_filters
InvalidArgumentException: getLogger() cannot be mocked as it is a private method

/Users/vagner/Desenvolvimento/python/clubify-checkout/sdk/php/vendor/mockery/mockery/library/Mockery.php:742
/Users/vagner/Desenvolvimento/python/clubify-checkout/sdk/php/vendor/mockery/mockery/library/Mockery.php:754
/Users/vagner/Desenvolvimento/python/clubify-checkout/sdk/php/vendor/mockery/mockery/library/Mockery.php:574
/Users/vagner/Desenvolvimento/python/clubify-checkout/sdk/php/tests/TestCase.php:222
/Users/vagner/Desenvolvimento/python/clubify-checkout/sdk/php/tests/TestCase.php:441
/Users/vagner/Desenvolvimento/python/clubify-checkout/sdk/php/tests/TestCase.php:56
/Users/vagner/Desenvolvimento/python/clubify-checkout/sdk/php/tests/Unit/Orders/OrderServiceTest.php:40</error>
        </testcase>
        <testcase name="it_can_bulk_update_orders" file="/Users/vagner/Desenvolvimento/python/clubify-checkout/sdk/php/tests/Unit/Orders/OrderServiceTest.php" line="297" class="Clubify\Checkout\Tests\Unit\Orders\OrderServiceTest" classname="Clubify.Checkout.Tests.Unit.Orders.OrderServiceTest" assertions="0" time="0.000000">
          <error type="InvalidArgumentException">Clubify\Checkout\Tests\Unit\Orders\OrderServiceTest::it_can_bulk_update_orders
InvalidArgumentException: getLogger() cannot be mocked as it is a private method

/Users/vagner/Desenvolvimento/python/clubify-checkout/sdk/php/vendor/mockery/mockery/library/Mockery.php:742
/Users/vagner/Desenvolvimento/python/clubify-checkout/sdk/php/vendor/mockery/mockery/library/Mockery.php:754
/Users/vagner/Desenvolvimento/python/clubify-checkout/sdk/php/vendor/mockery/mockery/library/Mockery.php:574
/Users/vagner/Desenvolvimento/python/clubify-checkout/sdk/php/tests/TestCase.php:222
/Users/vagner/Desenvolvimento/python/clubify-checkout/sdk/php/tests/TestCase.php:441
/Users/vagner/Desenvolvimento/python/clubify-checkout/sdk/php/tests/TestCase.php:56
/Users/vagner/Desenvolvimento/python/clubify-checkout/sdk/php/tests/Unit/Orders/OrderServiceTest.php:40</error>
        </testcase>
        <testcase name="it_validates_order_data" file="/Users/vagner/Desenvolvimento/python/clubify-checkout/sdk/php/tests/Unit/Orders/OrderServiceTest.php" line="351" class="Clubify\Checkout\Tests\Unit\Orders\OrderServiceTest" classname="Clubify.Checkout.Tests.Unit.Orders.OrderServiceTest" assertions="0" time="0.000000">
          <error type="InvalidArgumentException">Clubify\Checkout\Tests\Unit\Orders\OrderServiceTest::it_validates_order_data
InvalidArgumentException: getLogger() cannot be mocked as it is a private method

/Users/vagner/Desenvolvimento/python/clubify-checkout/sdk/php/vendor/mockery/mockery/library/Mockery.php:742
/Users/vagner/Desenvolvimento/python/clubify-checkout/sdk/php/vendor/mockery/mockery/library/Mockery.php:754
/Users/vagner/Desenvolvimento/python/clubify-checkout/sdk/php/vendor/mockery/mockery/library/Mockery.php:574
/Users/vagner/Desenvolvimento/python/clubify-checkout/sdk/php/tests/TestCase.php:222
/Users/vagner/Desenvolvimento/python/clubify-checkout/sdk/php/tests/TestCase.php:441
/Users/vagner/Desenvolvimento/python/clubify-checkout/sdk/php/tests/TestCase.php:56
/Users/vagner/Desenvolvimento/python/clubify-checkout/sdk/php/tests/Unit/Orders/OrderServiceTest.php:40</error>
        </testcase>
        <testcase name="it_performs_health_check" file="/Users/vagner/Desenvolvimento/python/clubify-checkout/sdk/php/tests/Unit/Orders/OrderServiceTest.php" line="371" class="Clubify\Checkout\Tests\Unit\Orders\OrderServiceTest" classname="Clubify.Checkout.Tests.Unit.Orders.OrderServiceTest" assertions="0" time="0.000000">
          <error type="InvalidArgumentException">Clubify\Checkout\Tests\Unit\Orders\OrderServiceTest::it_performs_health_check
InvalidArgumentException: getLogger() cannot be mocked as it is a private method

/Users/vagner/Desenvolvimento/python/clubify-checkout/sdk/php/vendor/mockery/mockery/library/Mockery.php:742
/Users/vagner/Desenvolvimento/python/clubify-checkout/sdk/php/vendor/mockery/mockery/library/Mockery.php:754
/Users/vagner/Desenvolvimento/python/clubify-checkout/sdk/php/vendor/mockery/mockery/library/Mockery.php:574
/Users/vagner/Desenvolvimento/python/clubify-checkout/sdk/php/tests/TestCase.php:222
/Users/vagner/Desenvolvimento/python/clubify-checkout/sdk/php/tests/TestCase.php:441
/Users/vagner/Desenvolvimento/python/clubify-checkout/sdk/php/tests/TestCase.php:56
/Users/vagner/Desenvolvimento/python/clubify-checkout/sdk/php/tests/Unit/Orders/OrderServiceTest.php:40</error>
        </testcase>
        <testcase name="it_handles_api_errors_gracefully" file="/Users/vagner/Desenvolvimento/python/clubify-checkout/sdk/php/tests/Unit/Orders/OrderServiceTest.php" line="398" class="Clubify\Checkout\Tests\Unit\Orders\OrderServiceTest" classname="Clubify.Checkout.Tests.Unit.Orders.OrderServiceTest" assertions="0" time="0.000000">
          <error type="InvalidArgumentException">Clubify\Checkout\Tests\Unit\Orders\OrderServiceTest::it_handles_api_errors_gracefully
InvalidArgumentException: getLogger() cannot be mocked as it is a private method

/Users/vagner/Desenvolvimento/python/clubify-checkout/sdk/php/vendor/mockery/mockery/library/Mockery.php:742
/Users/vagner/Desenvolvimento/python/clubify-checkout/sdk/php/vendor/mockery/mockery/library/Mockery.php:754
/Users/vagner/Desenvolvimento/python/clubify-checkout/sdk/php/vendor/mockery/mockery/library/Mockery.php:574
/Users/vagner/Desenvolvimento/python/clubify-checkout/sdk/php/tests/TestCase.php:222
/Users/vagner/Desenvolvimento/python/clubify-checkout/sdk/php/tests/TestCase.php:441
/Users/vagner/Desenvolvimento/python/clubify-checkout/sdk/php/tests/TestCase.php:56
/Users/vagner/Desenvolvimento/python/clubify-checkout/sdk/php/tests/Unit/Orders/OrderServiceTest.php:40</error>
        </testcase>
        <testcase name="it_calculates_metrics_correctly" file="/Users/vagner/Desenvolvimento/python/clubify-checkout/sdk/php/tests/Unit/Orders/OrderServiceTest.php" line="421" class="Clubify\Checkout\Tests\Unit\Orders\OrderServiceTest" classname="Clubify.Checkout.Tests.Unit.Orders.OrderServiceTest" assertions="0" time="0.000000">
          <error type="InvalidArgumentException">Clubify\Checkout\Tests\Unit\Orders\OrderServiceTest::it_calculates_metrics_correctly
InvalidArgumentException: getLogger() cannot be mocked as it is a private method

/Users/vagner/Desenvolvimento/python/clubify-checkout/sdk/php/vendor/mockery/mockery/library/Mockery.php:742
/Users/vagner/Desenvolvimento/python/clubify-checkout/sdk/php/vendor/mockery/mockery/library/Mockery.php:754
/Users/vagner/Desenvolvimento/python/clubify-checkout/sdk/php/vendor/mockery/mockery/library/Mockery.php:574
/Users/vagner/Desenvolvimento/python/clubify-checkout/sdk/php/tests/TestCase.php:222
/Users/vagner/Desenvolvimento/python/clubify-checkout/sdk/php/tests/TestCase.php:441
/Users/vagner/Desenvolvimento/python/clubify-checkout/sdk/php/tests/TestCase.php:56
/Users/vagner/Desenvolvimento/python/clubify-checkout/sdk/php/tests/Unit/Orders/OrderServiceTest.php:40</error>
        </testcase>
        <testcase name="it_handles_cache_failures_gracefully" file="/Users/vagner/Desenvolvimento/python/clubify-checkout/sdk/php/tests/Unit/Orders/OrderServiceTest.php" line="440" class="Clubify\Checkout\Tests\Unit\Orders\OrderServiceTest" classname="Clubify.Checkout.Tests.Unit.Orders.OrderServiceTest" assertions="0" time="0.000000">
          <error type="InvalidArgumentException">Clubify\Checkout\Tests\Unit\Orders\OrderServiceTest::it_handles_cache_failures_gracefully
InvalidArgumentException: getLogger() cannot be mocked as it is a private method

/Users/vagner/Desenvolvimento/python/clubify-checkout/sdk/php/vendor/mockery/mockery/library/Mockery.php:742
/Users/vagner/Desenvolvimento/python/clubify-checkout/sdk/php/vendor/mockery/mockery/library/Mockery.php:754
/Users/vagner/Desenvolvimento/python/clubify-checkout/sdk/php/vendor/mockery/mockery/library/Mockery.php:574
/Users/vagner/Desenvolvimento/python/clubify-checkout/sdk/php/tests/TestCase.php:222
/Users/vagner/Desenvolvimento/python/clubify-checkout/sdk/php/tests/TestCase.php:441
/Users/vagner/Desenvolvimento/python/clubify-checkout/sdk/php/tests/TestCase.php:56
/Users/vagner/Desenvolvimento/python/clubify-checkout/sdk/php/tests/Unit/Orders/OrderServiceTest.php:40</error>
        </testcase>
        <testcase name="it_handles_concurrent_access_properly" file="/Users/vagner/Desenvolvimento/python/clubify-checkout/sdk/php/tests/Unit/Orders/OrderServiceTest.php" line="468" class="Clubify\Checkout\Tests\Unit\Orders\OrderServiceTest" classname="Clubify.Checkout.Tests.Unit.Orders.OrderServiceTest" assertions="0" time="0.000000">
          <error type="InvalidArgumentException">Clubify\Checkout\Tests\Unit\Orders\OrderServiceTest::it_handles_concurrent_access_properly
InvalidArgumentException: getLogger() cannot be mocked as it is a private method

/Users/vagner/Desenvolvimento/python/clubify-checkout/sdk/php/vendor/mockery/mockery/library/Mockery.php:742
/Users/vagner/Desenvolvimento/python/clubify-checkout/sdk/php/vendor/mockery/mockery/library/Mockery.php:754
/Users/vagner/Desenvolvimento/python/clubify-checkout/sdk/php/vendor/mockery/mockery/library/Mockery.php:574
/Users/vagner/Desenvolvimento/python/clubify-checkout/sdk/php/tests/TestCase.php:222
/Users/vagner/Desenvolvimento/python/clubify-checkout/sdk/php/tests/TestCase.php:441
/Users/vagner/Desenvolvimento/python/clubify-checkout/sdk/php/tests/TestCase.php:56
/Users/vagner/Desenvolvimento/python/clubify-checkout/sdk/php/tests/Unit/Orders/OrderServiceTest.php:40</error>
        </testcase>
      </testsuite>
      <testsuite name="Clubify\Checkout\Tests\Unit\Orders\OrdersModuleTest" file="/Users/vagner/Desenvolvimento/python/clubify-checkout/sdk/php/tests/Unit/Orders/OrdersModuleTest.php" tests="21" assertions="0" errors="21" failures="0" skipped="0" time="0.000000">
        <testcase name="it_can_be_instantiated" file="/Users/vagner/Desenvolvimento/python/clubify-checkout/sdk/php/tests/Unit/Orders/OrdersModuleTest.php" line="57" class="Clubify\Checkout\Tests\Unit\Orders\OrdersModuleTest" classname="Clubify.Checkout.Tests.Unit.Orders.OrdersModuleTest" assertions="0" time="0.000000">
          <error type="InvalidArgumentException">Clubify\Checkout\Tests\Unit\Orders\OrdersModuleTest::it_can_be_instantiated
InvalidArgumentException: getLogger() cannot be mocked as it is a private method

/Users/vagner/Desenvolvimento/python/clubify-checkout/sdk/php/vendor/mockery/mockery/library/Mockery.php:742
/Users/vagner/Desenvolvimento/python/clubify-checkout/sdk/php/vendor/mockery/mockery/library/Mockery.php:754
/Users/vagner/Desenvolvimento/python/clubify-checkout/sdk/php/vendor/mockery/mockery/library/Mockery.php:574
/Users/vagner/Desenvolvimento/python/clubify-checkout/sdk/php/tests/TestCase.php:222
/Users/vagner/Desenvolvimento/python/clubify-checkout/sdk/php/tests/TestCase.php:441
/Users/vagner/Desenvolvimento/python/clubify-checkout/sdk/php/tests/TestCase.php:56
/Users/vagner/Desenvolvimento/python/clubify-checkout/sdk/php/tests/Unit/Orders/OrdersModuleTest.php:44</error>
        </testcase>
        <testcase name="it_can_be_initialized" file="/Users/vagner/Desenvolvimento/python/clubify-checkout/sdk/php/tests/Unit/Orders/OrdersModuleTest.php" line="66" class="Clubify\Checkout\Tests\Unit\Orders\OrdersModuleTest" classname="Clubify.Checkout.Tests.Unit.Orders.OrdersModuleTest" assertions="0" time="0.000000">
          <error type="InvalidArgumentException">Clubify\Checkout\Tests\Unit\Orders\OrdersModuleTest::it_can_be_initialized
InvalidArgumentException: getLogger() cannot be mocked as it is a private method

/Users/vagner/Desenvolvimento/python/clubify-checkout/sdk/php/vendor/mockery/mockery/library/Mockery.php:742
/Users/vagner/Desenvolvimento/python/clubify-checkout/sdk/php/vendor/mockery/mockery/library/Mockery.php:754
/Users/vagner/Desenvolvimento/python/clubify-checkout/sdk/php/vendor/mockery/mockery/library/Mockery.php:574
/Users/vagner/Desenvolvimento/python/clubify-checkout/sdk/php/tests/TestCase.php:222
/Users/vagner/Desenvolvimento/python/clubify-checkout/sdk/php/tests/TestCase.php:441
/Users/vagner/Desenvolvimento/python/clubify-checkout/sdk/php/tests/TestCase.php:56
/Users/vagner/Desenvolvimento/python/clubify-checkout/sdk/php/tests/Unit/Orders/OrdersModuleTest.php:44</error>
        </testcase>
        <testcase name="it_returns_correct_dependencies" file="/Users/vagner/Desenvolvimento/python/clubify-checkout/sdk/php/tests/Unit/Orders/OrdersModuleTest.php" line="78" class="Clubify\Checkout\Tests\Unit\Orders\OrdersModuleTest" classname="Clubify.Checkout.Tests.Unit.Orders.OrdersModuleTest" assertions="0" time="0.000000">
          <error type="InvalidArgumentException">Clubify\Checkout\Tests\Unit\Orders\OrdersModuleTest::it_returns_correct_dependencies
InvalidArgumentException: getLogger() cannot be mocked as it is a private method

/Users/vagner/Desenvolvimento/python/clubify-checkout/sdk/php/vendor/mockery/mockery/library/Mockery.php:742
/Users/vagner/Desenvolvimento/python/clubify-checkout/sdk/php/vendor/mockery/mockery/library/Mockery.php:754
/Users/vagner/Desenvolvimento/python/clubify-checkout/sdk/php/vendor/mockery/mockery/library/Mockery.php:574
/Users/vagner/Desenvolvimento/python/clubify-checkout/sdk/php/tests/TestCase.php:222
/Users/vagner/Desenvolvimento/python/clubify-checkout/sdk/php/tests/TestCase.php:441
/Users/vagner/Desenvolvimento/python/clubify-checkout/sdk/php/tests/TestCase.php:56
/Users/vagner/Desenvolvimento/python/clubify-checkout/sdk/php/tests/Unit/Orders/OrdersModuleTest.php:44</error>
        </testcase>
        <testcase name="it_returns_module_status" file="/Users/vagner/Desenvolvimento/python/clubify-checkout/sdk/php/tests/Unit/Orders/OrdersModuleTest.php" line="88" class="Clubify\Checkout\Tests\Unit\Orders\OrdersModuleTest" classname="Clubify.Checkout.Tests.Unit.Orders.OrdersModuleTest" assertions="0" time="0.000000">
          <error type="InvalidArgumentException">Clubify\Checkout\Tests\Unit\Orders\OrdersModuleTest::it_returns_module_status
InvalidArgumentException: getLogger() cannot be mocked as it is a private method

/Users/vagner/Desenvolvimento/python/clubify-checkout/sdk/php/vendor/mockery/mockery/library/Mockery.php:742
/Users/vagner/Desenvolvimento/python/clubify-checkout/sdk/php/vendor/mockery/mockery/library/Mockery.php:754
/Users/vagner/Desenvolvimento/python/clubify-checkout/sdk/php/vendor/mockery/mockery/library/Mockery.php:574
/Users/vagner/Desenvolvimento/python/clubify-checkout/sdk/php/tests/TestCase.php:222
/Users/vagner/Desenvolvimento/python/clubify-checkout/sdk/php/tests/TestCase.php:441
/Users/vagner/Desenvolvimento/python/clubify-checkout/sdk/php/tests/TestCase.php:56
/Users/vagner/Desenvolvimento/python/clubify-checkout/sdk/php/tests/Unit/Orders/OrdersModuleTest.php:44</error>
        </testcase>
        <testcase name="it_throws_exception_when_not_initialized" file="/Users/vagner/Desenvolvimento/python/clubify-checkout/sdk/php/tests/Unit/Orders/OrdersModuleTest.php" line="107" class="Clubify\Checkout\Tests\Unit\Orders\OrdersModuleTest" classname="Clubify.Checkout.Tests.Unit.Orders.OrdersModuleTest" assertions="0" time="0.000000">
          <error type="InvalidArgumentException">Clubify\Checkout\Tests\Unit\Orders\OrdersModuleTest::it_throws_exception_when_not_initialized
InvalidArgumentException: getLogger() cannot be mocked as it is a private method

/Users/vagner/Desenvolvimento/python/clubify-checkout/sdk/php/vendor/mockery/mockery/library/Mockery.php:742
/Users/vagner/Desenvolvimento/python/clubify-checkout/sdk/php/vendor/mockery/mockery/library/Mockery.php:754
/Users/vagner/Desenvolvimento/python/clubify-checkout/sdk/php/vendor/mockery/mockery/library/Mockery.php:574
/Users/vagner/Desenvolvimento/python/clubify-checkout/sdk/php/tests/TestCase.php:222
/Users/vagner/Desenvolvimento/python/clubify-checkout/sdk/php/tests/TestCase.php:441
/Users/vagner/Desenvolvimento/python/clubify-checkout/sdk/php/tests/TestCase.php:56
/Users/vagner/Desenvolvimento/python/clubify-checkout/sdk/php/tests/Unit/Orders/OrdersModuleTest.php:44</error>
        </testcase>
        <testcase name="it_can_create_order" file="/Users/vagner/Desenvolvimento/python/clubify-checkout/sdk/php/tests/Unit/Orders/OrdersModuleTest.php" line="116" class="Clubify\Checkout\Tests\Unit\Orders\OrdersModuleTest" classname="Clubify.Checkout.Tests.Unit.Orders.OrdersModuleTest" assertions="0" time="0.000000">
          <error type="InvalidArgumentException">Clubify\Checkout\Tests\Unit\Orders\OrdersModuleTest::it_can_create_order
InvalidArgumentException: getLogger() cannot be mocked as it is a private method

/Users/vagner/Desenvolvimento/python/clubify-checkout/sdk/php/vendor/mockery/mockery/library/Mockery.php:742
/Users/vagner/Desenvolvimento/python/clubify-checkout/sdk/php/vendor/mockery/mockery/library/Mockery.php:754
/Users/vagner/Desenvolvimento/python/clubify-checkout/sdk/php/vendor/mockery/mockery/library/Mockery.php:574
/Users/vagner/Desenvolvimento/python/clubify-checkout/sdk/php/tests/TestCase.php:222
/Users/vagner/Desenvolvimento/python/clubify-checkout/sdk/php/tests/TestCase.php:441
/Users/vagner/Desenvolvimento/python/clubify-checkout/sdk/php/tests/TestCase.php:56
/Users/vagner/Desenvolvimento/python/clubify-checkout/sdk/php/tests/Unit/Orders/OrdersModuleTest.php:44</error>
        </testcase>
        <testcase name="it_can_get_order" file="/Users/vagner/Desenvolvimento/python/clubify-checkout/sdk/php/tests/Unit/Orders/OrdersModuleTest.php" line="143" class="Clubify\Checkout\Tests\Unit\Orders\OrdersModuleTest" classname="Clubify.Checkout.Tests.Unit.Orders.OrdersModuleTest" assertions="0" time="0.000000">
          <error type="InvalidArgumentException">Clubify\Checkout\Tests\Unit\Orders\OrdersModuleTest::it_can_get_order
InvalidArgumentException: getLogger() cannot be mocked as it is a private method

/Users/vagner/Desenvolvimento/python/clubify-checkout/sdk/php/vendor/mockery/mockery/library/Mockery.php:742
/Users/vagner/Desenvolvimento/python/clubify-checkout/sdk/php/vendor/mockery/mockery/library/Mockery.php:754
/Users/vagner/Desenvolvimento/python/clubify-checkout/sdk/php/vendor/mockery/mockery/library/Mockery.php:574
/Users/vagner/Desenvolvimento/python/clubify-checkout/sdk/php/tests/TestCase.php:222
/Users/vagner/Desenvolvimento/python/clubify-checkout/sdk/php/tests/TestCase.php:441
/Users/vagner/Desenvolvimento/python/clubify-checkout/sdk/php/tests/TestCase.php:56
/Users/vagner/Desenvolvimento/python/clubify-checkout/sdk/php/tests/Unit/Orders/OrdersModuleTest.php:44</error>
        </testcase>
        <testcase name="it_can_update_order" file="/Users/vagner/Desenvolvimento/python/clubify-checkout/sdk/php/tests/Unit/Orders/OrdersModuleTest.php" line="169" class="Clubify\Checkout\Tests\Unit\Orders\OrdersModuleTest" classname="Clubify.Checkout.Tests.Unit.Orders.OrdersModuleTest" assertions="0" time="0.000000">
          <error type="InvalidArgumentException">Clubify\Checkout\Tests\Unit\Orders\OrdersModuleTest::it_can_update_order
InvalidArgumentException: getLogger() cannot be mocked as it is a private method

/Users/vagner/Desenvolvimento/python/clubify-checkout/sdk/php/vendor/mockery/mockery/library/Mockery.php:742
/Users/vagner/Desenvolvimento/python/clubify-checkout/sdk/php/vendor/mockery/mockery/library/Mockery.php:754
/Users/vagner/Desenvolvimento/python/clubify-checkout/sdk/php/vendor/mockery/mockery/library/Mockery.php:574
/Users/vagner/Desenvolvimento/python/clubify-checkout/sdk/php/tests/TestCase.php:222
/Users/vagner/Desenvolvimento/python/clubify-checkout/sdk/php/tests/TestCase.php:441
/Users/vagner/Desenvolvimento/python/clubify-checkout/sdk/php/tests/TestCase.php:56
/Users/vagner/Desenvolvimento/python/clubify-checkout/sdk/php/tests/Unit/Orders/OrdersModuleTest.php:44</error>
        </testcase>
        <testcase name="it_can_list_orders" file="/Users/vagner/Desenvolvimento/python/clubify-checkout/sdk/php/tests/Unit/Orders/OrdersModuleTest.php" line="196" class="Clubify\Checkout\Tests\Unit\Orders\OrdersModuleTest" classname="Clubify.Checkout.Tests.Unit.Orders.OrdersModuleTest" assertions="0" time="0.000000">
          <error type="InvalidArgumentException">Clubify\Checkout\Tests\Unit\Orders\OrdersModuleTest::it_can_list_orders
InvalidArgumentException: getLogger() cannot be mocked as it is a private method

/Users/vagner/Desenvolvimento/python/clubify-checkout/sdk/php/vendor/mockery/mockery/library/Mockery.php:742
/Users/vagner/Desenvolvimento/python/clubify-checkout/sdk/php/vendor/mockery/mockery/library/Mockery.php:754
/Users/vagner/Desenvolvimento/python/clubify-checkout/sdk/php/vendor/mockery/mockery/library/Mockery.php:574
/Users/vagner/Desenvolvimento/python/clubify-checkout/sdk/php/tests/TestCase.php:222
/Users/vagner/Desenvolvimento/python/clubify-checkout/sdk/php/tests/TestCase.php:441
/Users/vagner/Desenvolvimento/python/clubify-checkout/sdk/php/tests/TestCase.php:56
/Users/vagner/Desenvolvimento/python/clubify-checkout/sdk/php/tests/Unit/Orders/OrdersModuleTest.php:44</error>
        </testcase>
        <testcase name="it_can_update_order_status" file="/Users/vagner/Desenvolvimento/python/clubify-checkout/sdk/php/tests/Unit/Orders/OrdersModuleTest.php" line="229" class="Clubify\Checkout\Tests\Unit\Orders\OrdersModuleTest" classname="Clubify.Checkout.Tests.Unit.Orders.OrdersModuleTest" assertions="0" time="0.000000">
          <error type="InvalidArgumentException">Clubify\Checkout\Tests\Unit\Orders\OrdersModuleTest::it_can_update_order_status
InvalidArgumentException: getLogger() cannot be mocked as it is a private method

/Users/vagner/Desenvolvimento/python/clubify-checkout/sdk/php/vendor/mockery/mockery/library/Mockery.php:742
/Users/vagner/Desenvolvimento/python/clubify-checkout/sdk/php/vendor/mockery/mockery/library/Mockery.php:754
/Users/vagner/Desenvolvimento/python/clubify-checkout/sdk/php/vendor/mockery/mockery/library/Mockery.php:574
/Users/vagner/Desenvolvimento/python/clubify-checkout/sdk/php/tests/TestCase.php:222
/Users/vagner/Desenvolvimento/python/clubify-checkout/sdk/php/tests/TestCase.php:441
/Users/vagner/Desenvolvimento/python/clubify-checkout/sdk/php/tests/TestCase.php:56
/Users/vagner/Desenvolvimento/python/clubify-checkout/sdk/php/tests/Unit/Orders/OrdersModuleTest.php:44</error>
        </testcase>
        <testcase name="it_can_cancel_order" file="/Users/vagner/Desenvolvimento/python/clubify-checkout/sdk/php/tests/Unit/Orders/OrdersModuleTest.php" line="256" class="Clubify\Checkout\Tests\Unit\Orders\OrdersModuleTest" classname="Clubify.Checkout.Tests.Unit.Orders.OrdersModuleTest" assertions="0" time="0.000000">
          <error type="InvalidArgumentException">Clubify\Checkout\Tests\Unit\Orders\OrdersModuleTest::it_can_cancel_order
InvalidArgumentException: getLogger() cannot be mocked as it is a private method

/Users/vagner/Desenvolvimento/python/clubify-checkout/sdk/php/vendor/mockery/mockery/library/Mockery.php:742
/Users/vagner/Desenvolvimento/python/clubify-checkout/sdk/php/vendor/mockery/mockery/library/Mockery.php:754
/Users/vagner/Desenvolvimento/python/clubify-checkout/sdk/php/vendor/mockery/mockery/library/Mockery.php:574
/Users/vagner/Desenvolvimento/python/clubify-checkout/sdk/php/tests/TestCase.php:222
/Users/vagner/Desenvolvimento/python/clubify-checkout/sdk/php/tests/TestCase.php:441
/Users/vagner/Desenvolvimento/python/clubify-checkout/sdk/php/tests/TestCase.php:56
/Users/vagner/Desenvolvimento/python/clubify-checkout/sdk/php/tests/Unit/Orders/OrdersModuleTest.php:44</error>
        </testcase>
        <testcase name="it_can_get_order_history" file="/Users/vagner/Desenvolvimento/python/clubify-checkout/sdk/php/tests/Unit/Orders/OrdersModuleTest.php" line="282" class="Clubify\Checkout\Tests\Unit\Orders\OrdersModuleTest" classname="Clubify.Checkout.Tests.Unit.Orders.OrdersModuleTest" assertions="0" time="0.000000">
          <error type="InvalidArgumentException">Clubify\Checkout\Tests\Unit\Orders\OrdersModuleTest::it_can_get_order_history
InvalidArgumentException: getLogger() cannot be mocked as it is a private method

/Users/vagner/Desenvolvimento/python/clubify-checkout/sdk/php/vendor/mockery/mockery/library/Mockery.php:742
/Users/vagner/Desenvolvimento/python/clubify-checkout/sdk/php/vendor/mockery/mockery/library/Mockery.php:754
/Users/vagner/Desenvolvimento/python/clubify-checkout/sdk/php/vendor/mockery/mockery/library/Mockery.php:574
/Users/vagner/Desenvolvimento/python/clubify-checkout/sdk/php/tests/TestCase.php:222
/Users/vagner/Desenvolvimento/python/clubify-checkout/sdk/php/tests/TestCase.php:441
/Users/vagner/Desenvolvimento/python/clubify-checkout/sdk/php/tests/TestCase.php:56
/Users/vagner/Desenvolvimento/python/clubify-checkout/sdk/php/tests/Unit/Orders/OrdersModuleTest.php:44</error>
        </testcase>
        <testcase name="it_can_process_upsell" file="/Users/vagner/Desenvolvimento/python/clubify-checkout/sdk/php/tests/Unit/Orders/OrdersModuleTest.php" line="312" class="Clubify\Checkout\Tests\Unit\Orders\OrdersModuleTest" classname="Clubify.Checkout.Tests.Unit.Orders.OrdersModuleTest" assertions="0" time="0.000000">
          <error type="InvalidArgumentException">Clubify\Checkout\Tests\Unit\Orders\OrdersModuleTest::it_can_process_upsell
InvalidArgumentException: getLogger() cannot be mocked as it is a private method

/Users/vagner/Desenvolvimento/python/clubify-checkout/sdk/php/vendor/mockery/mockery/library/Mockery.php:742
/Users/vagner/Desenvolvimento/python/clubify-checkout/sdk/php/vendor/mockery/mockery/library/Mockery.php:754
/Users/vagner/Desenvolvimento/python/clubify-checkout/sdk/php/vendor/mockery/mockery/library/Mockery.php:574
/Users/vagner/Desenvolvimento/python/clubify-checkout/sdk/php/tests/TestCase.php:222
/Users/vagner/Desenvolvimento/python/clubify-checkout/sdk/php/tests/TestCase.php:441
/Users/vagner/Desenvolvimento/python/clubify-checkout/sdk/php/tests/TestCase.php:56
/Users/vagner/Desenvolvimento/python/clubify-checkout/sdk/php/tests/Unit/Orders/OrdersModuleTest.php:44</error>
        </testcase>
        <testcase name="it_can_get_analytics" file="/Users/vagner/Desenvolvimento/python/clubify-checkout/sdk/php/tests/Unit/Orders/OrdersModuleTest.php" line="339" class="Clubify\Checkout\Tests\Unit\Orders\OrdersModuleTest" classname="Clubify.Checkout.Tests.Unit.Orders.OrdersModuleTest" assertions="0" time="0.000000">
          <error type="InvalidArgumentException">Clubify\Checkout\Tests\Unit\Orders\OrdersModuleTest::it_can_get_analytics
InvalidArgumentException: getLogger() cannot be mocked as it is a private method

/Users/vagner/Desenvolvimento/python/clubify-checkout/sdk/php/vendor/mockery/mockery/library/Mockery.php:742
/Users/vagner/Desenvolvimento/python/clubify-checkout/sdk/php/vendor/mockery/mockery/library/Mockery.php:754
/Users/vagner/Desenvolvimento/python/clubify-checkout/sdk/php/vendor/mockery/mockery/library/Mockery.php:574
/Users/vagner/Desenvolvimento/python/clubify-checkout/sdk/php/tests/TestCase.php:222
/Users/vagner/Desenvolvimento/python/clubify-checkout/sdk/php/tests/TestCase.php:441
/Users/vagner/Desenvolvimento/python/clubify-checkout/sdk/php/tests/TestCase.php:56
/Users/vagner/Desenvolvimento/python/clubify-checkout/sdk/php/tests/Unit/Orders/OrdersModuleTest.php:44</error>
        </testcase>
        <testcase name="it_can_get_revenue_statistics" file="/Users/vagner/Desenvolvimento/python/clubify-checkout/sdk/php/tests/Unit/Orders/OrdersModuleTest.php" line="370" class="Clubify\Checkout\Tests\Unit\Orders\OrdersModuleTest" classname="Clubify.Checkout.Tests.Unit.Orders.OrdersModuleTest" assertions="0" time="0.000000">
          <error type="InvalidArgumentException">Clubify\Checkout\Tests\Unit\Orders\OrdersModuleTest::it_can_get_revenue_statistics
InvalidArgumentException: getLogger() cannot be mocked as it is a private method

/Users/vagner/Desenvolvimento/python/clubify-checkout/sdk/php/vendor/mockery/mockery/library/Mockery.php:742
/Users/vagner/Desenvolvimento/python/clubify-checkout/sdk/php/vendor/mockery/mockery/library/Mockery.php:754
/Users/vagner/Desenvolvimento/python/clubify-checkout/sdk/php/vendor/mockery/mockery/library/Mockery.php:574
/Users/vagner/Desenvolvimento/python/clubify-checkout/sdk/php/tests/TestCase.php:222
/Users/vagner/Desenvolvimento/python/clubify-checkout/sdk/php/tests/TestCase.php:441
/Users/vagner/Desenvolvimento/python/clubify-checkout/sdk/php/tests/TestCase.php:56
/Users/vagner/Desenvolvimento/python/clubify-checkout/sdk/php/tests/Unit/Orders/OrdersModuleTest.php:44</error>
        </testcase>
        <testcase name="it_performs_health_check" file="/Users/vagner/Desenvolvimento/python/clubify-checkout/sdk/php/tests/Unit/Orders/OrdersModuleTest.php" line="401" class="Clubify\Checkout\Tests\Unit\Orders\OrdersModuleTest" classname="Clubify.Checkout.Tests.Unit.Orders.OrdersModuleTest" assertions="0" time="0.000000">
          <error type="InvalidArgumentException">Clubify\Checkout\Tests\Unit\Orders\OrdersModuleTest::it_performs_health_check
InvalidArgumentException: getLogger() cannot be mocked as it is a private method

/Users/vagner/Desenvolvimento/python/clubify-checkout/sdk/php/vendor/mockery/mockery/library/Mockery.php:742
/Users/vagner/Desenvolvimento/python/clubify-checkout/sdk/php/vendor/mockery/mockery/library/Mockery.php:754
/Users/vagner/Desenvolvimento/python/clubify-checkout/sdk/php/vendor/mockery/mockery/library/Mockery.php:574
/Users/vagner/Desenvolvimento/python/clubify-checkout/sdk/php/tests/TestCase.php:222
/Users/vagner/Desenvolvimento/python/clubify-checkout/sdk/php/tests/TestCase.php:441
/Users/vagner/Desenvolvimento/python/clubify-checkout/sdk/php/tests/TestCase.php:56
/Users/vagner/Desenvolvimento/python/clubify-checkout/sdk/php/tests/Unit/Orders/OrdersModuleTest.php:44</error>
        </testcase>
        <testcase name="it_can_bulk_update_orders" file="/Users/vagner/Desenvolvimento/python/clubify-checkout/sdk/php/tests/Unit/Orders/OrdersModuleTest.php" line="430" class="Clubify\Checkout\Tests\Unit\Orders\OrdersModuleTest" classname="Clubify.Checkout.Tests.Unit.Orders.OrdersModuleTest" assertions="0" time="0.000000">
          <error type="InvalidArgumentException">Clubify\Checkout\Tests\Unit\Orders\OrdersModuleTest::it_can_bulk_update_orders
InvalidArgumentException: getLogger() cannot be mocked as it is a private method

/Users/vagner/Desenvolvimento/python/clubify-checkout/sdk/php/vendor/mockery/mockery/library/Mockery.php:742
/Users/vagner/Desenvolvimento/python/clubify-checkout/sdk/php/vendor/mockery/mockery/library/Mockery.php:754
/Users/vagner/Desenvolvimento/python/clubify-checkout/sdk/php/vendor/mockery/mockery/library/Mockery.php:574
/Users/vagner/Desenvolvimento/python/clubify-checkout/sdk/php/tests/TestCase.php:222
/Users/vagner/Desenvolvimento/python/clubify-checkout/sdk/php/tests/TestCase.php:441
/Users/vagner/Desenvolvimento/python/clubify-checkout/sdk/php/tests/TestCase.php:56
/Users/vagner/Desenvolvimento/python/clubify-checkout/sdk/php/tests/Unit/Orders/OrdersModuleTest.php:44</error>
        </testcase>
        <testcase name="it_can_cleanup_properly" file="/Users/vagner/Desenvolvimento/python/clubify-checkout/sdk/php/tests/Unit/Orders/OrdersModuleTest.php" line="464" class="Clubify\Checkout\Tests\Unit\Orders\OrdersModuleTest" classname="Clubify.Checkout.Tests.Unit.Orders.OrdersModuleTest" assertions="0" time="0.000000">
          <error type="InvalidArgumentException">Clubify\Checkout\Tests\Unit\Orders\OrdersModuleTest::it_can_cleanup_properly
InvalidArgumentException: getLogger() cannot be mocked as it is a private method

/Users/vagner/Desenvolvimento/python/clubify-checkout/sdk/php/vendor/mockery/mockery/library/Mockery.php:742
/Users/vagner/Desenvolvimento/python/clubify-checkout/sdk/php/vendor/mockery/mockery/library/Mockery.php:754
/Users/vagner/Desenvolvimento/python/clubify-checkout/sdk/php/vendor/mockery/mockery/library/Mockery.php:574
/Users/vagner/Desenvolvimento/python/clubify-checkout/sdk/php/tests/TestCase.php:222
/Users/vagner/Desenvolvimento/python/clubify-checkout/sdk/php/tests/TestCase.php:441
/Users/vagner/Desenvolvimento/python/clubify-checkout/sdk/php/tests/TestCase.php:56
/Users/vagner/Desenvolvimento/python/clubify-checkout/sdk/php/tests/Unit/Orders/OrdersModuleTest.php:44</error>
        </testcase>
        <testcase name="it_returns_stats" file="/Users/vagner/Desenvolvimento/python/clubify-checkout/sdk/php/tests/Unit/Orders/OrdersModuleTest.php" line="478" class="Clubify\Checkout\Tests\Unit\Orders\OrdersModuleTest" classname="Clubify.Checkout.Tests.Unit.Orders.OrdersModuleTest" assertions="0" time="0.000000">
          <error type="InvalidArgumentException">Clubify\Checkout\Tests\Unit\Orders\OrdersModuleTest::it_returns_stats
InvalidArgumentException: getLogger() cannot be mocked as it is a private method

/Users/vagner/Desenvolvimento/python/clubify-checkout/sdk/php/vendor/mockery/mockery/library/Mockery.php:742
/Users/vagner/Desenvolvimento/python/clubify-checkout/sdk/php/vendor/mockery/mockery/library/Mockery.php:754
/Users/vagner/Desenvolvimento/python/clubify-checkout/sdk/php/vendor/mockery/mockery/library/Mockery.php:574
/Users/vagner/Desenvolvimento/python/clubify-checkout/sdk/php/tests/TestCase.php:222
/Users/vagner/Desenvolvimento/python/clubify-checkout/sdk/php/tests/TestCase.php:441
/Users/vagner/Desenvolvimento/python/clubify-checkout/sdk/php/tests/TestCase.php:56
/Users/vagner/Desenvolvimento/python/clubify-checkout/sdk/php/tests/Unit/Orders/OrdersModuleTest.php:44</error>
        </testcase>
        <testcase name="it_handles_invalid_operations_gracefully" file="/Users/vagner/Desenvolvimento/python/clubify-checkout/sdk/php/tests/Unit/Orders/OrdersModuleTest.php" line="500" class="Clubify\Checkout\Tests\Unit\Orders\OrdersModuleTest" classname="Clubify.Checkout.Tests.Unit.Orders.OrdersModuleTest" assertions="0" time="0.000000">
          <error type="InvalidArgumentException">Clubify\Checkout\Tests\Unit\Orders\OrdersModuleTest::it_handles_invalid_operations_gracefully
InvalidArgumentException: getLogger() cannot be mocked as it is a private method

/Users/vagner/Desenvolvimento/python/clubify-checkout/sdk/php/vendor/mockery/mockery/library/Mockery.php:742
/Users/vagner/Desenvolvimento/python/clubify-checkout/sdk/php/vendor/mockery/mockery/library/Mockery.php:754
/Users/vagner/Desenvolvimento/python/clubify-checkout/sdk/php/vendor/mockery/mockery/library/Mockery.php:574
/Users/vagner/Desenvolvimento/python/clubify-checkout/sdk/php/tests/TestCase.php:222
/Users/vagner/Desenvolvimento/python/clubify-checkout/sdk/php/tests/TestCase.php:441
/Users/vagner/Desenvolvimento/python/clubify-checkout/sdk/php/tests/TestCase.php:56
/Users/vagner/Desenvolvimento/python/clubify-checkout/sdk/php/tests/Unit/Orders/OrdersModuleTest.php:44</error>
        </testcase>
        <testcase name="it_validates_order_data" file="/Users/vagner/Desenvolvimento/python/clubify-checkout/sdk/php/tests/Unit/Orders/OrdersModuleTest.php" line="524" class="Clubify\Checkout\Tests\Unit\Orders\OrdersModuleTest" classname="Clubify.Checkout.Tests.Unit.Orders.OrdersModuleTest" assertions="0" time="0.000000">
          <error type="InvalidArgumentException">Clubify\Checkout\Tests\Unit\Orders\OrdersModuleTest::it_validates_order_data
InvalidArgumentException: getLogger() cannot be mocked as it is a private method

/Users/vagner/Desenvolvimento/python/clubify-checkout/sdk/php/vendor/mockery/mockery/library/Mockery.php:742
/Users/vagner/Desenvolvimento/python/clubify-checkout/sdk/php/vendor/mockery/mockery/library/Mockery.php:754
/Users/vagner/Desenvolvimento/python/clubify-checkout/sdk/php/vendor/mockery/mockery/library/Mockery.php:574
/Users/vagner/Desenvolvimento/python/clubify-checkout/sdk/php/tests/TestCase.php:222
/Users/vagner/Desenvolvimento/python/clubify-checkout/sdk/php/tests/TestCase.php:441
/Users/vagner/Desenvolvimento/python/clubify-checkout/sdk/php/tests/TestCase.php:56
/Users/vagner/Desenvolvimento/python/clubify-checkout/sdk/php/tests/Unit/Orders/OrdersModuleTest.php:44</error>
        </testcase>
      </testsuite>
    </testsuite>
    <testsuite name="Subscriptions Module" tests="24" assertions="0" errors="24" failures="0" skipped="0" time="0.000000">
      <testsuite name="Clubify\Checkout\Tests\Unit\Subscriptions\SubscriptionsModuleTest" file="/Users/vagner/Desenvolvimento/python/clubify-checkout/sdk/php/tests/Unit/Subscriptions/SubscriptionsModuleTest.php" tests="24" assertions="0" errors="24" failures="0" skipped="0" time="0.000000">
        <testcase name="it_can_be_instantiated" file="/Users/vagner/Desenvolvimento/python/clubify-checkout/sdk/php/tests/Unit/Subscriptions/SubscriptionsModuleTest.php" line="58" class="Clubify\Checkout\Tests\Unit\Subscriptions\SubscriptionsModuleTest" classname="Clubify.Checkout.Tests.Unit.Subscriptions.SubscriptionsModuleTest" assertions="0" time="0.000000">
          <error type="InvalidArgumentException">Clubify\Checkout\Tests\Unit\Subscriptions\SubscriptionsModuleTest::it_can_be_instantiated
InvalidArgumentException: getLogger() cannot be mocked as it is a private method

/Users/vagner/Desenvolvimento/python/clubify-checkout/sdk/php/vendor/mockery/mockery/library/Mockery.php:742
/Users/vagner/Desenvolvimento/python/clubify-checkout/sdk/php/vendor/mockery/mockery/library/Mockery.php:754
/Users/vagner/Desenvolvimento/python/clubify-checkout/sdk/php/vendor/mockery/mockery/library/Mockery.php:574
/Users/vagner/Desenvolvimento/python/clubify-checkout/sdk/php/tests/TestCase.php:222
/Users/vagner/Desenvolvimento/python/clubify-checkout/sdk/php/tests/TestCase.php:441
/Users/vagner/Desenvolvimento/python/clubify-checkout/sdk/php/tests/TestCase.php:56
/Users/vagner/Desenvolvimento/python/clubify-checkout/sdk/php/tests/Unit/Subscriptions/SubscriptionsModuleTest.php:44</error>
        </testcase>
        <testcase name="it_can_be_initialized" file="/Users/vagner/Desenvolvimento/python/clubify-checkout/sdk/php/tests/Unit/Subscriptions/SubscriptionsModuleTest.php" line="67" class="Clubify\Checkout\Tests\Unit\Subscriptions\SubscriptionsModuleTest" classname="Clubify.Checkout.Tests.Unit.Subscriptions.SubscriptionsModuleTest" assertions="0" time="0.000000">
          <error type="InvalidArgumentException">Clubify\Checkout\Tests\Unit\Subscriptions\SubscriptionsModuleTest::it_can_be_initialized
InvalidArgumentException: getLogger() cannot be mocked as it is a private method

/Users/vagner/Desenvolvimento/python/clubify-checkout/sdk/php/vendor/mockery/mockery/library/Mockery.php:742
/Users/vagner/Desenvolvimento/python/clubify-checkout/sdk/php/vendor/mockery/mockery/library/Mockery.php:754
/Users/vagner/Desenvolvimento/python/clubify-checkout/sdk/php/vendor/mockery/mockery/library/Mockery.php:574
/Users/vagner/Desenvolvimento/python/clubify-checkout/sdk/php/tests/TestCase.php:222
/Users/vagner/Desenvolvimento/python/clubify-checkout/sdk/php/tests/TestCase.php:441
/Users/vagner/Desenvolvimento/python/clubify-checkout/sdk/php/tests/TestCase.php:56
/Users/vagner/Desenvolvimento/python/clubify-checkout/sdk/php/tests/Unit/Subscriptions/SubscriptionsModuleTest.php:44</error>
        </testcase>
        <testcase name="it_returns_correct_dependencies" file="/Users/vagner/Desenvolvimento/python/clubify-checkout/sdk/php/tests/Unit/Subscriptions/SubscriptionsModuleTest.php" line="79" class="Clubify\Checkout\Tests\Unit\Subscriptions\SubscriptionsModuleTest" classname="Clubify.Checkout.Tests.Unit.Subscriptions.SubscriptionsModuleTest" assertions="0" time="0.000000">
          <error type="InvalidArgumentException">Clubify\Checkout\Tests\Unit\Subscriptions\SubscriptionsModuleTest::it_returns_correct_dependencies
InvalidArgumentException: getLogger() cannot be mocked as it is a private method

/Users/vagner/Desenvolvimento/python/clubify-checkout/sdk/php/vendor/mockery/mockery/library/Mockery.php:742
/Users/vagner/Desenvolvimento/python/clubify-checkout/sdk/php/vendor/mockery/mockery/library/Mockery.php:754
/Users/vagner/Desenvolvimento/python/clubify-checkout/sdk/php/vendor/mockery/mockery/library/Mockery.php:574
/Users/vagner/Desenvolvimento/python/clubify-checkout/sdk/php/tests/TestCase.php:222
/Users/vagner/Desenvolvimento/python/clubify-checkout/sdk/php/tests/TestCase.php:441
/Users/vagner/Desenvolvimento/python/clubify-checkout/sdk/php/tests/TestCase.php:56
/Users/vagner/Desenvolvimento/python/clubify-checkout/sdk/php/tests/Unit/Subscriptions/SubscriptionsModuleTest.php:44</error>
        </testcase>
        <testcase name="it_throws_exception_when_not_initialized" file="/Users/vagner/Desenvolvimento/python/clubify-checkout/sdk/php/tests/Unit/Subscriptions/SubscriptionsModuleTest.php" line="90" class="Clubify\Checkout\Tests\Unit\Subscriptions\SubscriptionsModuleTest" classname="Clubify.Checkout.Tests.Unit.Subscriptions.SubscriptionsModuleTest" assertions="0" time="0.000000">
          <error type="InvalidArgumentException">Clubify\Checkout\Tests\Unit\Subscriptions\SubscriptionsModuleTest::it_throws_exception_when_not_initialized
InvalidArgumentException: getLogger() cannot be mocked as it is a private method

/Users/vagner/Desenvolvimento/python/clubify-checkout/sdk/php/vendor/mockery/mockery/library/Mockery.php:742
/Users/vagner/Desenvolvimento/python/clubify-checkout/sdk/php/vendor/mockery/mockery/library/Mockery.php:754
/Users/vagner/Desenvolvimento/python/clubify-checkout/sdk/php/vendor/mockery/mockery/library/Mockery.php:574
/Users/vagner/Desenvolvimento/python/clubify-checkout/sdk/php/tests/TestCase.php:222
/Users/vagner/Desenvolvimento/python/clubify-checkout/sdk/php/tests/TestCase.php:441
/Users/vagner/Desenvolvimento/python/clubify-checkout/sdk/php/tests/TestCase.php:56
/Users/vagner/Desenvolvimento/python/clubify-checkout/sdk/php/tests/Unit/Subscriptions/SubscriptionsModuleTest.php:44</error>
        </testcase>
        <testcase name="it_can_create_subscription" file="/Users/vagner/Desenvolvimento/python/clubify-checkout/sdk/php/tests/Unit/Subscriptions/SubscriptionsModuleTest.php" line="99" class="Clubify\Checkout\Tests\Unit\Subscriptions\SubscriptionsModuleTest" classname="Clubify.Checkout.Tests.Unit.Subscriptions.SubscriptionsModuleTest" assertions="0" time="0.000000">
          <error type="InvalidArgumentException">Clubify\Checkout\Tests\Unit\Subscriptions\SubscriptionsModuleTest::it_can_create_subscription
InvalidArgumentException: getLogger() cannot be mocked as it is a private method

/Users/vagner/Desenvolvimento/python/clubify-checkout/sdk/php/vendor/mockery/mockery/library/Mockery.php:742
/Users/vagner/Desenvolvimento/python/clubify-checkout/sdk/php/vendor/mockery/mockery/library/Mockery.php:754
/Users/vagner/Desenvolvimento/python/clubify-checkout/sdk/php/vendor/mockery/mockery/library/Mockery.php:574
/Users/vagner/Desenvolvimento/python/clubify-checkout/sdk/php/tests/TestCase.php:222
/Users/vagner/Desenvolvimento/python/clubify-checkout/sdk/php/tests/TestCase.php:441
/Users/vagner/Desenvolvimento/python/clubify-checkout/sdk/php/tests/TestCase.php:56
/Users/vagner/Desenvolvimento/python/clubify-checkout/sdk/php/tests/Unit/Subscriptions/SubscriptionsModuleTest.php:44</error>
        </testcase>
        <testcase name="it_can_get_subscription" file="/Users/vagner/Desenvolvimento/python/clubify-checkout/sdk/php/tests/Unit/Subscriptions/SubscriptionsModuleTest.php" line="125" class="Clubify\Checkout\Tests\Unit\Subscriptions\SubscriptionsModuleTest" classname="Clubify.Checkout.Tests.Unit.Subscriptions.SubscriptionsModuleTest" assertions="0" time="0.000000">
          <error type="InvalidArgumentException">Clubify\Checkout\Tests\Unit\Subscriptions\SubscriptionsModuleTest::it_can_get_subscription
InvalidArgumentException: getLogger() cannot be mocked as it is a private method

/Users/vagner/Desenvolvimento/python/clubify-checkout/sdk/php/vendor/mockery/mockery/library/Mockery.php:742
/Users/vagner/Desenvolvimento/python/clubify-checkout/sdk/php/vendor/mockery/mockery/library/Mockery.php:754
/Users/vagner/Desenvolvimento/python/clubify-checkout/sdk/php/vendor/mockery/mockery/library/Mockery.php:574
/Users/vagner/Desenvolvimento/python/clubify-checkout/sdk/php/tests/TestCase.php:222
/Users/vagner/Desenvolvimento/python/clubify-checkout/sdk/php/tests/TestCase.php:441
/Users/vagner/Desenvolvimento/python/clubify-checkout/sdk/php/tests/TestCase.php:56
/Users/vagner/Desenvolvimento/python/clubify-checkout/sdk/php/tests/Unit/Subscriptions/SubscriptionsModuleTest.php:44</error>
        </testcase>
        <testcase name="it_can_list_subscriptions" file="/Users/vagner/Desenvolvimento/python/clubify-checkout/sdk/php/tests/Unit/Subscriptions/SubscriptionsModuleTest.php" line="151" class="Clubify\Checkout\Tests\Unit\Subscriptions\SubscriptionsModuleTest" classname="Clubify.Checkout.Tests.Unit.Subscriptions.SubscriptionsModuleTest" assertions="0" time="0.000000">
          <error type="InvalidArgumentException">Clubify\Checkout\Tests\Unit\Subscriptions\SubscriptionsModuleTest::it_can_list_subscriptions
InvalidArgumentException: getLogger() cannot be mocked as it is a private method

/Users/vagner/Desenvolvimento/python/clubify-checkout/sdk/php/vendor/mockery/mockery/library/Mockery.php:742
/Users/vagner/Desenvolvimento/python/clubify-checkout/sdk/php/vendor/mockery/mockery/library/Mockery.php:754
/Users/vagner/Desenvolvimento/python/clubify-checkout/sdk/php/vendor/mockery/mockery/library/Mockery.php:574
/Users/vagner/Desenvolvimento/python/clubify-checkout/sdk/php/tests/TestCase.php:222
/Users/vagner/Desenvolvimento/python/clubify-checkout/sdk/php/tests/TestCase.php:441
/Users/vagner/Desenvolvimento/python/clubify-checkout/sdk/php/tests/TestCase.php:56
/Users/vagner/Desenvolvimento/python/clubify-checkout/sdk/php/tests/Unit/Subscriptions/SubscriptionsModuleTest.php:44</error>
        </testcase>
        <testcase name="it_can_pause_subscription" file="/Users/vagner/Desenvolvimento/python/clubify-checkout/sdk/php/tests/Unit/Subscriptions/SubscriptionsModuleTest.php" line="184" class="Clubify\Checkout\Tests\Unit\Subscriptions\SubscriptionsModuleTest" classname="Clubify.Checkout.Tests.Unit.Subscriptions.SubscriptionsModuleTest" assertions="0" time="0.000000">
          <error type="InvalidArgumentException">Clubify\Checkout\Tests\Unit\Subscriptions\SubscriptionsModuleTest::it_can_pause_subscription
InvalidArgumentException: getLogger() cannot be mocked as it is a private method

/Users/vagner/Desenvolvimento/python/clubify-checkout/sdk/php/vendor/mockery/mockery/library/Mockery.php:742
/Users/vagner/Desenvolvimento/python/clubify-checkout/sdk/php/vendor/mockery/mockery/library/Mockery.php:754
/Users/vagner/Desenvolvimento/python/clubify-checkout/sdk/php/vendor/mockery/mockery/library/Mockery.php:574
/Users/vagner/Desenvolvimento/python/clubify-checkout/sdk/php/tests/TestCase.php:222
/Users/vagner/Desenvolvimento/python/clubify-checkout/sdk/php/tests/TestCase.php:441
/Users/vagner/Desenvolvimento/python/clubify-checkout/sdk/php/tests/TestCase.php:56
/Users/vagner/Desenvolvimento/python/clubify-checkout/sdk/php/tests/Unit/Subscriptions/SubscriptionsModuleTest.php:44</error>
        </testcase>
        <testcase name="it_can_resume_subscription" file="/Users/vagner/Desenvolvimento/python/clubify-checkout/sdk/php/tests/Unit/Subscriptions/SubscriptionsModuleTest.php" line="209" class="Clubify\Checkout\Tests\Unit\Subscriptions\SubscriptionsModuleTest" classname="Clubify.Checkout.Tests.Unit.Subscriptions.SubscriptionsModuleTest" assertions="0" time="0.000000">
          <error type="InvalidArgumentException">Clubify\Checkout\Tests\Unit\Subscriptions\SubscriptionsModuleTest::it_can_resume_subscription
InvalidArgumentException: getLogger() cannot be mocked as it is a private method

/Users/vagner/Desenvolvimento/python/clubify-checkout/sdk/php/vendor/mockery/mockery/library/Mockery.php:742
/Users/vagner/Desenvolvimento/python/clubify-checkout/sdk/php/vendor/mockery/mockery/library/Mockery.php:754
/Users/vagner/Desenvolvimento/python/clubify-checkout/sdk/php/vendor/mockery/mockery/library/Mockery.php:574
/Users/vagner/Desenvolvimento/python/clubify-checkout/sdk/php/tests/TestCase.php:222
/Users/vagner/Desenvolvimento/python/clubify-checkout/sdk/php/tests/TestCase.php:441
/Users/vagner/Desenvolvimento/python/clubify-checkout/sdk/php/tests/TestCase.php:56
/Users/vagner/Desenvolvimento/python/clubify-checkout/sdk/php/tests/Unit/Subscriptions/SubscriptionsModuleTest.php:44</error>
        </testcase>
        <testcase name="it_can_cancel_subscription" file="/Users/vagner/Desenvolvimento/python/clubify-checkout/sdk/php/tests/Unit/Subscriptions/SubscriptionsModuleTest.php" line="234" class="Clubify\Checkout\Tests\Unit\Subscriptions\SubscriptionsModuleTest" classname="Clubify.Checkout.Tests.Unit.Subscriptions.SubscriptionsModuleTest" assertions="0" time="0.000000">
          <error type="InvalidArgumentException">Clubify\Checkout\Tests\Unit\Subscriptions\SubscriptionsModuleTest::it_can_cancel_subscription
InvalidArgumentException: getLogger() cannot be mocked as it is a private method

/Users/vagner/Desenvolvimento/python/clubify-checkout/sdk/php/vendor/mockery/mockery/library/Mockery.php:742
/Users/vagner/Desenvolvimento/python/clubify-checkout/sdk/php/vendor/mockery/mockery/library/Mockery.php:754
/Users/vagner/Desenvolvimento/python/clubify-checkout/sdk/php/vendor/mockery/mockery/library/Mockery.php:574
/Users/vagner/Desenvolvimento/python/clubify-checkout/sdk/php/tests/TestCase.php:222
/Users/vagner/Desenvolvimento/python/clubify-checkout/sdk/php/tests/TestCase.php:441
/Users/vagner/Desenvolvimento/python/clubify-checkout/sdk/php/tests/TestCase.php:56
/Users/vagner/Desenvolvimento/python/clubify-checkout/sdk/php/tests/Unit/Subscriptions/SubscriptionsModuleTest.php:44</error>
        </testcase>
        <testcase name="it_can_upgrade_subscription" file="/Users/vagner/Desenvolvimento/python/clubify-checkout/sdk/php/tests/Unit/Subscriptions/SubscriptionsModuleTest.php" line="261" class="Clubify\Checkout\Tests\Unit\Subscriptions\SubscriptionsModuleTest" classname="Clubify.Checkout.Tests.Unit.Subscriptions.SubscriptionsModuleTest" assertions="0" time="0.000000">
          <error type="InvalidArgumentException">Clubify\Checkout\Tests\Unit\Subscriptions\SubscriptionsModuleTest::it_can_upgrade_subscription
InvalidArgumentException: getLogger() cannot be mocked as it is a private method

/Users/vagner/Desenvolvimento/python/clubify-checkout/sdk/php/vendor/mockery/mockery/library/Mockery.php:742
/Users/vagner/Desenvolvimento/python/clubify-checkout/sdk/php/vendor/mockery/mockery/library/Mockery.php:754
/Users/vagner/Desenvolvimento/python/clubify-checkout/sdk/php/vendor/mockery/mockery/library/Mockery.php:574
/Users/vagner/Desenvolvimento/python/clubify-checkout/sdk/php/tests/TestCase.php:222
/Users/vagner/Desenvolvimento/python/clubify-checkout/sdk/php/tests/TestCase.php:441
/Users/vagner/Desenvolvimento/python/clubify-checkout/sdk/php/tests/TestCase.php:56
/Users/vagner/Desenvolvimento/python/clubify-checkout/sdk/php/tests/Unit/Subscriptions/SubscriptionsModuleTest.php:44</error>
        </testcase>
        <testcase name="it_can_downgrade_subscription" file="/Users/vagner/Desenvolvimento/python/clubify-checkout/sdk/php/tests/Unit/Subscriptions/SubscriptionsModuleTest.php" line="293" class="Clubify\Checkout\Tests\Unit\Subscriptions\SubscriptionsModuleTest" classname="Clubify.Checkout.Tests.Unit.Subscriptions.SubscriptionsModuleTest" assertions="0" time="0.000000">
          <error type="InvalidArgumentException">Clubify\Checkout\Tests\Unit\Subscriptions\SubscriptionsModuleTest::it_can_downgrade_subscription
InvalidArgumentException: getLogger() cannot be mocked as it is a private method

/Users/vagner/Desenvolvimento/python/clubify-checkout/sdk/php/vendor/mockery/mockery/library/Mockery.php:742
/Users/vagner/Desenvolvimento/python/clubify-checkout/sdk/php/vendor/mockery/mockery/library/Mockery.php:754
/Users/vagner/Desenvolvimento/python/clubify-checkout/sdk/php/vendor/mockery/mockery/library/Mockery.php:574
/Users/vagner/Desenvolvimento/python/clubify-checkout/sdk/php/tests/TestCase.php:222
/Users/vagner/Desenvolvimento/python/clubify-checkout/sdk/php/tests/TestCase.php:441
/Users/vagner/Desenvolvimento/python/clubify-checkout/sdk/php/tests/TestCase.php:56
/Users/vagner/Desenvolvimento/python/clubify-checkout/sdk/php/tests/Unit/Subscriptions/SubscriptionsModuleTest.php:44</error>
        </testcase>
        <testcase name="it_can_create_subscription_plan" file="/Users/vagner/Desenvolvimento/python/clubify-checkout/sdk/php/tests/Unit/Subscriptions/SubscriptionsModuleTest.php" line="325" class="Clubify\Checkout\Tests\Unit\Subscriptions\SubscriptionsModuleTest" classname="Clubify.Checkout.Tests.Unit.Subscriptions.SubscriptionsModuleTest" assertions="0" time="0.000000">
          <error type="InvalidArgumentException">Clubify\Checkout\Tests\Unit\Subscriptions\SubscriptionsModuleTest::it_can_create_subscription_plan
InvalidArgumentException: getLogger() cannot be mocked as it is a private method

/Users/vagner/Desenvolvimento/python/clubify-checkout/sdk/php/vendor/mockery/mockery/library/Mockery.php:742
/Users/vagner/Desenvolvimento/python/clubify-checkout/sdk/php/vendor/mockery/mockery/library/Mockery.php:754
/Users/vagner/Desenvolvimento/python/clubify-checkout/sdk/php/vendor/mockery/mockery/library/Mockery.php:574
/Users/vagner/Desenvolvimento/python/clubify-checkout/sdk/php/tests/TestCase.php:222
/Users/vagner/Desenvolvimento/python/clubify-checkout/sdk/php/tests/TestCase.php:441
/Users/vagner/Desenvolvimento/python/clubify-checkout/sdk/php/tests/TestCase.php:56
/Users/vagner/Desenvolvimento/python/clubify-checkout/sdk/php/tests/Unit/Subscriptions/SubscriptionsModuleTest.php:44</error>
        </testcase>
        <testcase name="it_can_get_subscription_plan" file="/Users/vagner/Desenvolvimento/python/clubify-checkout/sdk/php/tests/Unit/Subscriptions/SubscriptionsModuleTest.php" line="358" class="Clubify\Checkout\Tests\Unit\Subscriptions\SubscriptionsModuleTest" classname="Clubify.Checkout.Tests.Unit.Subscriptions.SubscriptionsModuleTest" assertions="0" time="0.000000">
          <error type="InvalidArgumentException">Clubify\Checkout\Tests\Unit\Subscriptions\SubscriptionsModuleTest::it_can_get_subscription_plan
InvalidArgumentException: getLogger() cannot be mocked as it is a private method

/Users/vagner/Desenvolvimento/python/clubify-checkout/sdk/php/vendor/mockery/mockery/library/Mockery.php:742
/Users/vagner/Desenvolvimento/python/clubify-checkout/sdk/php/vendor/mockery/mockery/library/Mockery.php:754
/Users/vagner/Desenvolvimento/python/clubify-checkout/sdk/php/vendor/mockery/mockery/library/Mockery.php:574
/Users/vagner/Desenvolvimento/python/clubify-checkout/sdk/php/tests/TestCase.php:222
/Users/vagner/Desenvolvimento/python/clubify-checkout/sdk/php/tests/TestCase.php:441
/Users/vagner/Desenvolvimento/python/clubify-checkout/sdk/php/tests/TestCase.php:56
/Users/vagner/Desenvolvimento/python/clubify-checkout/sdk/php/tests/Unit/Subscriptions/SubscriptionsModuleTest.php:44</error>
        </testcase>
        <testcase name="it_can_list_subscription_plans" file="/Users/vagner/Desenvolvimento/python/clubify-checkout/sdk/php/tests/Unit/Subscriptions/SubscriptionsModuleTest.php" line="389" class="Clubify\Checkout\Tests\Unit\Subscriptions\SubscriptionsModuleTest" classname="Clubify.Checkout.Tests.Unit.Subscriptions.SubscriptionsModuleTest" assertions="0" time="0.000000">
          <error type="InvalidArgumentException">Clubify\Checkout\Tests\Unit\Subscriptions\SubscriptionsModuleTest::it_can_list_subscription_plans
InvalidArgumentException: getLogger() cannot be mocked as it is a private method

/Users/vagner/Desenvolvimento/python/clubify-checkout/sdk/php/vendor/mockery/mockery/library/Mockery.php:742
/Users/vagner/Desenvolvimento/python/clubify-checkout/sdk/php/vendor/mockery/mockery/library/Mockery.php:754
/Users/vagner/Desenvolvimento/python/clubify-checkout/sdk/php/vendor/mockery/mockery/library/Mockery.php:574
/Users/vagner/Desenvolvimento/python/clubify-checkout/sdk/php/tests/TestCase.php:222
/Users/vagner/Desenvolvimento/python/clubify-checkout/sdk/php/tests/TestCase.php:441
/Users/vagner/Desenvolvimento/python/clubify-checkout/sdk/php/tests/TestCase.php:56
/Users/vagner/Desenvolvimento/python/clubify-checkout/sdk/php/tests/Unit/Subscriptions/SubscriptionsModuleTest.php:44</error>
        </testcase>
        <testcase name="it_can_process_billing" file="/Users/vagner/Desenvolvimento/python/clubify-checkout/sdk/php/tests/Unit/Subscriptions/SubscriptionsModuleTest.php" line="421" class="Clubify\Checkout\Tests\Unit\Subscriptions\SubscriptionsModuleTest" classname="Clubify.Checkout.Tests.Unit.Subscriptions.SubscriptionsModuleTest" assertions="0" time="0.000000">
          <error type="InvalidArgumentException">Clubify\Checkout\Tests\Unit\Subscriptions\SubscriptionsModuleTest::it_can_process_billing
InvalidArgumentException: getLogger() cannot be mocked as it is a private method

/Users/vagner/Desenvolvimento/python/clubify-checkout/sdk/php/vendor/mockery/mockery/library/Mockery.php:742
/Users/vagner/Desenvolvimento/python/clubify-checkout/sdk/php/vendor/mockery/mockery/library/Mockery.php:754
/Users/vagner/Desenvolvimento/python/clubify-checkout/sdk/php/vendor/mockery/mockery/library/Mockery.php:574
/Users/vagner/Desenvolvimento/python/clubify-checkout/sdk/php/tests/TestCase.php:222
/Users/vagner/Desenvolvimento/python/clubify-checkout/sdk/php/tests/TestCase.php:441
/Users/vagner/Desenvolvimento/python/clubify-checkout/sdk/php/tests/TestCase.php:56
/Users/vagner/Desenvolvimento/python/clubify-checkout/sdk/php/tests/Unit/Subscriptions/SubscriptionsModuleTest.php:44</error>
        </testcase>
        <testcase name="it_can_retry_failed_billing" file="/Users/vagner/Desenvolvimento/python/clubify-checkout/sdk/php/tests/Unit/Subscriptions/SubscriptionsModuleTest.php" line="452" class="Clubify\Checkout\Tests\Unit\Subscriptions\SubscriptionsModuleTest" classname="Clubify.Checkout.Tests.Unit.Subscriptions.SubscriptionsModuleTest" assertions="0" time="0.000000">
          <error type="InvalidArgumentException">Clubify\Checkout\Tests\Unit\Subscriptions\SubscriptionsModuleTest::it_can_retry_failed_billing
InvalidArgumentException: getLogger() cannot be mocked as it is a private method

/Users/vagner/Desenvolvimento/python/clubify-checkout/sdk/php/vendor/mockery/mockery/library/Mockery.php:742
/Users/vagner/Desenvolvimento/python/clubify-checkout/sdk/php/vendor/mockery/mockery/library/Mockery.php:754
/Users/vagner/Desenvolvimento/python/clubify-checkout/sdk/php/vendor/mockery/mockery/library/Mockery.php:574
/Users/vagner/Desenvolvimento/python/clubify-checkout/sdk/php/tests/TestCase.php:222
/Users/vagner/Desenvolvimento/python/clubify-checkout/sdk/php/tests/TestCase.php:441
/Users/vagner/Desenvolvimento/python/clubify-checkout/sdk/php/tests/TestCase.php:56
/Users/vagner/Desenvolvimento/python/clubify-checkout/sdk/php/tests/Unit/Subscriptions/SubscriptionsModuleTest.php:44</error>
        </testcase>
        <testcase name="it_can_get_subscription_metrics" file="/Users/vagner/Desenvolvimento/python/clubify-checkout/sdk/php/tests/Unit/Subscriptions/SubscriptionsModuleTest.php" line="477" class="Clubify\Checkout\Tests\Unit\Subscriptions\SubscriptionsModuleTest" classname="Clubify.Checkout.Tests.Unit.Subscriptions.SubscriptionsModuleTest" assertions="0" time="0.000000">
          <error type="InvalidArgumentException">Clubify\Checkout\Tests\Unit\Subscriptions\SubscriptionsModuleTest::it_can_get_subscription_metrics
InvalidArgumentException: getLogger() cannot be mocked as it is a private method

/Users/vagner/Desenvolvimento/python/clubify-checkout/sdk/php/vendor/mockery/mockery/library/Mockery.php:742
/Users/vagner/Desenvolvimento/python/clubify-checkout/sdk/php/vendor/mockery/mockery/library/Mockery.php:754
/Users/vagner/Desenvolvimento/python/clubify-checkout/sdk/php/vendor/mockery/mockery/library/Mockery.php:574
/Users/vagner/Desenvolvimento/python/clubify-checkout/sdk/php/tests/TestCase.php:222
/Users/vagner/Desenvolvimento/python/clubify-checkout/sdk/php/tests/TestCase.php:441
/Users/vagner/Desenvolvimento/python/clubify-checkout/sdk/php/tests/TestCase.php:56
/Users/vagner/Desenvolvimento/python/clubify-checkout/sdk/php/tests/Unit/Subscriptions/SubscriptionsModuleTest.php:44</error>
        </testcase>
        <testcase name="it_can_get_churn_analysis" file="/Users/vagner/Desenvolvimento/python/clubify-checkout/sdk/php/tests/Unit/Subscriptions/SubscriptionsModuleTest.php" line="511" class="Clubify\Checkout\Tests\Unit\Subscriptions\SubscriptionsModuleTest" classname="Clubify.Checkout.Tests.Unit.Subscriptions.SubscriptionsModuleTest" assertions="0" time="0.000000">
          <error type="InvalidArgumentException">Clubify\Checkout\Tests\Unit\Subscriptions\SubscriptionsModuleTest::it_can_get_churn_analysis
InvalidArgumentException: getLogger() cannot be mocked as it is a private method

/Users/vagner/Desenvolvimento/python/clubify-checkout/sdk/php/vendor/mockery/mockery/library/Mockery.php:742
/Users/vagner/Desenvolvimento/python/clubify-checkout/sdk/php/vendor/mockery/mockery/library/Mockery.php:754
/Users/vagner/Desenvolvimento/python/clubify-checkout/sdk/php/vendor/mockery/mockery/library/Mockery.php:574
/Users/vagner/Desenvolvimento/python/clubify-checkout/sdk/php/tests/TestCase.php:222
/Users/vagner/Desenvolvimento/python/clubify-checkout/sdk/php/tests/TestCase.php:441
/Users/vagner/Desenvolvimento/python/clubify-checkout/sdk/php/tests/TestCase.php:56
/Users/vagner/Desenvolvimento/python/clubify-checkout/sdk/php/tests/Unit/Subscriptions/SubscriptionsModuleTest.php:44</error>
        </testcase>
        <testcase name="it_can_get_revenue_forecast" file="/Users/vagner/Desenvolvimento/python/clubify-checkout/sdk/php/tests/Unit/Subscriptions/SubscriptionsModuleTest.php" line="550" class="Clubify\Checkout\Tests\Unit\Subscriptions\SubscriptionsModuleTest" classname="Clubify.Checkout.Tests.Unit.Subscriptions.SubscriptionsModuleTest" assertions="0" time="0.000000">
          <error type="InvalidArgumentException">Clubify\Checkout\Tests\Unit\Subscriptions\SubscriptionsModuleTest::it_can_get_revenue_forecast
InvalidArgumentException: getLogger() cannot be mocked as it is a private method

/Users/vagner/Desenvolvimento/python/clubify-checkout/sdk/php/vendor/mockery/mockery/library/Mockery.php:742
/Users/vagner/Desenvolvimento/python/clubify-checkout/sdk/php/vendor/mockery/mockery/library/Mockery.php:754
/Users/vagner/Desenvolvimento/python/clubify-checkout/sdk/php/vendor/mockery/mockery/library/Mockery.php:574
/Users/vagner/Desenvolvimento/python/clubify-checkout/sdk/php/tests/TestCase.php:222
/Users/vagner/Desenvolvimento/python/clubify-checkout/sdk/php/tests/TestCase.php:441
/Users/vagner/Desenvolvimento/python/clubify-checkout/sdk/php/tests/TestCase.php:56
/Users/vagner/Desenvolvimento/python/clubify-checkout/sdk/php/tests/Unit/Subscriptions/SubscriptionsModuleTest.php:44</error>
        </testcase>
        <testcase name="it_performs_health_check" file="/Users/vagner/Desenvolvimento/python/clubify-checkout/sdk/php/tests/Unit/Subscriptions/SubscriptionsModuleTest.php" line="591" class="Clubify\Checkout\Tests\Unit\Subscriptions\SubscriptionsModuleTest" classname="Clubify.Checkout.Tests.Unit.Subscriptions.SubscriptionsModuleTest" assertions="0" time="0.000000">
          <error type="InvalidArgumentException">Clubify\Checkout\Tests\Unit\Subscriptions\SubscriptionsModuleTest::it_performs_health_check
InvalidArgumentException: getLogger() cannot be mocked as it is a private method

/Users/vagner/Desenvolvimento/python/clubify-checkout/sdk/php/vendor/mockery/mockery/library/Mockery.php:742
/Users/vagner/Desenvolvimento/python/clubify-checkout/sdk/php/vendor/mockery/mockery/library/Mockery.php:754
/Users/vagner/Desenvolvimento/python/clubify-checkout/sdk/php/vendor/mockery/mockery/library/Mockery.php:574
/Users/vagner/Desenvolvimento/python/clubify-checkout/sdk/php/tests/TestCase.php:222
/Users/vagner/Desenvolvimento/python/clubify-checkout/sdk/php/tests/TestCase.php:441
/Users/vagner/Desenvolvimento/python/clubify-checkout/sdk/php/tests/TestCase.php:56
/Users/vagner/Desenvolvimento/python/clubify-checkout/sdk/php/tests/Unit/Subscriptions/SubscriptionsModuleTest.php:44</error>
        </testcase>
        <testcase name="it_returns_module_status" file="/Users/vagner/Desenvolvimento/python/clubify-checkout/sdk/php/tests/Unit/Subscriptions/SubscriptionsModuleTest.php" line="624" class="Clubify\Checkout\Tests\Unit\Subscriptions\SubscriptionsModuleTest" classname="Clubify.Checkout.Tests.Unit.Subscriptions.SubscriptionsModuleTest" assertions="0" time="0.000000">
          <error type="InvalidArgumentException">Clubify\Checkout\Tests\Unit\Subscriptions\SubscriptionsModuleTest::it_returns_module_status
InvalidArgumentException: getLogger() cannot be mocked as it is a private method

/Users/vagner/Desenvolvimento/python/clubify-checkout/sdk/php/vendor/mockery/mockery/library/Mockery.php:742
/Users/vagner/Desenvolvimento/python/clubify-checkout/sdk/php/vendor/mockery/mockery/library/Mockery.php:754
/Users/vagner/Desenvolvimento/python/clubify-checkout/sdk/php/vendor/mockery/mockery/library/Mockery.php:574
/Users/vagner/Desenvolvimento/python/clubify-checkout/sdk/php/tests/TestCase.php:222
/Users/vagner/Desenvolvimento/python/clubify-checkout/sdk/php/tests/TestCase.php:441
/Users/vagner/Desenvolvimento/python/clubify-checkout/sdk/php/tests/TestCase.php:56
/Users/vagner/Desenvolvimento/python/clubify-checkout/sdk/php/tests/Unit/Subscriptions/SubscriptionsModuleTest.php:44</error>
        </testcase>
        <testcase name="it_can_cleanup_properly" file="/Users/vagner/Desenvolvimento/python/clubify-checkout/sdk/php/tests/Unit/Subscriptions/SubscriptionsModuleTest.php" line="646" class="Clubify\Checkout\Tests\Unit\Subscriptions\SubscriptionsModuleTest" classname="Clubify.Checkout.Tests.Unit.Subscriptions.SubscriptionsModuleTest" assertions="0" time="0.000000">
          <error type="InvalidArgumentException">Clubify\Checkout\Tests\Unit\Subscriptions\SubscriptionsModuleTest::it_can_cleanup_properly
InvalidArgumentException: getLogger() cannot be mocked as it is a private method

/Users/vagner/Desenvolvimento/python/clubify-checkout/sdk/php/vendor/mockery/mockery/library/Mockery.php:742
/Users/vagner/Desenvolvimento/python/clubify-checkout/sdk/php/vendor/mockery/mockery/library/Mockery.php:754
/Users/vagner/Desenvolvimento/python/clubify-checkout/sdk/php/vendor/mockery/mockery/library/Mockery.php:574
/Users/vagner/Desenvolvimento/python/clubify-checkout/sdk/php/tests/TestCase.php:222
/Users/vagner/Desenvolvimento/python/clubify-checkout/sdk/php/tests/TestCase.php:441
/Users/vagner/Desenvolvimento/python/clubify-checkout/sdk/php/tests/TestCase.php:56
/Users/vagner/Desenvolvimento/python/clubify-checkout/sdk/php/tests/Unit/Subscriptions/SubscriptionsModuleTest.php:44</error>
        </testcase>
        <testcase name="it_handles_bulk_operations" file="/Users/vagner/Desenvolvimento/python/clubify-checkout/sdk/php/tests/Unit/Subscriptions/SubscriptionsModuleTest.php" line="660" class="Clubify\Checkout\Tests\Unit\Subscriptions\SubscriptionsModuleTest" classname="Clubify.Checkout.Tests.Unit.Subscriptions.SubscriptionsModuleTest" assertions="0" time="0.000000">
          <error type="InvalidArgumentException">Clubify\Checkout\Tests\Unit\Subscriptions\SubscriptionsModuleTest::it_handles_bulk_operations
InvalidArgumentException: getLogger() cannot be mocked as it is a private method

/Users/vagner/Desenvolvimento/python/clubify-checkout/sdk/php/vendor/mockery/mockery/library/Mockery.php:742
/Users/vagner/Desenvolvimento/python/clubify-checkout/sdk/php/vendor/mockery/mockery/library/Mockery.php:754
/Users/vagner/Desenvolvimento/python/clubify-checkout/sdk/php/vendor/mockery/mockery/library/Mockery.php:574
/Users/vagner/Desenvolvimento/python/clubify-checkout/sdk/php/tests/TestCase.php:222
/Users/vagner/Desenvolvimento/python/clubify-checkout/sdk/php/tests/TestCase.php:441
/Users/vagner/Desenvolvimento/python/clubify-checkout/sdk/php/tests/TestCase.php:56
/Users/vagner/Desenvolvimento/python/clubify-checkout/sdk/php/tests/Unit/Subscriptions/SubscriptionsModuleTest.php:44</error>
        </testcase>
      </testsuite>
    </testsuite>
    <testsuite name="UserManagement Module" tests="106" assertions="0" errors="106" failures="0" skipped="0" time="0.000000">
      <testsuite name="Clubify\Checkout\Tests\Unit\UserManagement\Factories\UserServiceFactoryTest" file="/Users/vagner/Desenvolvimento/python/clubify-checkout/sdk/php/tests/Unit/UserManagement/Factories/UserServiceFactoryTest.php" tests="17" assertions="0" errors="17" failures="0" skipped="0" time="0.000000">
        <testcase name="testImplementsFactoryInterface" file="/Users/vagner/Desenvolvimento/python/clubify-checkout/sdk/php/tests/Unit/UserManagement/Factories/UserServiceFactoryTest.php" line="61" class="Clubify\Checkout\Tests\Unit\UserManagement\Factories\UserServiceFactoryTest" classname="Clubify.Checkout.Tests.Unit.UserManagement.Factories.UserServiceFactoryTest" assertions="0" time="0.000000">
          <error type="InvalidArgumentException">Clubify\Checkout\Tests\Unit\UserManagement\Factories\UserServiceFactoryTest::testImplementsFactoryInterface
InvalidArgumentException: getLogger() cannot be mocked as it is a private method

/Users/vagner/Desenvolvimento/python/clubify-checkout/sdk/php/vendor/mockery/mockery/library/Mockery.php:742
/Users/vagner/Desenvolvimento/python/clubify-checkout/sdk/php/vendor/mockery/mockery/library/Mockery.php:754
/Users/vagner/Desenvolvimento/python/clubify-checkout/sdk/php/vendor/mockery/mockery/library/Mockery.php:574
/Users/vagner/Desenvolvimento/python/clubify-checkout/sdk/php/tests/TestCase.php:222
/Users/vagner/Desenvolvimento/python/clubify-checkout/sdk/php/tests/TestCase.php:441
/Users/vagner/Desenvolvimento/python/clubify-checkout/sdk/php/tests/TestCase.php:56
/Users/vagner/Desenvolvimento/python/clubify-checkout/sdk/php/tests/Unit/UserManagement/Factories/UserServiceFactoryTest.php:39</error>
        </testcase>
        <testcase name="testGetSupportedTypes" file="/Users/vagner/Desenvolvimento/python/clubify-checkout/sdk/php/tests/Unit/UserManagement/Factories/UserServiceFactoryTest.php" line="66" class="Clubify\Checkout\Tests\Unit\UserManagement\Factories\UserServiceFactoryTest" classname="Clubify.Checkout.Tests.Unit.UserManagement.Factories.UserServiceFactoryTest" assertions="0" time="0.000000">
          <error type="InvalidArgumentException">Clubify\Checkout\Tests\Unit\UserManagement\Factories\UserServiceFactoryTest::testGetSupportedTypes
InvalidArgumentException: getLogger() cannot be mocked as it is a private method

/Users/vagner/Desenvolvimento/python/clubify-checkout/sdk/php/vendor/mockery/mockery/library/Mockery.php:742
/Users/vagner/Desenvolvimento/python/clubify-checkout/sdk/php/vendor/mockery/mockery/library/Mockery.php:754
/Users/vagner/Desenvolvimento/python/clubify-checkout/sdk/php/vendor/mockery/mockery/library/Mockery.php:574
/Users/vagner/Desenvolvimento/python/clubify-checkout/sdk/php/tests/TestCase.php:222
/Users/vagner/Desenvolvimento/python/clubify-checkout/sdk/php/tests/TestCase.php:441
/Users/vagner/Desenvolvimento/python/clubify-checkout/sdk/php/tests/TestCase.php:56
/Users/vagner/Desenvolvimento/python/clubify-checkout/sdk/php/tests/Unit/UserManagement/Factories/UserServiceFactoryTest.php:39</error>
        </testcase>
        <testcase name="testCreateUserServiceSuccess" file="/Users/vagner/Desenvolvimento/python/clubify-checkout/sdk/php/tests/Unit/UserManagement/Factories/UserServiceFactoryTest.php" line="81" class="Clubify\Checkout\Tests\Unit\UserManagement\Factories\UserServiceFactoryTest" classname="Clubify.Checkout.Tests.Unit.UserManagement.Factories.UserServiceFactoryTest" assertions="0" time="0.000000">
          <error type="InvalidArgumentException">Clubify\Checkout\Tests\Unit\UserManagement\Factories\UserServiceFactoryTest::testCreateUserServiceSuccess
InvalidArgumentException: getLogger() cannot be mocked as it is a private method

/Users/vagner/Desenvolvimento/python/clubify-checkout/sdk/php/vendor/mockery/mockery/library/Mockery.php:742
/Users/vagner/Desenvolvimento/python/clubify-checkout/sdk/php/vendor/mockery/mockery/library/Mockery.php:754
/Users/vagner/Desenvolvimento/python/clubify-checkout/sdk/php/vendor/mockery/mockery/library/Mockery.php:574
/Users/vagner/Desenvolvimento/python/clubify-checkout/sdk/php/tests/TestCase.php:222
/Users/vagner/Desenvolvimento/python/clubify-checkout/sdk/php/tests/TestCase.php:441
/Users/vagner/Desenvolvimento/python/clubify-checkout/sdk/php/tests/TestCase.php:56
/Users/vagner/Desenvolvimento/python/clubify-checkout/sdk/php/tests/Unit/UserManagement/Factories/UserServiceFactoryTest.php:39</error>
        </testcase>
        <testcase name="testCreateUserServiceSingleton" file="/Users/vagner/Desenvolvimento/python/clubify-checkout/sdk/php/tests/Unit/UserManagement/Factories/UserServiceFactoryTest.php" line="106" class="Clubify\Checkout\Tests\Unit\UserManagement\Factories\UserServiceFactoryTest" classname="Clubify.Checkout.Tests.Unit.UserManagement.Factories.UserServiceFactoryTest" assertions="0" time="0.000000">
          <error type="InvalidArgumentException">Clubify\Checkout\Tests\Unit\UserManagement\Factories\UserServiceFactoryTest::testCreateUserServiceSingleton
InvalidArgumentException: getLogger() cannot be mocked as it is a private method

/Users/vagner/Desenvolvimento/python/clubify-checkout/sdk/php/vendor/mockery/mockery/library/Mockery.php:742
/Users/vagner/Desenvolvimento/python/clubify-checkout/sdk/php/vendor/mockery/mockery/library/Mockery.php:754
/Users/vagner/Desenvolvimento/python/clubify-checkout/sdk/php/vendor/mockery/mockery/library/Mockery.php:574
/Users/vagner/Desenvolvimento/python/clubify-checkout/sdk/php/tests/TestCase.php:222
/Users/vagner/Desenvolvimento/python/clubify-checkout/sdk/php/tests/TestCase.php:441
/Users/vagner/Desenvolvimento/python/clubify-checkout/sdk/php/tests/TestCase.php:56
/Users/vagner/Desenvolvimento/python/clubify-checkout/sdk/php/tests/Unit/UserManagement/Factories/UserServiceFactoryTest.php:39</error>
        </testcase>
        <testcase name="testCreateUserServiceWithConfig" file="/Users/vagner/Desenvolvimento/python/clubify-checkout/sdk/php/tests/Unit/UserManagement/Factories/UserServiceFactoryTest.php" line="120" class="Clubify\Checkout\Tests\Unit\UserManagement\Factories\UserServiceFactoryTest" classname="Clubify.Checkout.Tests.Unit.UserManagement.Factories.UserServiceFactoryTest" assertions="0" time="0.000000">
          <error type="InvalidArgumentException">Clubify\Checkout\Tests\Unit\UserManagement\Factories\UserServiceFactoryTest::testCreateUserServiceWithConfig
InvalidArgumentException: getLogger() cannot be mocked as it is a private method

/Users/vagner/Desenvolvimento/python/clubify-checkout/sdk/php/vendor/mockery/mockery/library/Mockery.php:742
/Users/vagner/Desenvolvimento/python/clubify-checkout/sdk/php/vendor/mockery/mockery/library/Mockery.php:754
/Users/vagner/Desenvolvimento/python/clubify-checkout/sdk/php/vendor/mockery/mockery/library/Mockery.php:574
/Users/vagner/Desenvolvimento/python/clubify-checkout/sdk/php/tests/TestCase.php:222
/Users/vagner/Desenvolvimento/python/clubify-checkout/sdk/php/tests/TestCase.php:441
/Users/vagner/Desenvolvimento/python/clubify-checkout/sdk/php/tests/TestCase.php:56
/Users/vagner/Desenvolvimento/python/clubify-checkout/sdk/php/tests/Unit/UserManagement/Factories/UserServiceFactoryTest.php:39</error>
        </testcase>
        <testcase name="testCreateUnsupportedServiceType" file="/Users/vagner/Desenvolvimento/python/clubify-checkout/sdk/php/tests/Unit/UserManagement/Factories/UserServiceFactoryTest.php" line="147" class="Clubify\Checkout\Tests\Unit\UserManagement\Factories\UserServiceFactoryTest" classname="Clubify.Checkout.Tests.Unit.UserManagement.Factories.UserServiceFactoryTest" assertions="0" time="0.000000">
          <error type="InvalidArgumentException">Clubify\Checkout\Tests\Unit\UserManagement\Factories\UserServiceFactoryTest::testCreateUnsupportedServiceType
InvalidArgumentException: getLogger() cannot be mocked as it is a private method

/Users/vagner/Desenvolvimento/python/clubify-checkout/sdk/php/vendor/mockery/mockery/library/Mockery.php:742
/Users/vagner/Desenvolvimento/python/clubify-checkout/sdk/php/vendor/mockery/mockery/library/Mockery.php:754
/Users/vagner/Desenvolvimento/python/clubify-checkout/sdk/php/vendor/mockery/mockery/library/Mockery.php:574
/Users/vagner/Desenvolvimento/python/clubify-checkout/sdk/php/tests/TestCase.php:222
/Users/vagner/Desenvolvimento/python/clubify-checkout/sdk/php/tests/TestCase.php:441
/Users/vagner/Desenvolvimento/python/clubify-checkout/sdk/php/tests/TestCase.php:56
/Users/vagner/Desenvolvimento/python/clubify-checkout/sdk/php/tests/Unit/UserManagement/Factories/UserServiceFactoryTest.php:39</error>
        </testcase>
        <testcase name="testCreateInvalidServiceType" file="/Users/vagner/Desenvolvimento/python/clubify-checkout/sdk/php/tests/Unit/UserManagement/Factories/UserServiceFactoryTest.php" line="156" class="Clubify\Checkout\Tests\Unit\UserManagement\Factories\UserServiceFactoryTest" classname="Clubify.Checkout.Tests.Unit.UserManagement.Factories.UserServiceFactoryTest" assertions="0" time="0.000000">
          <error type="InvalidArgumentException">Clubify\Checkout\Tests\Unit\UserManagement\Factories\UserServiceFactoryTest::testCreateInvalidServiceType
InvalidArgumentException: getLogger() cannot be mocked as it is a private method

/Users/vagner/Desenvolvimento/python/clubify-checkout/sdk/php/vendor/mockery/mockery/library/Mockery.php:742
/Users/vagner/Desenvolvimento/python/clubify-checkout/sdk/php/vendor/mockery/mockery/library/Mockery.php:754
/Users/vagner/Desenvolvimento/python/clubify-checkout/sdk/php/vendor/mockery/mockery/library/Mockery.php:574
/Users/vagner/Desenvolvimento/python/clubify-checkout/sdk/php/tests/TestCase.php:222
/Users/vagner/Desenvolvimento/python/clubify-checkout/sdk/php/tests/TestCase.php:441
/Users/vagner/Desenvolvimento/python/clubify-checkout/sdk/php/tests/TestCase.php:56
/Users/vagner/Desenvolvimento/python/clubify-checkout/sdk/php/tests/Unit/UserManagement/Factories/UserServiceFactoryTest.php:39</error>
        </testcase>
        <testcase name="testIsTypeSupported" file="/Users/vagner/Desenvolvimento/python/clubify-checkout/sdk/php/tests/Unit/UserManagement/Factories/UserServiceFactoryTest.php" line="165" class="Clubify\Checkout\Tests\Unit\UserManagement\Factories\UserServiceFactoryTest" classname="Clubify.Checkout.Tests.Unit.UserManagement.Factories.UserServiceFactoryTest" assertions="0" time="0.000000">
          <error type="InvalidArgumentException">Clubify\Checkout\Tests\Unit\UserManagement\Factories\UserServiceFactoryTest::testIsTypeSupported
InvalidArgumentException: getLogger() cannot be mocked as it is a private method

/Users/vagner/Desenvolvimento/python/clubify-checkout/sdk/php/vendor/mockery/mockery/library/Mockery.php:742
/Users/vagner/Desenvolvimento/python/clubify-checkout/sdk/php/vendor/mockery/mockery/library/Mockery.php:754
/Users/vagner/Desenvolvimento/python/clubify-checkout/sdk/php/vendor/mockery/mockery/library/Mockery.php:574
/Users/vagner/Desenvolvimento/python/clubify-checkout/sdk/php/tests/TestCase.php:222
/Users/vagner/Desenvolvimento/python/clubify-checkout/sdk/php/tests/TestCase.php:441
/Users/vagner/Desenvolvimento/python/clubify-checkout/sdk/php/tests/TestCase.php:56
/Users/vagner/Desenvolvimento/python/clubify-checkout/sdk/php/tests/Unit/UserManagement/Factories/UserServiceFactoryTest.php:39</error>
        </testcase>
        <testcase name="testClearCache" file="/Users/vagner/Desenvolvimento/python/clubify-checkout/sdk/php/tests/Unit/UserManagement/Factories/UserServiceFactoryTest.php" line="174" class="Clubify\Checkout\Tests\Unit\UserManagement\Factories\UserServiceFactoryTest" classname="Clubify.Checkout.Tests.Unit.UserManagement.Factories.UserServiceFactoryTest" assertions="0" time="0.000000">
          <error type="InvalidArgumentException">Clubify\Checkout\Tests\Unit\UserManagement\Factories\UserServiceFactoryTest::testClearCache
InvalidArgumentException: getLogger() cannot be mocked as it is a private method

/Users/vagner/Desenvolvimento/python/clubify-checkout/sdk/php/vendor/mockery/mockery/library/Mockery.php:742
/Users/vagner/Desenvolvimento/python/clubify-checkout/sdk/php/vendor/mockery/mockery/library/Mockery.php:754
/Users/vagner/Desenvolvimento/python/clubify-checkout/sdk/php/vendor/mockery/mockery/library/Mockery.php:574
/Users/vagner/Desenvolvimento/python/clubify-checkout/sdk/php/tests/TestCase.php:222
/Users/vagner/Desenvolvimento/python/clubify-checkout/sdk/php/tests/TestCase.php:441
/Users/vagner/Desenvolvimento/python/clubify-checkout/sdk/php/tests/TestCase.php:56
/Users/vagner/Desenvolvimento/python/clubify-checkout/sdk/php/tests/Unit/UserManagement/Factories/UserServiceFactoryTest.php:39</error>
        </testcase>
        <testcase name="testGetStats" file="/Users/vagner/Desenvolvimento/python/clubify-checkout/sdk/php/tests/Unit/UserManagement/Factories/UserServiceFactoryTest.php" line="197" class="Clubify\Checkout\Tests\Unit\UserManagement\Factories\UserServiceFactoryTest" classname="Clubify.Checkout.Tests.Unit.UserManagement.Factories.UserServiceFactoryTest" assertions="0" time="0.000000">
          <error type="InvalidArgumentException">Clubify\Checkout\Tests\Unit\UserManagement\Factories\UserServiceFactoryTest::testGetStats
InvalidArgumentException: getLogger() cannot be mocked as it is a private method

/Users/vagner/Desenvolvimento/python/clubify-checkout/sdk/php/vendor/mockery/mockery/library/Mockery.php:742
/Users/vagner/Desenvolvimento/python/clubify-checkout/sdk/php/vendor/mockery/mockery/library/Mockery.php:754
/Users/vagner/Desenvolvimento/python/clubify-checkout/sdk/php/vendor/mockery/mockery/library/Mockery.php:574
/Users/vagner/Desenvolvimento/python/clubify-checkout/sdk/php/tests/TestCase.php:222
/Users/vagner/Desenvolvimento/python/clubify-checkout/sdk/php/tests/TestCase.php:441
/Users/vagner/Desenvolvimento/python/clubify-checkout/sdk/php/tests/TestCase.php:56
/Users/vagner/Desenvolvimento/python/clubify-checkout/sdk/php/tests/Unit/UserManagement/Factories/UserServiceFactoryTest.php:39</error>
        </testcase>
        <testcase name="testGetStatsEmptyCache" file="/Users/vagner/Desenvolvimento/python/clubify-checkout/sdk/php/tests/Unit/UserManagement/Factories/UserServiceFactoryTest.php" line="226" class="Clubify\Checkout\Tests\Unit\UserManagement\Factories\UserServiceFactoryTest" classname="Clubify.Checkout.Tests.Unit.UserManagement.Factories.UserServiceFactoryTest" assertions="0" time="0.000000">
          <error type="InvalidArgumentException">Clubify\Checkout\Tests\Unit\UserManagement\Factories\UserServiceFactoryTest::testGetStatsEmptyCache
InvalidArgumentException: getLogger() cannot be mocked as it is a private method

/Users/vagner/Desenvolvimento/python/clubify-checkout/sdk/php/vendor/mockery/mockery/library/Mockery.php:742
/Users/vagner/Desenvolvimento/python/clubify-checkout/sdk/php/vendor/mockery/mockery/library/Mockery.php:754
/Users/vagner/Desenvolvimento/python/clubify-checkout/sdk/php/vendor/mockery/mockery/library/Mockery.php:574
/Users/vagner/Desenvolvimento/python/clubify-checkout/sdk/php/tests/TestCase.php:222
/Users/vagner/Desenvolvimento/python/clubify-checkout/sdk/php/tests/TestCase.php:441
/Users/vagner/Desenvolvimento/python/clubify-checkout/sdk/php/tests/TestCase.php:56
/Users/vagner/Desenvolvimento/python/clubify-checkout/sdk/php/tests/Unit/UserManagement/Factories/UserServiceFactoryTest.php:39</error>
        </testcase>
        <testcase name="testRepositorySingleton" file="/Users/vagner/Desenvolvimento/python/clubify-checkout/sdk/php/tests/Unit/UserManagement/Factories/UserServiceFactoryTest.php" line="239" class="Clubify\Checkout\Tests\Unit\UserManagement\Factories\UserServiceFactoryTest" classname="Clubify.Checkout.Tests.Unit.UserManagement.Factories.UserServiceFactoryTest" assertions="0" time="0.000000">
          <error type="InvalidArgumentException">Clubify\Checkout\Tests\Unit\UserManagement\Factories\UserServiceFactoryTest::testRepositorySingleton
InvalidArgumentException: getLogger() cannot be mocked as it is a private method

/Users/vagner/Desenvolvimento/python/clubify-checkout/sdk/php/vendor/mockery/mockery/library/Mockery.php:742
/Users/vagner/Desenvolvimento/python/clubify-checkout/sdk/php/vendor/mockery/mockery/library/Mockery.php:754
/Users/vagner/Desenvolvimento/python/clubify-checkout/sdk/php/vendor/mockery/mockery/library/Mockery.php:574
/Users/vagner/Desenvolvimento/python/clubify-checkout/sdk/php/tests/TestCase.php:222
/Users/vagner/Desenvolvimento/python/clubify-checkout/sdk/php/tests/TestCase.php:441
/Users/vagner/Desenvolvimento/python/clubify-checkout/sdk/php/tests/TestCase.php:56
/Users/vagner/Desenvolvimento/python/clubify-checkout/sdk/php/tests/Unit/UserManagement/Factories/UserServiceFactoryTest.php:39</error>
        </testcase>
        <testcase name="testCreateWithDependencyInjection" file="/Users/vagner/Desenvolvimento/python/clubify-checkout/sdk/php/tests/Unit/UserManagement/Factories/UserServiceFactoryTest.php" line="262" class="Clubify\Checkout\Tests\Unit\UserManagement\Factories\UserServiceFactoryTest" classname="Clubify.Checkout.Tests.Unit.UserManagement.Factories.UserServiceFactoryTest" assertions="0" time="0.000000">
          <error type="InvalidArgumentException">Clubify\Checkout\Tests\Unit\UserManagement\Factories\UserServiceFactoryTest::testCreateWithDependencyInjection
InvalidArgumentException: getLogger() cannot be mocked as it is a private method

/Users/vagner/Desenvolvimento/python/clubify-checkout/sdk/php/vendor/mockery/mockery/library/Mockery.php:742
/Users/vagner/Desenvolvimento/python/clubify-checkout/sdk/php/vendor/mockery/mockery/library/Mockery.php:754
/Users/vagner/Desenvolvimento/python/clubify-checkout/sdk/php/vendor/mockery/mockery/library/Mockery.php:574
/Users/vagner/Desenvolvimento/python/clubify-checkout/sdk/php/tests/TestCase.php:222
/Users/vagner/Desenvolvimento/python/clubify-checkout/sdk/php/tests/TestCase.php:441
/Users/vagner/Desenvolvimento/python/clubify-checkout/sdk/php/tests/TestCase.php:56
/Users/vagner/Desenvolvimento/python/clubify-checkout/sdk/php/tests/Unit/UserManagement/Factories/UserServiceFactoryTest.php:39</error>
        </testcase>
        <testcase name="testResolveRepositoryClassForUser" file="/Users/vagner/Desenvolvimento/python/clubify-checkout/sdk/php/tests/Unit/UserManagement/Factories/UserServiceFactoryTest.php" line="286" class="Clubify\Checkout\Tests\Unit\UserManagement\Factories\UserServiceFactoryTest" classname="Clubify.Checkout.Tests.Unit.UserManagement.Factories.UserServiceFactoryTest" assertions="0" time="0.000000">
          <error type="InvalidArgumentException">Clubify\Checkout\Tests\Unit\UserManagement\Factories\UserServiceFactoryTest::testResolveRepositoryClassForUser
InvalidArgumentException: getLogger() cannot be mocked as it is a private method

/Users/vagner/Desenvolvimento/python/clubify-checkout/sdk/php/vendor/mockery/mockery/library/Mockery.php:742
/Users/vagner/Desenvolvimento/python/clubify-checkout/sdk/php/vendor/mockery/mockery/library/Mockery.php:754
/Users/vagner/Desenvolvimento/python/clubify-checkout/sdk/php/vendor/mockery/mockery/library/Mockery.php:574
/Users/vagner/Desenvolvimento/python/clubify-checkout/sdk/php/tests/TestCase.php:222
/Users/vagner/Desenvolvimento/python/clubify-checkout/sdk/php/tests/TestCase.php:441
/Users/vagner/Desenvolvimento/python/clubify-checkout/sdk/php/tests/TestCase.php:56
/Users/vagner/Desenvolvimento/python/clubify-checkout/sdk/php/tests/Unit/UserManagement/Factories/UserServiceFactoryTest.php:39</error>
        </testcase>
        <testcase name="testResolveRepositoryClassForUnsupportedType" file="/Users/vagner/Desenvolvimento/python/clubify-checkout/sdk/php/tests/Unit/UserManagement/Factories/UserServiceFactoryTest.php" line="300" class="Clubify\Checkout\Tests\Unit\UserManagement\Factories\UserServiceFactoryTest" classname="Clubify.Checkout.Tests.Unit.UserManagement.Factories.UserServiceFactoryTest" assertions="0" time="0.000000">
          <error type="InvalidArgumentException">Clubify\Checkout\Tests\Unit\UserManagement\Factories\UserServiceFactoryTest::testResolveRepositoryClassForUnsupportedType
InvalidArgumentException: getLogger() cannot be mocked as it is a private method

/Users/vagner/Desenvolvimento/python/clubify-checkout/sdk/php/vendor/mockery/mockery/library/Mockery.php:742
/Users/vagner/Desenvolvimento/python/clubify-checkout/sdk/php/vendor/mockery/mockery/library/Mockery.php:754
/Users/vagner/Desenvolvimento/python/clubify-checkout/sdk/php/vendor/mockery/mockery/library/Mockery.php:574
/Users/vagner/Desenvolvimento/python/clubify-checkout/sdk/php/tests/TestCase.php:222
/Users/vagner/Desenvolvimento/python/clubify-checkout/sdk/php/tests/TestCase.php:441
/Users/vagner/Desenvolvimento/python/clubify-checkout/sdk/php/tests/TestCase.php:56
/Users/vagner/Desenvolvimento/python/clubify-checkout/sdk/php/tests/Unit/UserManagement/Factories/UserServiceFactoryTest.php:39</error>
        </testcase>
        <testcase name="testResolveRepositoryClassForInvalidType" file="/Users/vagner/Desenvolvimento/python/clubify-checkout/sdk/php/tests/Unit/UserManagement/Factories/UserServiceFactoryTest.php" line="314" class="Clubify\Checkout\Tests\Unit\UserManagement\Factories\UserServiceFactoryTest" classname="Clubify.Checkout.Tests.Unit.UserManagement.Factories.UserServiceFactoryTest" assertions="0" time="0.000000">
          <error type="InvalidArgumentException">Clubify\Checkout\Tests\Unit\UserManagement\Factories\UserServiceFactoryTest::testResolveRepositoryClassForInvalidType
InvalidArgumentException: getLogger() cannot be mocked as it is a private method

/Users/vagner/Desenvolvimento/python/clubify-checkout/sdk/php/vendor/mockery/mockery/library/Mockery.php:742
/Users/vagner/Desenvolvimento/python/clubify-checkout/sdk/php/vendor/mockery/mockery/library/Mockery.php:754
/Users/vagner/Desenvolvimento/python/clubify-checkout/sdk/php/vendor/mockery/mockery/library/Mockery.php:574
/Users/vagner/Desenvolvimento/python/clubify-checkout/sdk/php/tests/TestCase.php:222
/Users/vagner/Desenvolvimento/python/clubify-checkout/sdk/php/tests/TestCase.php:441
/Users/vagner/Desenvolvimento/python/clubify-checkout/sdk/php/tests/TestCase.php:56
/Users/vagner/Desenvolvimento/python/clubify-checkout/sdk/php/tests/Unit/UserManagement/Factories/UserServiceFactoryTest.php:39</error>
        </testcase>
        <testcase name="testCreateRepositoryWithAllDependencies" file="/Users/vagner/Desenvolvimento/python/clubify-checkout/sdk/php/tests/Unit/UserManagement/Factories/UserServiceFactoryTest.php" line="328" class="Clubify\Checkout\Tests\Unit\UserManagement\Factories\UserServiceFactoryTest" classname="Clubify.Checkout.Tests.Unit.UserManagement.Factories.UserServiceFactoryTest" assertions="0" time="0.000000">
          <error type="InvalidArgumentException">Clubify\Checkout\Tests\Unit\UserManagement\Factories\UserServiceFactoryTest::testCreateRepositoryWithAllDependencies
InvalidArgumentException: getLogger() cannot be mocked as it is a private method

/Users/vagner/Desenvolvimento/python/clubify-checkout/sdk/php/vendor/mockery/mockery/library/Mockery.php:742
/Users/vagner/Desenvolvimento/python/clubify-checkout/sdk/php/vendor/mockery/mockery/library/Mockery.php:754
/Users/vagner/Desenvolvimento/python/clubify-checkout/sdk/php/vendor/mockery/mockery/library/Mockery.php:574
/Users/vagner/Desenvolvimento/python/clubify-checkout/sdk/php/tests/TestCase.php:222
/Users/vagner/Desenvolvimento/python/clubify-checkout/sdk/php/tests/TestCase.php:441
/Users/vagner/Desenvolvimento/python/clubify-checkout/sdk/php/tests/TestCase.php:56
/Users/vagner/Desenvolvimento/python/clubify-checkout/sdk/php/tests/Unit/UserManagement/Factories/UserServiceFactoryTest.php:39</error>
        </testcase>
      </testsuite>
      <testsuite name="Clubify\Checkout\Tests\Unit\UserManagement\Repositories\ApiUserRepositoryTest" file="/Users/vagner/Desenvolvimento/python/clubify-checkout/sdk/php/tests/Unit/UserManagement/Repositories/ApiUserRepositoryTest.php" tests="22" assertions="0" errors="22" failures="0" skipped="0" time="0.000000">
        <testcase name="testImplementsUserRepositoryInterface" file="/Users/vagner/Desenvolvimento/python/clubify-checkout/sdk/php/tests/Unit/UserManagement/Repositories/ApiUserRepositoryTest.php" line="60" class="Clubify\Checkout\Tests\Unit\UserManagement\Repositories\ApiUserRepositoryTest" classname="Clubify.Checkout.Tests.Unit.UserManagement.Repositories.ApiUserRepositoryTest" assertions="0" time="0.000000">
          <error type="InvalidArgumentException">Clubify\Checkout\Tests\Unit\UserManagement\Repositories\ApiUserRepositoryTest::testImplementsUserRepositoryInterface
InvalidArgumentException: getLogger() cannot be mocked as it is a private method

/Users/vagner/Desenvolvimento/python/clubify-checkout/sdk/php/vendor/mockery/mockery/library/Mockery.php:742
/Users/vagner/Desenvolvimento/python/clubify-checkout/sdk/php/vendor/mockery/mockery/library/Mockery.php:754
/Users/vagner/Desenvolvimento/python/clubify-checkout/sdk/php/vendor/mockery/mockery/library/Mockery.php:574
/Users/vagner/Desenvolvimento/python/clubify-checkout/sdk/php/tests/TestCase.php:222
/Users/vagner/Desenvolvimento/python/clubify-checkout/sdk/php/tests/TestCase.php:441
/Users/vagner/Desenvolvimento/python/clubify-checkout/sdk/php/tests/TestCase.php:56
/Users/vagner/Desenvolvimento/python/clubify-checkout/sdk/php/tests/Unit/UserManagement/Repositories/ApiUserRepositoryTest.php:38</error>
        </testcase>
        <testcase name="testGetEndpoint" file="/Users/vagner/Desenvolvimento/python/clubify-checkout/sdk/php/tests/Unit/UserManagement/Repositories/ApiUserRepositoryTest.php" line="65" class="Clubify\Checkout\Tests\Unit\UserManagement\Repositories\ApiUserRepositoryTest" classname="Clubify.Checkout.Tests.Unit.UserManagement.Repositories.ApiUserRepositoryTest" assertions="0" time="0.000000">
          <error type="InvalidArgumentException">Clubify\Checkout\Tests\Unit\UserManagement\Repositories\ApiUserRepositoryTest::testGetEndpoint
InvalidArgumentException: getLogger() cannot be mocked as it is a private method

/Users/vagner/Desenvolvimento/python/clubify-checkout/sdk/php/vendor/mockery/mockery/library/Mockery.php:742
/Users/vagner/Desenvolvimento/python/clubify-checkout/sdk/php/vendor/mockery/mockery/library/Mockery.php:754
/Users/vagner/Desenvolvimento/python/clubify-checkout/sdk/php/vendor/mockery/mockery/library/Mockery.php:574
/Users/vagner/Desenvolvimento/python/clubify-checkout/sdk/php/tests/TestCase.php:222
/Users/vagner/Desenvolvimento/python/clubify-checkout/sdk/php/tests/TestCase.php:441
/Users/vagner/Desenvolvimento/python/clubify-checkout/sdk/php/tests/TestCase.php:56
/Users/vagner/Desenvolvimento/python/clubify-checkout/sdk/php/tests/Unit/UserManagement/Repositories/ApiUserRepositoryTest.php:38</error>
        </testcase>
        <testcase name="testGetResourceName" file="/Users/vagner/Desenvolvimento/python/clubify-checkout/sdk/php/tests/Unit/UserManagement/Repositories/ApiUserRepositoryTest.php" line="76" class="Clubify\Checkout\Tests\Unit\UserManagement\Repositories\ApiUserRepositoryTest" classname="Clubify.Checkout.Tests.Unit.UserManagement.Repositories.ApiUserRepositoryTest" assertions="0" time="0.000000">
          <error type="InvalidArgumentException">Clubify\Checkout\Tests\Unit\UserManagement\Repositories\ApiUserRepositoryTest::testGetResourceName
InvalidArgumentException: getLogger() cannot be mocked as it is a private method

/Users/vagner/Desenvolvimento/python/clubify-checkout/sdk/php/vendor/mockery/mockery/library/Mockery.php:742
/Users/vagner/Desenvolvimento/python/clubify-checkout/sdk/php/vendor/mockery/mockery/library/Mockery.php:754
/Users/vagner/Desenvolvimento/python/clubify-checkout/sdk/php/vendor/mockery/mockery/library/Mockery.php:574
/Users/vagner/Desenvolvimento/python/clubify-checkout/sdk/php/tests/TestCase.php:222
/Users/vagner/Desenvolvimento/python/clubify-checkout/sdk/php/tests/TestCase.php:441
/Users/vagner/Desenvolvimento/python/clubify-checkout/sdk/php/tests/TestCase.php:56
/Users/vagner/Desenvolvimento/python/clubify-checkout/sdk/php/tests/Unit/UserManagement/Repositories/ApiUserRepositoryTest.php:38</error>
        </testcase>
        <testcase name="testFindByEmailSuccess" file="/Users/vagner/Desenvolvimento/python/clubify-checkout/sdk/php/tests/Unit/UserManagement/Repositories/ApiUserRepositoryTest.php" line="87" class="Clubify\Checkout\Tests\Unit\UserManagement\Repositories\ApiUserRepositoryTest" classname="Clubify.Checkout.Tests.Unit.UserManagement.Repositories.ApiUserRepositoryTest" assertions="0" time="0.000000">
          <error type="InvalidArgumentException">Clubify\Checkout\Tests\Unit\UserManagement\Repositories\ApiUserRepositoryTest::testFindByEmailSuccess
InvalidArgumentException: getLogger() cannot be mocked as it is a private method

/Users/vagner/Desenvolvimento/python/clubify-checkout/sdk/php/vendor/mockery/mockery/library/Mockery.php:742
/Users/vagner/Desenvolvimento/python/clubify-checkout/sdk/php/vendor/mockery/mockery/library/Mockery.php:754
/Users/vagner/Desenvolvimento/python/clubify-checkout/sdk/php/vendor/mockery/mockery/library/Mockery.php:574
/Users/vagner/Desenvolvimento/python/clubify-checkout/sdk/php/tests/TestCase.php:222
/Users/vagner/Desenvolvimento/python/clubify-checkout/sdk/php/tests/TestCase.php:441
/Users/vagner/Desenvolvimento/python/clubify-checkout/sdk/php/tests/TestCase.php:56
/Users/vagner/Desenvolvimento/python/clubify-checkout/sdk/php/tests/Unit/UserManagement/Repositories/ApiUserRepositoryTest.php:38</error>
        </testcase>
        <testcase name="testFindByEmailNotFound" file="/Users/vagner/Desenvolvimento/python/clubify-checkout/sdk/php/tests/Unit/UserManagement/Repositories/ApiUserRepositoryTest.php" line="111" class="Clubify\Checkout\Tests\Unit\UserManagement\Repositories\ApiUserRepositoryTest" classname="Clubify.Checkout.Tests.Unit.UserManagement.Repositories.ApiUserRepositoryTest" assertions="0" time="0.000000">
          <error type="InvalidArgumentException">Clubify\Checkout\Tests\Unit\UserManagement\Repositories\ApiUserRepositoryTest::testFindByEmailNotFound
InvalidArgumentException: getLogger() cannot be mocked as it is a private method

/Users/vagner/Desenvolvimento/python/clubify-checkout/sdk/php/vendor/mockery/mockery/library/Mockery.php:742
/Users/vagner/Desenvolvimento/python/clubify-checkout/sdk/php/vendor/mockery/mockery/library/Mockery.php:754
/Users/vagner/Desenvolvimento/python/clubify-checkout/sdk/php/vendor/mockery/mockery/library/Mockery.php:574
/Users/vagner/Desenvolvimento/python/clubify-checkout/sdk/php/tests/TestCase.php:222
/Users/vagner/Desenvolvimento/python/clubify-checkout/sdk/php/tests/TestCase.php:441
/Users/vagner/Desenvolvimento/python/clubify-checkout/sdk/php/tests/TestCase.php:56
/Users/vagner/Desenvolvimento/python/clubify-checkout/sdk/php/tests/Unit/UserManagement/Repositories/ApiUserRepositoryTest.php:38</error>
        </testcase>
        <testcase name="testFindByEmailUsesCache" file="/Users/vagner/Desenvolvimento/python/clubify-checkout/sdk/php/tests/Unit/UserManagement/Repositories/ApiUserRepositoryTest.php" line="134" class="Clubify\Checkout\Tests\Unit\UserManagement\Repositories\ApiUserRepositoryTest" classname="Clubify.Checkout.Tests.Unit.UserManagement.Repositories.ApiUserRepositoryTest" assertions="0" time="0.000000">
          <error type="InvalidArgumentException">Clubify\Checkout\Tests\Unit\UserManagement\Repositories\ApiUserRepositoryTest::testFindByEmailUsesCache
InvalidArgumentException: getLogger() cannot be mocked as it is a private method

/Users/vagner/Desenvolvimento/python/clubify-checkout/sdk/php/vendor/mockery/mockery/library/Mockery.php:742
/Users/vagner/Desenvolvimento/python/clubify-checkout/sdk/php/vendor/mockery/mockery/library/Mockery.php:754
/Users/vagner/Desenvolvimento/python/clubify-checkout/sdk/php/vendor/mockery/mockery/library/Mockery.php:574
/Users/vagner/Desenvolvimento/python/clubify-checkout/sdk/php/tests/TestCase.php:222
/Users/vagner/Desenvolvimento/python/clubify-checkout/sdk/php/tests/TestCase.php:441
/Users/vagner/Desenvolvimento/python/clubify-checkout/sdk/php/tests/TestCase.php:56
/Users/vagner/Desenvolvimento/python/clubify-checkout/sdk/php/tests/Unit/UserManagement/Repositories/ApiUserRepositoryTest.php:38</error>
        </testcase>
        <testcase name="testFindByTenant" file="/Users/vagner/Desenvolvimento/python/clubify-checkout/sdk/php/tests/Unit/UserManagement/Repositories/ApiUserRepositoryTest.php" line="153" class="Clubify\Checkout\Tests\Unit\UserManagement\Repositories\ApiUserRepositoryTest" classname="Clubify.Checkout.Tests.Unit.UserManagement.Repositories.ApiUserRepositoryTest" assertions="0" time="0.000000">
          <error type="InvalidArgumentException">Clubify\Checkout\Tests\Unit\UserManagement\Repositories\ApiUserRepositoryTest::testFindByTenant
InvalidArgumentException: getLogger() cannot be mocked as it is a private method

/Users/vagner/Desenvolvimento/python/clubify-checkout/sdk/php/vendor/mockery/mockery/library/Mockery.php:742
/Users/vagner/Desenvolvimento/python/clubify-checkout/sdk/php/vendor/mockery/mockery/library/Mockery.php:754
/Users/vagner/Desenvolvimento/python/clubify-checkout/sdk/php/vendor/mockery/mockery/library/Mockery.php:574
/Users/vagner/Desenvolvimento/python/clubify-checkout/sdk/php/tests/TestCase.php:222
/Users/vagner/Desenvolvimento/python/clubify-checkout/sdk/php/tests/TestCase.php:441
/Users/vagner/Desenvolvimento/python/clubify-checkout/sdk/php/tests/TestCase.php:56
/Users/vagner/Desenvolvimento/python/clubify-checkout/sdk/php/tests/Unit/UserManagement/Repositories/ApiUserRepositoryTest.php:38</error>
        </testcase>
        <testcase name="testUpdateProfileSuccess" file="/Users/vagner/Desenvolvimento/python/clubify-checkout/sdk/php/tests/Unit/UserManagement/Repositories/ApiUserRepositoryTest.php" line="184" class="Clubify\Checkout\Tests\Unit\UserManagement\Repositories\ApiUserRepositoryTest" classname="Clubify.Checkout.Tests.Unit.UserManagement.Repositories.ApiUserRepositoryTest" assertions="0" time="0.000000">
          <error type="InvalidArgumentException">Clubify\Checkout\Tests\Unit\UserManagement\Repositories\ApiUserRepositoryTest::testUpdateProfileSuccess
InvalidArgumentException: getLogger() cannot be mocked as it is a private method

/Users/vagner/Desenvolvimento/python/clubify-checkout/sdk/php/vendor/mockery/mockery/library/Mockery.php:742
/Users/vagner/Desenvolvimento/python/clubify-checkout/sdk/php/vendor/mockery/mockery/library/Mockery.php:754
/Users/vagner/Desenvolvimento/python/clubify-checkout/sdk/php/vendor/mockery/mockery/library/Mockery.php:574
/Users/vagner/Desenvolvimento/python/clubify-checkout/sdk/php/tests/TestCase.php:222
/Users/vagner/Desenvolvimento/python/clubify-checkout/sdk/php/tests/TestCase.php:441
/Users/vagner/Desenvolvimento/python/clubify-checkout/sdk/php/tests/TestCase.php:56
/Users/vagner/Desenvolvimento/python/clubify-checkout/sdk/php/tests/Unit/UserManagement/Repositories/ApiUserRepositoryTest.php:38</error>
        </testcase>
        <testcase name="testUpdateProfileHttpError" file="/Users/vagner/Desenvolvimento/python/clubify-checkout/sdk/php/tests/Unit/UserManagement/Repositories/ApiUserRepositoryTest.php" line="209" class="Clubify\Checkout\Tests\Unit\UserManagement\Repositories\ApiUserRepositoryTest" classname="Clubify.Checkout.Tests.Unit.UserManagement.Repositories.ApiUserRepositoryTest" assertions="0" time="0.000000">
          <error type="InvalidArgumentException">Clubify\Checkout\Tests\Unit\UserManagement\Repositories\ApiUserRepositoryTest::testUpdateProfileHttpError
InvalidArgumentException: getLogger() cannot be mocked as it is a private method

/Users/vagner/Desenvolvimento/python/clubify-checkout/sdk/php/vendor/mockery/mockery/library/Mockery.php:742
/Users/vagner/Desenvolvimento/python/clubify-checkout/sdk/php/vendor/mockery/mockery/library/Mockery.php:754
/Users/vagner/Desenvolvimento/python/clubify-checkout/sdk/php/vendor/mockery/mockery/library/Mockery.php:574
/Users/vagner/Desenvolvimento/python/clubify-checkout/sdk/php/tests/TestCase.php:222
/Users/vagner/Desenvolvimento/python/clubify-checkout/sdk/php/tests/TestCase.php:441
/Users/vagner/Desenvolvimento/python/clubify-checkout/sdk/php/tests/TestCase.php:56
/Users/vagner/Desenvolvimento/python/clubify-checkout/sdk/php/tests/Unit/UserManagement/Repositories/ApiUserRepositoryTest.php:38</error>
        </testcase>
        <testcase name="testChangePasswordSuccess" file="/Users/vagner/Desenvolvimento/python/clubify-checkout/sdk/php/tests/Unit/UserManagement/Repositories/ApiUserRepositoryTest.php" line="229" class="Clubify\Checkout\Tests\Unit\UserManagement\Repositories\ApiUserRepositoryTest" classname="Clubify.Checkout.Tests.Unit.UserManagement.Repositories.ApiUserRepositoryTest" assertions="0" time="0.000000">
          <error type="InvalidArgumentException">Clubify\Checkout\Tests\Unit\UserManagement\Repositories\ApiUserRepositoryTest::testChangePasswordSuccess
InvalidArgumentException: getLogger() cannot be mocked as it is a private method

/Users/vagner/Desenvolvimento/python/clubify-checkout/sdk/php/vendor/mockery/mockery/library/Mockery.php:742
/Users/vagner/Desenvolvimento/python/clubify-checkout/sdk/php/vendor/mockery/mockery/library/Mockery.php:754
/Users/vagner/Desenvolvimento/python/clubify-checkout/sdk/php/vendor/mockery/mockery/library/Mockery.php:574
/Users/vagner/Desenvolvimento/python/clubify-checkout/sdk/php/tests/TestCase.php:222
/Users/vagner/Desenvolvimento/python/clubify-checkout/sdk/php/tests/TestCase.php:441
/Users/vagner/Desenvolvimento/python/clubify-checkout/sdk/php/tests/TestCase.php:56
/Users/vagner/Desenvolvimento/python/clubify-checkout/sdk/php/tests/Unit/UserManagement/Repositories/ApiUserRepositoryTest.php:38</error>
        </testcase>
        <testcase name="testChangePasswordFailure" file="/Users/vagner/Desenvolvimento/python/clubify-checkout/sdk/php/tests/Unit/UserManagement/Repositories/ApiUserRepositoryTest.php" line="252" class="Clubify\Checkout\Tests\Unit\UserManagement\Repositories\ApiUserRepositoryTest" classname="Clubify.Checkout.Tests.Unit.UserManagement.Repositories.ApiUserRepositoryTest" assertions="0" time="0.000000">
          <error type="InvalidArgumentException">Clubify\Checkout\Tests\Unit\UserManagement\Repositories\ApiUserRepositoryTest::testChangePasswordFailure
InvalidArgumentException: getLogger() cannot be mocked as it is a private method

/Users/vagner/Desenvolvimento/python/clubify-checkout/sdk/php/vendor/mockery/mockery/library/Mockery.php:742
/Users/vagner/Desenvolvimento/python/clubify-checkout/sdk/php/vendor/mockery/mockery/library/Mockery.php:754
/Users/vagner/Desenvolvimento/python/clubify-checkout/sdk/php/vendor/mockery/mockery/library/Mockery.php:574
/Users/vagner/Desenvolvimento/python/clubify-checkout/sdk/php/tests/TestCase.php:222
/Users/vagner/Desenvolvimento/python/clubify-checkout/sdk/php/tests/TestCase.php:441
/Users/vagner/Desenvolvimento/python/clubify-checkout/sdk/php/tests/TestCase.php:56
/Users/vagner/Desenvolvimento/python/clubify-checkout/sdk/php/tests/Unit/UserManagement/Repositories/ApiUserRepositoryTest.php:38</error>
        </testcase>
        <testcase name="testActivateUser" file="/Users/vagner/Desenvolvimento/python/clubify-checkout/sdk/php/tests/Unit/UserManagement/Repositories/ApiUserRepositoryTest.php" line="271" class="Clubify\Checkout\Tests\Unit\UserManagement\Repositories\ApiUserRepositoryTest" classname="Clubify.Checkout.Tests.Unit.UserManagement.Repositories.ApiUserRepositoryTest" assertions="0" time="0.000000">
          <error type="InvalidArgumentException">Clubify\Checkout\Tests\Unit\UserManagement\Repositories\ApiUserRepositoryTest::testActivateUser
InvalidArgumentException: getLogger() cannot be mocked as it is a private method

/Users/vagner/Desenvolvimento/python/clubify-checkout/sdk/php/vendor/mockery/mockery/library/Mockery.php:742
/Users/vagner/Desenvolvimento/python/clubify-checkout/sdk/php/vendor/mockery/mockery/library/Mockery.php:754
/Users/vagner/Desenvolvimento/python/clubify-checkout/sdk/php/vendor/mockery/mockery/library/Mockery.php:574
/Users/vagner/Desenvolvimento/python/clubify-checkout/sdk/php/tests/TestCase.php:222
/Users/vagner/Desenvolvimento/python/clubify-checkout/sdk/php/tests/TestCase.php:441
/Users/vagner/Desenvolvimento/python/clubify-checkout/sdk/php/tests/TestCase.php:56
/Users/vagner/Desenvolvimento/python/clubify-checkout/sdk/php/tests/Unit/UserManagement/Repositories/ApiUserRepositoryTest.php:38</error>
        </testcase>
        <testcase name="testDeactivateUser" file="/Users/vagner/Desenvolvimento/python/clubify-checkout/sdk/php/tests/Unit/UserManagement/Repositories/ApiUserRepositoryTest.php" line="294" class="Clubify\Checkout\Tests\Unit\UserManagement\Repositories\ApiUserRepositoryTest" classname="Clubify.Checkout.Tests.Unit.UserManagement.Repositories.ApiUserRepositoryTest" assertions="0" time="0.000000">
          <error type="InvalidArgumentException">Clubify\Checkout\Tests\Unit\UserManagement\Repositories\ApiUserRepositoryTest::testDeactivateUser
InvalidArgumentException: getLogger() cannot be mocked as it is a private method

/Users/vagner/Desenvolvimento/python/clubify-checkout/sdk/php/vendor/mockery/mockery/library/Mockery.php:742
/Users/vagner/Desenvolvimento/python/clubify-checkout/sdk/php/vendor/mockery/mockery/library/Mockery.php:754
/Users/vagner/Desenvolvimento/python/clubify-checkout/sdk/php/vendor/mockery/mockery/library/Mockery.php:574
/Users/vagner/Desenvolvimento/python/clubify-checkout/sdk/php/tests/TestCase.php:222
/Users/vagner/Desenvolvimento/python/clubify-checkout/sdk/php/tests/TestCase.php:441
/Users/vagner/Desenvolvimento/python/clubify-checkout/sdk/php/tests/TestCase.php:56
/Users/vagner/Desenvolvimento/python/clubify-checkout/sdk/php/tests/Unit/UserManagement/Repositories/ApiUserRepositoryTest.php:38</error>
        </testcase>
        <testcase name="testGetUserRoles" file="/Users/vagner/Desenvolvimento/python/clubify-checkout/sdk/php/tests/Unit/UserManagement/Repositories/ApiUserRepositoryTest.php" line="317" class="Clubify\Checkout\Tests\Unit\UserManagement\Repositories\ApiUserRepositoryTest" classname="Clubify.Checkout.Tests.Unit.UserManagement.Repositories.ApiUserRepositoryTest" assertions="0" time="0.000000">
          <error type="InvalidArgumentException">Clubify\Checkout\Tests\Unit\UserManagement\Repositories\ApiUserRepositoryTest::testGetUserRoles
InvalidArgumentException: getLogger() cannot be mocked as it is a private method

/Users/vagner/Desenvolvimento/python/clubify-checkout/sdk/php/vendor/mockery/mockery/library/Mockery.php:742
/Users/vagner/Desenvolvimento/python/clubify-checkout/sdk/php/vendor/mockery/mockery/library/Mockery.php:754
/Users/vagner/Desenvolvimento/python/clubify-checkout/sdk/php/vendor/mockery/mockery/library/Mockery.php:574
/Users/vagner/Desenvolvimento/python/clubify-checkout/sdk/php/tests/TestCase.php:222
/Users/vagner/Desenvolvimento/python/clubify-checkout/sdk/php/tests/TestCase.php:441
/Users/vagner/Desenvolvimento/python/clubify-checkout/sdk/php/tests/TestCase.php:56
/Users/vagner/Desenvolvimento/python/clubify-checkout/sdk/php/tests/Unit/UserManagement/Repositories/ApiUserRepositoryTest.php:38</error>
        </testcase>
        <testcase name="testAssignRole" file="/Users/vagner/Desenvolvimento/python/clubify-checkout/sdk/php/tests/Unit/UserManagement/Repositories/ApiUserRepositoryTest.php" line="342" class="Clubify\Checkout\Tests\Unit\UserManagement\Repositories\ApiUserRepositoryTest" classname="Clubify.Checkout.Tests.Unit.UserManagement.Repositories.ApiUserRepositoryTest" assertions="0" time="0.000000">
          <error type="InvalidArgumentException">Clubify\Checkout\Tests\Unit\UserManagement\Repositories\ApiUserRepositoryTest::testAssignRole
InvalidArgumentException: getLogger() cannot be mocked as it is a private method

/Users/vagner/Desenvolvimento/python/clubify-checkout/sdk/php/vendor/mockery/mockery/library/Mockery.php:742
/Users/vagner/Desenvolvimento/python/clubify-checkout/sdk/php/vendor/mockery/mockery/library/Mockery.php:754
/Users/vagner/Desenvolvimento/python/clubify-checkout/sdk/php/vendor/mockery/mockery/library/Mockery.php:574
/Users/vagner/Desenvolvimento/python/clubify-checkout/sdk/php/tests/TestCase.php:222
/Users/vagner/Desenvolvimento/python/clubify-checkout/sdk/php/tests/TestCase.php:441
/Users/vagner/Desenvolvimento/python/clubify-checkout/sdk/php/tests/TestCase.php:56
/Users/vagner/Desenvolvimento/python/clubify-checkout/sdk/php/tests/Unit/UserManagement/Repositories/ApiUserRepositoryTest.php:38</error>
        </testcase>
        <testcase name="testRemoveRole" file="/Users/vagner/Desenvolvimento/python/clubify-checkout/sdk/php/tests/Unit/UserManagement/Repositories/ApiUserRepositoryTest.php" line="366" class="Clubify\Checkout\Tests\Unit\UserManagement\Repositories\ApiUserRepositoryTest" classname="Clubify.Checkout.Tests.Unit.UserManagement.Repositories.ApiUserRepositoryTest" assertions="0" time="0.000000">
          <error type="InvalidArgumentException">Clubify\Checkout\Tests\Unit\UserManagement\Repositories\ApiUserRepositoryTest::testRemoveRole
InvalidArgumentException: getLogger() cannot be mocked as it is a private method

/Users/vagner/Desenvolvimento/python/clubify-checkout/sdk/php/vendor/mockery/mockery/library/Mockery.php:742
/Users/vagner/Desenvolvimento/python/clubify-checkout/sdk/php/vendor/mockery/mockery/library/Mockery.php:754
/Users/vagner/Desenvolvimento/python/clubify-checkout/sdk/php/vendor/mockery/mockery/library/Mockery.php:574
/Users/vagner/Desenvolvimento/python/clubify-checkout/sdk/php/tests/TestCase.php:222
/Users/vagner/Desenvolvimento/python/clubify-checkout/sdk/php/tests/TestCase.php:441
/Users/vagner/Desenvolvimento/python/clubify-checkout/sdk/php/tests/TestCase.php:56
/Users/vagner/Desenvolvimento/python/clubify-checkout/sdk/php/tests/Unit/UserManagement/Repositories/ApiUserRepositoryTest.php:38</error>
        </testcase>
        <testcase name="testFindActiveByTenant" file="/Users/vagner/Desenvolvimento/python/clubify-checkout/sdk/php/tests/Unit/UserManagement/Repositories/ApiUserRepositoryTest.php" line="390" class="Clubify\Checkout\Tests\Unit\UserManagement\Repositories\ApiUserRepositoryTest" classname="Clubify.Checkout.Tests.Unit.UserManagement.Repositories.ApiUserRepositoryTest" assertions="0" time="0.000000">
          <error type="InvalidArgumentException">Clubify\Checkout\Tests\Unit\UserManagement\Repositories\ApiUserRepositoryTest::testFindActiveByTenant
InvalidArgumentException: getLogger() cannot be mocked as it is a private method

/Users/vagner/Desenvolvimento/python/clubify-checkout/sdk/php/vendor/mockery/mockery/library/Mockery.php:742
/Users/vagner/Desenvolvimento/python/clubify-checkout/sdk/php/vendor/mockery/mockery/library/Mockery.php:754
/Users/vagner/Desenvolvimento/python/clubify-checkout/sdk/php/vendor/mockery/mockery/library/Mockery.php:574
/Users/vagner/Desenvolvimento/python/clubify-checkout/sdk/php/tests/TestCase.php:222
/Users/vagner/Desenvolvimento/python/clubify-checkout/sdk/php/tests/TestCase.php:441
/Users/vagner/Desenvolvimento/python/clubify-checkout/sdk/php/tests/TestCase.php:56
/Users/vagner/Desenvolvimento/python/clubify-checkout/sdk/php/tests/Unit/UserManagement/Repositories/ApiUserRepositoryTest.php:38</error>
        </testcase>
        <testcase name="testIsEmailTakenTrue" file="/Users/vagner/Desenvolvimento/python/clubify-checkout/sdk/php/tests/Unit/UserManagement/Repositories/ApiUserRepositoryTest.php" line="418" class="Clubify\Checkout\Tests\Unit\UserManagement\Repositories\ApiUserRepositoryTest" classname="Clubify.Checkout.Tests.Unit.UserManagement.Repositories.ApiUserRepositoryTest" assertions="0" time="0.000000">
          <error type="InvalidArgumentException">Clubify\Checkout\Tests\Unit\UserManagement\Repositories\ApiUserRepositoryTest::testIsEmailTakenTrue
InvalidArgumentException: getLogger() cannot be mocked as it is a private method

/Users/vagner/Desenvolvimento/python/clubify-checkout/sdk/php/vendor/mockery/mockery/library/Mockery.php:742
/Users/vagner/Desenvolvimento/python/clubify-checkout/sdk/php/vendor/mockery/mockery/library/Mockery.php:754
/Users/vagner/Desenvolvimento/python/clubify-checkout/sdk/php/vendor/mockery/mockery/library/Mockery.php:574
/Users/vagner/Desenvolvimento/python/clubify-checkout/sdk/php/tests/TestCase.php:222
/Users/vagner/Desenvolvimento/python/clubify-checkout/sdk/php/tests/TestCase.php:441
/Users/vagner/Desenvolvimento/python/clubify-checkout/sdk/php/tests/TestCase.php:56
/Users/vagner/Desenvolvimento/python/clubify-checkout/sdk/php/tests/Unit/UserManagement/Repositories/ApiUserRepositoryTest.php:38</error>
        </testcase>
        <testcase name="testIsEmailTakenFalse" file="/Users/vagner/Desenvolvimento/python/clubify-checkout/sdk/php/tests/Unit/UserManagement/Repositories/ApiUserRepositoryTest.php" line="440" class="Clubify\Checkout\Tests\Unit\UserManagement\Repositories\ApiUserRepositoryTest" classname="Clubify.Checkout.Tests.Unit.UserManagement.Repositories.ApiUserRepositoryTest" assertions="0" time="0.000000">
          <error type="InvalidArgumentException">Clubify\Checkout\Tests\Unit\UserManagement\Repositories\ApiUserRepositoryTest::testIsEmailTakenFalse
InvalidArgumentException: getLogger() cannot be mocked as it is a private method

/Users/vagner/Desenvolvimento/python/clubify-checkout/sdk/php/vendor/mockery/mockery/library/Mockery.php:742
/Users/vagner/Desenvolvimento/python/clubify-checkout/sdk/php/vendor/mockery/mockery/library/Mockery.php:754
/Users/vagner/Desenvolvimento/python/clubify-checkout/sdk/php/vendor/mockery/mockery/library/Mockery.php:574
/Users/vagner/Desenvolvimento/python/clubify-checkout/sdk/php/tests/TestCase.php:222
/Users/vagner/Desenvolvimento/python/clubify-checkout/sdk/php/tests/TestCase.php:441
/Users/vagner/Desenvolvimento/python/clubify-checkout/sdk/php/tests/TestCase.php:56
/Users/vagner/Desenvolvimento/python/clubify-checkout/sdk/php/tests/Unit/UserManagement/Repositories/ApiUserRepositoryTest.php:38</error>
        </testcase>
        <testcase name="testIsEmailTakenExcludingUser" file="/Users/vagner/Desenvolvimento/python/clubify-checkout/sdk/php/tests/Unit/UserManagement/Repositories/ApiUserRepositoryTest.php" line="461" class="Clubify\Checkout\Tests\Unit\UserManagement\Repositories\ApiUserRepositoryTest" classname="Clubify.Checkout.Tests.Unit.UserManagement.Repositories.ApiUserRepositoryTest" assertions="0" time="0.000000">
          <error type="InvalidArgumentException">Clubify\Checkout\Tests\Unit\UserManagement\Repositories\ApiUserRepositoryTest::testIsEmailTakenExcludingUser
InvalidArgumentException: getLogger() cannot be mocked as it is a private method

/Users/vagner/Desenvolvimento/python/clubify-checkout/sdk/php/vendor/mockery/mockery/library/Mockery.php:742
/Users/vagner/Desenvolvimento/python/clubify-checkout/sdk/php/vendor/mockery/mockery/library/Mockery.php:754
/Users/vagner/Desenvolvimento/python/clubify-checkout/sdk/php/vendor/mockery/mockery/library/Mockery.php:574
/Users/vagner/Desenvolvimento/python/clubify-checkout/sdk/php/tests/TestCase.php:222
/Users/vagner/Desenvolvimento/python/clubify-checkout/sdk/php/tests/TestCase.php:441
/Users/vagner/Desenvolvimento/python/clubify-checkout/sdk/php/tests/TestCase.php:56
/Users/vagner/Desenvolvimento/python/clubify-checkout/sdk/php/tests/Unit/UserManagement/Repositories/ApiUserRepositoryTest.php:38</error>
        </testcase>
        <testcase name="testPerformHealthCheckSuccess" file="/Users/vagner/Desenvolvimento/python/clubify-checkout/sdk/php/tests/Unit/UserManagement/Repositories/ApiUserRepositoryTest.php" line="484" class="Clubify\Checkout\Tests\Unit\UserManagement\Repositories\ApiUserRepositoryTest" classname="Clubify.Checkout.Tests.Unit.UserManagement.Repositories.ApiUserRepositoryTest" assertions="0" time="0.000000">
          <error type="InvalidArgumentException">Clubify\Checkout\Tests\Unit\UserManagement\Repositories\ApiUserRepositoryTest::testPerformHealthCheckSuccess
InvalidArgumentException: getLogger() cannot be mocked as it is a private method

/Users/vagner/Desenvolvimento/python/clubify-checkout/sdk/php/vendor/mockery/mockery/library/Mockery.php:742
/Users/vagner/Desenvolvimento/python/clubify-checkout/sdk/php/vendor/mockery/mockery/library/Mockery.php:754
/Users/vagner/Desenvolvimento/python/clubify-checkout/sdk/php/vendor/mockery/mockery/library/Mockery.php:574
/Users/vagner/Desenvolvimento/python/clubify-checkout/sdk/php/tests/TestCase.php:222
/Users/vagner/Desenvolvimento/python/clubify-checkout/sdk/php/tests/TestCase.php:441
/Users/vagner/Desenvolvimento/python/clubify-checkout/sdk/php/tests/TestCase.php:56
/Users/vagner/Desenvolvimento/python/clubify-checkout/sdk/php/tests/Unit/UserManagement/Repositories/ApiUserRepositoryTest.php:38</error>
        </testcase>
        <testcase name="testPerformHealthCheckFailure" file="/Users/vagner/Desenvolvimento/python/clubify-checkout/sdk/php/tests/Unit/UserManagement/Repositories/ApiUserRepositoryTest.php" line="508" class="Clubify\Checkout\Tests\Unit\UserManagement\Repositories\ApiUserRepositoryTest" classname="Clubify.Checkout.Tests.Unit.UserManagement.Repositories.ApiUserRepositoryTest" assertions="0" time="0.000000">
          <error type="InvalidArgumentException">Clubify\Checkout\Tests\Unit\UserManagement\Repositories\ApiUserRepositoryTest::testPerformHealthCheckFailure
InvalidArgumentException: getLogger() cannot be mocked as it is a private method

/Users/vagner/Desenvolvimento/python/clubify-checkout/sdk/php/vendor/mockery/mockery/library/Mockery.php:742
/Users/vagner/Desenvolvimento/python/clubify-checkout/sdk/php/vendor/mockery/mockery/library/Mockery.php:754
/Users/vagner/Desenvolvimento/python/clubify-checkout/sdk/php/vendor/mockery/mockery/library/Mockery.php:574
/Users/vagner/Desenvolvimento/python/clubify-checkout/sdk/php/tests/TestCase.php:222
/Users/vagner/Desenvolvimento/python/clubify-checkout/sdk/php/tests/TestCase.php:441
/Users/vagner/Desenvolvimento/python/clubify-checkout/sdk/php/tests/TestCase.php:56
/Users/vagner/Desenvolvimento/python/clubify-checkout/sdk/php/tests/Unit/UserManagement/Repositories/ApiUserRepositoryTest.php:38</error>
        </testcase>
      </testsuite>
      <testsuite name="Clubify\Checkout\Tests\Unit\UserManagement\Services\UserServiceTest" file="/Users/vagner/Desenvolvimento/python/clubify-checkout/sdk/php/tests/Unit/UserManagement/Services/UserServiceTest.php" tests="27" assertions="0" errors="27" failures="0" skipped="0" time="0.000000">
        <testcase name="testImplementsServiceInterface" file="/Users/vagner/Desenvolvimento/python/clubify-checkout/sdk/php/tests/Unit/UserManagement/Services/UserServiceTest.php" line="51" class="Clubify\Checkout\Tests\Unit\UserManagement\Services\UserServiceTest" classname="Clubify.Checkout.Tests.Unit.UserManagement.Services.UserServiceTest" assertions="0" time="0.000000">
          <error type="InvalidArgumentException">Clubify\Checkout\Tests\Unit\UserManagement\Services\UserServiceTest::testImplementsServiceInterface
InvalidArgumentException: getLogger() cannot be mocked as it is a private method

/Users/vagner/Desenvolvimento/python/clubify-checkout/sdk/php/vendor/mockery/mockery/library/Mockery.php:742
/Users/vagner/Desenvolvimento/python/clubify-checkout/sdk/php/vendor/mockery/mockery/library/Mockery.php:754
/Users/vagner/Desenvolvimento/python/clubify-checkout/sdk/php/vendor/mockery/mockery/library/Mockery.php:574
/Users/vagner/Desenvolvimento/python/clubify-checkout/sdk/php/tests/TestCase.php:222
/Users/vagner/Desenvolvimento/python/clubify-checkout/sdk/php/tests/TestCase.php:441
/Users/vagner/Desenvolvimento/python/clubify-checkout/sdk/php/tests/TestCase.php:56
/Users/vagner/Desenvolvimento/python/clubify-checkout/sdk/php/tests/Unit/UserManagement/Services/UserServiceTest.php:38</error>
        </testcase>
        <testcase name="testGetName" file="/Users/vagner/Desenvolvimento/python/clubify-checkout/sdk/php/tests/Unit/UserManagement/Services/UserServiceTest.php" line="56" class="Clubify\Checkout\Tests\Unit\UserManagement\Services\UserServiceTest" classname="Clubify.Checkout.Tests.Unit.UserManagement.Services.UserServiceTest" assertions="0" time="0.000000">
          <error type="InvalidArgumentException">Clubify\Checkout\Tests\Unit\UserManagement\Services\UserServiceTest::testGetName
InvalidArgumentException: getLogger() cannot be mocked as it is a private method

/Users/vagner/Desenvolvimento/python/clubify-checkout/sdk/php/vendor/mockery/mockery/library/Mockery.php:742
/Users/vagner/Desenvolvimento/python/clubify-checkout/sdk/php/vendor/mockery/mockery/library/Mockery.php:754
/Users/vagner/Desenvolvimento/python/clubify-checkout/sdk/php/vendor/mockery/mockery/library/Mockery.php:574
/Users/vagner/Desenvolvimento/python/clubify-checkout/sdk/php/tests/TestCase.php:222
/Users/vagner/Desenvolvimento/python/clubify-checkout/sdk/php/tests/TestCase.php:441
/Users/vagner/Desenvolvimento/python/clubify-checkout/sdk/php/tests/TestCase.php:56
/Users/vagner/Desenvolvimento/python/clubify-checkout/sdk/php/tests/Unit/UserManagement/Services/UserServiceTest.php:38</error>
        </testcase>
        <testcase name="testGetVersion" file="/Users/vagner/Desenvolvimento/python/clubify-checkout/sdk/php/tests/Unit/UserManagement/Services/UserServiceTest.php" line="62" class="Clubify\Checkout\Tests\Unit\UserManagement\Services\UserServiceTest" classname="Clubify.Checkout.Tests.Unit.UserManagement.Services.UserServiceTest" assertions="0" time="0.000000">
          <error type="InvalidArgumentException">Clubify\Checkout\Tests\Unit\UserManagement\Services\UserServiceTest::testGetVersion
InvalidArgumentException: getLogger() cannot be mocked as it is a private method

/Users/vagner/Desenvolvimento/python/clubify-checkout/sdk/php/vendor/mockery/mockery/library/Mockery.php:742
/Users/vagner/Desenvolvimento/python/clubify-checkout/sdk/php/vendor/mockery/mockery/library/Mockery.php:754
/Users/vagner/Desenvolvimento/python/clubify-checkout/sdk/php/vendor/mockery/mockery/library/Mockery.php:574
/Users/vagner/Desenvolvimento/python/clubify-checkout/sdk/php/tests/TestCase.php:222
/Users/vagner/Desenvolvimento/python/clubify-checkout/sdk/php/tests/TestCase.php:441
/Users/vagner/Desenvolvimento/python/clubify-checkout/sdk/php/tests/TestCase.php:56
/Users/vagner/Desenvolvimento/python/clubify-checkout/sdk/php/tests/Unit/UserManagement/Services/UserServiceTest.php:38</error>
        </testcase>
        <testcase name="testIsHealthySuccess" file="/Users/vagner/Desenvolvimento/python/clubify-checkout/sdk/php/tests/Unit/UserManagement/Services/UserServiceTest.php" line="68" class="Clubify\Checkout\Tests\Unit\UserManagement\Services\UserServiceTest" classname="Clubify.Checkout.Tests.Unit.UserManagement.Services.UserServiceTest" assertions="0" time="0.000000">
          <error type="InvalidArgumentException">Clubify\Checkout\Tests\Unit\UserManagement\Services\UserServiceTest::testIsHealthySuccess
InvalidArgumentException: getLogger() cannot be mocked as it is a private method

/Users/vagner/Desenvolvimento/python/clubify-checkout/sdk/php/vendor/mockery/mockery/library/Mockery.php:742
/Users/vagner/Desenvolvimento/python/clubify-checkout/sdk/php/vendor/mockery/mockery/library/Mockery.php:754
/Users/vagner/Desenvolvimento/python/clubify-checkout/sdk/php/vendor/mockery/mockery/library/Mockery.php:574
/Users/vagner/Desenvolvimento/python/clubify-checkout/sdk/php/tests/TestCase.php:222
/Users/vagner/Desenvolvimento/python/clubify-checkout/sdk/php/tests/TestCase.php:441
/Users/vagner/Desenvolvimento/python/clubify-checkout/sdk/php/tests/TestCase.php:56
/Users/vagner/Desenvolvimento/python/clubify-checkout/sdk/php/tests/Unit/UserManagement/Services/UserServiceTest.php:38</error>
        </testcase>
        <testcase name="testIsHealthyFailure" file="/Users/vagner/Desenvolvimento/python/clubify-checkout/sdk/php/tests/Unit/UserManagement/Services/UserServiceTest.php" line="82" class="Clubify\Checkout\Tests\Unit\UserManagement\Services\UserServiceTest" classname="Clubify.Checkout.Tests.Unit.UserManagement.Services.UserServiceTest" assertions="0" time="0.000000">
          <error type="InvalidArgumentException">Clubify\Checkout\Tests\Unit\UserManagement\Services\UserServiceTest::testIsHealthyFailure
InvalidArgumentException: getLogger() cannot be mocked as it is a private method

/Users/vagner/Desenvolvimento/python/clubify-checkout/sdk/php/vendor/mockery/mockery/library/Mockery.php:742
/Users/vagner/Desenvolvimento/python/clubify-checkout/sdk/php/vendor/mockery/mockery/library/Mockery.php:754
/Users/vagner/Desenvolvimento/python/clubify-checkout/sdk/php/vendor/mockery/mockery/library/Mockery.php:574
/Users/vagner/Desenvolvimento/python/clubify-checkout/sdk/php/tests/TestCase.php:222
/Users/vagner/Desenvolvimento/python/clubify-checkout/sdk/php/tests/TestCase.php:441
/Users/vagner/Desenvolvimento/python/clubify-checkout/sdk/php/tests/TestCase.php:56
/Users/vagner/Desenvolvimento/python/clubify-checkout/sdk/php/tests/Unit/UserManagement/Services/UserServiceTest.php:38</error>
        </testcase>
        <testcase name="testGetMetrics" file="/Users/vagner/Desenvolvimento/python/clubify-checkout/sdk/php/tests/Unit/UserManagement/Services/UserServiceTest.php" line="100" class="Clubify\Checkout\Tests\Unit\UserManagement\Services\UserServiceTest" classname="Clubify.Checkout.Tests.Unit.UserManagement.Services.UserServiceTest" assertions="0" time="0.000000">
          <error type="InvalidArgumentException">Clubify\Checkout\Tests\Unit\UserManagement\Services\UserServiceTest::testGetMetrics
InvalidArgumentException: getLogger() cannot be mocked as it is a private method

/Users/vagner/Desenvolvimento/python/clubify-checkout/sdk/php/vendor/mockery/mockery/library/Mockery.php:742
/Users/vagner/Desenvolvimento/python/clubify-checkout/sdk/php/vendor/mockery/mockery/library/Mockery.php:754
/Users/vagner/Desenvolvimento/python/clubify-checkout/sdk/php/vendor/mockery/mockery/library/Mockery.php:574
/Users/vagner/Desenvolvimento/python/clubify-checkout/sdk/php/tests/TestCase.php:222
/Users/vagner/Desenvolvimento/python/clubify-checkout/sdk/php/tests/TestCase.php:441
/Users/vagner/Desenvolvimento/python/clubify-checkout/sdk/php/tests/TestCase.php:56
/Users/vagner/Desenvolvimento/python/clubify-checkout/sdk/php/tests/Unit/UserManagement/Services/UserServiceTest.php:38</error>
        </testcase>
        <testcase name="testCreateUserSuccess" file="/Users/vagner/Desenvolvimento/python/clubify-checkout/sdk/php/tests/Unit/UserManagement/Services/UserServiceTest.php" line="119" class="Clubify\Checkout\Tests\Unit\UserManagement\Services\UserServiceTest" classname="Clubify.Checkout.Tests.Unit.UserManagement.Services.UserServiceTest" assertions="0" time="0.000000">
          <error type="InvalidArgumentException">Clubify\Checkout\Tests\Unit\UserManagement\Services\UserServiceTest::testCreateUserSuccess
InvalidArgumentException: getLogger() cannot be mocked as it is a private method

/Users/vagner/Desenvolvimento/python/clubify-checkout/sdk/php/vendor/mockery/mockery/library/Mockery.php:742
/Users/vagner/Desenvolvimento/python/clubify-checkout/sdk/php/vendor/mockery/mockery/library/Mockery.php:754
/Users/vagner/Desenvolvimento/python/clubify-checkout/sdk/php/vendor/mockery/mockery/library/Mockery.php:574
/Users/vagner/Desenvolvimento/python/clubify-checkout/sdk/php/tests/TestCase.php:222
/Users/vagner/Desenvolvimento/python/clubify-checkout/sdk/php/tests/TestCase.php:441
/Users/vagner/Desenvolvimento/python/clubify-checkout/sdk/php/tests/TestCase.php:56
/Users/vagner/Desenvolvimento/python/clubify-checkout/sdk/php/tests/Unit/UserManagement/Services/UserServiceTest.php:38</error>
        </testcase>
        <testcase name="testCreateUserDuplicateEmail" file="/Users/vagner/Desenvolvimento/python/clubify-checkout/sdk/php/tests/Unit/UserManagement/Services/UserServiceTest.php" line="163" class="Clubify\Checkout\Tests\Unit\UserManagement\Services\UserServiceTest" classname="Clubify.Checkout.Tests.Unit.UserManagement.Services.UserServiceTest" assertions="0" time="0.000000">
          <error type="InvalidArgumentException">Clubify\Checkout\Tests\Unit\UserManagement\Services\UserServiceTest::testCreateUserDuplicateEmail
InvalidArgumentException: getLogger() cannot be mocked as it is a private method

/Users/vagner/Desenvolvimento/python/clubify-checkout/sdk/php/vendor/mockery/mockery/library/Mockery.php:742
/Users/vagner/Desenvolvimento/python/clubify-checkout/sdk/php/vendor/mockery/mockery/library/Mockery.php:754
/Users/vagner/Desenvolvimento/python/clubify-checkout/sdk/php/vendor/mockery/mockery/library/Mockery.php:574
/Users/vagner/Desenvolvimento/python/clubify-checkout/sdk/php/tests/TestCase.php:222
/Users/vagner/Desenvolvimento/python/clubify-checkout/sdk/php/tests/TestCase.php:441
/Users/vagner/Desenvolvimento/python/clubify-checkout/sdk/php/tests/TestCase.php:56
/Users/vagner/Desenvolvimento/python/clubify-checkout/sdk/php/tests/Unit/UserManagement/Services/UserServiceTest.php:38</error>
        </testcase>
        <testcase name="testCreateUserValidationError" file="/Users/vagner/Desenvolvimento/python/clubify-checkout/sdk/php/tests/Unit/UserManagement/Services/UserServiceTest.php" line="192" class="Clubify\Checkout\Tests\Unit\UserManagement\Services\UserServiceTest" classname="Clubify.Checkout.Tests.Unit.UserManagement.Services.UserServiceTest" assertions="0" time="0.000000">
          <error type="InvalidArgumentException">Clubify\Checkout\Tests\Unit\UserManagement\Services\UserServiceTest::testCreateUserValidationError
InvalidArgumentException: getLogger() cannot be mocked as it is a private method

/Users/vagner/Desenvolvimento/python/clubify-checkout/sdk/php/vendor/mockery/mockery/library/Mockery.php:742
/Users/vagner/Desenvolvimento/python/clubify-checkout/sdk/php/vendor/mockery/mockery/library/Mockery.php:754
/Users/vagner/Desenvolvimento/python/clubify-checkout/sdk/php/vendor/mockery/mockery/library/Mockery.php:574
/Users/vagner/Desenvolvimento/python/clubify-checkout/sdk/php/tests/TestCase.php:222
/Users/vagner/Desenvolvimento/python/clubify-checkout/sdk/php/tests/TestCase.php:441
/Users/vagner/Desenvolvimento/python/clubify-checkout/sdk/php/tests/TestCase.php:56
/Users/vagner/Desenvolvimento/python/clubify-checkout/sdk/php/tests/Unit/UserManagement/Services/UserServiceTest.php:38</error>
        </testcase>
        <testcase name="testGetUserSuccess" file="/Users/vagner/Desenvolvimento/python/clubify-checkout/sdk/php/tests/Unit/UserManagement/Services/UserServiceTest.php" line="215" class="Clubify\Checkout\Tests\Unit\UserManagement\Services\UserServiceTest" classname="Clubify.Checkout.Tests.Unit.UserManagement.Services.UserServiceTest" assertions="0" time="0.000000">
          <error type="InvalidArgumentException">Clubify\Checkout\Tests\Unit\UserManagement\Services\UserServiceTest::testGetUserSuccess
InvalidArgumentException: getLogger() cannot be mocked as it is a private method

/Users/vagner/Desenvolvimento/python/clubify-checkout/sdk/php/vendor/mockery/mockery/library/Mockery.php:742
/Users/vagner/Desenvolvimento/python/clubify-checkout/sdk/php/vendor/mockery/mockery/library/Mockery.php:754
/Users/vagner/Desenvolvimento/python/clubify-checkout/sdk/php/vendor/mockery/mockery/library/Mockery.php:574
/Users/vagner/Desenvolvimento/python/clubify-checkout/sdk/php/tests/TestCase.php:222
/Users/vagner/Desenvolvimento/python/clubify-checkout/sdk/php/tests/TestCase.php:441
/Users/vagner/Desenvolvimento/python/clubify-checkout/sdk/php/tests/TestCase.php:56
/Users/vagner/Desenvolvimento/python/clubify-checkout/sdk/php/tests/Unit/UserManagement/Services/UserServiceTest.php:38</error>
        </testcase>
        <testcase name="testGetUserNotFound" file="/Users/vagner/Desenvolvimento/python/clubify-checkout/sdk/php/tests/Unit/UserManagement/Services/UserServiceTest.php" line="234" class="Clubify\Checkout\Tests\Unit\UserManagement\Services\UserServiceTest" classname="Clubify.Checkout.Tests.Unit.UserManagement.Services.UserServiceTest" assertions="0" time="0.000000">
          <error type="InvalidArgumentException">Clubify\Checkout\Tests\Unit\UserManagement\Services\UserServiceTest::testGetUserNotFound
InvalidArgumentException: getLogger() cannot be mocked as it is a private method

/Users/vagner/Desenvolvimento/python/clubify-checkout/sdk/php/vendor/mockery/mockery/library/Mockery.php:742
/Users/vagner/Desenvolvimento/python/clubify-checkout/sdk/php/vendor/mockery/mockery/library/Mockery.php:754
/Users/vagner/Desenvolvimento/python/clubify-checkout/sdk/php/vendor/mockery/mockery/library/Mockery.php:574
/Users/vagner/Desenvolvimento/python/clubify-checkout/sdk/php/tests/TestCase.php:222
/Users/vagner/Desenvolvimento/python/clubify-checkout/sdk/php/tests/TestCase.php:441
/Users/vagner/Desenvolvimento/python/clubify-checkout/sdk/php/tests/TestCase.php:56
/Users/vagner/Desenvolvimento/python/clubify-checkout/sdk/php/tests/Unit/UserManagement/Services/UserServiceTest.php:38</error>
        </testcase>
        <testcase name="testUpdateUserSuccess" file="/Users/vagner/Desenvolvimento/python/clubify-checkout/sdk/php/tests/Unit/UserManagement/Services/UserServiceTest.php" line="255" class="Clubify\Checkout\Tests\Unit\UserManagement\Services\UserServiceTest" classname="Clubify.Checkout.Tests.Unit.UserManagement.Services.UserServiceTest" assertions="0" time="0.000000">
          <error type="InvalidArgumentException">Clubify\Checkout\Tests\Unit\UserManagement\Services\UserServiceTest::testUpdateUserSuccess
InvalidArgumentException: getLogger() cannot be mocked as it is a private method

/Users/vagner/Desenvolvimento/python/clubify-checkout/sdk/php/vendor/mockery/mockery/library/Mockery.php:742
/Users/vagner/Desenvolvimento/python/clubify-checkout/sdk/php/vendor/mockery/mockery/library/Mockery.php:754
/Users/vagner/Desenvolvimento/python/clubify-checkout/sdk/php/vendor/mockery/mockery/library/Mockery.php:574
/Users/vagner/Desenvolvimento/python/clubify-checkout/sdk/php/tests/TestCase.php:222
/Users/vagner/Desenvolvimento/python/clubify-checkout/sdk/php/tests/TestCase.php:441
/Users/vagner/Desenvolvimento/python/clubify-checkout/sdk/php/tests/TestCase.php:56
/Users/vagner/Desenvolvimento/python/clubify-checkout/sdk/php/tests/Unit/UserManagement/Services/UserServiceTest.php:38</error>
        </testcase>
        <testcase name="testUpdateUserNotFound" file="/Users/vagner/Desenvolvimento/python/clubify-checkout/sdk/php/tests/Unit/UserManagement/Services/UserServiceTest.php" line="291" class="Clubify\Checkout\Tests\Unit\UserManagement\Services\UserServiceTest" classname="Clubify.Checkout.Tests.Unit.UserManagement.Services.UserServiceTest" assertions="0" time="0.000000">
          <error type="InvalidArgumentException">Clubify\Checkout\Tests\Unit\UserManagement\Services\UserServiceTest::testUpdateUserNotFound
InvalidArgumentException: getLogger() cannot be mocked as it is a private method

/Users/vagner/Desenvolvimento/python/clubify-checkout/sdk/php/vendor/mockery/mockery/library/Mockery.php:742
/Users/vagner/Desenvolvimento/python/clubify-checkout/sdk/php/vendor/mockery/mockery/library/Mockery.php:754
/Users/vagner/Desenvolvimento/python/clubify-checkout/sdk/php/vendor/mockery/mockery/library/Mockery.php:574
/Users/vagner/Desenvolvimento/python/clubify-checkout/sdk/php/tests/TestCase.php:222
/Users/vagner/Desenvolvimento/python/clubify-checkout/sdk/php/tests/TestCase.php:441
/Users/vagner/Desenvolvimento/python/clubify-checkout/sdk/php/tests/TestCase.php:56
/Users/vagner/Desenvolvimento/python/clubify-checkout/sdk/php/tests/Unit/UserManagement/Services/UserServiceTest.php:38</error>
        </testcase>
        <testcase name="testUpdateUserEmailTaken" file="/Users/vagner/Desenvolvimento/python/clubify-checkout/sdk/php/tests/Unit/UserManagement/Services/UserServiceTest.php" line="313" class="Clubify\Checkout\Tests\Unit\UserManagement\Services\UserServiceTest" classname="Clubify.Checkout.Tests.Unit.UserManagement.Services.UserServiceTest" assertions="0" time="0.000000">
          <error type="InvalidArgumentException">Clubify\Checkout\Tests\Unit\UserManagement\Services\UserServiceTest::testUpdateUserEmailTaken
InvalidArgumentException: getLogger() cannot be mocked as it is a private method

/Users/vagner/Desenvolvimento/python/clubify-checkout/sdk/php/vendor/mockery/mockery/library/Mockery.php:742
/Users/vagner/Desenvolvimento/python/clubify-checkout/sdk/php/vendor/mockery/mockery/library/Mockery.php:754
/Users/vagner/Desenvolvimento/python/clubify-checkout/sdk/php/vendor/mockery/mockery/library/Mockery.php:574
/Users/vagner/Desenvolvimento/python/clubify-checkout/sdk/php/tests/TestCase.php:222
/Users/vagner/Desenvolvimento/python/clubify-checkout/sdk/php/tests/TestCase.php:441
/Users/vagner/Desenvolvimento/python/clubify-checkout/sdk/php/tests/TestCase.php:56
/Users/vagner/Desenvolvimento/python/clubify-checkout/sdk/php/tests/Unit/UserManagement/Services/UserServiceTest.php:38</error>
        </testcase>
        <testcase name="testDeleteUserSuccess" file="/Users/vagner/Desenvolvimento/python/clubify-checkout/sdk/php/tests/Unit/UserManagement/Services/UserServiceTest.php" line="340" class="Clubify\Checkout\Tests\Unit\UserManagement\Services\UserServiceTest" classname="Clubify.Checkout.Tests.Unit.UserManagement.Services.UserServiceTest" assertions="0" time="0.000000">
          <error type="InvalidArgumentException">Clubify\Checkout\Tests\Unit\UserManagement\Services\UserServiceTest::testDeleteUserSuccess
InvalidArgumentException: getLogger() cannot be mocked as it is a private method

/Users/vagner/Desenvolvimento/python/clubify-checkout/sdk/php/vendor/mockery/mockery/library/Mockery.php:742
/Users/vagner/Desenvolvimento/python/clubify-checkout/sdk/php/vendor/mockery/mockery/library/Mockery.php:754
/Users/vagner/Desenvolvimento/python/clubify-checkout/sdk/php/vendor/mockery/mockery/library/Mockery.php:574
/Users/vagner/Desenvolvimento/python/clubify-checkout/sdk/php/tests/TestCase.php:222
/Users/vagner/Desenvolvimento/python/clubify-checkout/sdk/php/tests/TestCase.php:441
/Users/vagner/Desenvolvimento/python/clubify-checkout/sdk/php/tests/TestCase.php:56
/Users/vagner/Desenvolvimento/python/clubify-checkout/sdk/php/tests/Unit/UserManagement/Services/UserServiceTest.php:38</error>
        </testcase>
        <testcase name="testDeleteUserNotFound" file="/Users/vagner/Desenvolvimento/python/clubify-checkout/sdk/php/tests/Unit/UserManagement/Services/UserServiceTest.php" line="368" class="Clubify\Checkout\Tests\Unit\UserManagement\Services\UserServiceTest" classname="Clubify.Checkout.Tests.Unit.UserManagement.Services.UserServiceTest" assertions="0" time="0.000000">
          <error type="InvalidArgumentException">Clubify\Checkout\Tests\Unit\UserManagement\Services\UserServiceTest::testDeleteUserNotFound
InvalidArgumentException: getLogger() cannot be mocked as it is a private method

/Users/vagner/Desenvolvimento/python/clubify-checkout/sdk/php/vendor/mockery/mockery/library/Mockery.php:742
/Users/vagner/Desenvolvimento/python/clubify-checkout/sdk/php/vendor/mockery/mockery/library/Mockery.php:754
/Users/vagner/Desenvolvimento/python/clubify-checkout/sdk/php/vendor/mockery/mockery/library/Mockery.php:574
/Users/vagner/Desenvolvimento/python/clubify-checkout/sdk/php/tests/TestCase.php:222
/Users/vagner/Desenvolvimento/python/clubify-checkout/sdk/php/tests/TestCase.php:441
/Users/vagner/Desenvolvimento/python/clubify-checkout/sdk/php/tests/TestCase.php:56
/Users/vagner/Desenvolvimento/python/clubify-checkout/sdk/php/tests/Unit/UserManagement/Services/UserServiceTest.php:38</error>
        </testcase>
        <testcase name="testListUsersSuccess" file="/Users/vagner/Desenvolvimento/python/clubify-checkout/sdk/php/tests/Unit/UserManagement/Services/UserServiceTest.php" line="389" class="Clubify\Checkout\Tests\Unit\UserManagement\Services\UserServiceTest" classname="Clubify.Checkout.Tests.Unit.UserManagement.Services.UserServiceTest" assertions="0" time="0.000000">
          <error type="InvalidArgumentException">Clubify\Checkout\Tests\Unit\UserManagement\Services\UserServiceTest::testListUsersSuccess
InvalidArgumentException: getLogger() cannot be mocked as it is a private method

/Users/vagner/Desenvolvimento/python/clubify-checkout/sdk/php/vendor/mockery/mockery/library/Mockery.php:742
/Users/vagner/Desenvolvimento/python/clubify-checkout/sdk/php/vendor/mockery/mockery/library/Mockery.php:754
/Users/vagner/Desenvolvimento/python/clubify-checkout/sdk/php/vendor/mockery/mockery/library/Mockery.php:574
/Users/vagner/Desenvolvimento/python/clubify-checkout/sdk/php/tests/TestCase.php:222
/Users/vagner/Desenvolvimento/python/clubify-checkout/sdk/php/tests/TestCase.php:441
/Users/vagner/Desenvolvimento/python/clubify-checkout/sdk/php/tests/TestCase.php:56
/Users/vagner/Desenvolvimento/python/clubify-checkout/sdk/php/tests/Unit/UserManagement/Services/UserServiceTest.php:38</error>
        </testcase>
        <testcase name="testUpdateUserProfileSuccess" file="/Users/vagner/Desenvolvimento/python/clubify-checkout/sdk/php/tests/Unit/UserManagement/Services/UserServiceTest.php" line="418" class="Clubify\Checkout\Tests\Unit\UserManagement\Services\UserServiceTest" classname="Clubify.Checkout.Tests.Unit.UserManagement.Services.UserServiceTest" assertions="0" time="0.000000">
          <error type="InvalidArgumentException">Clubify\Checkout\Tests\Unit\UserManagement\Services\UserServiceTest::testUpdateUserProfileSuccess
InvalidArgumentException: getLogger() cannot be mocked as it is a private method

/Users/vagner/Desenvolvimento/python/clubify-checkout/sdk/php/vendor/mockery/mockery/library/Mockery.php:742
/Users/vagner/Desenvolvimento/python/clubify-checkout/sdk/php/vendor/mockery/mockery/library/Mockery.php:754
/Users/vagner/Desenvolvimento/python/clubify-checkout/sdk/php/vendor/mockery/mockery/library/Mockery.php:574
/Users/vagner/Desenvolvimento/python/clubify-checkout/sdk/php/tests/TestCase.php:222
/Users/vagner/Desenvolvimento/python/clubify-checkout/sdk/php/tests/TestCase.php:441
/Users/vagner/Desenvolvimento/python/clubify-checkout/sdk/php/tests/TestCase.php:56
/Users/vagner/Desenvolvimento/python/clubify-checkout/sdk/php/tests/Unit/UserManagement/Services/UserServiceTest.php:38</error>
        </testcase>
        <testcase name="testGetUserRolesSuccess" file="/Users/vagner/Desenvolvimento/python/clubify-checkout/sdk/php/tests/Unit/UserManagement/Services/UserServiceTest.php" line="447" class="Clubify\Checkout\Tests\Unit\UserManagement\Services\UserServiceTest" classname="Clubify.Checkout.Tests.Unit.UserManagement.Services.UserServiceTest" assertions="0" time="0.000000">
          <error type="InvalidArgumentException">Clubify\Checkout\Tests\Unit\UserManagement\Services\UserServiceTest::testGetUserRolesSuccess
InvalidArgumentException: getLogger() cannot be mocked as it is a private method

/Users/vagner/Desenvolvimento/python/clubify-checkout/sdk/php/vendor/mockery/mockery/library/Mockery.php:742
/Users/vagner/Desenvolvimento/python/clubify-checkout/sdk/php/vendor/mockery/mockery/library/Mockery.php:754
/Users/vagner/Desenvolvimento/python/clubify-checkout/sdk/php/vendor/mockery/mockery/library/Mockery.php:574
/Users/vagner/Desenvolvimento/python/clubify-checkout/sdk/php/tests/TestCase.php:222
/Users/vagner/Desenvolvimento/python/clubify-checkout/sdk/php/tests/TestCase.php:441
/Users/vagner/Desenvolvimento/python/clubify-checkout/sdk/php/tests/TestCase.php:56
/Users/vagner/Desenvolvimento/python/clubify-checkout/sdk/php/tests/Unit/UserManagement/Services/UserServiceTest.php:38</error>
        </testcase>
        <testcase name="testFindUserByEmailSuccess" file="/Users/vagner/Desenvolvimento/python/clubify-checkout/sdk/php/tests/Unit/UserManagement/Services/UserServiceTest.php" line="471" class="Clubify\Checkout\Tests\Unit\UserManagement\Services\UserServiceTest" classname="Clubify.Checkout.Tests.Unit.UserManagement.Services.UserServiceTest" assertions="0" time="0.000000">
          <error type="InvalidArgumentException">Clubify\Checkout\Tests\Unit\UserManagement\Services\UserServiceTest::testFindUserByEmailSuccess
InvalidArgumentException: getLogger() cannot be mocked as it is a private method

/Users/vagner/Desenvolvimento/python/clubify-checkout/sdk/php/vendor/mockery/mockery/library/Mockery.php:742
/Users/vagner/Desenvolvimento/python/clubify-checkout/sdk/php/vendor/mockery/mockery/library/Mockery.php:754
/Users/vagner/Desenvolvimento/python/clubify-checkout/sdk/php/vendor/mockery/mockery/library/Mockery.php:574
/Users/vagner/Desenvolvimento/python/clubify-checkout/sdk/php/tests/TestCase.php:222
/Users/vagner/Desenvolvimento/python/clubify-checkout/sdk/php/tests/TestCase.php:441
/Users/vagner/Desenvolvimento/python/clubify-checkout/sdk/php/tests/TestCase.php:56
/Users/vagner/Desenvolvimento/python/clubify-checkout/sdk/php/tests/Unit/UserManagement/Services/UserServiceTest.php:38</error>
        </testcase>
        <testcase name="testFindUserByEmailNotFound" file="/Users/vagner/Desenvolvimento/python/clubify-checkout/sdk/php/tests/Unit/UserManagement/Services/UserServiceTest.php" line="490" class="Clubify\Checkout\Tests\Unit\UserManagement\Services\UserServiceTest" classname="Clubify.Checkout.Tests.Unit.UserManagement.Services.UserServiceTest" assertions="0" time="0.000000">
          <error type="InvalidArgumentException">Clubify\Checkout\Tests\Unit\UserManagement\Services\UserServiceTest::testFindUserByEmailNotFound
InvalidArgumentException: getLogger() cannot be mocked as it is a private method

/Users/vagner/Desenvolvimento/python/clubify-checkout/sdk/php/vendor/mockery/mockery/library/Mockery.php:742
/Users/vagner/Desenvolvimento/python/clubify-checkout/sdk/php/vendor/mockery/mockery/library/Mockery.php:754
/Users/vagner/Desenvolvimento/python/clubify-checkout/sdk/php/vendor/mockery/mockery/library/Mockery.php:574
/Users/vagner/Desenvolvimento/python/clubify-checkout/sdk/php/tests/TestCase.php:222
/Users/vagner/Desenvolvimento/python/clubify-checkout/sdk/php/tests/TestCase.php:441
/Users/vagner/Desenvolvimento/python/clubify-checkout/sdk/php/tests/TestCase.php:56
/Users/vagner/Desenvolvimento/python/clubify-checkout/sdk/php/tests/Unit/UserManagement/Services/UserServiceTest.php:38</error>
        </testcase>
        <testcase name="testChangePasswordSuccess" file="/Users/vagner/Desenvolvimento/python/clubify-checkout/sdk/php/tests/Unit/UserManagement/Services/UserServiceTest.php" line="511" class="Clubify\Checkout\Tests\Unit\UserManagement\Services\UserServiceTest" classname="Clubify.Checkout.Tests.Unit.UserManagement.Services.UserServiceTest" assertions="0" time="0.000000">
          <error type="InvalidArgumentException">Clubify\Checkout\Tests\Unit\UserManagement\Services\UserServiceTest::testChangePasswordSuccess
InvalidArgumentException: getLogger() cannot be mocked as it is a private method

/Users/vagner/Desenvolvimento/python/clubify-checkout/sdk/php/vendor/mockery/mockery/library/Mockery.php:742
/Users/vagner/Desenvolvimento/python/clubify-checkout/sdk/php/vendor/mockery/mockery/library/Mockery.php:754
/Users/vagner/Desenvolvimento/python/clubify-checkout/sdk/php/vendor/mockery/mockery/library/Mockery.php:574
/Users/vagner/Desenvolvimento/python/clubify-checkout/sdk/php/tests/TestCase.php:222
/Users/vagner/Desenvolvimento/python/clubify-checkout/sdk/php/tests/TestCase.php:441
/Users/vagner/Desenvolvimento/python/clubify-checkout/sdk/php/tests/TestCase.php:56
/Users/vagner/Desenvolvimento/python/clubify-checkout/sdk/php/tests/Unit/UserManagement/Services/UserServiceTest.php:38</error>
        </testcase>
        <testcase name="testActivateUserSuccess" file="/Users/vagner/Desenvolvimento/python/clubify-checkout/sdk/php/tests/Unit/UserManagement/Services/UserServiceTest.php" line="540" class="Clubify\Checkout\Tests\Unit\UserManagement\Services\UserServiceTest" classname="Clubify.Checkout.Tests.Unit.UserManagement.Services.UserServiceTest" assertions="0" time="0.000000">
          <error type="InvalidArgumentException">Clubify\Checkout\Tests\Unit\UserManagement\Services\UserServiceTest::testActivateUserSuccess
InvalidArgumentException: getLogger() cannot be mocked as it is a private method

/Users/vagner/Desenvolvimento/python/clubify-checkout/sdk/php/vendor/mockery/mockery/library/Mockery.php:742
/Users/vagner/Desenvolvimento/python/clubify-checkout/sdk/php/vendor/mockery/mockery/library/Mockery.php:754
/Users/vagner/Desenvolvimento/python/clubify-checkout/sdk/php/vendor/mockery/mockery/library/Mockery.php:574
/Users/vagner/Desenvolvimento/python/clubify-checkout/sdk/php/tests/TestCase.php:222
/Users/vagner/Desenvolvimento/python/clubify-checkout/sdk/php/tests/TestCase.php:441
/Users/vagner/Desenvolvimento/python/clubify-checkout/sdk/php/tests/TestCase.php:56
/Users/vagner/Desenvolvimento/python/clubify-checkout/sdk/php/tests/Unit/UserManagement/Services/UserServiceTest.php:38</error>
        </testcase>
        <testcase name="testDeactivateUserSuccess" file="/Users/vagner/Desenvolvimento/python/clubify-checkout/sdk/php/tests/Unit/UserManagement/Services/UserServiceTest.php" line="568" class="Clubify\Checkout\Tests\Unit\UserManagement\Services\UserServiceTest" classname="Clubify.Checkout.Tests.Unit.UserManagement.Services.UserServiceTest" assertions="0" time="0.000000">
          <error type="InvalidArgumentException">Clubify\Checkout\Tests\Unit\UserManagement\Services\UserServiceTest::testDeactivateUserSuccess
InvalidArgumentException: getLogger() cannot be mocked as it is a private method

/Users/vagner/Desenvolvimento/python/clubify-checkout/sdk/php/vendor/mockery/mockery/library/Mockery.php:742
/Users/vagner/Desenvolvimento/python/clubify-checkout/sdk/php/vendor/mockery/mockery/library/Mockery.php:754
/Users/vagner/Desenvolvimento/python/clubify-checkout/sdk/php/vendor/mockery/mockery/library/Mockery.php:574
/Users/vagner/Desenvolvimento/python/clubify-checkout/sdk/php/tests/TestCase.php:222
/Users/vagner/Desenvolvimento/python/clubify-checkout/sdk/php/tests/TestCase.php:441
/Users/vagner/Desenvolvimento/python/clubify-checkout/sdk/php/tests/TestCase.php:56
/Users/vagner/Desenvolvimento/python/clubify-checkout/sdk/php/tests/Unit/UserManagement/Services/UserServiceTest.php:38</error>
        </testcase>
        <testcase name="testGetConfig" file="/Users/vagner/Desenvolvimento/python/clubify-checkout/sdk/php/tests/Unit/UserManagement/Services/UserServiceTest.php" line="596" class="Clubify\Checkout\Tests\Unit\UserManagement\Services\UserServiceTest" classname="Clubify.Checkout.Tests.Unit.UserManagement.Services.UserServiceTest" assertions="0" time="0.000000">
          <error type="InvalidArgumentException">Clubify\Checkout\Tests\Unit\UserManagement\Services\UserServiceTest::testGetConfig
InvalidArgumentException: getLogger() cannot be mocked as it is a private method

/Users/vagner/Desenvolvimento/python/clubify-checkout/sdk/php/vendor/mockery/mockery/library/Mockery.php:742
/Users/vagner/Desenvolvimento/python/clubify-checkout/sdk/php/vendor/mockery/mockery/library/Mockery.php:754
/Users/vagner/Desenvolvimento/python/clubify-checkout/sdk/php/vendor/mockery/mockery/library/Mockery.php:574
/Users/vagner/Desenvolvimento/python/clubify-checkout/sdk/php/tests/TestCase.php:222
/Users/vagner/Desenvolvimento/python/clubify-checkout/sdk/php/tests/TestCase.php:441
/Users/vagner/Desenvolvimento/python/clubify-checkout/sdk/php/tests/TestCase.php:56
/Users/vagner/Desenvolvimento/python/clubify-checkout/sdk/php/tests/Unit/UserManagement/Services/UserServiceTest.php:38</error>
        </testcase>
        <testcase name="testIsAvailable" file="/Users/vagner/Desenvolvimento/python/clubify-checkout/sdk/php/tests/Unit/UserManagement/Services/UserServiceTest.php" line="608" class="Clubify\Checkout\Tests\Unit\UserManagement\Services\UserServiceTest" classname="Clubify.Checkout.Tests.Unit.UserManagement.Services.UserServiceTest" assertions="0" time="0.000000">
          <error type="InvalidArgumentException">Clubify\Checkout\Tests\Unit\UserManagement\Services\UserServiceTest::testIsAvailable
InvalidArgumentException: getLogger() cannot be mocked as it is a private method

/Users/vagner/Desenvolvimento/python/clubify-checkout/sdk/php/vendor/mockery/mockery/library/Mockery.php:742
/Users/vagner/Desenvolvimento/python/clubify-checkout/sdk/php/vendor/mockery/mockery/library/Mockery.php:754
/Users/vagner/Desenvolvimento/python/clubify-checkout/sdk/php/vendor/mockery/mockery/library/Mockery.php:574
/Users/vagner/Desenvolvimento/python/clubify-checkout/sdk/php/tests/TestCase.php:222
/Users/vagner/Desenvolvimento/python/clubify-checkout/sdk/php/tests/TestCase.php:441
/Users/vagner/Desenvolvimento/python/clubify-checkout/sdk/php/tests/TestCase.php:56
/Users/vagner/Desenvolvimento/python/clubify-checkout/sdk/php/tests/Unit/UserManagement/Services/UserServiceTest.php:38</error>
        </testcase>
        <testcase name="testGetStatus" file="/Users/vagner/Desenvolvimento/python/clubify-checkout/sdk/php/tests/Unit/UserManagement/Services/UserServiceTest.php" line="622" class="Clubify\Checkout\Tests\Unit\UserManagement\Services\UserServiceTest" classname="Clubify.Checkout.Tests.Unit.UserManagement.Services.UserServiceTest" assertions="0" time="0.000000">
          <error type="InvalidArgumentException">Clubify\Checkout\Tests\Unit\UserManagement\Services\UserServiceTest::testGetStatus
InvalidArgumentException: getLogger() cannot be mocked as it is a private method

/Users/vagner/Desenvolvimento/python/clubify-checkout/sdk/php/vendor/mockery/mockery/library/Mockery.php:742
/Users/vagner/Desenvolvimento/python/clubify-checkout/sdk/php/vendor/mockery/mockery/library/Mockery.php:754
/Users/vagner/Desenvolvimento/python/clubify-checkout/sdk/php/vendor/mockery/mockery/library/Mockery.php:574
/Users/vagner/Desenvolvimento/python/clubify-checkout/sdk/php/tests/TestCase.php:222
/Users/vagner/Desenvolvimento/python/clubify-checkout/sdk/php/tests/TestCase.php:441
/Users/vagner/Desenvolvimento/python/clubify-checkout/sdk/php/tests/TestCase.php:56
/Users/vagner/Desenvolvimento/python/clubify-checkout/sdk/php/tests/Unit/UserManagement/Services/UserServiceTest.php:38</error>
        </testcase>
      </testsuite>
      <testsuite name="Clubify\Checkout\Tests\Unit\UserManagement\UserManagementModuleTest" file="/Users/vagner/Desenvolvimento/python/clubify-checkout/sdk/php/tests/Unit/UserManagement/UserManagementModuleTest.php" tests="29" assertions="0" errors="29" failures="0" skipped="0" time="0.000000">
        <testcase name="testImplementsModuleInterface" file="/Users/vagner/Desenvolvimento/python/clubify-checkout/sdk/php/tests/Unit/UserManagement/UserManagementModuleTest.php" line="56" class="Clubify\Checkout\Tests\Unit\UserManagement\UserManagementModuleTest" classname="Clubify.Checkout.Tests.Unit.UserManagement.UserManagementModuleTest" assertions="0" time="0.000000">
          <error type="InvalidArgumentException">Clubify\Checkout\Tests\Unit\UserManagement\UserManagementModuleTest::testImplementsModuleInterface
InvalidArgumentException: getLogger() cannot be mocked as it is a private method

/Users/vagner/Desenvolvimento/python/clubify-checkout/sdk/php/vendor/mockery/mockery/library/Mockery.php:742
/Users/vagner/Desenvolvimento/python/clubify-checkout/sdk/php/vendor/mockery/mockery/library/Mockery.php:754
/Users/vagner/Desenvolvimento/python/clubify-checkout/sdk/php/vendor/mockery/mockery/library/Mockery.php:574
/Users/vagner/Desenvolvimento/python/clubify-checkout/sdk/php/tests/TestCase.php:222
/Users/vagner/Desenvolvimento/python/clubify-checkout/sdk/php/tests/TestCase.php:441
/Users/vagner/Desenvolvimento/python/clubify-checkout/sdk/php/tests/TestCase.php:56
/Users/vagner/Desenvolvimento/python/clubify-checkout/sdk/php/tests/Unit/UserManagement/UserManagementModuleTest.php:40</error>
        </testcase>
        <testcase name="testGetName" file="/Users/vagner/Desenvolvimento/python/clubify-checkout/sdk/php/tests/Unit/UserManagement/UserManagementModuleTest.php" line="61" class="Clubify\Checkout\Tests\Unit\UserManagement\UserManagementModuleTest" classname="Clubify.Checkout.Tests.Unit.UserManagement.UserManagementModuleTest" assertions="0" time="0.000000">
          <error type="InvalidArgumentException">Clubify\Checkout\Tests\Unit\UserManagement\UserManagementModuleTest::testGetName
InvalidArgumentException: getLogger() cannot be mocked as it is a private method

/Users/vagner/Desenvolvimento/python/clubify-checkout/sdk/php/vendor/mockery/mockery/library/Mockery.php:742
/Users/vagner/Desenvolvimento/python/clubify-checkout/sdk/php/vendor/mockery/mockery/library/Mockery.php:754
/Users/vagner/Desenvolvimento/python/clubify-checkout/sdk/php/vendor/mockery/mockery/library/Mockery.php:574
/Users/vagner/Desenvolvimento/python/clubify-checkout/sdk/php/tests/TestCase.php:222
/Users/vagner/Desenvolvimento/python/clubify-checkout/sdk/php/tests/TestCase.php:441
/Users/vagner/Desenvolvimento/python/clubify-checkout/sdk/php/tests/TestCase.php:56
/Users/vagner/Desenvolvimento/python/clubify-checkout/sdk/php/tests/Unit/UserManagement/UserManagementModuleTest.php:40</error>
        </testcase>
        <testcase name="testGetVersion" file="/Users/vagner/Desenvolvimento/python/clubify-checkout/sdk/php/tests/Unit/UserManagement/UserManagementModuleTest.php" line="67" class="Clubify\Checkout\Tests\Unit\UserManagement\UserManagementModuleTest" classname="Clubify.Checkout.Tests.Unit.UserManagement.UserManagementModuleTest" assertions="0" time="0.000000">
          <error type="InvalidArgumentException">Clubify\Checkout\Tests\Unit\UserManagement\UserManagementModuleTest::testGetVersion
InvalidArgumentException: getLogger() cannot be mocked as it is a private method

/Users/vagner/Desenvolvimento/python/clubify-checkout/sdk/php/vendor/mockery/mockery/library/Mockery.php:742
/Users/vagner/Desenvolvimento/python/clubify-checkout/sdk/php/vendor/mockery/mockery/library/Mockery.php:754
/Users/vagner/Desenvolvimento/python/clubify-checkout/sdk/php/vendor/mockery/mockery/library/Mockery.php:574
/Users/vagner/Desenvolvimento/python/clubify-checkout/sdk/php/tests/TestCase.php:222
/Users/vagner/Desenvolvimento/python/clubify-checkout/sdk/php/tests/TestCase.php:441
/Users/vagner/Desenvolvimento/python/clubify-checkout/sdk/php/tests/TestCase.php:56
/Users/vagner/Desenvolvimento/python/clubify-checkout/sdk/php/tests/Unit/UserManagement/UserManagementModuleTest.php:40</error>
        </testcase>
        <testcase name="testGetDependencies" file="/Users/vagner/Desenvolvimento/python/clubify-checkout/sdk/php/tests/Unit/UserManagement/UserManagementModuleTest.php" line="73" class="Clubify\Checkout\Tests\Unit\UserManagement\UserManagementModuleTest" classname="Clubify.Checkout.Tests.Unit.UserManagement.UserManagementModuleTest" assertions="0" time="0.000000">
          <error type="InvalidArgumentException">Clubify\Checkout\Tests\Unit\UserManagement\UserManagementModuleTest::testGetDependencies
InvalidArgumentException: getLogger() cannot be mocked as it is a private method

/Users/vagner/Desenvolvimento/python/clubify-checkout/sdk/php/vendor/mockery/mockery/library/Mockery.php:742
/Users/vagner/Desenvolvimento/python/clubify-checkout/sdk/php/vendor/mockery/mockery/library/Mockery.php:754
/Users/vagner/Desenvolvimento/python/clubify-checkout/sdk/php/vendor/mockery/mockery/library/Mockery.php:574
/Users/vagner/Desenvolvimento/python/clubify-checkout/sdk/php/tests/TestCase.php:222
/Users/vagner/Desenvolvimento/python/clubify-checkout/sdk/php/tests/TestCase.php:441
/Users/vagner/Desenvolvimento/python/clubify-checkout/sdk/php/tests/TestCase.php:56
/Users/vagner/Desenvolvimento/python/clubify-checkout/sdk/php/tests/Unit/UserManagement/UserManagementModuleTest.php:40</error>
        </testcase>
        <testcase name="testIsInitializedBeforeInitialization" file="/Users/vagner/Desenvolvimento/python/clubify-checkout/sdk/php/tests/Unit/UserManagement/UserManagementModuleTest.php" line="80" class="Clubify\Checkout\Tests\Unit\UserManagement\UserManagementModuleTest" classname="Clubify.Checkout.Tests.Unit.UserManagement.UserManagementModuleTest" assertions="0" time="0.000000">
          <error type="InvalidArgumentException">Clubify\Checkout\Tests\Unit\UserManagement\UserManagementModuleTest::testIsInitializedBeforeInitialization
InvalidArgumentException: getLogger() cannot be mocked as it is a private method

/Users/vagner/Desenvolvimento/python/clubify-checkout/sdk/php/vendor/mockery/mockery/library/Mockery.php:742
/Users/vagner/Desenvolvimento/python/clubify-checkout/sdk/php/vendor/mockery/mockery/library/Mockery.php:754
/Users/vagner/Desenvolvimento/python/clubify-checkout/sdk/php/vendor/mockery/mockery/library/Mockery.php:574
/Users/vagner/Desenvolvimento/python/clubify-checkout/sdk/php/tests/TestCase.php:222
/Users/vagner/Desenvolvimento/python/clubify-checkout/sdk/php/tests/TestCase.php:441
/Users/vagner/Desenvolvimento/python/clubify-checkout/sdk/php/tests/TestCase.php:56
/Users/vagner/Desenvolvimento/python/clubify-checkout/sdk/php/tests/Unit/UserManagement/UserManagementModuleTest.php:40</error>
        </testcase>
        <testcase name="testInitialize" file="/Users/vagner/Desenvolvimento/python/clubify-checkout/sdk/php/tests/Unit/UserManagement/UserManagementModuleTest.php" line="86" class="Clubify\Checkout\Tests\Unit\UserManagement\UserManagementModuleTest" classname="Clubify.Checkout.Tests.Unit.UserManagement.UserManagementModuleTest" assertions="0" time="0.000000">
          <error type="InvalidArgumentException">Clubify\Checkout\Tests\Unit\UserManagement\UserManagementModuleTest::testInitialize
InvalidArgumentException: getLogger() cannot be mocked as it is a private method

/Users/vagner/Desenvolvimento/python/clubify-checkout/sdk/php/vendor/mockery/mockery/library/Mockery.php:742
/Users/vagner/Desenvolvimento/python/clubify-checkout/sdk/php/vendor/mockery/mockery/library/Mockery.php:754
/Users/vagner/Desenvolvimento/python/clubify-checkout/sdk/php/vendor/mockery/mockery/library/Mockery.php:574
/Users/vagner/Desenvolvimento/python/clubify-checkout/sdk/php/tests/TestCase.php:222
/Users/vagner/Desenvolvimento/python/clubify-checkout/sdk/php/tests/TestCase.php:441
/Users/vagner/Desenvolvimento/python/clubify-checkout/sdk/php/tests/TestCase.php:56
/Users/vagner/Desenvolvimento/python/clubify-checkout/sdk/php/tests/Unit/UserManagement/UserManagementModuleTest.php:40</error>
        </testcase>
        <testcase name="testIsAvailableAfterInitialization" file="/Users/vagner/Desenvolvimento/python/clubify-checkout/sdk/php/tests/Unit/UserManagement/UserManagementModuleTest.php" line="108" class="Clubify\Checkout\Tests\Unit\UserManagement\UserManagementModuleTest" classname="Clubify.Checkout.Tests.Unit.UserManagement.UserManagementModuleTest" assertions="0" time="0.000000">
          <error type="InvalidArgumentException">Clubify\Checkout\Tests\Unit\UserManagement\UserManagementModuleTest::testIsAvailableAfterInitialization
InvalidArgumentException: getLogger() cannot be mocked as it is a private method

/Users/vagner/Desenvolvimento/python/clubify-checkout/sdk/php/vendor/mockery/mockery/library/Mockery.php:742
/Users/vagner/Desenvolvimento/python/clubify-checkout/sdk/php/vendor/mockery/mockery/library/Mockery.php:754
/Users/vagner/Desenvolvimento/python/clubify-checkout/sdk/php/vendor/mockery/mockery/library/Mockery.php:574
/Users/vagner/Desenvolvimento/python/clubify-checkout/sdk/php/tests/TestCase.php:222
/Users/vagner/Desenvolvimento/python/clubify-checkout/sdk/php/tests/TestCase.php:441
/Users/vagner/Desenvolvimento/python/clubify-checkout/sdk/php/tests/TestCase.php:56
/Users/vagner/Desenvolvimento/python/clubify-checkout/sdk/php/tests/Unit/UserManagement/UserManagementModuleTest.php:40</error>
        </testcase>
        <testcase name="testIsAvailableBeforeInitialization" file="/Users/vagner/Desenvolvimento/python/clubify-checkout/sdk/php/tests/Unit/UserManagement/UserManagementModuleTest.php" line="120" class="Clubify\Checkout\Tests\Unit\UserManagement\UserManagementModuleTest" classname="Clubify.Checkout.Tests.Unit.UserManagement.UserManagementModuleTest" assertions="0" time="0.000000">
          <error type="InvalidArgumentException">Clubify\Checkout\Tests\Unit\UserManagement\UserManagementModuleTest::testIsAvailableBeforeInitialization
InvalidArgumentException: getLogger() cannot be mocked as it is a private method

/Users/vagner/Desenvolvimento/python/clubify-checkout/sdk/php/vendor/mockery/mockery/library/Mockery.php:742
/Users/vagner/Desenvolvimento/python/clubify-checkout/sdk/php/vendor/mockery/mockery/library/Mockery.php:754
/Users/vagner/Desenvolvimento/python/clubify-checkout/sdk/php/vendor/mockery/mockery/library/Mockery.php:574
/Users/vagner/Desenvolvimento/python/clubify-checkout/sdk/php/tests/TestCase.php:222
/Users/vagner/Desenvolvimento/python/clubify-checkout/sdk/php/tests/TestCase.php:441
/Users/vagner/Desenvolvimento/python/clubify-checkout/sdk/php/tests/TestCase.php:56
/Users/vagner/Desenvolvimento/python/clubify-checkout/sdk/php/tests/Unit/UserManagement/UserManagementModuleTest.php:40</error>
        </testcase>
        <testcase name="testGetStatus" file="/Users/vagner/Desenvolvimento/python/clubify-checkout/sdk/php/tests/Unit/UserManagement/UserManagementModuleTest.php" line="129" class="Clubify\Checkout\Tests\Unit\UserManagement\UserManagementModuleTest" classname="Clubify.Checkout.Tests.Unit.UserManagement.UserManagementModuleTest" assertions="0" time="0.000000">
          <error type="InvalidArgumentException">Clubify\Checkout\Tests\Unit\UserManagement\UserManagementModuleTest::testGetStatus
InvalidArgumentException: getLogger() cannot be mocked as it is a private method

/Users/vagner/Desenvolvimento/python/clubify-checkout/sdk/php/vendor/mockery/mockery/library/Mockery.php:742
/Users/vagner/Desenvolvimento/python/clubify-checkout/sdk/php/vendor/mockery/mockery/library/Mockery.php:754
/Users/vagner/Desenvolvimento/python/clubify-checkout/sdk/php/vendor/mockery/mockery/library/Mockery.php:574
/Users/vagner/Desenvolvimento/python/clubify-checkout/sdk/php/tests/TestCase.php:222
/Users/vagner/Desenvolvimento/python/clubify-checkout/sdk/php/tests/TestCase.php:441
/Users/vagner/Desenvolvimento/python/clubify-checkout/sdk/php/tests/TestCase.php:56
/Users/vagner/Desenvolvimento/python/clubify-checkout/sdk/php/tests/Unit/UserManagement/UserManagementModuleTest.php:40</error>
        </testcase>
        <testcase name="testCleanup" file="/Users/vagner/Desenvolvimento/python/clubify-checkout/sdk/php/tests/Unit/UserManagement/UserManagementModuleTest.php" line="149" class="Clubify\Checkout\Tests\Unit\UserManagement\UserManagementModuleTest" classname="Clubify.Checkout.Tests.Unit.UserManagement.UserManagementModuleTest" assertions="0" time="0.000000">
          <error type="InvalidArgumentException">Clubify\Checkout\Tests\Unit\UserManagement\UserManagementModuleTest::testCleanup
InvalidArgumentException: getLogger() cannot be mocked as it is a private method

/Users/vagner/Desenvolvimento/python/clubify-checkout/sdk/php/vendor/mockery/mockery/library/Mockery.php:742
/Users/vagner/Desenvolvimento/python/clubify-checkout/sdk/php/vendor/mockery/mockery/library/Mockery.php:754
/Users/vagner/Desenvolvimento/python/clubify-checkout/sdk/php/vendor/mockery/mockery/library/Mockery.php:574
/Users/vagner/Desenvolvimento/python/clubify-checkout/sdk/php/tests/TestCase.php:222
/Users/vagner/Desenvolvimento/python/clubify-checkout/sdk/php/tests/TestCase.php:441
/Users/vagner/Desenvolvimento/python/clubify-checkout/sdk/php/tests/TestCase.php:56
/Users/vagner/Desenvolvimento/python/clubify-checkout/sdk/php/tests/Unit/UserManagement/UserManagementModuleTest.php:40</error>
        </testcase>
        <testcase name="testIsHealthyWhenInitializedAndServiceHealthy" file="/Users/vagner/Desenvolvimento/python/clubify-checkout/sdk/php/tests/Unit/UserManagement/UserManagementModuleTest.php" line="165" class="Clubify\Checkout\Tests\Unit\UserManagement\UserManagementModuleTest" classname="Clubify.Checkout.Tests.Unit.UserManagement.UserManagementModuleTest" assertions="0" time="0.000000">
          <error type="InvalidArgumentException">Clubify\Checkout\Tests\Unit\UserManagement\UserManagementModuleTest::testIsHealthyWhenInitializedAndServiceHealthy
InvalidArgumentException: getLogger() cannot be mocked as it is a private method

/Users/vagner/Desenvolvimento/python/clubify-checkout/sdk/php/vendor/mockery/mockery/library/Mockery.php:742
/Users/vagner/Desenvolvimento/python/clubify-checkout/sdk/php/vendor/mockery/mockery/library/Mockery.php:754
/Users/vagner/Desenvolvimento/python/clubify-checkout/sdk/php/vendor/mockery/mockery/library/Mockery.php:574
/Users/vagner/Desenvolvimento/python/clubify-checkout/sdk/php/tests/TestCase.php:222
/Users/vagner/Desenvolvimento/python/clubify-checkout/sdk/php/tests/TestCase.php:441
/Users/vagner/Desenvolvimento/python/clubify-checkout/sdk/php/tests/TestCase.php:56
/Users/vagner/Desenvolvimento/python/clubify-checkout/sdk/php/tests/Unit/UserManagement/UserManagementModuleTest.php:40</error>
        </testcase>
        <testcase name="testIsHealthyWhenNotInitialized" file="/Users/vagner/Desenvolvimento/python/clubify-checkout/sdk/php/tests/Unit/UserManagement/UserManagementModuleTest.php" line="177" class="Clubify\Checkout\Tests\Unit\UserManagement\UserManagementModuleTest" classname="Clubify.Checkout.Tests.Unit.UserManagement.UserManagementModuleTest" assertions="0" time="0.000000">
          <error type="InvalidArgumentException">Clubify\Checkout\Tests\Unit\UserManagement\UserManagementModuleTest::testIsHealthyWhenNotInitialized
InvalidArgumentException: getLogger() cannot be mocked as it is a private method

/Users/vagner/Desenvolvimento/python/clubify-checkout/sdk/php/vendor/mockery/mockery/library/Mockery.php:742
/Users/vagner/Desenvolvimento/python/clubify-checkout/sdk/php/vendor/mockery/mockery/library/Mockery.php:754
/Users/vagner/Desenvolvimento/python/clubify-checkout/sdk/php/vendor/mockery/mockery/library/Mockery.php:574
/Users/vagner/Desenvolvimento/python/clubify-checkout/sdk/php/tests/TestCase.php:222
/Users/vagner/Desenvolvimento/python/clubify-checkout/sdk/php/tests/TestCase.php:441
/Users/vagner/Desenvolvimento/python/clubify-checkout/sdk/php/tests/TestCase.php:56
/Users/vagner/Desenvolvimento/python/clubify-checkout/sdk/php/tests/Unit/UserManagement/UserManagementModuleTest.php:40</error>
        </testcase>
        <testcase name="testIsHealthyWhenServiceUnhealthy" file="/Users/vagner/Desenvolvimento/python/clubify-checkout/sdk/php/tests/Unit/UserManagement/UserManagementModuleTest.php" line="186" class="Clubify\Checkout\Tests\Unit\UserManagement\UserManagementModuleTest" classname="Clubify.Checkout.Tests.Unit.UserManagement.UserManagementModuleTest" assertions="0" time="0.000000">
          <error type="InvalidArgumentException">Clubify\Checkout\Tests\Unit\UserManagement\UserManagementModuleTest::testIsHealthyWhenServiceUnhealthy
InvalidArgumentException: getLogger() cannot be mocked as it is a private method

/Users/vagner/Desenvolvimento/python/clubify-checkout/sdk/php/vendor/mockery/mockery/library/Mockery.php:742
/Users/vagner/Desenvolvimento/python/clubify-checkout/sdk/php/vendor/mockery/mockery/library/Mockery.php:754
/Users/vagner/Desenvolvimento/python/clubify-checkout/sdk/php/vendor/mockery/mockery/library/Mockery.php:574
/Users/vagner/Desenvolvimento/python/clubify-checkout/sdk/php/tests/TestCase.php:222
/Users/vagner/Desenvolvimento/python/clubify-checkout/sdk/php/tests/TestCase.php:441
/Users/vagner/Desenvolvimento/python/clubify-checkout/sdk/php/tests/TestCase.php:56
/Users/vagner/Desenvolvimento/python/clubify-checkout/sdk/php/tests/Unit/UserManagement/UserManagementModuleTest.php:40</error>
        </testcase>
        <testcase name="testIsHealthyWithException" file="/Users/vagner/Desenvolvimento/python/clubify-checkout/sdk/php/tests/Unit/UserManagement/UserManagementModuleTest.php" line="207" class="Clubify\Checkout\Tests\Unit\UserManagement\UserManagementModuleTest" classname="Clubify.Checkout.Tests.Unit.UserManagement.UserManagementModuleTest" assertions="0" time="0.000000">
          <error type="InvalidArgumentException">Clubify\Checkout\Tests\Unit\UserManagement\UserManagementModuleTest::testIsHealthyWithException
InvalidArgumentException: getLogger() cannot be mocked as it is a private method

/Users/vagner/Desenvolvimento/python/clubify-checkout/sdk/php/vendor/mockery/mockery/library/Mockery.php:742
/Users/vagner/Desenvolvimento/python/clubify-checkout/sdk/php/vendor/mockery/mockery/library/Mockery.php:754
/Users/vagner/Desenvolvimento/python/clubify-checkout/sdk/php/vendor/mockery/mockery/library/Mockery.php:574
/Users/vagner/Desenvolvimento/python/clubify-checkout/sdk/php/tests/TestCase.php:222
/Users/vagner/Desenvolvimento/python/clubify-checkout/sdk/php/tests/TestCase.php:441
/Users/vagner/Desenvolvimento/python/clubify-checkout/sdk/php/tests/TestCase.php:56
/Users/vagner/Desenvolvimento/python/clubify-checkout/sdk/php/tests/Unit/UserManagement/UserManagementModuleTest.php:40</error>
        </testcase>
        <testcase name="testGetStats" file="/Users/vagner/Desenvolvimento/python/clubify-checkout/sdk/php/tests/Unit/UserManagement/UserManagementModuleTest.php" line="232" class="Clubify\Checkout\Tests\Unit\UserManagement\UserManagementModuleTest" classname="Clubify.Checkout.Tests.Unit.UserManagement.UserManagementModuleTest" assertions="0" time="0.000000">
          <error type="InvalidArgumentException">Clubify\Checkout\Tests\Unit\UserManagement\UserManagementModuleTest::testGetStats
InvalidArgumentException: getLogger() cannot be mocked as it is a private method

/Users/vagner/Desenvolvimento/python/clubify-checkout/sdk/php/vendor/mockery/mockery/library/Mockery.php:742
/Users/vagner/Desenvolvimento/python/clubify-checkout/sdk/php/vendor/mockery/mockery/library/Mockery.php:754
/Users/vagner/Desenvolvimento/python/clubify-checkout/sdk/php/vendor/mockery/mockery/library/Mockery.php:574
/Users/vagner/Desenvolvimento/python/clubify-checkout/sdk/php/tests/TestCase.php:222
/Users/vagner/Desenvolvimento/python/clubify-checkout/sdk/php/tests/TestCase.php:441
/Users/vagner/Desenvolvimento/python/clubify-checkout/sdk/php/tests/TestCase.php:56
/Users/vagner/Desenvolvimento/python/clubify-checkout/sdk/php/tests/Unit/UserManagement/UserManagementModuleTest.php:40</error>
        </testcase>
        <testcase name="testCreateUser" file="/Users/vagner/Desenvolvimento/python/clubify-checkout/sdk/php/tests/Unit/UserManagement/UserManagementModuleTest.php" line="252" class="Clubify\Checkout\Tests\Unit\UserManagement\UserManagementModuleTest" classname="Clubify.Checkout.Tests.Unit.UserManagement.UserManagementModuleTest" assertions="0" time="0.000000">
          <error type="InvalidArgumentException">Clubify\Checkout\Tests\Unit\UserManagement\UserManagementModuleTest::testCreateUser
InvalidArgumentException: getLogger() cannot be mocked as it is a private method

/Users/vagner/Desenvolvimento/python/clubify-checkout/sdk/php/vendor/mockery/mockery/library/Mockery.php:742
/Users/vagner/Desenvolvimento/python/clubify-checkout/sdk/php/vendor/mockery/mockery/library/Mockery.php:754
/Users/vagner/Desenvolvimento/python/clubify-checkout/sdk/php/vendor/mockery/mockery/library/Mockery.php:574
/Users/vagner/Desenvolvimento/python/clubify-checkout/sdk/php/tests/TestCase.php:222
/Users/vagner/Desenvolvimento/python/clubify-checkout/sdk/php/tests/TestCase.php:441
/Users/vagner/Desenvolvimento/python/clubify-checkout/sdk/php/tests/TestCase.php:56
/Users/vagner/Desenvolvimento/python/clubify-checkout/sdk/php/tests/Unit/UserManagement/UserManagementModuleTest.php:40</error>
        </testcase>
        <testcase name="testCreateUserRequiresInitialization" file="/Users/vagner/Desenvolvimento/python/clubify-checkout/sdk/php/tests/Unit/UserManagement/UserManagementModuleTest.php" line="276" class="Clubify\Checkout\Tests\Unit\UserManagement\UserManagementModuleTest" classname="Clubify.Checkout.Tests.Unit.UserManagement.UserManagementModuleTest" assertions="0" time="0.000000">
          <error type="InvalidArgumentException">Clubify\Checkout\Tests\Unit\UserManagement\UserManagementModuleTest::testCreateUserRequiresInitialization
InvalidArgumentException: getLogger() cannot be mocked as it is a private method

/Users/vagner/Desenvolvimento/python/clubify-checkout/sdk/php/vendor/mockery/mockery/library/Mockery.php:742
/Users/vagner/Desenvolvimento/python/clubify-checkout/sdk/php/vendor/mockery/mockery/library/Mockery.php:754
/Users/vagner/Desenvolvimento/python/clubify-checkout/sdk/php/vendor/mockery/mockery/library/Mockery.php:574
/Users/vagner/Desenvolvimento/python/clubify-checkout/sdk/php/tests/TestCase.php:222
/Users/vagner/Desenvolvimento/python/clubify-checkout/sdk/php/tests/TestCase.php:441
/Users/vagner/Desenvolvimento/python/clubify-checkout/sdk/php/tests/TestCase.php:56
/Users/vagner/Desenvolvimento/python/clubify-checkout/sdk/php/tests/Unit/UserManagement/UserManagementModuleTest.php:40</error>
        </testcase>
        <testcase name="testGetUser" file="/Users/vagner/Desenvolvimento/python/clubify-checkout/sdk/php/tests/Unit/UserManagement/UserManagementModuleTest.php" line="288" class="Clubify\Checkout\Tests\Unit\UserManagement\UserManagementModuleTest" classname="Clubify.Checkout.Tests.Unit.UserManagement.UserManagementModuleTest" assertions="0" time="0.000000">
          <error type="InvalidArgumentException">Clubify\Checkout\Tests\Unit\UserManagement\UserManagementModuleTest::testGetUser
InvalidArgumentException: getLogger() cannot be mocked as it is a private method

/Users/vagner/Desenvolvimento/python/clubify-checkout/sdk/php/vendor/mockery/mockery/library/Mockery.php:742
/Users/vagner/Desenvolvimento/python/clubify-checkout/sdk/php/vendor/mockery/mockery/library/Mockery.php:754
/Users/vagner/Desenvolvimento/python/clubify-checkout/sdk/php/vendor/mockery/mockery/library/Mockery.php:574
/Users/vagner/Desenvolvimento/python/clubify-checkout/sdk/php/tests/TestCase.php:222
/Users/vagner/Desenvolvimento/python/clubify-checkout/sdk/php/tests/TestCase.php:441
/Users/vagner/Desenvolvimento/python/clubify-checkout/sdk/php/tests/TestCase.php:56
/Users/vagner/Desenvolvimento/python/clubify-checkout/sdk/php/tests/Unit/UserManagement/UserManagementModuleTest.php:40</error>
        </testcase>
        <testcase name="testUpdateUser" file="/Users/vagner/Desenvolvimento/python/clubify-checkout/sdk/php/tests/Unit/UserManagement/UserManagementModuleTest.php" line="312" class="Clubify\Checkout\Tests\Unit\UserManagement\UserManagementModuleTest" classname="Clubify.Checkout.Tests.Unit.UserManagement.UserManagementModuleTest" assertions="0" time="0.000000">
          <error type="InvalidArgumentException">Clubify\Checkout\Tests\Unit\UserManagement\UserManagementModuleTest::testUpdateUser
InvalidArgumentException: getLogger() cannot be mocked as it is a private method

/Users/vagner/Desenvolvimento/python/clubify-checkout/sdk/php/vendor/mockery/mockery/library/Mockery.php:742
/Users/vagner/Desenvolvimento/python/clubify-checkout/sdk/php/vendor/mockery/mockery/library/Mockery.php:754
/Users/vagner/Desenvolvimento/python/clubify-checkout/sdk/php/vendor/mockery/mockery/library/Mockery.php:574
/Users/vagner/Desenvolvimento/python/clubify-checkout/sdk/php/tests/TestCase.php:222
/Users/vagner/Desenvolvimento/python/clubify-checkout/sdk/php/tests/TestCase.php:441
/Users/vagner/Desenvolvimento/python/clubify-checkout/sdk/php/tests/TestCase.php:56
/Users/vagner/Desenvolvimento/python/clubify-checkout/sdk/php/tests/Unit/UserManagement/UserManagementModuleTest.php:40</error>
        </testcase>
        <testcase name="testDeleteUser" file="/Users/vagner/Desenvolvimento/python/clubify-checkout/sdk/php/tests/Unit/UserManagement/UserManagementModuleTest.php" line="337" class="Clubify\Checkout\Tests\Unit\UserManagement\UserManagementModuleTest" classname="Clubify.Checkout.Tests.Unit.UserManagement.UserManagementModuleTest" assertions="0" time="0.000000">
          <error type="InvalidArgumentException">Clubify\Checkout\Tests\Unit\UserManagement\UserManagementModuleTest::testDeleteUser
InvalidArgumentException: getLogger() cannot be mocked as it is a private method

/Users/vagner/Desenvolvimento/python/clubify-checkout/sdk/php/vendor/mockery/mockery/library/Mockery.php:742
/Users/vagner/Desenvolvimento/python/clubify-checkout/sdk/php/vendor/mockery/mockery/library/Mockery.php:754
/Users/vagner/Desenvolvimento/python/clubify-checkout/sdk/php/vendor/mockery/mockery/library/Mockery.php:574
/Users/vagner/Desenvolvimento/python/clubify-checkout/sdk/php/tests/TestCase.php:222
/Users/vagner/Desenvolvimento/python/clubify-checkout/sdk/php/tests/TestCase.php:441
/Users/vagner/Desenvolvimento/python/clubify-checkout/sdk/php/tests/TestCase.php:56
/Users/vagner/Desenvolvimento/python/clubify-checkout/sdk/php/tests/Unit/UserManagement/UserManagementModuleTest.php:40</error>
        </testcase>
        <testcase name="testListUsers" file="/Users/vagner/Desenvolvimento/python/clubify-checkout/sdk/php/tests/Unit/UserManagement/UserManagementModuleTest.php" line="361" class="Clubify\Checkout\Tests\Unit\UserManagement\UserManagementModuleTest" classname="Clubify.Checkout.Tests.Unit.UserManagement.UserManagementModuleTest" assertions="0" time="0.000000">
          <error type="InvalidArgumentException">Clubify\Checkout\Tests\Unit\UserManagement\UserManagementModuleTest::testListUsers
InvalidArgumentException: getLogger() cannot be mocked as it is a private method

/Users/vagner/Desenvolvimento/python/clubify-checkout/sdk/php/vendor/mockery/mockery/library/Mockery.php:742
/Users/vagner/Desenvolvimento/python/clubify-checkout/sdk/php/vendor/mockery/mockery/library/Mockery.php:754
/Users/vagner/Desenvolvimento/python/clubify-checkout/sdk/php/vendor/mockery/mockery/library/Mockery.php:574
/Users/vagner/Desenvolvimento/python/clubify-checkout/sdk/php/tests/TestCase.php:222
/Users/vagner/Desenvolvimento/python/clubify-checkout/sdk/php/tests/TestCase.php:441
/Users/vagner/Desenvolvimento/python/clubify-checkout/sdk/php/tests/TestCase.php:56
/Users/vagner/Desenvolvimento/python/clubify-checkout/sdk/php/tests/Unit/UserManagement/UserManagementModuleTest.php:40</error>
        </testcase>
        <testcase name="testUpdateUserProfile" file="/Users/vagner/Desenvolvimento/python/clubify-checkout/sdk/php/tests/Unit/UserManagement/UserManagementModuleTest.php" line="389" class="Clubify\Checkout\Tests\Unit\UserManagement\UserManagementModuleTest" classname="Clubify.Checkout.Tests.Unit.UserManagement.UserManagementModuleTest" assertions="0" time="0.000000">
          <error type="InvalidArgumentException">Clubify\Checkout\Tests\Unit\UserManagement\UserManagementModuleTest::testUpdateUserProfile
InvalidArgumentException: getLogger() cannot be mocked as it is a private method

/Users/vagner/Desenvolvimento/python/clubify-checkout/sdk/php/vendor/mockery/mockery/library/Mockery.php:742
/Users/vagner/Desenvolvimento/python/clubify-checkout/sdk/php/vendor/mockery/mockery/library/Mockery.php:754
/Users/vagner/Desenvolvimento/python/clubify-checkout/sdk/php/vendor/mockery/mockery/library/Mockery.php:574
/Users/vagner/Desenvolvimento/python/clubify-checkout/sdk/php/tests/TestCase.php:222
/Users/vagner/Desenvolvimento/python/clubify-checkout/sdk/php/tests/TestCase.php:441
/Users/vagner/Desenvolvimento/python/clubify-checkout/sdk/php/tests/TestCase.php:56
/Users/vagner/Desenvolvimento/python/clubify-checkout/sdk/php/tests/Unit/UserManagement/UserManagementModuleTest.php:40</error>
        </testcase>
        <testcase name="testGetUserRoles" file="/Users/vagner/Desenvolvimento/python/clubify-checkout/sdk/php/tests/Unit/UserManagement/UserManagementModuleTest.php" line="415" class="Clubify\Checkout\Tests\Unit\UserManagement\UserManagementModuleTest" classname="Clubify.Checkout.Tests.Unit.UserManagement.UserManagementModuleTest" assertions="0" time="0.000000">
          <error type="InvalidArgumentException">Clubify\Checkout\Tests\Unit\UserManagement\UserManagementModuleTest::testGetUserRoles
InvalidArgumentException: getLogger() cannot be mocked as it is a private method

/Users/vagner/Desenvolvimento/python/clubify-checkout/sdk/php/vendor/mockery/mockery/library/Mockery.php:742
/Users/vagner/Desenvolvimento/python/clubify-checkout/sdk/php/vendor/mockery/mockery/library/Mockery.php:754
/Users/vagner/Desenvolvimento/python/clubify-checkout/sdk/php/vendor/mockery/mockery/library/Mockery.php:574
/Users/vagner/Desenvolvimento/python/clubify-checkout/sdk/php/tests/TestCase.php:222
/Users/vagner/Desenvolvimento/python/clubify-checkout/sdk/php/tests/TestCase.php:441
/Users/vagner/Desenvolvimento/python/clubify-checkout/sdk/php/tests/TestCase.php:56
/Users/vagner/Desenvolvimento/python/clubify-checkout/sdk/php/tests/Unit/UserManagement/UserManagementModuleTest.php:40</error>
        </testcase>
        <testcase name="testFindUserByEmail" file="/Users/vagner/Desenvolvimento/python/clubify-checkout/sdk/php/tests/Unit/UserManagement/UserManagementModuleTest.php" line="440" class="Clubify\Checkout\Tests\Unit\UserManagement\UserManagementModuleTest" classname="Clubify.Checkout.Tests.Unit.UserManagement.UserManagementModuleTest" assertions="0" time="0.000000">
          <error type="InvalidArgumentException">Clubify\Checkout\Tests\Unit\UserManagement\UserManagementModuleTest::testFindUserByEmail
InvalidArgumentException: getLogger() cannot be mocked as it is a private method

/Users/vagner/Desenvolvimento/python/clubify-checkout/sdk/php/vendor/mockery/mockery/library/Mockery.php:742
/Users/vagner/Desenvolvimento/python/clubify-checkout/sdk/php/vendor/mockery/mockery/library/Mockery.php:754
/Users/vagner/Desenvolvimento/python/clubify-checkout/sdk/php/vendor/mockery/mockery/library/Mockery.php:574
/Users/vagner/Desenvolvimento/python/clubify-checkout/sdk/php/tests/TestCase.php:222
/Users/vagner/Desenvolvimento/python/clubify-checkout/sdk/php/tests/TestCase.php:441
/Users/vagner/Desenvolvimento/python/clubify-checkout/sdk/php/tests/TestCase.php:56
/Users/vagner/Desenvolvimento/python/clubify-checkout/sdk/php/tests/Unit/UserManagement/UserManagementModuleTest.php:40</error>
        </testcase>
        <testcase name="testChangePassword" file="/Users/vagner/Desenvolvimento/python/clubify-checkout/sdk/php/tests/Unit/UserManagement/UserManagementModuleTest.php" line="463" class="Clubify\Checkout\Tests\Unit\UserManagement\UserManagementModuleTest" classname="Clubify.Checkout.Tests.Unit.UserManagement.UserManagementModuleTest" assertions="0" time="0.000000">
          <error type="InvalidArgumentException">Clubify\Checkout\Tests\Unit\UserManagement\UserManagementModuleTest::testChangePassword
InvalidArgumentException: getLogger() cannot be mocked as it is a private method

/Users/vagner/Desenvolvimento/python/clubify-checkout/sdk/php/vendor/mockery/mockery/library/Mockery.php:742
/Users/vagner/Desenvolvimento/python/clubify-checkout/sdk/php/vendor/mockery/mockery/library/Mockery.php:754
/Users/vagner/Desenvolvimento/python/clubify-checkout/sdk/php/vendor/mockery/mockery/library/Mockery.php:574
/Users/vagner/Desenvolvimento/python/clubify-checkout/sdk/php/tests/TestCase.php:222
/Users/vagner/Desenvolvimento/python/clubify-checkout/sdk/php/tests/TestCase.php:441
/Users/vagner/Desenvolvimento/python/clubify-checkout/sdk/php/tests/TestCase.php:56
/Users/vagner/Desenvolvimento/python/clubify-checkout/sdk/php/tests/Unit/UserManagement/UserManagementModuleTest.php:40</error>
        </testcase>
        <testcase name="testActivateUser" file="/Users/vagner/Desenvolvimento/python/clubify-checkout/sdk/php/tests/Unit/UserManagement/UserManagementModuleTest.php" line="488" class="Clubify\Checkout\Tests\Unit\UserManagement\UserManagementModuleTest" classname="Clubify.Checkout.Tests.Unit.UserManagement.UserManagementModuleTest" assertions="0" time="0.000000">
          <error type="InvalidArgumentException">Clubify\Checkout\Tests\Unit\UserManagement\UserManagementModuleTest::testActivateUser
InvalidArgumentException: getLogger() cannot be mocked as it is a private method

/Users/vagner/Desenvolvimento/python/clubify-checkout/sdk/php/vendor/mockery/mockery/library/Mockery.php:742
/Users/vagner/Desenvolvimento/python/clubify-checkout/sdk/php/vendor/mockery/mockery/library/Mockery.php:754
/Users/vagner/Desenvolvimento/python/clubify-checkout/sdk/php/vendor/mockery/mockery/library/Mockery.php:574
/Users/vagner/Desenvolvimento/python/clubify-checkout/sdk/php/tests/TestCase.php:222
/Users/vagner/Desenvolvimento/python/clubify-checkout/sdk/php/tests/TestCase.php:441
/Users/vagner/Desenvolvimento/python/clubify-checkout/sdk/php/tests/TestCase.php:56
/Users/vagner/Desenvolvimento/python/clubify-checkout/sdk/php/tests/Unit/UserManagement/UserManagementModuleTest.php:40</error>
        </testcase>
        <testcase name="testDeactivateUser" file="/Users/vagner/Desenvolvimento/python/clubify-checkout/sdk/php/tests/Unit/UserManagement/UserManagementModuleTest.php" line="512" class="Clubify\Checkout\Tests\Unit\UserManagement\UserManagementModuleTest" classname="Clubify.Checkout.Tests.Unit.UserManagement.UserManagementModuleTest" assertions="0" time="0.000000">
          <error type="InvalidArgumentException">Clubify\Checkout\Tests\Unit\UserManagement\UserManagementModuleTest::testDeactivateUser
InvalidArgumentException: getLogger() cannot be mocked as it is a private method

/Users/vagner/Desenvolvimento/python/clubify-checkout/sdk/php/vendor/mockery/mockery/library/Mockery.php:742
/Users/vagner/Desenvolvimento/python/clubify-checkout/sdk/php/vendor/mockery/mockery/library/Mockery.php:754
/Users/vagner/Desenvolvimento/python/clubify-checkout/sdk/php/vendor/mockery/mockery/library/Mockery.php:574
/Users/vagner/Desenvolvimento/python/clubify-checkout/sdk/php/tests/TestCase.php:222
/Users/vagner/Desenvolvimento/python/clubify-checkout/sdk/php/tests/TestCase.php:441
/Users/vagner/Desenvolvimento/python/clubify-checkout/sdk/php/tests/TestCase.php:56
/Users/vagner/Desenvolvimento/python/clubify-checkout/sdk/php/tests/Unit/UserManagement/UserManagementModuleTest.php:40</error>
        </testcase>
        <testcase name="testLazyLoadingOfFactory" file="/Users/vagner/Desenvolvimento/python/clubify-checkout/sdk/php/tests/Unit/UserManagement/UserManagementModuleTest.php" line="536" class="Clubify\Checkout\Tests\Unit\UserManagement\UserManagementModuleTest" classname="Clubify.Checkout.Tests.Unit.UserManagement.UserManagementModuleTest" assertions="0" time="0.000000">
          <error type="InvalidArgumentException">Clubify\Checkout\Tests\Unit\UserManagement\UserManagementModuleTest::testLazyLoadingOfFactory
InvalidArgumentException: getLogger() cannot be mocked as it is a private method

/Users/vagner/Desenvolvimento/python/clubify-checkout/sdk/php/vendor/mockery/mockery/library/Mockery.php:742
/Users/vagner/Desenvolvimento/python/clubify-checkout/sdk/php/vendor/mockery/mockery/library/Mockery.php:754
/Users/vagner/Desenvolvimento/python/clubify-checkout/sdk/php/vendor/mockery/mockery/library/Mockery.php:574
/Users/vagner/Desenvolvimento/python/clubify-checkout/sdk/php/tests/TestCase.php:222
/Users/vagner/Desenvolvimento/python/clubify-checkout/sdk/php/tests/TestCase.php:441
/Users/vagner/Desenvolvimento/python/clubify-checkout/sdk/php/tests/TestCase.php:56
/Users/vagner/Desenvolvimento/python/clubify-checkout/sdk/php/tests/Unit/UserManagement/UserManagementModuleTest.php:40</error>
        </testcase>
        <testcase name="testLazyLoadingOfUserService" file="/Users/vagner/Desenvolvimento/python/clubify-checkout/sdk/php/tests/Unit/UserManagement/UserManagementModuleTest.php" line="563" class="Clubify\Checkout\Tests\Unit\UserManagement\UserManagementModuleTest" classname="Clubify.Checkout.Tests.Unit.UserManagement.UserManagementModuleTest" assertions="0" time="0.000000">
          <error type="InvalidArgumentException">Clubify\Checkout\Tests\Unit\UserManagement\UserManagementModuleTest::testLazyLoadingOfUserService
InvalidArgumentException: getLogger() cannot be mocked as it is a private method

/Users/vagner/Desenvolvimento/python/clubify-checkout/sdk/php/vendor/mockery/mockery/library/Mockery.php:742
/Users/vagner/Desenvolvimento/python/clubify-checkout/sdk/php/vendor/mockery/mockery/library/Mockery.php:754
/Users/vagner/Desenvolvimento/python/clubify-checkout/sdk/php/vendor/mockery/mockery/library/Mockery.php:574
/Users/vagner/Desenvolvimento/python/clubify-checkout/sdk/php/tests/TestCase.php:222
/Users/vagner/Desenvolvimento/python/clubify-checkout/sdk/php/tests/TestCase.php:441
/Users/vagner/Desenvolvimento/python/clubify-checkout/sdk/php/tests/TestCase.php:56
/Users/vagner/Desenvolvimento/python/clubify-checkout/sdk/php/tests/Unit/UserManagement/UserManagementModuleTest.php:40</error>
        </testcase>
      </testsuite>
      <testsuite name="Clubify\Checkout\Tests\Integration\UserManagementIntegrationTest" file="/Users/vagner/Desenvolvimento/python/clubify-checkout/sdk/php/tests/Integration/UserManagementIntegrationTest.php" tests="11" assertions="0" errors="11" failures="0" skipped="0" time="0.000000">
        <testcase name="testFullUserLifecycleIntegration" file="/Users/vagner/Desenvolvimento/python/clubify-checkout/sdk/php/tests/Integration/UserManagementIntegrationTest.php" line="56" class="Clubify\Checkout\Tests\Integration\UserManagementIntegrationTest" classname="Clubify.Checkout.Tests.Integration.UserManagementIntegrationTest" assertions="0" time="0.000000">
          <error type="InvalidArgumentException">Clubify\Checkout\Tests\Integration\UserManagementIntegrationTest::testFullUserLifecycleIntegration
InvalidArgumentException: getLogger() cannot be mocked as it is a private method

/Users/vagner/Desenvolvimento/python/clubify-checkout/sdk/php/vendor/mockery/mockery/library/Mockery.php:742
/Users/vagner/Desenvolvimento/python/clubify-checkout/sdk/php/vendor/mockery/mockery/library/Mockery.php:754
/Users/vagner/Desenvolvimento/python/clubify-checkout/sdk/php/vendor/mockery/mockery/library/Mockery.php:574
/Users/vagner/Desenvolvimento/python/clubify-checkout/sdk/php/tests/TestCase.php:222
/Users/vagner/Desenvolvimento/python/clubify-checkout/sdk/php/tests/TestCase.php:441
/Users/vagner/Desenvolvimento/python/clubify-checkout/sdk/php/tests/TestCase.php:56
/Users/vagner/Desenvolvimento/python/clubify-checkout/sdk/php/tests/Integration/UserManagementIntegrationTest.php:34</error>
        </testcase>
        <testcase name="testDependencyInjectionIntegration" file="/Users/vagner/Desenvolvimento/python/clubify-checkout/sdk/php/tests/Integration/UserManagementIntegrationTest.php" line="132" class="Clubify\Checkout\Tests\Integration\UserManagementIntegrationTest" classname="Clubify.Checkout.Tests.Integration.UserManagementIntegrationTest" assertions="0" time="0.000000">
          <error type="InvalidArgumentException">Clubify\Checkout\Tests\Integration\UserManagementIntegrationTest::testDependencyInjectionIntegration
InvalidArgumentException: getLogger() cannot be mocked as it is a private method

/Users/vagner/Desenvolvimento/python/clubify-checkout/sdk/php/vendor/mockery/mockery/library/Mockery.php:742
/Users/vagner/Desenvolvimento/python/clubify-checkout/sdk/php/vendor/mockery/mockery/library/Mockery.php:754
/Users/vagner/Desenvolvimento/python/clubify-checkout/sdk/php/vendor/mockery/mockery/library/Mockery.php:574
/Users/vagner/Desenvolvimento/python/clubify-checkout/sdk/php/tests/TestCase.php:222
/Users/vagner/Desenvolvimento/python/clubify-checkout/sdk/php/tests/TestCase.php:441
/Users/vagner/Desenvolvimento/python/clubify-checkout/sdk/php/tests/TestCase.php:56
/Users/vagner/Desenvolvimento/python/clubify-checkout/sdk/php/tests/Integration/UserManagementIntegrationTest.php:34</error>
        </testcase>
        <testcase name="testModuleHealthAndMetrics" file="/Users/vagner/Desenvolvimento/python/clubify-checkout/sdk/php/tests/Integration/UserManagementIntegrationTest.php" line="158" class="Clubify\Checkout\Tests\Integration\UserManagementIntegrationTest" classname="Clubify.Checkout.Tests.Integration.UserManagementIntegrationTest" assertions="0" time="0.000000">
          <error type="InvalidArgumentException">Clubify\Checkout\Tests\Integration\UserManagementIntegrationTest::testModuleHealthAndMetrics
InvalidArgumentException: getLogger() cannot be mocked as it is a private method

/Users/vagner/Desenvolvimento/python/clubify-checkout/sdk/php/vendor/mockery/mockery/library/Mockery.php:742
/Users/vagner/Desenvolvimento/python/clubify-checkout/sdk/php/vendor/mockery/mockery/library/Mockery.php:754
/Users/vagner/Desenvolvimento/python/clubify-checkout/sdk/php/vendor/mockery/mockery/library/Mockery.php:574
/Users/vagner/Desenvolvimento/python/clubify-checkout/sdk/php/tests/TestCase.php:222
/Users/vagner/Desenvolvimento/python/clubify-checkout/sdk/php/tests/TestCase.php:441
/Users/vagner/Desenvolvimento/python/clubify-checkout/sdk/php/tests/TestCase.php:56
/Users/vagner/Desenvolvimento/python/clubify-checkout/sdk/php/tests/Integration/UserManagementIntegrationTest.php:34</error>
        </testcase>
        <testcase name="testErrorHandlingIntegration" file="/Users/vagner/Desenvolvimento/python/clubify-checkout/sdk/php/tests/Integration/UserManagementIntegrationTest.php" line="184" class="Clubify\Checkout\Tests\Integration\UserManagementIntegrationTest" classname="Clubify.Checkout.Tests.Integration.UserManagementIntegrationTest" assertions="0" time="0.000000">
          <error type="InvalidArgumentException">Clubify\Checkout\Tests\Integration\UserManagementIntegrationTest::testErrorHandlingIntegration
InvalidArgumentException: getLogger() cannot be mocked as it is a private method

/Users/vagner/Desenvolvimento/python/clubify-checkout/sdk/php/vendor/mockery/mockery/library/Mockery.php:742
/Users/vagner/Desenvolvimento/python/clubify-checkout/sdk/php/vendor/mockery/mockery/library/Mockery.php:754
/Users/vagner/Desenvolvimento/python/clubify-checkout/sdk/php/vendor/mockery/mockery/library/Mockery.php:574
/Users/vagner/Desenvolvimento/python/clubify-checkout/sdk/php/tests/TestCase.php:222
/Users/vagner/Desenvolvimento/python/clubify-checkout/sdk/php/tests/TestCase.php:441
/Users/vagner/Desenvolvimento/python/clubify-checkout/sdk/php/tests/TestCase.php:56
/Users/vagner/Desenvolvimento/python/clubify-checkout/sdk/php/tests/Integration/UserManagementIntegrationTest.php:34</error>
        </testcase>
        <testcase name="testValidationErrorIntegration" file="/Users/vagner/Desenvolvimento/python/clubify-checkout/sdk/php/tests/Integration/UserManagementIntegrationTest.php" line="193" class="Clubify\Checkout\Tests\Integration\UserManagementIntegrationTest" classname="Clubify.Checkout.Tests.Integration.UserManagementIntegrationTest" assertions="0" time="0.000000">
          <error type="InvalidArgumentException">Clubify\Checkout\Tests\Integration\UserManagementIntegrationTest::testValidationErrorIntegration
InvalidArgumentException: getLogger() cannot be mocked as it is a private method

/Users/vagner/Desenvolvimento/python/clubify-checkout/sdk/php/vendor/mockery/mockery/library/Mockery.php:742
/Users/vagner/Desenvolvimento/python/clubify-checkout/sdk/php/vendor/mockery/mockery/library/Mockery.php:754
/Users/vagner/Desenvolvimento/python/clubify-checkout/sdk/php/vendor/mockery/mockery/library/Mockery.php:574
/Users/vagner/Desenvolvimento/python/clubify-checkout/sdk/php/tests/TestCase.php:222
/Users/vagner/Desenvolvimento/python/clubify-checkout/sdk/php/tests/TestCase.php:441
/Users/vagner/Desenvolvimento/python/clubify-checkout/sdk/php/tests/TestCase.php:56
/Users/vagner/Desenvolvimento/python/clubify-checkout/sdk/php/tests/Integration/UserManagementIntegrationTest.php:34</error>
        </testcase>
        <testcase name="testCacheIntegrationFlow" file="/Users/vagner/Desenvolvimento/python/clubify-checkout/sdk/php/tests/Integration/UserManagementIntegrationTest.php" line="206" class="Clubify\Checkout\Tests\Integration\UserManagementIntegrationTest" classname="Clubify.Checkout.Tests.Integration.UserManagementIntegrationTest" assertions="0" time="0.000000">
          <error type="InvalidArgumentException">Clubify\Checkout\Tests\Integration\UserManagementIntegrationTest::testCacheIntegrationFlow
InvalidArgumentException: getLogger() cannot be mocked as it is a private method

/Users/vagner/Desenvolvimento/python/clubify-checkout/sdk/php/vendor/mockery/mockery/library/Mockery.php:742
/Users/vagner/Desenvolvimento/python/clubify-checkout/sdk/php/vendor/mockery/mockery/library/Mockery.php:754
/Users/vagner/Desenvolvimento/python/clubify-checkout/sdk/php/vendor/mockery/mockery/library/Mockery.php:574
/Users/vagner/Desenvolvimento/python/clubify-checkout/sdk/php/tests/TestCase.php:222
/Users/vagner/Desenvolvimento/python/clubify-checkout/sdk/php/tests/TestCase.php:441
/Users/vagner/Desenvolvimento/python/clubify-checkout/sdk/php/tests/TestCase.php:56
/Users/vagner/Desenvolvimento/python/clubify-checkout/sdk/php/tests/Integration/UserManagementIntegrationTest.php:34</error>
        </testcase>
        <testcase name="testLazyLoadingIntegration" file="/Users/vagner/Desenvolvimento/python/clubify-checkout/sdk/php/tests/Integration/UserManagementIntegrationTest.php" line="225" class="Clubify\Checkout\Tests\Integration\UserManagementIntegrationTest" classname="Clubify.Checkout.Tests.Integration.UserManagementIntegrationTest" assertions="0" time="0.000000">
          <error type="InvalidArgumentException">Clubify\Checkout\Tests\Integration\UserManagementIntegrationTest::testLazyLoadingIntegration
InvalidArgumentException: getLogger() cannot be mocked as it is a private method

/Users/vagner/Desenvolvimento/python/clubify-checkout/sdk/php/vendor/mockery/mockery/library/Mockery.php:742
/Users/vagner/Desenvolvimento/python/clubify-checkout/sdk/php/vendor/mockery/mockery/library/Mockery.php:754
/Users/vagner/Desenvolvimento/python/clubify-checkout/sdk/php/vendor/mockery/mockery/library/Mockery.php:574
/Users/vagner/Desenvolvimento/python/clubify-checkout/sdk/php/tests/TestCase.php:222
/Users/vagner/Desenvolvimento/python/clubify-checkout/sdk/php/tests/TestCase.php:441
/Users/vagner/Desenvolvimento/python/clubify-checkout/sdk/php/tests/TestCase.php:56
/Users/vagner/Desenvolvimento/python/clubify-checkout/sdk/php/tests/Integration/UserManagementIntegrationTest.php:34</error>
        </testcase>
        <testcase name="testFactorySingletonBehavior" file="/Users/vagner/Desenvolvimento/python/clubify-checkout/sdk/php/tests/Integration/UserManagementIntegrationTest.php" line="245" class="Clubify\Checkout\Tests\Integration\UserManagementIntegrationTest" classname="Clubify.Checkout.Tests.Integration.UserManagementIntegrationTest" assertions="0" time="0.000000">
          <error type="InvalidArgumentException">Clubify\Checkout\Tests\Integration\UserManagementIntegrationTest::testFactorySingletonBehavior
InvalidArgumentException: getLogger() cannot be mocked as it is a private method

/Users/vagner/Desenvolvimento/python/clubify-checkout/sdk/php/vendor/mockery/mockery/library/Mockery.php:742
/Users/vagner/Desenvolvimento/python/clubify-checkout/sdk/php/vendor/mockery/mockery/library/Mockery.php:754
/Users/vagner/Desenvolvimento/python/clubify-checkout/sdk/php/vendor/mockery/mockery/library/Mockery.php:574
/Users/vagner/Desenvolvimento/python/clubify-checkout/sdk/php/tests/TestCase.php:222
/Users/vagner/Desenvolvimento/python/clubify-checkout/sdk/php/tests/TestCase.php:441
/Users/vagner/Desenvolvimento/python/clubify-checkout/sdk/php/tests/TestCase.php:56
/Users/vagner/Desenvolvimento/python/clubify-checkout/sdk/php/tests/Integration/UserManagementIntegrationTest.php:34</error>
        </testcase>
        <testcase name="testFactoryStats" file="/Users/vagner/Desenvolvimento/python/clubify-checkout/sdk/php/tests/Integration/UserManagementIntegrationTest.php" line="256" class="Clubify\Checkout\Tests\Integration\UserManagementIntegrationTest" classname="Clubify.Checkout.Tests.Integration.UserManagementIntegrationTest" assertions="0" time="0.000000">
          <error type="InvalidArgumentException">Clubify\Checkout\Tests\Integration\UserManagementIntegrationTest::testFactoryStats
InvalidArgumentException: getLogger() cannot be mocked as it is a private method

/Users/vagner/Desenvolvimento/python/clubify-checkout/sdk/php/vendor/mockery/mockery/library/Mockery.php:742
/Users/vagner/Desenvolvimento/python/clubify-checkout/sdk/php/vendor/mockery/mockery/library/Mockery.php:754
/Users/vagner/Desenvolvimento/python/clubify-checkout/sdk/php/vendor/mockery/mockery/library/Mockery.php:574
/Users/vagner/Desenvolvimento/python/clubify-checkout/sdk/php/tests/TestCase.php:222
/Users/vagner/Desenvolvimento/python/clubify-checkout/sdk/php/tests/TestCase.php:441
/Users/vagner/Desenvolvimento/python/clubify-checkout/sdk/php/tests/TestCase.php:56
/Users/vagner/Desenvolvimento/python/clubify-checkout/sdk/php/tests/Integration/UserManagementIntegrationTest.php:34</error>
        </testcase>
        <testcase name="testModuleCleanupIntegration" file="/Users/vagner/Desenvolvimento/python/clubify-checkout/sdk/php/tests/Integration/UserManagementIntegrationTest.php" line="277" class="Clubify\Checkout\Tests\Integration\UserManagementIntegrationTest" classname="Clubify.Checkout.Tests.Integration.UserManagementIntegrationTest" assertions="0" time="0.000000">
          <error type="InvalidArgumentException">Clubify\Checkout\Tests\Integration\UserManagementIntegrationTest::testModuleCleanupIntegration
InvalidArgumentException: getLogger() cannot be mocked as it is a private method

/Users/vagner/Desenvolvimento/python/clubify-checkout/sdk/php/vendor/mockery/mockery/library/Mockery.php:742
/Users/vagner/Desenvolvimento/python/clubify-checkout/sdk/php/vendor/mockery/mockery/library/Mockery.php:754
/Users/vagner/Desenvolvimento/python/clubify-checkout/sdk/php/vendor/mockery/mockery/library/Mockery.php:574
/Users/vagner/Desenvolvimento/python/clubify-checkout/sdk/php/tests/TestCase.php:222
/Users/vagner/Desenvolvimento/python/clubify-checkout/sdk/php/tests/TestCase.php:441
/Users/vagner/Desenvolvimento/python/clubify-checkout/sdk/php/tests/TestCase.php:56
/Users/vagner/Desenvolvimento/python/clubify-checkout/sdk/php/tests/Integration/UserManagementIntegrationTest.php:34</error>
        </testcase>
        <testcase name="testSDKUserManagementIntegration" file="/Users/vagner/Desenvolvimento/python/clubify-checkout/sdk/php/tests/Integration/UserManagementIntegrationTest.php" line="295" class="Clubify\Checkout\Tests\Integration\UserManagementIntegrationTest" classname="Clubify.Checkout.Tests.Integration.UserManagementIntegrationTest" assertions="0" time="0.000000">
          <error type="InvalidArgumentException">Clubify\Checkout\Tests\Integration\UserManagementIntegrationTest::testSDKUserManagementIntegration
InvalidArgumentException: getLogger() cannot be mocked as it is a private method

/Users/vagner/Desenvolvimento/python/clubify-checkout/sdk/php/vendor/mockery/mockery/library/Mockery.php:742
/Users/vagner/Desenvolvimento/python/clubify-checkout/sdk/php/vendor/mockery/mockery/library/Mockery.php:754
/Users/vagner/Desenvolvimento/python/clubify-checkout/sdk/php/vendor/mockery/mockery/library/Mockery.php:574
/Users/vagner/Desenvolvimento/python/clubify-checkout/sdk/php/tests/TestCase.php:222
/Users/vagner/Desenvolvimento/python/clubify-checkout/sdk/php/tests/TestCase.php:441
/Users/vagner/Desenvolvimento/python/clubify-checkout/sdk/php/tests/TestCase.php:56
/Users/vagner/Desenvolvimento/python/clubify-checkout/sdk/php/tests/Integration/UserManagementIntegrationTest.php:34</error>
        </testcase>
      </testsuite>
    </testsuite>
  </testsuite>
</testsuites>
